Lmod has detected the following error: The following module(s) are unknown:
"python/3.6.5"

Please check the spelling or version number. Also try "module spider ..."
It is also possible your cache file is out-of-date; it may help to try:
  $ module --ignore-cache load "python/3.6.5"

Also make sure that all modulefiles written in TCL start with the string
#%Module



Starting optimization of LPMC_Full_small with TR-ABS and hybrid at mar aoû 6 12:11:35 CEST 2019
Train LPMC_Full_small with TR-ABS and hybrid
../../algos/directions/Hybrid.py:70: RuntimeWarning: divide by zero encountered in double_scalars
  alpha = 1. / np.dot(yk.T, sk)
../../algos/directions/Hybrid.py:78: RuntimeWarning: divide by zero encountered in double_scalars
  beta = -1 / np.dot(sk.T, np.dot(Bk, sk))
1/20 done!
2/20 done!
3/20 done!
4/20 done!
5/20 done!
6/20 done!
7/20 done!
8/20 done!
9/20 done!
10/20 done!
11/20 done!
12/20 done!
13/20 done!
14/20 done!
15/20 done!
16/20 done!
17/20 done!
18/20 done!
19/20 done!
20/20 done!
Finished at mar aoû 6 16:29:38 CEST 2019
