Lmod has detected the following error: The following module(s) are unknown:
"python/3.6.5"

Please check the spelling or version number. Also try "module spider ..."
It is also possible your cache file is out-of-date; it may help to try:
  $ module --ignore-cache load "python/3.6.5"

Also make sure that all modulefiles written in TCL start with the string
#%Module



Starting optimization of LPMC_Full_small with LS-ABS and grad at mar aoû 6 12:03:53 CEST 2019
Train LPMC_Full_small with LS-ABS and grad
1/20 done!
2/20 done!
3/20 done!
4/20 done!
5/20 done!
6/20 done!
7/20 done!
8/20 done!
9/20 done!
10/20 done!
11/20 done!
12/20 done!
13/20 done!
14/20 done!
15/20 done!
16/20 done!
17/20 done!
18/20 done!
19/20 done!
20/20 done!
Finished at mer aoû 7 02:43:49 CEST 2019
