Lmod has detected the following error: The following module(s) are unknown:
"python/3.6.5"

Please check the spelling or version number. Also try "module spider ..."
It is also possible your cache file is out-of-date; it may help to try:
  $ module --ignore-cache load "python/3.6.5"

Also make sure that all modulefiles written in TCL start with the string
#%Module



Starting optimization of LPMC_RemoveRest_big with LS-ABS and hybrid-inv at jeu aoû 8 14:49:53 CEST 2019
Train LPMC_RemoveRest_big with LS-ABS and hybrid-inv
1/20 done!
2/20 done!
3/20 done!
4/20 done!
5/20 done!
6/20 done!
7/20 done!
8/20 done!
srun: Job step aborted: Waiting up to 32 seconds for job step to finish.
slurmstepd: error: *** STEP 175347.0 ON h153 CANCELLED AT 2019-08-08T14:54:46 ***
slurmstepd: error: *** JOB 175347 ON h153 CANCELLED AT 2019-08-08T14:54:46 ***
