Starting optimization of LPMC_MNL_DC_L with biogeme at mer aoû 14 18:18:43 CEST 2019
Train LPMC_MNL_DC with current Biogeme optimization algorithm.
/home/glederre/pybio/lib/python3.6/site-packages/biogeme/biogeme.py:368: OptimizeWarning: Unknown solver options: ftol
  results =  minimize(f_and_grad,self.betaInitValues,bounds=None,jac=True,options=opts)
Optimization terminated successfully.
         Current function value: 67925.588386
         Iterations: 29
         Function evaluations: 36
         Gradient evaluations: 36
1/20 done!
Optimization terminated successfully.
         Current function value: 67925.588386
         Iterations: 29
         Function evaluations: 36
         Gradient evaluations: 36
2/20 done!
Optimization terminated successfully.
         Current function value: 67925.588386
         Iterations: 29
         Function evaluations: 36
         Gradient evaluations: 36
3/20 done!
Optimization terminated successfully.
         Current function value: 67925.588386
         Iterations: 29
         Function evaluations: 36
         Gradient evaluations: 36
4/20 done!
Optimization terminated successfully.
         Current function value: 67925.588386
         Iterations: 29
         Function evaluations: 36
         Gradient evaluations: 36
5/20 done!
Optimization terminated successfully.
         Current function value: 67925.588386
         Iterations: 29
         Function evaluations: 36
         Gradient evaluations: 36
6/20 done!
Optimization terminated successfully.
         Current function value: 67925.588386
         Iterations: 29
         Function evaluations: 36
         Gradient evaluations: 36
7/20 done!
Optimization terminated successfully.
         Current function value: 67925.588386
         Iterations: 29
         Function evaluations: 36
         Gradient evaluations: 36
8/20 done!
Optimization terminated successfully.
         Current function value: 67925.588386
         Iterations: 29
         Function evaluations: 36
         Gradient evaluations: 36
9/20 done!
Optimization terminated successfully.
         Current function value: 67925.588386
         Iterations: 29
         Function evaluations: 36
         Gradient evaluations: 36
10/20 done!
Optimization terminated successfully.
         Current function value: 67925.588386
         Iterations: 29
         Function evaluations: 36
         Gradient evaluations: 36
11/20 done!
Optimization terminated successfully.
         Current function value: 67925.588386
         Iterations: 29
         Function evaluations: 36
         Gradient evaluations: 36
12/20 done!
Optimization terminated successfully.
         Current function value: 67925.588386
         Iterations: 29
         Function evaluations: 36
         Gradient evaluations: 36
13/20 done!
Optimization terminated successfully.
         Current function value: 67925.588386
         Iterations: 29
         Function evaluations: 36
         Gradient evaluations: 36
14/20 done!
Optimization terminated successfully.
         Current function value: 67925.588386
         Iterations: 29
         Function evaluations: 36
         Gradient evaluations: 36
15/20 done!
Optimization terminated successfully.
         Current function value: 67925.588386
         Iterations: 29
         Function evaluations: 36
         Gradient evaluations: 36
16/20 done!
Optimization terminated successfully.
         Current function value: 67925.588386
         Iterations: 29
         Function evaluations: 36
         Gradient evaluations: 36
17/20 done!
Optimization terminated successfully.
         Current function value: 67925.588386
         Iterations: 29
         Function evaluations: 36
         Gradient evaluations: 36
18/20 done!
Optimization terminated successfully.
         Current function value: 67925.588386
         Iterations: 29
         Function evaluations: 36
         Gradient evaluations: 36
19/20 done!
Optimization terminated successfully.
         Current function value: 67925.588386
         Iterations: 29
         Function evaluations: 36
         Gradient evaluations: 36
20/20 done!
Finished at mer aoû 14 18:19:36 CEST 2019
