/var/spool/slurmd/job189140/slurm_script: line 9: /home/glederre/bio_env/bin/activate: No such file or directory
Starting optimization of MTMC_MNL with TR-ABS and hybrid at mar aoû 20 17:12:33 CEST 2019
Train MTMC_MNL with TR-ABS and hybrid
../../models/MTMC_MNL.py:25: FutureWarning: read_table is deprecated, use read_csv instead, passing sep='\t'.
  df = pd.read_table(self.data_folder + 'MTMC/biogemeMTMC_2015_mobility_tools_cleaned.dat')
../../algos/directions/Hybrid.py:78: RuntimeWarning: divide by zero encountered in double_scalars
  alpha = 1. / np.dot(yk.T, sk)
../../algos/directions/Hybrid.py:86: RuntimeWarning: divide by zero encountered in double_scalars
  beta = -1 / np.dot(sk.T, np.dot(Bk, sk))
1/20 done!
2/20 done!
3/20 done!
4/20 done!
5/20 done!
6/20 done!
7/20 done!
8/20 done!
9/20 done!
10/20 done!
11/20 done!
12/20 done!
13/20 done!
14/20 done!
15/20 done!
16/20 done!
17/20 done!
18/20 done!
19/20 done!
20/20 done!
Finished at jeu aoû 22 05:50:02 CEST 2019
