Lmod has detected the following error: The following module(s) are unknown:
"gcc/7.3.0"

Please check the spelling or version number. Also try "module spider ..."
It is also possible your cache file is out-of-date; it may help to try:
  $ module --ignore-cache load "gcc/7.3.0"

Also make sure that all modulefiles written in TCL start with the string
#%Module



STARTING TESTS FOR HESSIAN jeu jui 25 10:40:34 CEST 2019
Start testing Hessian for model MNL
  Start for size 677. Total of 20 iterations.
    Iter 1/20
    Iter 2/20
    Iter 3/20
    Iter 4/20
    Iter 5/20
    Iter 6/20
    Iter 7/20
    Iter 8/20
    Iter 9/20
    Iter 10/20
    Iter 11/20
    Iter 12/20
    Iter 13/20
    Iter 14/20
    Iter 15/20
    Iter 16/20
    Iter 17/20
    Iter 18/20
    Iter 19/20
    Iter 20/20
    Avg time obtained: 3.441E-03
    Avg delta obtained: 6.458E-04

  Start for size 1354. Total of 20 iterations.
    Iter 1/20
    Iter 2/20
    Iter 3/20
    Iter 4/20
    Iter 5/20
    Iter 6/20
    Iter 7/20
    Iter 8/20
    Iter 9/20
    Iter 10/20
    Iter 11/20
    Iter 12/20
    Iter 13/20
    Iter 14/20
    Iter 15/20
    Iter 16/20
    Iter 17/20
    Iter 18/20
    Iter 19/20
    Iter 20/20
    Avg time obtained: 3.002E-03
    Avg delta obtained: 3.654E-04

  Start for size 2030. Total of 20 iterations.
    Iter 1/20
    Iter 2/20
    Iter 3/20
    Iter 4/20
    Iter 5/20
    Iter 6/20
    Iter 7/20
    Iter 8/20
    Iter 9/20
    Iter 10/20
    Iter 11/20
    Iter 12/20
    Iter 13/20
    Iter 14/20
    Iter 15/20
    Iter 16/20
    Iter 17/20
    Iter 18/20
    Iter 19/20
    Iter 20/20
    Avg time obtained: 2.926E-03
    Avg delta obtained: 4.468E-04

  Start for size 2707. Total of 20 iterations.
    Iter 1/20
    Iter 2/20
    Iter 3/20
    Iter 4/20
    Iter 5/20
    Iter 6/20
    Iter 7/20
    Iter 8/20
    Iter 9/20
    Iter 10/20
    Iter 11/20
    Iter 12/20
    Iter 13/20
    Iter 14/20
    Iter 15/20
    Iter 16/20
    Iter 17/20
    Iter 18/20
    Iter 19/20
    Iter 20/20
    Avg time obtained: 2.995E-03
    Avg delta obtained: 5.020E-04

  Start for size 3384. Total of 20 iterations.
    Iter 1/20
    Iter 2/20
    Iter 3/20
    Iter 4/20
    Iter 5/20
    Iter 6/20
    Iter 7/20
    Iter 8/20
    Iter 9/20
    Iter 10/20
    Iter 11/20
    Iter 12/20
    Iter 13/20
    Iter 14/20
    Iter 15/20
    Iter 16/20
    Iter 17/20
    Iter 18/20
    Iter 19/20
    Iter 20/20
    Avg time obtained: 3.016E-03
    Avg delta obtained: 5.314E-04

  Start for size 4061. Total of 20 iterations.
    Iter 1/20
    Iter 2/20
    Iter 3/20
    Iter 4/20
    Iter 5/20
    Iter 6/20
    Iter 7/20
    Iter 8/20
    Iter 9/20
    Iter 10/20
    Iter 11/20
    Iter 12/20
    Iter 13/20
    Iter 14/20
    Iter 15/20
    Iter 16/20
    Iter 17/20
    Iter 18/20
    Iter 19/20
    Iter 20/20
    Avg time obtained: 3.195E-03
    Avg delta obtained: 6.655E-04

  Start for size 4738. Total of 20 iterations.
    Iter 1/20
    Iter 2/20
    Iter 3/20
    Iter 4/20
    Iter 5/20
    Iter 6/20
    Iter 7/20
    Iter 8/20
    Iter 9/20
    Iter 10/20
    Iter 11/20
    Iter 12/20
    Iter 13/20
    Iter 14/20
    Iter 15/20
    Iter 16/20
    Iter 17/20
    Iter 18/20
    Iter 19/20
    Iter 20/20
    Avg time obtained: 3.433E-03
    Avg delta obtained: 9.328E-04

  Start for size 5414. Total of 20 iterations.
    Iter 1/20
    Iter 2/20
    Iter 3/20
    Iter 4/20
    Iter 5/20
    Iter 6/20
    Iter 7/20
    Iter 8/20
    Iter 9/20
    Iter 10/20
    Iter 11/20
    Iter 12/20
    Iter 13/20
    Iter 14/20
    Iter 15/20
    Iter 16/20
    Iter 17/20
    Iter 18/20
    Iter 19/20
    Iter 20/20
    Avg time obtained: 3.457E-03
    Avg delta obtained: 8.804E-04

  Start for size 6091. Total of 20 iterations.
    Iter 1/20
    Iter 2/20
    Iter 3/20
    Iter 4/20
    Iter 5/20
    Iter 6/20
    Iter 7/20
    Iter 8/20
    Iter 9/20
    Iter 10/20
    Iter 11/20
    Iter 12/20
    Iter 13/20
    Iter 14/20
    Iter 15/20
    Iter 16/20
    Iter 17/20
    Iter 18/20
    Iter 19/20
    Iter 20/20
    Avg time obtained: 3.558E-03
    Avg delta obtained: 1.000E-03

  Start for size 6768. Total of 20 iterations.
    Iter 1/20
    Iter 2/20
    Iter 3/20
    Iter 4/20
    Iter 5/20
    Iter 6/20
    Iter 7/20
    Iter 8/20
    Iter 9/20
    Iter 10/20
    Iter 11/20
    Iter 12/20
    Iter 13/20
    Iter 14/20
    Iter 15/20
    Iter 16/20
    Iter 17/20
    Iter 18/20
    Iter 19/20
    Iter 20/20
    Avg time obtained: 3.517E-03
    Avg delta obtained: 8.861E-04



Start testing Hessian for model Nested
  Start for size 677. Total of 20 iterations.
    Iter 1/20
    Iter 2/20
    Iter 3/20
    Iter 4/20
    Iter 5/20
    Iter 6/20
    Iter 7/20
    Iter 8/20
    Iter 9/20
    Iter 10/20
    Iter 11/20
    Iter 12/20
    Iter 13/20
    Iter 14/20
    Iter 15/20
    Iter 16/20
    Iter 17/20
    Iter 18/20
    Iter 19/20
    Iter 20/20
    Avg time obtained: 3.870E-03
    Avg delta obtained: 1.072E-03

  Start for size 1354. Total of 20 iterations.
    Iter 1/20
    Iter 2/20
    Iter 3/20
    Iter 4/20
    Iter 5/20
    Iter 6/20
    Iter 7/20
    Iter 8/20
    Iter 9/20
    Iter 10/20
    Iter 11/20
    Iter 12/20
    Iter 13/20
    Iter 14/20
    Iter 15/20
    Iter 16/20
    Iter 17/20
    Iter 18/20
    Iter 19/20
    Iter 20/20
    Avg time obtained: 3.847E-03
    Avg delta obtained: 6.916E-04

  Start for size 2030. Total of 20 iterations.
    Iter 1/20
    Iter 2/20
    Iter 3/20
    Iter 4/20
    Iter 5/20
    Iter 6/20
    Iter 7/20
    Iter 8/20
    Iter 9/20
    Iter 10/20
    Iter 11/20
    Iter 12/20
    Iter 13/20
    Iter 14/20
    Iter 15/20
    Iter 16/20
    Iter 17/20
    Iter 18/20
    Iter 19/20
    Iter 20/20
    Avg time obtained: 5.278E-03
    Avg delta obtained: 1.499E-03

  Start for size 2707. Total of 20 iterations.
    Iter 1/20
    Iter 2/20
    Iter 3/20
    Iter 4/20
    Iter 5/20
    Iter 6/20
    Iter 7/20
    Iter 8/20
    Iter 9/20
    Iter 10/20
    Iter 11/20
    Iter 12/20
    Iter 13/20
    Iter 14/20
    Iter 15/20
    Iter 16/20
    Iter 17/20
    Iter 18/20
    Iter 19/20
    Iter 20/20
    Avg time obtained: 5.974E-03
    Avg delta obtained: 1.704E-03

  Start for size 3384. Total of 20 iterations.
    Iter 1/20
    Iter 2/20
    Iter 3/20
    Iter 4/20
    Iter 5/20
    Iter 6/20
    Iter 7/20
    Iter 8/20
    Iter 9/20
    Iter 10/20
    Iter 11/20
    Iter 12/20
    Iter 13/20
    Iter 14/20
    Iter 15/20
    Iter 16/20
    Iter 17/20
    Iter 18/20
    Iter 19/20
    Iter 20/20
    Avg time obtained: 6.789E-03
    Avg delta obtained: 1.808E-03

  Start for size 4061. Total of 20 iterations.
    Iter 1/20
    Iter 2/20
    Iter 3/20
    Iter 4/20
    Iter 5/20
    Iter 6/20
    Iter 7/20
    Iter 8/20
    Iter 9/20
    Iter 10/20
    Iter 11/20
    Iter 12/20
    Iter 13/20
    Iter 14/20
    Iter 15/20
    Iter 16/20
    Iter 17/20
    Iter 18/20
    Iter 19/20
    Iter 20/20
    Avg time obtained: 7.937E-03
    Avg delta obtained: 2.216E-03

  Start for size 4738. Total of 20 iterations.
    Iter 1/20
    Iter 2/20
    Iter 3/20
    Iter 4/20
    Iter 5/20
    Iter 6/20
    Iter 7/20
    Iter 8/20
    Iter 9/20
    Iter 10/20
    Iter 11/20
    Iter 12/20
    Iter 13/20
    Iter 14/20
    Iter 15/20
    Iter 16/20
    Iter 17/20
    Iter 18/20
    Iter 19/20
    Iter 20/20
    Avg time obtained: 8.819E-03
    Avg delta obtained: 2.829E-03

  Start for size 5414. Total of 20 iterations.
    Iter 1/20
    Iter 2/20
    Iter 3/20
    Iter 4/20
    Iter 5/20
    Iter 6/20
    Iter 7/20
    Iter 8/20
    Iter 9/20
    Iter 10/20
    Iter 11/20
    Iter 12/20
    Iter 13/20
    Iter 14/20
    Iter 15/20
    Iter 16/20
    Iter 17/20
    Iter 18/20
    Iter 19/20
    Iter 20/20
    Avg time obtained: 9.999E-03
    Avg delta obtained: 3.300E-03

  Start for size 6091. Total of 20 iterations.
    Iter 1/20
    Iter 2/20
    Iter 3/20
    Iter 4/20
    Iter 5/20
    Iter 6/20
    Iter 7/20
    Iter 8/20
    Iter 9/20
    Iter 10/20
    Iter 11/20
    Iter 12/20
    Iter 13/20
    Iter 14/20
    Iter 15/20
    Iter 16/20
    Iter 17/20
    Iter 18/20
    Iter 19/20
    Iter 20/20
    Avg time obtained: 1.127E-02
    Avg delta obtained: 4.218E-03

  Start for size 6768. Total of 20 iterations.
    Iter 1/20
    Iter 2/20
    Iter 3/20
    Iter 4/20
    Iter 5/20
    Iter 6/20
    Iter 7/20
    Iter 8/20
    Iter 9/20
    Iter 10/20
    Iter 11/20
    Iter 12/20
    Iter 13/20
    Iter 14/20
    Iter 15/20
    Iter 16/20
    Iter 17/20
    Iter 18/20
    Iter 19/20
    Iter 20/20
    Avg time obtained: 1.210E-02
    Avg delta obtained: 4.465E-03



Start testing Hessian for model LPMC_DrivingCost
  Start for size 4054. Total of 20 iterations.
    Iter 1/20
    Iter 2/20
    Iter 3/20
    Iter 4/20
    Iter 5/20
    Iter 6/20
    Iter 7/20
    Iter 8/20
    Iter 9/20
    Iter 10/20
    Iter 11/20
    Iter 12/20
    Iter 13/20
    Iter 14/20
    Iter 15/20
    Iter 16/20
    Iter 17/20
    Iter 18/20
    Iter 19/20
    Iter 20/20
    Avg time obtained: 5.940E-03
    Avg delta obtained: 2.957E-03

  Start for size 8109. Total of 20 iterations.
    Iter 1/20
    Iter 2/20
    Iter 3/20
    Iter 4/20
    Iter 5/20
    Iter 6/20
    Iter 7/20
    Iter 8/20
    Iter 9/20
    Iter 10/20
    Iter 11/20
    Iter 12/20
    Iter 13/20
    Iter 14/20
    Iter 15/20
    Iter 16/20
    Iter 17/20
    Iter 18/20
    Iter 19/20
    Iter 20/20
    Avg time obtained: 9.498E-03
    Avg delta obtained: 5.839E-03

  Start for size 12163. Total of 20 iterations.
    Iter 1/20
    Iter 2/20
    Iter 3/20
    Iter 4/20
    Iter 5/20
    Iter 6/20
    Iter 7/20
    Iter 8/20
    Iter 9/20
    Iter 10/20
    Iter 11/20
    Iter 12/20
    Iter 13/20
    Iter 14/20
    Iter 15/20
    Iter 16/20
    Iter 17/20
    Iter 18/20
    Iter 19/20
    Iter 20/20
    Avg time obtained: 1.356E-02
    Avg delta obtained: 8.993E-03

  Start for size 16217. Total of 20 iterations.
    Iter 1/20
    Iter 2/20
    Iter 3/20
    Iter 4/20
    Iter 5/20
    Iter 6/20
    Iter 7/20
    Iter 8/20
    Iter 9/20
    Iter 10/20
    Iter 11/20
    Iter 12/20
    Iter 13/20
    Iter 14/20
    Iter 15/20
    Iter 16/20
    Iter 17/20
    Iter 18/20
    Iter 19/20
    Iter 20/20
    Avg time obtained: 1.764E-02
    Avg delta obtained: 1.223E-02

  Start for size 20272. Total of 20 iterations.
    Iter 1/20
    Iter 2/20
    Iter 3/20
    Iter 4/20
    Iter 5/20
    Iter 6/20
    Iter 7/20
    Iter 8/20
    Iter 9/20
    Iter 10/20
    Iter 11/20
    Iter 12/20
    Iter 13/20
    Iter 14/20
    Iter 15/20
    Iter 16/20
    Iter 17/20
    Iter 18/20
    Iter 19/20
    Iter 20/20
    Avg time obtained: 2.177E-02
    Avg delta obtained: 1.541E-02

  Start for size 24326. Total of 20 iterations.
    Iter 1/20
    Iter 2/20
    Iter 3/20
    Iter 4/20
    Iter 5/20
    Iter 6/20
    Iter 7/20
    Iter 8/20
    Iter 9/20
    Iter 10/20
    Iter 11/20
    Iter 12/20
    Iter 13/20
    Iter 14/20
    Iter 15/20
    Iter 16/20
    Iter 17/20
    Iter 18/20
    Iter 19/20
    Iter 20/20
    Avg time obtained: 2.559E-02
    Avg delta obtained: 1.832E-02

  Start for size 28380. Total of 20 iterations.
    Iter 1/20
    Iter 2/20
    Iter 3/20
    Iter 4/20
    Iter 5/20
    Iter 6/20
    Iter 7/20
    Iter 8/20
    Iter 9/20
    Iter 10/20
    Iter 11/20
    Iter 12/20
    Iter 13/20
    Iter 14/20
    Iter 15/20
    Iter 16/20
    Iter 17/20
    Iter 18/20
    Iter 19/20
    Iter 20/20
    Avg time obtained: 2.962E-02
    Avg delta obtained: 2.121E-02

  Start for size 32434. Total of 20 iterations.
    Iter 1/20
    Iter 2/20
    Iter 3/20
    Iter 4/20
    Iter 5/20
    Iter 6/20
    Iter 7/20
    Iter 8/20
    Iter 9/20
    Iter 10/20
    Iter 11/20
    Iter 12/20
    Iter 13/20
    Iter 14/20
    Iter 15/20
    Iter 16/20
    Iter 17/20
    Iter 18/20
    Iter 19/20
    Iter 20/20
    Avg time obtained: 3.268E-02
    Avg delta obtained: 2.361E-02

  Start for size 36489. Total of 20 iterations.
    Iter 1/20
    Iter 2/20
    Iter 3/20
    Iter 4/20
    Iter 5/20
    Iter 6/20
    Iter 7/20
    Iter 8/20
    Iter 9/20
    Iter 10/20
    Iter 11/20
    Iter 12/20
    Iter 13/20
    Iter 14/20
    Iter 15/20
    Iter 16/20
    Iter 17/20
    Iter 18/20
    Iter 19/20
    Iter 20/20
    Avg time obtained: 3.594E-02
    Avg delta obtained: 2.563E-02

  Start for size 40543. Total of 20 iterations.
    Iter 1/20
    Iter 2/20
    Iter 3/20
    Iter 4/20
    Iter 5/20
    Iter 6/20
    Iter 7/20
    Iter 8/20
    Iter 9/20
    Iter 10/20
    Iter 11/20
    Iter 12/20
    Iter 13/20
    Iter 14/20
    Iter 15/20
    Iter 16/20
    Iter 17/20
    Iter 18/20
    Iter 19/20
    Iter 20/20
    Avg time obtained: 4.002E-02
    Avg delta obtained: 2.894E-02

  Start for size 44597. Total of 20 iterations.
    Iter 1/20
    Iter 2/20
    Iter 3/20
    Iter 4/20
    Iter 5/20
    Iter 6/20
    Iter 7/20
    Iter 8/20
    Iter 9/20
    Iter 10/20
    Iter 11/20
    Iter 12/20
    Iter 13/20
    Iter 14/20
    Iter 15/20
    Iter 16/20
    Iter 17/20
    Iter 18/20
    Iter 19/20
    Iter 20/20
    Avg time obtained: 4.247E-02
    Avg delta obtained: 3.030E-02

  Start for size 48652. Total of 20 iterations.
    Iter 1/20
    Iter 2/20
    Iter 3/20
    Iter 4/20
    Iter 5/20
    Iter 6/20
    Iter 7/20
    Iter 8/20
    Iter 9/20
    Iter 10/20
    Iter 11/20
    Iter 12/20
    Iter 13/20
    Iter 14/20
    Iter 15/20
    Iter 16/20
    Iter 17/20
    Iter 18/20
    Iter 19/20
    Iter 20/20
    Avg time obtained: 4.529E-02
    Avg delta obtained: 3.211E-02

  Start for size 52706. Total of 20 iterations.
    Iter 1/20
    Iter 2/20
    Iter 3/20
    Iter 4/20
    Iter 5/20
    Iter 6/20
    Iter 7/20
    Iter 8/20
    Iter 9/20
    Iter 10/20
    Iter 11/20
    Iter 12/20
    Iter 13/20
    Iter 14/20
    Iter 15/20
    Iter 16/20
    Iter 17/20
    Iter 18/20
    Iter 19/20
    Iter 20/20
    Avg time obtained: 4.781E-02
    Avg delta obtained: 3.379E-02

  Start for size 56760. Total of 20 iterations.
    Iter 1/20
    Iter 2/20
    Iter 3/20
    Iter 4/20
    Iter 5/20
    Iter 6/20
    Iter 7/20
    Iter 8/20
    Iter 9/20
    Iter 10/20
    Iter 11/20
    Iter 12/20
    Iter 13/20
    Iter 14/20
    Iter 15/20
    Iter 16/20
    Iter 17/20
    Iter 18/20
    Iter 19/20
    Iter 20/20
    Avg time obtained: 5.093E-02
    Avg delta obtained: 3.548E-02

  Start for size 60815. Total of 20 iterations.
    Iter 1/20
    Iter 2/20
    Iter 3/20
    Iter 4/20
    Iter 5/20
    Iter 6/20
    Iter 7/20
    Iter 8/20
    Iter 9/20
    Iter 10/20
    Iter 11/20
    Iter 12/20
    Iter 13/20
    Iter 14/20
    Iter 15/20
    Iter 16/20
    Iter 17/20
    Iter 18/20
    Iter 19/20
    Iter 20/20
    Avg time obtained: 5.512E-02
    Avg delta obtained: 3.908E-02

  Start for size 64869. Total of 20 iterations.
    Iter 1/20
    Iter 2/20
    Iter 3/20
    Iter 4/20
    Iter 5/20
    Iter 6/20
    Iter 7/20
    Iter 8/20
    Iter 9/20
    Iter 10/20
    Iter 11/20
    Iter 12/20
    Iter 13/20
    Iter 14/20
    Iter 15/20
    Iter 16/20
    Iter 17/20
    Iter 18/20
    Iter 19/20
    Iter 20/20
    Avg time obtained: 5.661E-02
    Avg delta obtained: 3.977E-02

  Start for size 68923. Total of 20 iterations.
    Iter 1/20
    Iter 2/20
    Iter 3/20
    Iter 4/20
    Iter 5/20
    Iter 6/20
    Iter 7/20
    Iter 8/20
    Iter 9/20
    Iter 10/20
    Iter 11/20
    Iter 12/20
    Iter 13/20
    Iter 14/20
    Iter 15/20
    Iter 16/20
    Iter 17/20
    Iter 18/20
    Iter 19/20
    Iter 20/20
    Avg time obtained: 6.116E-02
    Avg delta obtained: 4.320E-02

  Start for size 72977. Total of 20 iterations.
    Iter 1/20
    Iter 2/20
    Iter 3/20
    Iter 4/20
    Iter 5/20
    Iter 6/20
    Iter 7/20
    Iter 8/20
    Iter 9/20
    Iter 10/20
    Iter 11/20
    Iter 12/20
    Iter 13/20
    Iter 14/20
    Iter 15/20
    Iter 16/20
    Iter 17/20
    Iter 18/20
    Iter 19/20
    Iter 20/20
    Avg time obtained: 6.500E-02
    Avg delta obtained: 4.628E-02

  Start for size 77032. Total of 20 iterations.
    Iter 1/20
    Iter 2/20
    Iter 3/20
    Iter 4/20
    Iter 5/20
    Iter 6/20
    Iter 7/20
    Iter 8/20
    Iter 9/20
    Iter 10/20
    Iter 11/20
    Iter 12/20
    Iter 13/20
    Iter 14/20
    Iter 15/20
    Iter 16/20
    Iter 17/20
    Iter 18/20
    Iter 19/20
    Iter 20/20
    Avg time obtained: 6.738E-02
    Avg delta obtained: 4.770E-02

  Start for size 81086. Total of 20 iterations.
    Iter 1/20
    Iter 2/20
    Iter 3/20
    Iter 4/20
    Iter 5/20
    Iter 6/20
    Iter 7/20
    Iter 8/20
    Iter 9/20
    Iter 10/20
    Iter 11/20
    Iter 12/20
    Iter 13/20
    Iter 14/20
    Iter 15/20
    Iter 16/20
    Iter 17/20
    Iter 18/20
    Iter 19/20
    Iter 20/20
    Avg time obtained: 7.236E-02
    Avg delta obtained: 5.181E-02



Start testing Hessian for model LPMC_RemoveRest
  Start for size 4054. Total of 20 iterations.
    Iter 1/20
    Iter 2/20
    Iter 3/20
    Iter 4/20
    Iter 5/20
    Iter 6/20
    Iter 7/20
    Iter 8/20
    Iter 9/20
    Iter 10/20
    Iter 11/20
    Iter 12/20
    Iter 13/20
    Iter 14/20
    Iter 15/20
    Iter 16/20
    Iter 17/20
    Iter 18/20
    Iter 19/20
    Iter 20/20
    Avg time obtained: 4.326E-01
    Avg delta obtained: 4.213E-01

  Start for size 8109. Total of 20 iterations.
    Iter 1/20
    Iter 2/20
    Iter 3/20
    Iter 4/20
    Iter 5/20
    Iter 6/20
    Iter 7/20
    Iter 8/20
    Iter 9/20
    Iter 10/20
    Iter 11/20
    Iter 12/20
    Iter 13/20
    Iter 14/20
    Iter 15/20
    Iter 16/20
    Iter 17/20
    Iter 18/20
    Iter 19/20
    Iter 20/20
    Avg time obtained: 8.213E-01
    Avg delta obtained: 8.028E-01

  Start for size 12163. Total of 20 iterations.
    Iter 1/20
    Iter 2/20
    Iter 3/20
    Iter 4/20
    Iter 5/20
    Iter 6/20
    Iter 7/20
    Iter 8/20
    Iter 9/20
    Iter 10/20
    Iter 11/20
    Iter 12/20
    Iter 13/20
    Iter 14/20
    Iter 15/20
    Iter 16/20
    Iter 17/20
    Iter 18/20
    Iter 19/20
    Iter 20/20
    Avg time obtained: 1.227E+00
    Avg delta obtained: 1.201E+00

  Start for size 16217. Total of 20 iterations.
    Iter 1/20
    Iter 2/20
    Iter 3/20
    Iter 4/20
    Iter 5/20
    Iter 6/20
    Iter 7/20
    Iter 8/20
    Iter 9/20
    Iter 10/20
    Iter 11/20
    Iter 12/20
    Iter 13/20
    Iter 14/20
    Iter 15/20
    Iter 16/20
    Iter 17/20
    Iter 18/20
    Iter 19/20
    Iter 20/20
    Avg time obtained: 1.426E+00
    Avg delta obtained: 1.393E+00

  Start for size 20272. Total of 20 iterations.
    Iter 1/20
    Iter 2/20
    Iter 3/20
    Iter 4/20
    Iter 5/20
    Iter 6/20
    Iter 7/20
    Iter 8/20
    Iter 9/20
    Iter 10/20
    Iter 11/20
    Iter 12/20
    Iter 13/20
    Iter 14/20
    Iter 15/20
    Iter 16/20
    Iter 17/20
    Iter 18/20
    Iter 19/20
    Iter 20/20
    Avg time obtained: 1.744E+00
    Avg delta obtained: 1.701E+00

  Start for size 24326. Total of 20 iterations.
    Iter 1/20
    Iter 2/20
    Iter 3/20
    Iter 4/20
    Iter 5/20
    Iter 6/20
    Iter 7/20
    Iter 8/20
    Iter 9/20
    Iter 10/20
    Iter 11/20
    Iter 12/20
    Iter 13/20
    Iter 14/20
    Iter 15/20
    Iter 16/20
    Iter 17/20
    Iter 18/20
    Iter 19/20
    Iter 20/20
    Avg time obtained: 2.073E+00
    Avg delta obtained: 2.023E+00

  Start for size 28380. Total of 20 iterations.
    Iter 1/20
    Iter 2/20
    Iter 3/20
    Iter 4/20
    Iter 5/20
    Iter 6/20
    Iter 7/20
    Iter 8/20
    Iter 9/20
    Iter 10/20
    Iter 11/20
    Iter 12/20
    Iter 13/20
    Iter 14/20
    Iter 15/20
    Iter 16/20
    Iter 17/20
    Iter 18/20
    Iter 19/20
    Iter 20/20
    Avg time obtained: 2.397E+00
    Avg delta obtained: 2.342E+00

  Start for size 32434. Total of 20 iterations.
    Iter 1/20
    Iter 2/20
    Iter 3/20
    Iter 4/20
    Iter 5/20
    Iter 6/20
    Iter 7/20
    Iter 8/20
    Iter 9/20
    Iter 10/20
    Iter 11/20
    Iter 12/20
    Iter 13/20
    Iter 14/20
    Iter 15/20
    Iter 16/20
    Iter 17/20
    Iter 18/20
    Iter 19/20
    Iter 20/20
    Avg time obtained: 2.799E+00
    Avg delta obtained: 2.741E+00

  Start for size 36489. Total of 20 iterations.
    Iter 1/20
    Iter 2/20
    Iter 3/20
    Iter 4/20
    Iter 5/20
    Iter 6/20
    Iter 7/20
    Iter 8/20
    Iter 9/20
    Iter 10/20
    Iter 11/20
    Iter 12/20
    Iter 13/20
    Iter 14/20
    Iter 15/20
    Iter 16/20
    Iter 17/20
    Iter 18/20
    Iter 19/20
    Iter 20/20
    Avg time obtained: 3.088E+00
    Avg delta obtained: 3.021E+00

  Start for size 40543. Total of 20 iterations.
    Iter 1/20
    Iter 2/20
    Iter 3/20
    Iter 4/20
    Iter 5/20
    Iter 6/20
    Iter 7/20
    Iter 8/20
    Iter 9/20
    Iter 10/20
    Iter 11/20
    Iter 12/20
    Iter 13/20
    Iter 14/20
    Iter 15/20
    Iter 16/20
    Iter 17/20
    Iter 18/20
    Iter 19/20
    Iter 20/20
    Avg time obtained: 3.407E+00
    Avg delta obtained: 3.332E+00

  Start for size 44597. Total of 20 iterations.
    Iter 1/20
    Iter 2/20
    Iter 3/20
    Iter 4/20
    Iter 5/20
    Iter 6/20
    Iter 7/20
    Iter 8/20
    Iter 9/20
    Iter 10/20
    Iter 11/20
    Iter 12/20
    Iter 13/20
    Iter 14/20
    Iter 15/20
    Iter 16/20
    Iter 17/20
    Iter 18/20
    Iter 19/20
    Iter 20/20
    Avg time obtained: 3.757E+00
    Avg delta obtained: 3.674E+00

  Start for size 48652. Total of 20 iterations.
    Iter 1/20
    Iter 2/20
    Iter 3/20
    Iter 4/20
    Iter 5/20
    Iter 6/20
    Iter 7/20
    Iter 8/20
    Iter 9/20
    Iter 10/20
    Iter 11/20
    Iter 12/20
    Iter 13/20
    Iter 14/20
    Iter 15/20
    Iter 16/20
    Iter 17/20
    Iter 18/20
    Iter 19/20
    Iter 20/20
    Avg time obtained: 4.024E+00
    Avg delta obtained: 3.934E+00

  Start for size 52706. Total of 20 iterations.
    Iter 1/20
    Iter 2/20
    Iter 3/20
    Iter 4/20
    Iter 5/20
    Iter 6/20
    Iter 7/20
    Iter 8/20
    Iter 9/20
    Iter 10/20
    Iter 11/20
    Iter 12/20
    Iter 13/20
    Iter 14/20
    Iter 15/20
    Iter 16/20
    Iter 17/20
    Iter 18/20
    Iter 19/20
    Iter 20/20
    Avg time obtained: 4.404E+00
    Avg delta obtained: 4.311E+00

  Start for size 56760. Total of 20 iterations.
    Iter 1/20
    Iter 2/20
    Iter 3/20
    Iter 4/20
    Iter 5/20
    Iter 6/20
    Iter 7/20
    Iter 8/20
    Iter 9/20
    Iter 10/20
    Iter 11/20
    Iter 12/20
    Iter 13/20
    Iter 14/20
    Iter 15/20
    Iter 16/20
    Iter 17/20
    Iter 18/20
    Iter 19/20
    Iter 20/20
    Avg time obtained: 4.685E+00
    Avg delta obtained: 4.586E+00

  Start for size 60815. Total of 20 iterations.
    Iter 1/20
    Iter 2/20
    Iter 3/20
    Iter 4/20
    Iter 5/20
    Iter 6/20
    Iter 7/20
    Iter 8/20
    Iter 9/20
    Iter 10/20
    Iter 11/20
    Iter 12/20
    Iter 13/20
    Iter 14/20
    Iter 15/20
    Iter 16/20
    Iter 17/20
    Iter 18/20
    Iter 19/20
    Iter 20/20
    Avg time obtained: 5.039E+00
    Avg delta obtained: 4.930E+00

  Start for size 64869. Total of 20 iterations.
    Iter 1/20
    Iter 2/20
    Iter 3/20
    Iter 4/20
    Iter 5/20
    Iter 6/20
    Iter 7/20
    Iter 8/20
    Iter 9/20
    Iter 10/20
    Iter 11/20
    Iter 12/20
    Iter 13/20
    Iter 14/20
    Iter 15/20
    Iter 16/20
    Iter 17/20
    Iter 18/20
    Iter 19/20
    Iter 20/20
    Avg time obtained: 5.363E+00
    Avg delta obtained: 5.249E+00

  Start for size 68923. Total of 20 iterations.
    Iter 1/20
    Iter 2/20
    Iter 3/20
    Iter 4/20
    Iter 5/20
    Iter 6/20
    Iter 7/20
    Iter 8/20
    Iter 9/20
    Iter 10/20
    Iter 11/20
    Iter 12/20
    Iter 13/20
    Iter 14/20
    Iter 15/20
    Iter 16/20
    Iter 17/20
    Iter 18/20
    Iter 19/20
    Iter 20/20
    Avg time obtained: 5.705E+00
    Avg delta obtained: 5.586E+00

  Start for size 72977. Total of 20 iterations.
    Iter 1/20
    Iter 2/20
    Iter 3/20
    Iter 4/20
    Iter 5/20
    Iter 6/20
    Iter 7/20
    Iter 8/20
    Iter 9/20
    Iter 10/20
    Iter 11/20
    Iter 12/20
    Iter 13/20
    Iter 14/20
    Iter 15/20
    Iter 16/20
    Iter 17/20
    Iter 18/20
    Iter 19/20
    Iter 20/20
    Avg time obtained: 6.058E+00
    Avg delta obtained: 5.932E+00

  Start for size 77032. Total of 20 iterations.
    Iter 1/20
    Iter 2/20
    Iter 3/20
    Iter 4/20
    Iter 5/20
    Iter 6/20
    Iter 7/20
    Iter 8/20
    Iter 9/20
    Iter 10/20
    Iter 11/20
    Iter 12/20
    Iter 13/20
    Iter 14/20
    Iter 15/20
    Iter 16/20
    Iter 17/20
    Iter 18/20
    Iter 19/20
    Iter 20/20
    Avg time obtained: 6.287E+00
    Avg delta obtained: 6.154E+00

  Start for size 81086. Total of 20 iterations.
    Iter 1/20
    Iter 2/20
    Iter 3/20
    Iter 4/20
    Iter 5/20
    Iter 6/20
    Iter 7/20
    Iter 8/20
    Iter 9/20
    Iter 10/20
    Iter 11/20
    Iter 12/20
    Iter 13/20
    Iter 14/20
    Iter 15/20
    Iter 16/20
    Iter 17/20
    Iter 18/20
    Iter 19/20
    Iter 20/20
    Avg time obtained: 6.576E+00
    Avg delta obtained: 6.437E+00



Start testing Hessian for model LPMC_Full
  Start for size 4054. Total of 20 iterations.
    Iter 1/20
    Iter 2/20
    Iter 3/20
    Iter 4/20
    Iter 5/20
    Iter 6/20
    Iter 7/20
    Iter 8/20
    Iter 9/20
    Iter 10/20
    Iter 11/20
    Iter 12/20
    Iter 13/20
    Iter 14/20
    Iter 15/20
    Iter 16/20
    Iter 17/20
    Iter 18/20
    Iter 19/20
    Iter 20/20
    Avg time obtained: 1.133E+01
    Avg delta obtained: 1.122E+01

  Start for size 8109. Total of 20 iterations.
    Iter 1/20
    Iter 2/20
    Iter 3/20
    Iter 4/20
    Iter 5/20
    Iter 6/20
    Iter 7/20
    Iter 8/20
    Iter 9/20
    Iter 10/20
    Iter 11/20
    Iter 12/20
    Iter 13/20
    Iter 14/20
    Iter 15/20
    Iter 16/20
    Iter 17/20
    Iter 18/20
    Iter 19/20
    Iter 20/20
    Avg time obtained: 2.102E+01
    Avg delta obtained: 2.082E+01

  Start for size 12163. Total of 20 iterations.
    Iter 1/20
    Iter 2/20
    Iter 3/20
    Iter 4/20
    Iter 5/20
    Iter 6/20
    Iter 7/20
    Iter 8/20
    Iter 9/20
    Iter 10/20
    Iter 11/20
    Iter 12/20
    Iter 13/20
    Iter 14/20
    Iter 15/20
    Iter 16/20
    Iter 17/20
    Iter 18/20
    Iter 19/20
    Iter 20/20
    Avg time obtained: 3.058E+01
    Avg delta obtained: 3.029E+01

  Start for size 16217. Total of 20 iterations.
    Iter 1/20
    Iter 2/20
    Iter 3/20
    Iter 4/20
    Iter 5/20
    Iter 6/20
    Iter 7/20
    Iter 8/20
    Iter 9/20
    Iter 10/20
    Iter 11/20
    Iter 12/20
    Iter 13/20
    Iter 14/20
    Iter 15/20
    Iter 16/20
    Iter 17/20
    Iter 18/20
    Iter 19/20
    Iter 20/20
    Avg time obtained: 3.986E+01
    Avg delta obtained: 3.949E+01

  Start for size 20272. Total of 20 iterations.
    Iter 1/20
    Iter 2/20
    Iter 3/20
    Iter 4/20
    Iter 5/20
    Iter 6/20
    Iter 7/20
    Iter 8/20
    Iter 9/20
    Iter 10/20
    Iter 11/20
    Iter 12/20
    Iter 13/20
    Iter 14/20
    Iter 15/20
    Iter 16/20
    Iter 17/20
    Iter 18/20
    Iter 19/20
    Iter 20/20
    Avg time obtained: 4.897E+01
    Avg delta obtained: 4.851E+01

  Start for size 24326. Total of 20 iterations.
    Iter 1/20
    Iter 2/20
    Iter 3/20
    Iter 4/20
    Iter 5/20
    Iter 6/20
    Iter 7/20
    Iter 8/20
    Iter 9/20
    Iter 10/20
    Iter 11/20
    Iter 12/20
    Iter 13/20
    Iter 14/20
    Iter 15/20
    Iter 16/20
    Iter 17/20
    Iter 18/20
    Iter 19/20
    Iter 20/20
    Avg time obtained: 5.843E+01
    Avg delta obtained: 5.788E+01

  Start for size 28380. Total of 20 iterations.
    Iter 1/20
    Iter 2/20
    Iter 3/20
    Iter 4/20
    Iter 5/20
    Iter 6/20
    Iter 7/20
    Iter 8/20
    Iter 9/20
    Iter 10/20
    Iter 11/20
    Iter 12/20
    Iter 13/20
    Iter 14/20
    Iter 15/20
    Iter 16/20
    Iter 17/20
    Iter 18/20
    Iter 19/20
    Iter 20/20
    Avg time obtained: 6.757E+01
    Avg delta obtained: 6.695E+01

  Start for size 32434. Total of 20 iterations.
    Iter 1/20
    Iter 2/20
    Iter 3/20
    Iter 4/20
    Iter 5/20
    Iter 6/20
    Iter 7/20
    Iter 8/20
    Iter 9/20
    Iter 10/20
    Iter 11/20
    Iter 12/20
    Iter 13/20
    Iter 14/20
    Iter 15/20
    Iter 16/20
    Iter 17/20
    Iter 18/20
    Iter 19/20
    Iter 20/20
    Avg time obtained: 7.593E+01
    Avg delta obtained: 7.521E+01

  Start for size 36489. Total of 20 iterations.
    Iter 1/20
    Iter 2/20
    Iter 3/20
    Iter 4/20
    Iter 5/20
    Iter 6/20
    Iter 7/20
    Iter 8/20
    Iter 9/20
    Iter 10/20
    Iter 11/20
    Iter 12/20
    Iter 13/20
    Iter 14/20
    Iter 15/20
    Iter 16/20
    Iter 17/20
    Iter 18/20
    Iter 19/20
    Iter 20/20
    Avg time obtained: 8.506E+01
    Avg delta obtained: 8.427E+01

  Start for size 40543. Total of 20 iterations.
    Iter 1/20
    Iter 2/20
    Iter 3/20
    Iter 4/20
    Iter 5/20
    Iter 6/20
    Iter 7/20
    Iter 8/20
    Iter 9/20
    Iter 10/20
    Iter 11/20
    Iter 12/20
    Iter 13/20
    Iter 14/20
    Iter 15/20
    Iter 16/20
    Iter 17/20
    Iter 18/20
    Iter 19/20
    Iter 20/20
    Avg time obtained: 9.459E+01
    Avg delta obtained: 9.371E+01

  Start for size 44597. Total of 20 iterations.
    Iter 1/20
    Iter 2/20
    Iter 3/20
    Iter 4/20
    Iter 5/20
    Iter 6/20
    Iter 7/20
    Iter 8/20
    Iter 9/20
    Iter 10/20
    Iter 11/20
    Iter 12/20
    Iter 13/20
    Iter 14/20
    Iter 15/20
    Iter 16/20
    Iter 17/20
    Iter 18/20
    Iter 19/20
    Iter 20/20
    Avg time obtained: 1.030E+02
    Avg delta obtained: 1.020E+02

  Start for size 48652. Total of 20 iterations.
    Iter 1/20
    Iter 2/20
    Iter 3/20
    Iter 4/20
    Iter 5/20
    Iter 6/20
    Iter 7/20
    Iter 8/20
    Iter 9/20
    Iter 10/20
    Iter 11/20
    Iter 12/20
    Iter 13/20
    Iter 14/20
    Iter 15/20
    Iter 16/20
    Iter 17/20
    Iter 18/20
    Iter 19/20
    Iter 20/20
    Avg time obtained: 1.074E+02
    Avg delta obtained: 1.064E+02

  Start for size 52706. Total of 20 iterations.
    Iter 1/20
    Iter 2/20
    Iter 3/20
    Iter 4/20
    Iter 5/20
    Iter 6/20
    Iter 7/20
    Iter 8/20
    Iter 9/20
    Iter 10/20
    Iter 11/20
    Iter 12/20
    Iter 13/20
    Iter 14/20
    Iter 15/20
    Iter 16/20
    Iter 17/20
    Iter 18/20
    Iter 19/20
    Iter 20/20
    Avg time obtained: 1.165E+02
    Avg delta obtained: 1.154E+02

  Start for size 56760. Total of 20 iterations.
    Iter 1/20
    Iter 2/20
    Iter 3/20
    Iter 4/20
    Iter 5/20
    Iter 6/20
    Iter 7/20
    Iter 8/20
    Iter 9/20
    Iter 10/20
    Iter 11/20
    Iter 12/20
    Iter 13/20
    Iter 14/20
    Iter 15/20
    Iter 16/20
    Iter 17/20
    Iter 18/20
    Iter 19/20
    Iter 20/20
    Avg time obtained: 1.257E+02
    Avg delta obtained: 1.245E+02

  Start for size 60815. Total of 20 iterations.
    Iter 1/20
    Iter 2/20
    Iter 3/20
    Iter 4/20
    Iter 5/20
    Iter 6/20
    Iter 7/20
    Iter 8/20
    Iter 9/20
    Iter 10/20
    Iter 11/20
    Iter 12/20
    Iter 13/20
    Iter 14/20
    Iter 15/20
    Iter 16/20
    Iter 17/20
    Iter 18/20
    Iter 19/20
    Iter 20/20
    Avg time obtained: 1.329E+02
    Avg delta obtained: 1.316E+02

  Start for size 64869. Total of 20 iterations.
    Iter 1/20
    Iter 2/20
    Iter 3/20
    Iter 4/20
    Iter 5/20
    Iter 6/20
    Iter 7/20
    Iter 8/20
    Iter 9/20
    Iter 10/20
    Iter 11/20
    Iter 12/20
    Iter 13/20
    Iter 14/20
    Iter 15/20
    Iter 16/20
    Iter 17/20
    Iter 18/20
    Iter 19/20
    Iter 20/20
    Avg time obtained: 1.425E+02
    Avg delta obtained: 1.412E+02

  Start for size 68923. Total of 20 iterations.
    Iter 1/20
    Iter 2/20
    Iter 3/20
    Iter 4/20
    Iter 5/20
    Iter 6/20
    Iter 7/20
    Iter 8/20
    Iter 9/20
    Iter 10/20
    Iter 11/20
    Iter 12/20
    Iter 13/20
    Iter 14/20
    Iter 15/20
    Iter 16/20
    Iter 17/20
    Iter 18/20
    Iter 19/20
    Iter 20/20
    Avg time obtained: 1.520E+02
    Avg delta obtained: 1.505E+02

  Start for size 72977. Total of 20 iterations.
    Iter 1/20
    Iter 2/20
    Iter 3/20
    Iter 4/20
    Iter 5/20
    Iter 6/20
    Iter 7/20
    Iter 8/20
    Iter 9/20
    Iter 10/20
    Iter 11/20
    Iter 12/20
    Iter 13/20
    Iter 14/20
    Iter 15/20
    Iter 16/20
    Iter 17/20
    Iter 18/20
    Iter 19/20
    Iter 20/20
    Avg time obtained: 1.602E+02
    Avg delta obtained: 1.587E+02

  Start for size 77032. Total of 20 iterations.
    Iter 1/20
    Iter 2/20
    Iter 3/20
    Iter 4/20
    Iter 5/20
    Iter 6/20
    Iter 7/20
    Iter 8/20
    Iter 9/20
    Iter 10/20
    Iter 11/20
    Iter 12/20
    Iter 13/20
    Iter 14/20
    Iter 15/20
    Iter 16/20
    Iter 17/20
    Iter 18/20
    Iter 19/20
    Iter 20/20
    Avg time obtained: 1.692E+02
    Avg delta obtained: 1.676E+02

  Start for size 81086. Total of 20 iterations.
    Iter 1/20
    Iter 2/20
    Iter 3/20
    Iter 4/20
    Iter 5/20
    Iter 6/20
    Iter 7/20
    Iter 8/20
    Iter 9/20
    Iter 10/20
    Iter 11/20
    Iter 12/20
    Iter 13/20
    Iter 14/20
    Iter 15/20
    Iter 16/20
    Iter 17/20
    Iter 18/20
    Iter 19/20
    Iter 20/20
    Avg time obtained: 1.768E+02
    Avg delta obtained: 1.751E+02



FINISHED at jeu jui 25 21:53:46 CEST 2019
