Lmod has detected the following error: The following module(s) are unknown:
"gcc/7.3.0"

Please check the spelling or version number. Also try "module spider ..."
It is also possible your cache file is out-of-date; it may help to try:
  $ module --ignore-cache load "gcc/7.3.0"

Also make sure that all modulefiles written in TCL start with the string
#%Module



STARTING TESTS FOR HESSIAN mar jui 23 14:44:36 CEST 2019
Start testing Hessian for model MNL
  Start for size 752. Total of 20 iterations.
    Iter 1/20
    Iter 2/20
    Iter 3/20
    Iter 4/20
    Iter 5/20
    Iter 6/20
    Iter 7/20
    Iter 8/20
    Iter 9/20
    Iter 10/20
    Iter 11/20
    Iter 12/20
    Iter 13/20
    Iter 14/20
    Iter 15/20
    Iter 16/20
    Iter 17/20
    Iter 18/20
    Iter 19/20
    Iter 20/20
    Avg time obtained: 0.003

  Start for size 1504. Total of 20 iterations.
    Iter 1/20
    Iter 2/20
    Iter 3/20
    Iter 4/20
    Iter 5/20
    Iter 6/20
    Iter 7/20
    Iter 8/20
    Iter 9/20
    Iter 10/20
    Iter 11/20
    Iter 12/20
    Iter 13/20
    Iter 14/20
    Iter 15/20
    Iter 16/20
    Iter 17/20
    Iter 18/20
    Iter 19/20
    Iter 20/20
    Avg time obtained: 0.003

  Start for size 2256. Total of 20 iterations.
    Iter 1/20
    Iter 2/20
    Iter 3/20
    Iter 4/20
    Iter 5/20
    Iter 6/20
    Iter 7/20
    Iter 8/20
    Iter 9/20
    Iter 10/20
    Iter 11/20
    Iter 12/20
    Iter 13/20
    Iter 14/20
    Iter 15/20
    Iter 16/20
    Iter 17/20
    Iter 18/20
    Iter 19/20
    Iter 20/20
    Avg time obtained: 0.003

  Start for size 3008. Total of 20 iterations.
    Iter 1/20
    Iter 2/20
    Iter 3/20
    Iter 4/20
    Iter 5/20
    Iter 6/20
    Iter 7/20
    Iter 8/20
    Iter 9/20
    Iter 10/20
    Iter 11/20
    Iter 12/20
    Iter 13/20
    Iter 14/20
    Iter 15/20
    Iter 16/20
    Iter 17/20
    Iter 18/20
    Iter 19/20
    Iter 20/20
    Avg time obtained: 0.003

  Start for size 3760. Total of 20 iterations.
    Iter 1/20
    Iter 2/20
    Iter 3/20
    Iter 4/20
    Iter 5/20
    Iter 6/20
    Iter 7/20
    Iter 8/20
    Iter 9/20
    Iter 10/20
    Iter 11/20
    Iter 12/20
    Iter 13/20
    Iter 14/20
    Iter 15/20
    Iter 16/20
    Iter 17/20
    Iter 18/20
    Iter 19/20
    Iter 20/20
    Avg time obtained: 0.003

  Start for size 4512. Total of 20 iterations.
    Iter 1/20
    Iter 2/20
    Iter 3/20
    Iter 4/20
    Iter 5/20
    Iter 6/20
    Iter 7/20
    Iter 8/20
    Iter 9/20
    Iter 10/20
    Iter 11/20
    Iter 12/20
    Iter 13/20
    Iter 14/20
    Iter 15/20
    Iter 16/20
    Iter 17/20
    Iter 18/20
    Iter 19/20
    Iter 20/20
    Avg time obtained: 0.003

  Start for size 5264. Total of 20 iterations.
    Iter 1/20
    Iter 2/20
    Iter 3/20
    Iter 4/20
    Iter 5/20
    Iter 6/20
    Iter 7/20
    Iter 8/20
    Iter 9/20
    Iter 10/20
    Iter 11/20
    Iter 12/20
    Iter 13/20
    Iter 14/20
    Iter 15/20
    Iter 16/20
    Iter 17/20
    Iter 18/20
    Iter 19/20
    Iter 20/20
    Avg time obtained: 0.003

  Start for size 6768. Total of 20 iterations.
    Iter 1/20
    Iter 2/20
    Iter 3/20
    Iter 4/20
    Iter 5/20
    Iter 6/20
    Iter 7/20
    Iter 8/20
    Iter 9/20
    Iter 10/20
    Iter 11/20
    Iter 12/20
    Iter 13/20
    Iter 14/20
    Iter 15/20
    Iter 16/20
    Iter 17/20
    Iter 18/20
    Iter 19/20
    Iter 20/20
    Avg time obtained: 0.003



Start testing Hessian for model Nested
  Start for size 752. Total of 20 iterations.
    Iter 1/20
    Iter 2/20
    Iter 3/20
    Iter 4/20
    Iter 5/20
    Iter 6/20
    Iter 7/20
    Iter 8/20
    Iter 9/20
    Iter 10/20
    Iter 11/20
    Iter 12/20
    Iter 13/20
    Iter 14/20
    Iter 15/20
    Iter 16/20
    Iter 17/20
    Iter 18/20
    Iter 19/20
    Iter 20/20
    Avg time obtained: 0.004

  Start for size 1504. Total of 20 iterations.
    Iter 1/20
    Iter 2/20
    Iter 3/20
    Iter 4/20
    Iter 5/20
    Iter 6/20
    Iter 7/20
    Iter 8/20
    Iter 9/20
    Iter 10/20
    Iter 11/20
    Iter 12/20
    Iter 13/20
    Iter 14/20
    Iter 15/20
    Iter 16/20
    Iter 17/20
    Iter 18/20
    Iter 19/20
    Iter 20/20
    Avg time obtained: 0.004

  Start for size 2256. Total of 20 iterations.
    Iter 1/20
    Iter 2/20
    Iter 3/20
    Iter 4/20
    Iter 5/20
    Iter 6/20
    Iter 7/20
    Iter 8/20
    Iter 9/20
    Iter 10/20
    Iter 11/20
    Iter 12/20
    Iter 13/20
    Iter 14/20
    Iter 15/20
    Iter 16/20
    Iter 17/20
    Iter 18/20
    Iter 19/20
    Iter 20/20
    Avg time obtained: 0.005

  Start for size 3008. Total of 20 iterations.
    Iter 1/20
    Iter 2/20
    Iter 3/20
    Iter 4/20
    Iter 5/20
    Iter 6/20
    Iter 7/20
    Iter 8/20
    Iter 9/20
    Iter 10/20
    Iter 11/20
    Iter 12/20
    Iter 13/20
    Iter 14/20
    Iter 15/20
    Iter 16/20
    Iter 17/20
    Iter 18/20
    Iter 19/20
    Iter 20/20
    Avg time obtained: 0.006

  Start for size 3760. Total of 20 iterations.
    Iter 1/20
    Iter 2/20
    Iter 3/20
    Iter 4/20
    Iter 5/20
    Iter 6/20
    Iter 7/20
    Iter 8/20
    Iter 9/20
    Iter 10/20
    Iter 11/20
    Iter 12/20
    Iter 13/20
    Iter 14/20
    Iter 15/20
    Iter 16/20
    Iter 17/20
    Iter 18/20
    Iter 19/20
    Iter 20/20
    Avg time obtained: 0.007

  Start for size 4512. Total of 20 iterations.
    Iter 1/20
    Iter 2/20
    Iter 3/20
    Iter 4/20
    Iter 5/20
    Iter 6/20
    Iter 7/20
    Iter 8/20
    Iter 9/20
    Iter 10/20
    Iter 11/20
    Iter 12/20
    Iter 13/20
    Iter 14/20
    Iter 15/20
    Iter 16/20
    Iter 17/20
    Iter 18/20
    Iter 19/20
    Iter 20/20
    Avg time obtained: 0.008

  Start for size 5264. Total of 20 iterations.
    Iter 1/20
    Iter 2/20
    Iter 3/20
    Iter 4/20
    Iter 5/20
    Iter 6/20
    Iter 7/20
    Iter 8/20
    Iter 9/20
    Iter 10/20
    Iter 11/20
    Iter 12/20
    Iter 13/20
    Iter 14/20
    Iter 15/20
    Iter 16/20
    Iter 17/20
    Iter 18/20
    Iter 19/20
    Iter 20/20
    Avg time obtained: 0.010

  Start for size 6768. Total of 20 iterations.
    Iter 1/20
    Iter 2/20
    Iter 3/20
    Iter 4/20
    Iter 5/20
    Iter 6/20
    Iter 7/20
    Iter 8/20
    Iter 9/20
    Iter 10/20
    Iter 11/20
    Iter 12/20
    Iter 13/20
    Iter 14/20
    Iter 15/20
    Iter 16/20
    Iter 17/20
    Iter 18/20
    Iter 19/20
    Iter 20/20
    Avg time obtained: 0.011



Start testing Hessian for model LPMC_DrivingCost
  Start for size 4267. Total of 20 iterations.
    Iter 1/20
    Iter 2/20
    Iter 3/20
    Iter 4/20
    Iter 5/20
    Iter 6/20
    Iter 7/20
    Iter 8/20
    Iter 9/20
    Iter 10/20
    Iter 11/20
    Iter 12/20
    Iter 13/20
    Iter 14/20
    Iter 15/20
    Iter 16/20
    Iter 17/20
    Iter 18/20
    Iter 19/20
    Iter 20/20
    Avg time obtained: 0.006

  Start for size 8534. Total of 20 iterations.
    Iter 1/20
    Iter 2/20
    Iter 3/20
    Iter 4/20
    Iter 5/20
    Iter 6/20
    Iter 7/20
    Iter 8/20
    Iter 9/20
    Iter 10/20
    Iter 11/20
    Iter 12/20
    Iter 13/20
    Iter 14/20
    Iter 15/20
    Iter 16/20
    Iter 17/20
    Iter 18/20
    Iter 19/20
    Iter 20/20
    Avg time obtained: 0.010

  Start for size 12801. Total of 20 iterations.
    Iter 1/20
    Iter 2/20
    Iter 3/20
    Iter 4/20
    Iter 5/20
    Iter 6/20
    Iter 7/20
    Iter 8/20
    Iter 9/20
    Iter 10/20
    Iter 11/20
    Iter 12/20
    Iter 13/20
    Iter 14/20
    Iter 15/20
    Iter 16/20
    Iter 17/20
    Iter 18/20
    Iter 19/20
    Iter 20/20
    Avg time obtained: 0.014

  Start for size 17068. Total of 20 iterations.
    Iter 1/20
    Iter 2/20
    Iter 3/20
    Iter 4/20
    Iter 5/20
    Iter 6/20
    Iter 7/20
    Iter 8/20
    Iter 9/20
    Iter 10/20
    Iter 11/20
    Iter 12/20
    Iter 13/20
    Iter 14/20
    Iter 15/20
    Iter 16/20
    Iter 17/20
    Iter 18/20
    Iter 19/20
    Iter 20/20
    Avg time obtained: 0.018

  Start for size 21335. Total of 20 iterations.
    Iter 1/20
    Iter 2/20
    Iter 3/20
    Iter 4/20
    Iter 5/20
    Iter 6/20
    Iter 7/20
    Iter 8/20
    Iter 9/20
    Iter 10/20
    Iter 11/20
    Iter 12/20
    Iter 13/20
    Iter 14/20
    Iter 15/20
    Iter 16/20
    Iter 17/20
    Iter 18/20
    Iter 19/20
    Iter 20/20
    Avg time obtained: 0.021

  Start for size 25602. Total of 20 iterations.
    Iter 1/20
    Iter 2/20
    Iter 3/20
    Iter 4/20
    Iter 5/20
    Iter 6/20
    Iter 7/20
    Iter 8/20
    Iter 9/20
    Iter 10/20
    Iter 11/20
    Iter 12/20
    Iter 13/20
    Iter 14/20
    Iter 15/20
    Iter 16/20
    Iter 17/20
    Iter 18/20
    Iter 19/20
    Iter 20/20
    Avg time obtained: 0.026

  Start for size 29869. Total of 20 iterations.
    Iter 1/20
    Iter 2/20
    Iter 3/20
    Iter 4/20
    Iter 5/20
    Iter 6/20
    Iter 7/20
    Iter 8/20
    Iter 9/20
    Iter 10/20
    Iter 11/20
    Iter 12/20
    Iter 13/20
    Iter 14/20
    Iter 15/20
    Iter 16/20
    Iter 17/20
    Iter 18/20
    Iter 19/20
    Iter 20/20
    Avg time obtained: 0.029

  Start for size 34136. Total of 20 iterations.
    Iter 1/20
    Iter 2/20
    Iter 3/20
    Iter 4/20
    Iter 5/20
    Iter 6/20
    Iter 7/20
    Iter 8/20
    Iter 9/20
    Iter 10/20
    Iter 11/20
    Iter 12/20
    Iter 13/20
    Iter 14/20
    Iter 15/20
    Iter 16/20
    Iter 17/20
    Iter 18/20
    Iter 19/20
    Iter 20/20
    Avg time obtained: 0.033

  Start for size 38403. Total of 20 iterations.
    Iter 1/20
    Iter 2/20
    Iter 3/20
    Iter 4/20
    Iter 5/20
    Iter 6/20
    Iter 7/20
    Iter 8/20
    Iter 9/20
    Iter 10/20
    Iter 11/20
    Iter 12/20
    Iter 13/20
    Iter 14/20
    Iter 15/20
    Iter 16/20
    Iter 17/20
    Iter 18/20
    Iter 19/20
    Iter 20/20
    Avg time obtained: 0.037

  Start for size 42670. Total of 20 iterations.
    Iter 1/20
    Iter 2/20
    Iter 3/20
    Iter 4/20
    Iter 5/20
    Iter 6/20
    Iter 7/20
    Iter 8/20
    Iter 9/20
    Iter 10/20
    Iter 11/20
    Iter 12/20
    Iter 13/20
    Iter 14/20
    Iter 15/20
    Iter 16/20
    Iter 17/20
    Iter 18/20
    Iter 19/20
    Iter 20/20
    Avg time obtained: 0.041

  Start for size 46937. Total of 20 iterations.
    Iter 1/20
    Iter 2/20
    Iter 3/20
    Iter 4/20
    Iter 5/20
    Iter 6/20
    Iter 7/20
    Iter 8/20
    Iter 9/20
    Iter 10/20
    Iter 11/20
    Iter 12/20
    Iter 13/20
    Iter 14/20
    Iter 15/20
    Iter 16/20
    Iter 17/20
    Iter 18/20
    Iter 19/20
    Iter 20/20
    Avg time obtained: 0.043

  Start for size 51204. Total of 20 iterations.
    Iter 1/20
    Iter 2/20
    Iter 3/20
    Iter 4/20
    Iter 5/20
    Iter 6/20
    Iter 7/20
    Iter 8/20
    Iter 9/20
    Iter 10/20
    Iter 11/20
    Iter 12/20
    Iter 13/20
    Iter 14/20
    Iter 15/20
    Iter 16/20
    Iter 17/20
    Iter 18/20
    Iter 19/20
    Iter 20/20
    Avg time obtained: 0.046

  Start for size 55471. Total of 20 iterations.
    Iter 1/20
    Iter 2/20
    Iter 3/20
    Iter 4/20
    Iter 5/20
    Iter 6/20
    Iter 7/20
    Iter 8/20
    Iter 9/20
    Iter 10/20
    Iter 11/20
    Iter 12/20
    Iter 13/20
    Iter 14/20
    Iter 15/20
    Iter 16/20
    Iter 17/20
    Iter 18/20
    Iter 19/20
    Iter 20/20
    Avg time obtained: 0.049

  Start for size 59738. Total of 20 iterations.
    Iter 1/20
    Iter 2/20
    Iter 3/20
    Iter 4/20
    Iter 5/20
    Iter 6/20
    Iter 7/20
    Iter 8/20
    Iter 9/20
    Iter 10/20
    Iter 11/20
    Iter 12/20
    Iter 13/20
    Iter 14/20
    Iter 15/20
    Iter 16/20
    Iter 17/20
    Iter 18/20
    Iter 19/20
    Iter 20/20
    Avg time obtained: 0.053

  Start for size 64005. Total of 20 iterations.
    Iter 1/20
    Iter 2/20
    Iter 3/20
    Iter 4/20
    Iter 5/20
    Iter 6/20
    Iter 7/20
    Iter 8/20
    Iter 9/20
    Iter 10/20
    Iter 11/20
    Iter 12/20
    Iter 13/20
    Iter 14/20
    Iter 15/20
    Iter 16/20
    Iter 17/20
    Iter 18/20
    Iter 19/20
    Iter 20/20
    Avg time obtained: 0.055

  Start for size 68272. Total of 20 iterations.
    Iter 1/20
    Iter 2/20
    Iter 3/20
    Iter 4/20
    Iter 5/20
    Iter 6/20
    Iter 7/20
    Iter 8/20
    Iter 9/20
    Iter 10/20
    Iter 11/20
    Iter 12/20
    Iter 13/20
    Iter 14/20
    Iter 15/20
    Iter 16/20
    Iter 17/20
    Iter 18/20
    Iter 19/20
    Iter 20/20
    Avg time obtained: 0.058

  Start for size 72539. Total of 20 iterations.
    Iter 1/20
    Iter 2/20
    Iter 3/20
    Iter 4/20
    Iter 5/20
    Iter 6/20
    Iter 7/20
    Iter 8/20
    Iter 9/20
    Iter 10/20
    Iter 11/20
    Iter 12/20
    Iter 13/20
    Iter 14/20
    Iter 15/20
    Iter 16/20
    Iter 17/20
    Iter 18/20
    Iter 19/20
    Iter 20/20
    Avg time obtained: 0.062

  Start for size 76806. Total of 20 iterations.
    Iter 1/20
    Iter 2/20
    Iter 3/20
    Iter 4/20
    Iter 5/20
    Iter 6/20
    Iter 7/20
    Iter 8/20
    Iter 9/20
    Iter 10/20
    Iter 11/20
    Iter 12/20
    Iter 13/20
    Iter 14/20
    Iter 15/20
    Iter 16/20
    Iter 17/20
    Iter 18/20
    Iter 19/20
    Iter 20/20
    Avg time obtained: 0.065

  Start for size 81086. Total of 20 iterations.
    Iter 1/20
    Iter 2/20
    Iter 3/20
    Iter 4/20
    Iter 5/20
    Iter 6/20
    Iter 7/20
    Iter 8/20
    Iter 9/20
    Iter 10/20
    Iter 11/20
    Iter 12/20
    Iter 13/20
    Iter 14/20
    Iter 15/20
    Iter 16/20
    Iter 17/20
    Iter 18/20
    Iter 19/20
    Iter 20/20
    Avg time obtained: 0.069



Start testing Hessian for model LPMC_RemoveRest
  Start for size 4267. Total of 20 iterations.
    Iter 1/20
    Iter 2/20
    Iter 3/20
    Iter 4/20
    Iter 5/20
    Iter 6/20
    Iter 7/20
    Iter 8/20
    Iter 9/20
    Iter 10/20
    Iter 11/20
    Iter 12/20
    Iter 13/20
    Iter 14/20
    Iter 15/20
    Iter 16/20
    Iter 17/20
    Iter 18/20
    Iter 19/20
    Iter 20/20
    Avg time obtained: 0.487

  Start for size 8534. Total of 20 iterations.
    Iter 1/20
    Iter 2/20
    Iter 3/20
    Iter 4/20
    Iter 5/20
    Iter 6/20
    Iter 7/20
    Iter 8/20
    Iter 9/20
    Iter 10/20
    Iter 11/20
    Iter 12/20
    Iter 13/20
    Iter 14/20
    Iter 15/20
    Iter 16/20
    Iter 17/20
    Iter 18/20
    Iter 19/20
    Iter 20/20
    Avg time obtained: 0.911

  Start for size 12801. Total of 20 iterations.
    Iter 1/20
    Iter 2/20
    Iter 3/20
    Iter 4/20
    Iter 5/20
    Iter 6/20
    Iter 7/20
    Iter 8/20
    Iter 9/20
    Iter 10/20
    Iter 11/20
    Iter 12/20
    Iter 13/20
    Iter 14/20
    Iter 15/20
    Iter 16/20
    Iter 17/20
    Iter 18/20
    Iter 19/20
    Iter 20/20
    Avg time obtained: 1.231

  Start for size 17068. Total of 20 iterations.
    Iter 1/20
    Iter 2/20
    Iter 3/20
    Iter 4/20
    Iter 5/20
    Iter 6/20
    Iter 7/20
    Iter 8/20
    Iter 9/20
    Iter 10/20
    Iter 11/20
    Iter 12/20
    Iter 13/20
    Iter 14/20
    Iter 15/20
    Iter 16/20
    Iter 17/20
    Iter 18/20
    Iter 19/20
    Iter 20/20
    Avg time obtained: 1.559

  Start for size 21335. Total of 20 iterations.
    Iter 1/20
    Iter 2/20
    Iter 3/20
    Iter 4/20
    Iter 5/20
    Iter 6/20
    Iter 7/20
    Iter 8/20
    Iter 9/20
    Iter 10/20
    Iter 11/20
    Iter 12/20
    Iter 13/20
    Iter 14/20
    Iter 15/20
    Iter 16/20
    Iter 17/20
    Iter 18/20
    Iter 19/20
    Iter 20/20
    Avg time obtained: 1.948

  Start for size 25602. Total of 20 iterations.
    Iter 1/20
    Iter 2/20
    Iter 3/20
    Iter 4/20
    Iter 5/20
    Iter 6/20
    Iter 7/20
    Iter 8/20
    Iter 9/20
    Iter 10/20
    Iter 11/20
    Iter 12/20
    Iter 13/20
    Iter 14/20
    Iter 15/20
    Iter 16/20
    Iter 17/20
    Iter 18/20
    Iter 19/20
    Iter 20/20
    Avg time obtained: 2.271

  Start for size 29869. Total of 20 iterations.
    Iter 1/20
    Iter 2/20
    Iter 3/20
    Iter 4/20
    Iter 5/20
    Iter 6/20
    Iter 7/20
    Iter 8/20
    Iter 9/20
    Iter 10/20
    Iter 11/20
    Iter 12/20
    Iter 13/20
    Iter 14/20
    Iter 15/20
    Iter 16/20
    Iter 17/20
    Iter 18/20
    Iter 19/20
    Iter 20/20
    Avg time obtained: 2.664

  Start for size 34136. Total of 20 iterations.
    Iter 1/20
    Iter 2/20
    Iter 3/20
    Iter 4/20
    Iter 5/20
    Iter 6/20
    Iter 7/20
    Iter 8/20
    Iter 9/20
    Iter 10/20
    Iter 11/20
    Iter 12/20
    Iter 13/20
    Iter 14/20
    Iter 15/20
    Iter 16/20
    Iter 17/20
    Iter 18/20
    Iter 19/20
    Iter 20/20
    Avg time obtained: 3.038

  Start for size 38403. Total of 20 iterations.
    Iter 1/20
    Iter 2/20
    Iter 3/20
    Iter 4/20
    Iter 5/20
    Iter 6/20
    Iter 7/20
    Iter 8/20
    Iter 9/20
    Iter 10/20
    Iter 11/20
    Iter 12/20
    Iter 13/20
    Iter 14/20
    Iter 15/20
    Iter 16/20
    Iter 17/20
    Iter 18/20
    Iter 19/20
    Iter 20/20
    Avg time obtained: 3.346

  Start for size 42670. Total of 20 iterations.
    Iter 1/20
    Iter 2/20
    Iter 3/20
    Iter 4/20
    Iter 5/20
    Iter 6/20
    Iter 7/20
    Iter 8/20
    Iter 9/20
    Iter 10/20
    Iter 11/20
    Iter 12/20
    Iter 13/20
    Iter 14/20
    Iter 15/20
    Iter 16/20
    Iter 17/20
    Iter 18/20
    Iter 19/20
    Iter 20/20
    Avg time obtained: 3.726

  Start for size 46937. Total of 20 iterations.
    Iter 1/20
    Iter 2/20
    Iter 3/20
    Iter 4/20
    Iter 5/20
    Iter 6/20
    Iter 7/20
    Iter 8/20
    Iter 9/20
    Iter 10/20
    Iter 11/20
    Iter 12/20
    Iter 13/20
    Iter 14/20
    Iter 15/20
    Iter 16/20
    Iter 17/20
    Iter 18/20
    Iter 19/20
    Iter 20/20
    Avg time obtained: 4.100

  Start for size 51204. Total of 20 iterations.
    Iter 1/20
    Iter 2/20
    Iter 3/20
    Iter 4/20
    Iter 5/20
    Iter 6/20
    Iter 7/20
    Iter 8/20
    Iter 9/20
    Iter 10/20
    Iter 11/20
    Iter 12/20
    Iter 13/20
    Iter 14/20
    Iter 15/20
    Iter 16/20
    Iter 17/20
    Iter 18/20
    Iter 19/20
    Iter 20/20
    Avg time obtained: 4.441

  Start for size 55471. Total of 20 iterations.
    Iter 1/20
    Iter 2/20
    Iter 3/20
    Iter 4/20
    Iter 5/20
    Iter 6/20
    Iter 7/20
    Iter 8/20
    Iter 9/20
    Iter 10/20
    Iter 11/20
    Iter 12/20
    Iter 13/20
    Iter 14/20
    Iter 15/20
    Iter 16/20
    Iter 17/20
    Iter 18/20
    Iter 19/20
    Iter 20/20
    Avg time obtained: 4.779

  Start for size 59738. Total of 20 iterations.
    Iter 1/20
    Iter 2/20
    Iter 3/20
    Iter 4/20
    Iter 5/20
    Iter 6/20
    Iter 7/20
    Iter 8/20
    Iter 9/20
    Iter 10/20
    Iter 11/20
    Iter 12/20
    Iter 13/20
    Iter 14/20
    Iter 15/20
    Iter 16/20
    Iter 17/20
    Iter 18/20
    Iter 19/20
    Iter 20/20
    Avg time obtained: 5.086

  Start for size 64005. Total of 20 iterations.
    Iter 1/20
    Iter 2/20
    Iter 3/20
    Iter 4/20
    Iter 5/20
    Iter 6/20
    Iter 7/20
    Iter 8/20
    Iter 9/20
    Iter 10/20
    Iter 11/20
    Iter 12/20
    Iter 13/20
    Iter 14/20
    Iter 15/20
    Iter 16/20
    Iter 17/20
    Iter 18/20
    Iter 19/20
    Iter 20/20
    Avg time obtained: 5.491

  Start for size 68272. Total of 20 iterations.
    Iter 1/20
    Iter 2/20
    Iter 3/20
    Iter 4/20
    Iter 5/20
    Iter 6/20
    Iter 7/20
    Iter 8/20
    Iter 9/20
    Iter 10/20
    Iter 11/20
    Iter 12/20
    Iter 13/20
    Iter 14/20
    Iter 15/20
    Iter 16/20
    Iter 17/20
    Iter 18/20
    Iter 19/20
    Iter 20/20
    Avg time obtained: 5.785

  Start for size 72539. Total of 20 iterations.
    Iter 1/20
    Iter 2/20
    Iter 3/20
    Iter 4/20
    Iter 5/20
    Iter 6/20
    Iter 7/20
    Iter 8/20
    Iter 9/20
    Iter 10/20
    Iter 11/20
    Iter 12/20
    Iter 13/20
    Iter 14/20
    Iter 15/20
    Iter 16/20
    Iter 17/20
    Iter 18/20
    Iter 19/20
    Iter 20/20
    Avg time obtained: 6.177

  Start for size 76806. Total of 20 iterations.
    Iter 1/20
    Iter 2/20
    Iter 3/20
    Iter 4/20
    Iter 5/20
    Iter 6/20
    Iter 7/20
    Iter 8/20
    Iter 9/20
    Iter 10/20
    Iter 11/20
    Iter 12/20
    Iter 13/20
    Iter 14/20
    Iter 15/20
    Iter 16/20
    Iter 17/20
    Iter 18/20
    Iter 19/20
    Iter 20/20
    Avg time obtained: 6.518

  Start for size 81086. Total of 20 iterations.
    Iter 1/20
    Iter 2/20
    Iter 3/20
    Iter 4/20
    Iter 5/20
    Iter 6/20
    Iter 7/20
    Iter 8/20
    Iter 9/20
    Iter 10/20
    Iter 11/20
    Iter 12/20
    Iter 13/20
    Iter 14/20
    Iter 15/20
    Iter 16/20
    Iter 17/20
    Iter 18/20
    Iter 19/20
    Iter 20/20
    Avg time obtained: 6.878



Start testing Hessian for model LPMC_Full
  Start for size 4267. Total of 20 iterations.
    Iter 1/20
    Iter 2/20
    Iter 3/20
    Iter 4/20
    Iter 5/20
    Iter 6/20
    Iter 7/20
    Iter 8/20
    Iter 9/20
    Iter 10/20
    Iter 11/20
    Iter 12/20
    Iter 13/20
    Iter 14/20
    Iter 15/20
    Iter 16/20
    Iter 17/20
    Iter 18/20
    Iter 19/20
    Iter 20/20
    Avg time obtained: 12.330

  Start for size 8534. Total of 20 iterations.
    Iter 1/20
    Iter 2/20
    Iter 3/20
    Iter 4/20
    Iter 5/20
    Iter 6/20
    Iter 7/20
    Iter 8/20
    Iter 9/20
    Iter 10/20
    Iter 11/20
    Iter 12/20
    Iter 13/20
    Iter 14/20
    Iter 15/20
    Iter 16/20
    Iter 17/20
    Iter 18/20
    Iter 19/20
    Iter 20/20
    Avg time obtained: 22.829

  Start for size 12801. Total of 20 iterations.
    Iter 1/20
    Iter 2/20
    Iter 3/20
    Iter 4/20
    Iter 5/20
    Iter 6/20
    Iter 7/20
    Iter 8/20
    Iter 9/20
    Iter 10/20
    Iter 11/20
    Iter 12/20
    Iter 13/20
    Iter 14/20
    Iter 15/20
    Iter 16/20
    Iter 17/20
    Iter 18/20
    Iter 19/20
    Iter 20/20
    Avg time obtained: 32.856

  Start for size 17068. Total of 20 iterations.
    Iter 1/20
    Iter 2/20
    Iter 3/20
    Iter 4/20
    Iter 5/20
    Iter 6/20
    Iter 7/20
    Iter 8/20
    Iter 9/20
    Iter 10/20
    Iter 11/20
    Iter 12/20
    Iter 13/20
    Iter 14/20
    Iter 15/20
    Iter 16/20
    Iter 17/20
    Iter 18/20
    Iter 19/20
    Iter 20/20
    Avg time obtained: 43.169

  Start for size 21335. Total of 20 iterations.
    Iter 1/20
    Iter 2/20
    Iter 3/20
    Iter 4/20
    Iter 5/20
    Iter 6/20
    Iter 7/20
    Iter 8/20
    Iter 9/20
    Iter 10/20
    Iter 11/20
    Iter 12/20
    Iter 13/20
    Iter 14/20
    Iter 15/20
    Iter 16/20
    Iter 17/20
    Iter 18/20
    Iter 19/20
    Iter 20/20
    Avg time obtained: 52.570

  Start for size 25602. Total of 20 iterations.
    Iter 1/20
    Iter 2/20
    Iter 3/20
    Iter 4/20
    Iter 5/20
    Iter 6/20
    Iter 7/20
    Iter 8/20
    Iter 9/20
    Iter 10/20
    Iter 11/20
    Iter 12/20
    Iter 13/20
    Iter 14/20
    Iter 15/20
    Iter 16/20
    Iter 17/20
    Iter 18/20
    Iter 19/20
    Iter 20/20
    Avg time obtained: 62.497

  Start for size 29869. Total of 20 iterations.
    Iter 1/20
    Iter 2/20
    Iter 3/20
    Iter 4/20
    Iter 5/20
    Iter 6/20
    Iter 7/20
    Iter 8/20
    Iter 9/20
    Iter 10/20
    Iter 11/20
    Iter 12/20
    Iter 13/20
    Iter 14/20
    Iter 15/20
    Iter 16/20
    Iter 17/20
    Iter 18/20
    Iter 19/20
    Iter 20/20
    Avg time obtained: 72.862

  Start for size 34136. Total of 20 iterations.
    Iter 1/20
    Iter 2/20
    Iter 3/20
    Iter 4/20
    Iter 5/20
    Iter 6/20
    Iter 7/20
    Iter 8/20
    Iter 9/20
    Iter 10/20
    Iter 11/20
    Iter 12/20
    Iter 13/20
    Iter 14/20
    Iter 15/20
    Iter 16/20
    Iter 17/20
    Iter 18/20
    Iter 19/20
    Iter 20/20
    Avg time obtained: 80.147

  Start for size 38403. Total of 20 iterations.
    Iter 1/20
    Iter 2/20
    Iter 3/20
    Iter 4/20
    Iter 5/20
    Iter 6/20
    Iter 7/20
    Iter 8/20
    Iter 9/20
    Iter 10/20
    Iter 11/20
    Iter 12/20
    Iter 13/20
    Iter 14/20
    Iter 15/20
    Iter 16/20
    Iter 17/20
    Iter 18/20
    Iter 19/20
    Iter 20/20
    Avg time obtained: 86.184

  Start for size 42670. Total of 20 iterations.
    Iter 1/20
    Iter 2/20
    Iter 3/20
    Iter 4/20
    Iter 5/20
    Iter 6/20
    Iter 7/20
    Iter 8/20
    Iter 9/20
    Iter 10/20
    Iter 11/20
    Iter 12/20
    Iter 13/20
    Iter 14/20
    Iter 15/20
    Iter 16/20
    Iter 17/20
    Iter 18/20
    Iter 19/20
    Iter 20/20
    Avg time obtained: 94.916

  Start for size 46937. Total of 20 iterations.
    Iter 1/20
    Iter 2/20
    Iter 3/20
    Iter 4/20
    Iter 5/20
    Iter 6/20
    Iter 7/20
    Iter 8/20
    Iter 9/20
    Iter 10/20
    Iter 11/20
    Iter 12/20
    Iter 13/20
    Iter 14/20
    Iter 15/20
    Iter 16/20
    Iter 17/20
    Iter 18/20
    Iter 19/20
    Iter 20/20
    Avg time obtained: 104.818

  Start for size 51204. Total of 20 iterations.
    Iter 1/20
    Iter 2/20
    Iter 3/20
    Iter 4/20
    Iter 5/20
    Iter 6/20
    Iter 7/20
    Iter 8/20
    Iter 9/20
    Iter 10/20
    Iter 11/20
    Iter 12/20
    Iter 13/20
    Iter 14/20
    Iter 15/20
    Iter 16/20
    Iter 17/20
    Iter 18/20
    Iter 19/20
    Iter 20/20
    Avg time obtained: 113.713

  Start for size 55471. Total of 20 iterations.
    Iter 1/20
    Iter 2/20
    Iter 3/20
    Iter 4/20
    Iter 5/20
    Iter 6/20
    Iter 7/20
    Iter 8/20
    Iter 9/20
    Iter 10/20
    Iter 11/20
    Iter 12/20
    Iter 13/20
    Iter 14/20
    Iter 15/20
    Iter 16/20
    Iter 17/20
    Iter 18/20
    Iter 19/20
    Iter 20/20
    Avg time obtained: 123.389

  Start for size 59738. Total of 20 iterations.
    Iter 1/20
    Iter 2/20
    Iter 3/20
    Iter 4/20
    Iter 5/20
    Iter 6/20
    Iter 7/20
    Iter 8/20
    Iter 9/20
    Iter 10/20
    Iter 11/20
    Iter 12/20
    Iter 13/20
    Iter 14/20
    Iter 15/20
    Iter 16/20
    Iter 17/20
    Iter 18/20
    Iter 19/20
    Iter 20/20
    Avg time obtained: 131.472

  Start for size 64005. Total of 20 iterations.
    Iter 1/20
    Iter 2/20
    Iter 3/20
    Iter 4/20
    Iter 5/20
    Iter 6/20
    Iter 7/20
    Iter 8/20
    Iter 9/20
    Iter 10/20
    Iter 11/20
    Iter 12/20
    Iter 13/20
    Iter 14/20
    Iter 15/20
    Iter 16/20
    Iter 17/20
    Iter 18/20
    Iter 19/20
    Iter 20/20
    Avg time obtained: 140.307

  Start for size 68272. Total of 20 iterations.
    Iter 1/20
    Iter 2/20
    Iter 3/20
    Iter 4/20
    Iter 5/20
    Iter 6/20
    Iter 7/20
    Iter 8/20
    Iter 9/20
    Iter 10/20
    Iter 11/20
    Iter 12/20
    Iter 13/20
    Iter 14/20
    Iter 15/20
    Iter 16/20
    Iter 17/20
    Iter 18/20
    Iter 19/20
    Iter 20/20
    Avg time obtained: 148.579

  Start for size 72539. Total of 20 iterations.
    Iter 1/20
    Iter 2/20
    Iter 3/20
    Iter 4/20
    Iter 5/20
    Iter 6/20
    Iter 7/20
    Iter 8/20
    Iter 9/20
    Iter 10/20
    Iter 11/20
    Iter 12/20
    Iter 13/20
    Iter 14/20
    Iter 15/20
    Iter 16/20
    Iter 17/20
    Iter 18/20
    Iter 19/20
    Iter 20/20
    Avg time obtained: 158.477

  Start for size 76806. Total of 20 iterations.
    Iter 1/20
    Iter 2/20
    Iter 3/20
    Iter 4/20
    Iter 5/20
    Iter 6/20
    Iter 7/20
    Iter 8/20
    Iter 9/20
    Iter 10/20
    Iter 11/20
    Iter 12/20
    Iter 13/20
    Iter 14/20
    Iter 15/20
    Iter 16/20
    Iter 17/20
    Iter 18/20
    Iter 19/20
    Iter 20/20
    Avg time obtained: 169.610

  Start for size 81086. Total of 20 iterations.
    Iter 1/20
    Iter 2/20
    Iter 3/20
    Iter 4/20
    Iter 5/20
    Iter 6/20
    Iter 7/20
    Iter 8/20
    Iter 9/20
    Iter 10/20
    Iter 11/20
    Iter 12/20
    Iter 13/20
    Iter 14/20
    Iter 15/20
    Iter 16/20
    Iter 17/20
    Iter 18/20
    Iter 19/20
    Iter 20/20
    Avg time obtained: 177.638



FINISHED at mer jui 24 01:20:17 CEST 2019
