Lmod has detected the following error: The following module(s) are unknown:
"python/3.6.5"

Please check the spelling or version number. Also try "module spider ..."
It is also possible your cache file is out-of-date; it may help to try:
  $ module --ignore-cache load "python/3.6.5"

Also make sure that all modulefiles written in TCL start with the string
#%Module



Starting optimization of LPMC_DrivingCost with LS-ABS and hybrid at lun aoû 5 22:02:41 CEST 2019
Train LPMC_DrivingCost with LS-ABS and hybrid
  Change from Newton step to BFGS!
1/20 done!
  Change from Newton step to BFGS!
2/20 done!
  Change from Newton step to BFGS!
3/20 done!
  Change from Newton step to BFGS!
4/20 done!
  Change from Newton step to BFGS!
5/20 done!
  Change from Newton step to BFGS!
6/20 done!
  Change from Newton step to BFGS!
7/20 done!
  Change from Newton step to BFGS!
8/20 done!
  Change from Newton step to BFGS!
9/20 done!
  Change from Newton step to BFGS!
10/20 done!
  Change from Newton step to BFGS!
11/20 done!
  Change from Newton step to BFGS!
12/20 done!
  Change from Newton step to BFGS!
13/20 done!
  Change from Newton step to BFGS!
14/20 done!
  Change from Newton step to BFGS!
15/20 done!
  Change from Newton step to BFGS!
16/20 done!
  Change from Newton step to BFGS!
17/20 done!
  Change from Newton step to BFGS!
18/20 done!
  Change from Newton step to BFGS!
19/20 done!
  Change from Newton step to BFGS!
20/20 done!
Finished at lun aoû 5 22:04:34 CEST 2019
