Starting optimization of LPMC_Nested_Full_L with LS-ABS and grad at lun aoû 12 14:27:53 CEST 2019
Train LPMC_Nested_Full_L with LS-ABS and grad
Traceback (most recent call last):
  File "LS-ABS_grad.py", line 30, in <module>
    tmp = model.optimize(ioa, **{'verbose': False, 'nbr_epochs': 1000, 'batch': 1000})
  File "../../models/LPMC_Nested_Full.py", line 826, in optimize
    return algo.solve(maximize=True)
  File "../../algos/OptAlg.py", line 215, in solve
    xk_new = self.alg_type.update_xk(xk, fk, gk, Bk, f, fprime, self.dir, self.fs)
  File "../../algos/types/LineSearch.py", line 34, in update_xk
    alpha = self.compute_alpha(f, fprime, xk, direction, fs)
  File "../../algos/types/LineSearch.py", line 24, in compute_alpha
    alpha = ls_wolfe12(f, fprime, xk, direction, gk, fs[-1], old_old_fval)
  File "../../algos/types/helpers.py", line 17, in ls_wolfe12
    old_fval, old_old_fval)
  File "/ssoft/spack/paien/v2/opt/spack/linux-rhel7-x86_E5v4_Mellanox/gcc-7.3.0/python-3.6.5-fuxsuhr3v4fh4gdkw6xrvnctzn2meygg/lib/python3.6/site-packages/scipy/optimize/linesearch.py", line 101, in line_search_wolfe1
    c1=c1, c2=c2, amax=amax, amin=amin, xtol=xtol)
  File "/ssoft/spack/paien/v2/opt/spack/linux-rhel7-x86_E5v4_Mellanox/gcc-7.3.0/python-3.6.5-fuxsuhr3v4fh4gdkw6xrvnctzn2meygg/lib/python3.6/site-packages/scipy/optimize/linesearch.py", line 174, in scalar_search_wolfe1
    phi1 = phi(stp)
  File "/ssoft/spack/paien/v2/opt/spack/linux-rhel7-x86_E5v4_Mellanox/gcc-7.3.0/python-3.6.5-fuxsuhr3v4fh4gdkw6xrvnctzn2meygg/lib/python3.6/site-packages/scipy/optimize/linesearch.py", line 87, in phi
    return f(xk + s*pk, *args)
  File "../../algos/directions/Gradient.py", line 32, in f
    return self.mult * self.f(x)
  File "../../algos/directions/Direction.py", line 15, in <lambda>
    self.f = lambda x: self.biogeme.calculateLikelihood(x)
  File "/home/glederre/pybio/lib/python3.6/site-packages/biogeme/biogeme.py", line 250, in calculateLikelihood
    f = self.theC.calculateLikelihood(x,self.fixedBetaValues)
  File "src/cbiogeme.pyx", line 93, in biogeme.cbiogeme.pyBiogeme.calculateLikelihood
RuntimeError: src/biogeme.cc:296: Biogeme exception: Error for data entry 140 : src/bioExprLog.cc:51: Biogeme exception: Current values of the literals: 
ASC_TRANSIT_CO = -100
ASC_TRANSIT_NCO = 0.760335
ASC_WALKING_CO1_DL0 = 0
ASC_WALKING_CO1_DL1 = 0
ASC_WALKING_CO2_DL0 = 0
ASC_WALKING_CO2_DL1 = 0
ASC_WALKING_NCO_DL0 = 0
ASC_WALKING_NCO_DL1 = 0
B_ADULT_TRANSIT_CO1_DL0 = 0
B_ADULT_TRANSIT_CO1_DL1 = -10
B_ADULT_TRANSIT_CO2_DL0 = 0
B_ADULT_TRANSIT_CO2_DL1 = 0
B_ADULT_TRANSIT_NCO = -1.0123
B_ADULT_WALKING_CO1_DL0 = 0
B_ADULT_WALKING_CO1_DL1 = 0
B_ADULT_WALKING_CO2_DL0 = 0
B_ADULT_WALKING_CO2_DL1 = 0
B_ADULT_WALKING_NCO_DL0 = 0
B_ADULT_WALKING_NCO_DL1 = 0
B_CADULT_TRANSIT_CO1_DL0 = 0
B_CADULT_TRANSIT_CO1_DL1 = 0
B_CADULT_TRANSIT_CO2_DL0 = 0
B_CADULT_TRANSIT_CO2_DL1 = 0
B_CADULT_TRANSIT_NCO_DL0 = 10
B_CADULT_TRANSIT_NCO_DL1 = -9.58771
B_CADULT_WALKING_CO1_DL0 = 0
B_CADULT_WALKING_CO1_DL1 = 0
B_CADULT_WALKING_CO2_DL0 = 0
B_CADULT_WALKING_CO2_DL1 = 0
B_CADULT_WALKING_NCO_DL0 = 0
B_CADULT_WALKING_NCO_DL1 = 0
B_CHILD_TRANSIT_CO1_DL0 = -10
B_CHILD_TRANSIT_CO1_DL1 = 0
B_CHILD_TRANSIT_CO2_DL0 = 0
B_CHILD_TRANSIT_CO2_DL1 = 0
B_CHILD_TRANSIT_NCO_DL0 = 0
B_CHILD_TRANSIT_NCO_DL1 = 0
B_CHILD_WALKING_CO1_DL0 = 0
B_CHILD_WALKING_CO1_DL1 = 0
B_CHILD_WALKING_CO2_DL0 = 0
B_CHILD_WALKING_CO2_DL1 = 0
B_CHILD_WALKING_NCO_DL0 = 0
B_CHILD_WALKING_NCO_DL1 = 0
B_COST_TRANSIT_CO1_DL0 = 0
B_COST_TRANSIT_CO1_DL1 = 0
B_COST_TRANSIT_CO2_DL0 = 0
B_COST_TRANSIT_CO2_DL1 = 0
B_COST_TRANSIT_NCO = 10
B_DISTANCE_TRANSIT_CO_DL0 = -10
B_DISTANCE_TRANSIT_DL1 = -10
B_DISTANCE_TRANSIT_NCO_DL0 = 10
B_DISTANCE_WALKING_CO1_DL0 = 0
B_DISTANCE_WALKING_CO1_DL1 = 0
B_DISTANCE_WALKING_CO2_DL0 = 0
B_DISTANCE_WALKING_CO2_DL1 = 0
B_DISTANCE_WALKING_NCO_DL0 = 0
B_DISTANCE_WALKING_NCO_DL1 = 0
B_FEMALE_TRANSIT_DL0 = -6.7662
B_FEMALE_TRANSIT_DL1 = -10
B_FEMALE_WALKING_CO1_DL0 = 0
B_FEMALE_WALKING_CO1_DL1 = 0
B_FEMALE_WALKING_CO2_DL0 = 0
B_FEMALE_WALKING_CO2_DL1 = 0
B_FEMALE_WALKING_NCO_DL0 = 0
B_FEMALE_WALKING_NCO_DL1 = 0
B_INTER_PEAK_WALKING_CO1_DL0 = 0
B_INTER_PEAK_WALKING_CO1_DL1 = 0
B_INTER_PEAK_WALKING_CO2_DL0 = 0
B_INTER_PEAK_WALKING_CO2_DL1 = 0
B_INTER_PEAK_WALKING_NCO_DL0 = 0
B_INTER_PEAK_WALKING_NCO_DL1 = 0
B_LOGDISTANCE_TRANSIT_CO = -10
B_LOGDISTANCE_TRANSIT_NCO = 10
B_LOGDISTANCE_WALKING_CO1_DL0 = 0
B_LOGDISTANCE_WALKING_CO1_DL1 = 0
B_LOGDISTANCE_WALKING_CO2_DL0 = 0
B_LOGDISTANCE_WALKING_CO2_DL1 = 0
B_LOGDISTANCE_WALKING_NCO_DL0 = 0
B_LOGDISTANCE_WALKING_NCO_DL1 = 0
B_PM_PEAK_TRANSIT_CO = -10
B_PM_PEAK_TRANSIT_NCO_DL0 = 0
B_PM_PEAK_TRANSIT_NCO_DL1 = 0
B_PM_PEAK_WALKING_CO1_DL0 = 0
B_PM_PEAK_WALKING_CO1_DL1 = 0
B_PM_PEAK_WALKING_CO2_DL0 = 0
B_PM_PEAK_WALKING_CO2_DL1 = 0
B_PM_PEAK_WALKING_NCO_DL0 = 0
B_PM_PEAK_WALKING_NCO_DL1 = 0
B_PURPOSE_B_TRANSIT_CO_DL0 = -0.129216
B_PURPOSE_B_TRANSIT_CO_DL1 = -10
B_PURPOSE_B_TRANSIT_NCO_DL0 = 0
B_PURPOSE_B_TRANSIT_NCO_DL1 = 0
B_PURPOSE_B_WALKING_CO1_DL0 = 0
B_PURPOSE_B_WALKING_CO1_DL1 = 0
B_PURPOSE_B_WALKING_CO2_DL0 = 0
B_PURPOSE_B_WALKING_CO2_DL1 = 0
B_PURPOSE_B_WALKING_NCO_DL0 = 0
B_PURPOSE_B_WALKING_NCO_DL1 = 0
B_PURPOSE_HBE_TRANSIT_CO2_DL1 = -1.4655
B_PURPOSE_HBE_TRANSIT_DL0 = 5.80761
B_PURPOSE_HBE_TRANSIT_NCO1_DL1 = 0
B_PURPOSE_HBE_WALKING_CO1_DL0 = 0
B_PURPOSE_HBE_WALKING_CO1_DL1 = 0
B_PURPOSE_HBE_WALKING_CO2_DL0 = 0
B_PURPOSE_HBE_WALKING_CO2_DL1 = 0
B_PURPOSE_HBE_WALKING_NCO_DL0 = 0
B_PURPOSE_HBE_WALKING_NCO_DL1 = 0
B_PURPOSE_HBO_TRANSIT_CO1_DL0 = 0
B_PURPOSE_HBO_TRANSIT_CO1_DL1 = 0
B_PURPOSE_HBO_TRANSIT_CO2_DL0 = 0
B_PURPOSE_HBO_TRANSIT_CO2_DL1 = 0
B_PURPOSE_HBO_TRANSIT_NCO_DL0 = 10
B_PURPOSE_HBO_TRANSIT_NCO_DL1 = 0
B_PURPOSE_HBO_WALKING_CO1_DL0 = 0
B_PURPOSE_HBO_WALKING_CO1_DL1 = 0
B_PURPOSE_HBO_WALKING_CO2_DL0 = 0
B_PURPOSE_HBO_WALKING_CO2_DL1 = 0
B_PURPOSE_HBO_WALKING_NCO_DL0 = 0
B_PURPOSE_HBO_WALKING_NCO_DL1 = 0
B_PURPOSE_HBW_TRANSIT_CO1_DL0 = 0
B_PURPOSE_HBW_TRANSIT_CO1_DL1 = 0
B_PURPOSE_HBW_TRANSIT_CO2_DL0 = 0.844519
B_PURPOSE_HBW_TRANSIT_CO2_DL1 = -10
B_PURPOSE_HBW_TRANSIT_NCO_DL0 = 0
B_PURPOSE_HBW_TRANSIT_NCO_DL1 = 0
B_PURPOSE_HBW_WALKING_CO1_DL0 = 0
B_PURPOSE_HBW_WALKING_CO1_DL1 = 0
B_PURPOSE_HBW_WALKING_CO2_DL0 = 0
B_PURPOSE_HBW_WALKING_CO2_DL1 = 0
B_PURPOSE_HBW_WALKING_NCO_DL0 = 0
B_PURPOSE_HBW_WALKING_NCO_DL1 = 0
B_SATURDAY_TRANSIT_CO = -10
B_SATURDAY_TRANSIT_NCO_DL0 = 0
B_SATURDAY_TRANSIT_NCO_DL1 = 0
B_SATURDAY_WALKING_CO1_DL0 = 0
B_SATURDAY_WALKING_CO1_DL1 = 0
B_SATURDAY_WALKING_CO2_DL0 = 0
B_SATURDAY_WALKING_CO2_DL1 = 0
B_SATURDAY_WALKING_NCO_DL0 = 0
B_SATURDAY_WALKING_NCO_DL1 = 0
B_TIME_ACCESS_CO = -10
B_TIME_ACCESS_NCO_DL0 = 3.67777
B_TIME_ACCESS_NCO_DL1 = -2.94797
B_TIME_BUS_CO2_DL0 = 1.15332
B_TIME_BUS_CO2_DL1 = -10
B_TIME_BUS_NCO1_DL0 = 5.18299
B_TIME_BUS_NCO1_DL1 = -10
B_TIME_INT_WAIT_CO = -7.4008
B_TIME_INT_WAIT_NCO = 1.46362
B_TIME_INT_WALK_CO1 = -0.809383
B_TIME_INT_WALK_CO2_DL0 = 0
B_TIME_INT_WALK_CO2_DL1 = 0
B_TIME_INT_WALK_NCO_DL0 = 0
B_TIME_INT_WALK_NCO_DL1 = 0
B_TIME_RAIL = -6.44146
B_TIME_WALKING_DL0 = -10
B_TIME_WALKING_DL1 = -5.57295
B_WEEKDAY_TRANSIT_CO = -10
B_WEEKDAY_TRANSIT_NCO_DL0 = 0
B_WEEKDAY_TRANSIT_NCO_DL1 = 0
B_WEEKDAY_WALKING_CO1_DL0 = 0
B_WEEKDAY_WALKING_CO1_DL1 = 0
B_WEEKDAY_WALKING_CO2_DL0 = 0
B_WEEKDAY_WALKING_CO2_DL1 = 0
B_WEEKDAY_WALKING_NCO_DL0 = 0
B_WEEKDAY_WALKING_NCO_DL1 = 0
B_WINTER_WALKING_CO1_DL0 = 0
B_WINTER_WALKING_CO1_DL1 = 0
B_WINTER_WALKING_CO2_DL0 = 0
B_WINTER_WALKING_CO2_DL1 = 0
B_WINTER_WALKING_NCO_DL0 = 0
B_WINTER_WALKING_NCO_DL1 = 0
MU_WALKTRANSIT = 5.5032
co0 = 0
co1 = 0
co2 = 1
cost_transit = 2.4
dl0 = 0
dl1 = 1
dur_access = 0.231111
dur_interchange_waiting = 0
dur_interchange_walking = 0
dur_pt_bus = 0
dur_pt_rail = 0.183333
dur_walking = 1.01944
female = 1
purpose_B = 0
purpose_HBE = 0
purpose_HBO = 0
purpose_HBW = 0
self.adult = 1
self.cadult = 1
self.child = 0
self.distance_km = 4.18315
self.interpeak = 1
self.logdistance = 8.33882
self.pmpeak = 1
self.saturday = 0
self.weekday = 1
self.winter = 1
Cannot take the log of a negative number <log(Elem[1](0:0;1:((exp(((((((((((((((((((((((((ASC_TRANSIT_NCO[4] <140>*dl0[363] <140>)+(ASC_TRANSIT_NCO[4] <140>*dl1[364] <140>))*co0[350] <140>)+(((ASC_TRANSIT_CO[3] <140>*dl0[363] <140>)+(ASC_TRANSIT_CO[3] <140>*dl1[364] <140>))*co1[351] <140>))+(((ASC_TRANSIT_CO[3] <140>*dl0[363] <140>)+(ASC_TRANSIT_CO[3] <140>*dl1[364] <140>))*co2[352] <140>))+((((((B_COST_TRANSIT_NCO[26] <140>*dl0[363] <140>)+(B_COST_TRANSIT_NCO[26] <140>*dl1[364] <140>))*co0[350] <140>)+(((B_COST_TRANSIT_CO1_DL0[157] <140>*dl0[363] <140>)+(B_COST_TRANSIT_CO1_DL1[158] <140>*dl1[364] <140>))*co1[351] <140>))+(((B_COST_TRANSIT_CO2_DL0[159] <140>*dl0[363] <140>)+(B_COST_TRANSIT_CO2_DL1[160] <140>*dl1[364] <140>))*co2[352] <140>))*cost_transit[310] <140>))+((((((B_TIME_ACCESS_NCO_DL0[75] <140>*dl0[363] <140>)+(B_TIME_ACCESS_NCO_DL1[76] <140>*dl1[364] <140>))*co0[350] <140>)+(((B_TIME_ACCESS_CO[74] <140>*dl0[363] <140>)+(B_TIME_ACCESS_CO[74] <140>*dl1[364] <140>))*co1[351] <140>))+(((B_TIME_ACCESS_CO[74] <140>*dl0[363] <140>)+(B_TIME_ACCESS_CO[74] <140>*dl1[364] <140>))*co2[352] <140>))*dur_access[320] <140>))+((((((B_TIME_RAIL[89] <140>*dl0[363] <140>)+(B_TIME_RAIL[89] <140>*dl1[364] <140>))*co0[350] <140>)+(((B_TIME_RAIL[89] <140>*dl0[363] <140>)+(B_TIME_RAIL[89] <140>*dl1[364] <140>))*co1[351] <140>))+(((B_TIME_RAIL[89] <140>*dl0[363] <140>)+(B_TIME_RAIL[89] <140>*dl1[364] <140>))*co2[352] <140>))*dur_pt_rail[323] <140>))+((((((B_TIME_BUS_NCO1_DL0[79] <140>*dl0[363] <140>)+(B_TIME_BUS_NCO1_DL1[80] <140>*dl1[364] <140>))*co0[350] <140>)+(((B_TIME_BUS_NCO1_DL0[79] <140>*dl0[363] <140>)+(B_TIME_BUS_NCO1_DL1[80] <140>*dl1[364] <140>))*co1[351] <140>))+(((B_TIME_BUS_CO2_DL0[77] <140>*dl0[363] <140>)+(B_TIME_BUS_CO2_DL1[78] <140>*dl1[364] <140>))*co2[352] <140>))*dur_pt_bus[324] <140>))+((((((B_TIME_INT_WAIT_NCO[87] <140>*dl0[363] <140>)+(B_TIME_INT_WAIT_NCO[87] <140>*dl1[364] <140>))*co0[350] <140>)+(((B_TIME_INT_WAIT_CO[86] <140>*dl0[363] <140>)+(B_TIME_INT_WAIT_CO[86] <140>*dl1[364] <140>))*co1[351] <140>))+(((B_TIME_INT_WAIT_CO[86] <140>*dl0[363] <140>)+(B_TIME_INT_WAIT_CO[86] <140>*dl1[364] <140>))*co2[352] <140>))*dur_interchange_waiting[321] <140>))+((((((B_TIME_INT_WALK_NCO_DL0[276] <140>*dl0[363] <140>)+(B_TIME_INT_WALK_NCO_DL1[277] <140>*dl1[364] <140>))*co0[350] <140>)+(((B_TIME_INT_WALK_CO1[88] <140>*dl0[363] <140>)+(B_TIME_INT_WALK_CO1[88] <140>*dl1[364] <140>))*co1[351] <140>))+(((B_TIME_INT_WALK_CO2_DL0[274] <140>*dl0[363] <140>)+(B_TIME_INT_WALK_CO2_DL1[275] <140>*dl1[364] <140>))*co2[352] <140>))*dur_interchange_walking[322] <140>))+((((((B_PURPOSE_B_TRANSIT_NCO_DL0[209] <140>*dl0[363] <140>)+(B_PURPOSE_B_TRANSIT_NCO_DL1[210] <140>*dl1[364] <140>))*co0[350] <140>)+(((B_PURPOSE_B_TRANSIT_CO_DL0[55] <140>*dl0[363] <140>)+(B_PURPOSE_B_TRANSIT_CO_DL1[56] <140>*dl1[364] <140>))*co1[351] <140>))+(((B_PURPOSE_B_TRANSIT_CO_DL0[55] <140>*dl0[363] <140>)+(B_PURPOSE_B_TRANSIT_CO_DL1[56] <140>*dl1[364] <140>))*co2[352] <140>))*purpose_B[342] <140>))+((((((B_PURPOSE_HBW_TRANSIT_NCO_DL0[248] <140>*dl0[363] <140>)+(B_PURPOSE_HBW_TRANSIT_NCO_DL1[249] <140>*dl1[364] <140>))*co0[350] <140>)+(((B_PURPOSE_HBW_TRANSIT_CO1_DL0[246] <140>*dl0[363] <140>)+(B_PURPOSE_HBW_TRANSIT_CO1_DL1[247] <140>*dl1[364] <140>))*co1[351] <140>))+(((B_PURPOSE_HBW_TRANSIT_CO2_DL0[70] <140>*dl0[363] <140>)+(B_PURPOSE_HBW_TRANSIT_CO2_DL1[71] <140>*dl1[364] <140>))*co2[352] <140>))*purpose_HBW[328] <140>))+((((((B_PURPOSE_HBE_TRANSIT_DL0[61] <140>*dl0[363] <140>)+(B_PURPOSE_HBE_TRANSIT_NCO1_DL1[218] <140>*dl1[364] <140>))*co0[350] <140>)+(((B_PURPOSE_HBE_TRANSIT_DL0[61] <140>*dl0[363] <140>)+(B_PURPOSE_HBE_TRANSIT_NCO1_DL1[218] <140>*dl1[364] <140>))*co1[351] <140>))+(((B_PURPOSE_HBE_TRANSIT_DL0[61] <140>*dl0[363] <140>)+(B_PURPOSE_HBE_TRANSIT_CO2_DL1[60] <140>*dl1[364] <140>))*co2[352] <140>))*purpose_HBE[326] <140>))+((((((B_PURPOSE_HBO_TRANSIT_NCO_DL0[64] <140>*dl0[363] <140>)+(B_PURPOSE_HBO_TRANSIT_NCO_DL1[236] <140>*dl1[364] <140>))*co0[350] <140>)+(((B_PURPOSE_HBO_TRANSIT_CO1_DL0[232] <140>*dl0[363] <140>)+(B_PURPOSE_HBO_TRANSIT_CO1_DL1[233] <140>*dl1[364] <140>))*co1[351] <140>))+(((B_PURPOSE_HBO_TRANSIT_CO2_DL0[234] <140>*dl0[363] <140>)+(B_PURPOSE_HBO_TRANSIT_CO2_DL1[235] <140>*dl1[364] <140>))*co2[352] <140>))*purpose_HBO[327] <140>))+((((((B_FEMALE_TRANSIT_DL0[38] <140>*dl0[363] <140>)+(B_FEMALE_TRANSIT_DL1[39] <140>*dl1[364] <140>))*co0[350] <140>)+(((B_FEMALE_TRANSIT_DL0[38] <140>*dl0[363] <140>)+(B_FEMALE_TRANSIT_DL1[39] <140>*dl1[364] <140>))*co1[351] <140>))+(((B_FEMALE_TRANSIT_DL0[38] <140>*dl0[363] <140>)+(B_FEMALE_TRANSIT_DL1[39] <140>*dl1[364] <140>))*co2[352] <140>))*female[318] <140>))+((((((B_CHILD_TRANSIT_NCO_DL0[143] <140>*dl0[363] <140>)+(B_CHILD_TRANSIT_NCO_DL1[144] <140>*dl1[364] <140>))*co0[350] <140>)+(((B_CHILD_TRANSIT_CO1_DL0[22] <140>*dl0[363] <140>)+(B_CHILD_TRANSIT_CO1_DL1[140] <140>*dl1[364] <140>))*co1[351] <140>))+(((B_CHILD_TRANSIT_CO2_DL0[141] <140>*dl0[363] <140>)+(B_CHILD_TRANSIT_CO2_DL1[142] <140>*dl1[364] <140>))*co2[352] <140>))*self.child[355] <140>))+((((((B_CADULT_TRANSIT_NCO_DL0[16] <140>*dl0[363] <140>)+(B_CADULT_TRANSIT_NCO_DL1[17] <140>*dl1[364] <140>))*co0[350] <140>)+(((B_CADULT_TRANSIT_CO1_DL0[122] <140>*dl0[363] <140>)+(B_CADULT_TRANSIT_CO1_DL1[123] <140>*dl1[364] <140>))*co1[351] <140>))+(((B_CADULT_TRANSIT_CO2_DL0[124] <140>*dl0[363] <140>)+(B_CADULT_TRANSIT_CO2_DL1[125] <140>*dl1[364] <140>))*co2[352] <140>))*self.cadult[356] <140>))+((((((B_ADULT_TRANSIT_NCO[10] <140>*dl0[363] <140>)+(B_ADULT_TRANSIT_NCO[10] <140>*dl1[364] <140>))*co0[350] <140>)+(((B_ADULT_TRANSIT_CO1_DL0[112] <140>*dl0[363] <140>)+(B_ADULT_TRANSIT_CO1_DL1[9] <140>*dl1[364] <140>))*co1[351] <140>))+(((B_ADULT_TRANSIT_CO2_DL0[113] <140>*dl0[363] <140>)+(B_ADULT_TRANSIT_CO2_DL1[114] <140>*dl1[364] <140>))*co2[352] <140>))*self.adult[357] <140>))+((((((B_WEEKDAY_TRANSIT_NCO_DL0[280] <140>*dl0[363] <140>)+(B_WEEKDAY_TRANSIT_NCO_DL1[281] <140>*dl1[364] <140>))*co0[350] <140>)+(((B_WEEKDAY_TRANSIT_CO[97] <140>*dl0[363] <140>)+(B_WEEKDAY_TRANSIT_CO[97] <140>*dl1[364] <140>))*co1[351] <140>))+(((B_WEEKDAY_TRANSIT_CO[97] <140>*dl0[363] <140>)+(B_WEEKDAY_TRANSIT_CO[97] <140>*dl1[364] <140>))*co2[352] <140>))*self.weekday[353] <140>))+((((((B_SATURDAY_TRANSIT_NCO_DL0[261] <140>*dl0[363] <140>)+(B_SATURDAY_TRANSIT_NCO_DL1[262] <140>*dl1[364] <140>))*co0[350] <140>)+(((B_SATURDAY_TRANSIT_CO[73] <140>*dl0[363] <140>)+(B_SATURDAY_TRANSIT_CO[73] <140>*dl1[364] <140>))*co1[351] <140>))+(((B_SATURDAY_TRANSIT_CO[73] <140>*dl0[363] <140>)+(B_SATURDAY_TRANSIT_CO[73] <140>*dl1[364] <140>))*co2[352] <140>))*self.saturday[354] <140>))+((((((B_PM_PEAK_TRANSIT_NCO_DL0[197] <140>*dl0[363] <140>)+(B_PM_PEAK_TRANSIT_NCO_DL1[198] <140>*dl1[364] <140>))*co0[350] <140>)+(((B_PM_PEAK_TRANSIT_CO[52] <140>*dl0[363] <140>)+(B_PM_PEAK_TRANSIT_CO[52] <140>*dl1[364] <140>))*co1[351] <140>))+(((B_PM_PEAK_TRANSIT_CO[52] <140>*dl0[363] <140>)+(B_PM_PEAK_TRANSIT_CO[52] <140>*dl1[364] <140>))*co2[352] <140>))*self.pmpeak[359] <140>))+((((((B_DISTANCE_TRANSIT_NCO_DL0[35] <140>*dl0[363] <140>)+(B_DISTANCE_TRANSIT_DL1[34] <140>*dl1[364] <140>))*co0[350] <140>)+(((B_DISTANCE_TRANSIT_CO_DL0[33] <140>*dl0[363] <140>)+(B_DISTANCE_TRANSIT_DL1[34] <140>*dl1[364] <140>))*co1[351] <140>))+(((B_DISTANCE_TRANSIT_CO_DL0[33] <140>*dl0[363] <140>)+(B_DISTANCE_TRANSIT_DL1[34] <140>*dl1[364] <140>))*co2[352] <140>))*self.distance_km[361] <140>))+((((((B_LOGDISTANCE_TRANSIT_NCO[48] <140>*dl0[363] <140>)+(B_LOGDISTANCE_TRANSIT_NCO[48] <140>*dl1[364] <140>))*co0[350] <140>)+(((B_LOGDISTANCE_TRANSIT_CO[47] <140>*dl0[363] <140>)+(B_LOGDISTANCE_TRANSIT_CO[47] <140>*dl1[364] <140>))*co1[351] <140>))+(((B_LOGDISTANCE_TRANSIT_CO[47] <140>*dl0[363] <140>)+(B_LOGDISTANCE_TRANSIT_CO[47] <140>*dl1[364] <140>))*co2[352] <140>))*self.logdistance[362] <140>)))^(MU_WALKTRANSIT[100] <140>-1))*((Elem[1](0:0;1:(exp((((((((((((((((((((((ASC_WALKING_NCO_DL0[105] <140>*dl0[363] <140>)+(ASC_WALKING_NCO_DL1[106] <140>*dl1[364] <140>))*co0[350] <140>)+(((ASC_WALKING_CO1_DL0[101] <140>*dl0[363] <140>)+(ASC_WALKING_CO1_DL1[102] <140>*dl1[364] <140>))*co1[351] <140>))+(((ASC_WALKING_CO2_DL0[103] <140>*dl0[363] <140>)+(ASC_WALKING_CO2_DL1[104] <140>*dl1[364] <140>))*co2[352] <140>))+((((((B_TIME_WALKING_DL0[90] <140>*dl0[363] <140>)+(B_TIME_WALKING_DL1[91] <140>*dl1[364] <140>))*co0[350] <140>)+(((B_TIME_WALKING_DL0[90] <140>*dl0[363] <140>)+(B_TIME_WALKING_DL1[91] <140>*dl1[364] <140>))*co1[351] <140>))+(((B_TIME_WALKING_DL0[90] <140>*dl0[363] <140>)+(B_TIME_WALKING_DL1[91] <140>*dl1[364] <140>))*co2[352] <140>))*dur_walking[306] <140>))+((((((B_PURPOSE_B_WALKING_NCO_DL0[215] <140>*dl0[363] <140>)+(B_PURPOSE_B_WALKING_NCO_DL1[216] <140>*dl1[364] <140>))*co0[350] <140>)+(((B_PURPOSE_B_WALKING_CO1_DL0[211] <140>*dl0[363] <140>)+(B_PURPOSE_B_WALKING_CO1_DL1[212] <140>*dl1[364] <140>))*co1[351] <140>))+(((B_PURPOSE_B_WALKING_CO2_DL0[213] <140>*dl0[363] <140>)+(B_PURPOSE_B_WALKING_CO2_DL1[214] <140>*dl1[364] <140>))*co2[352] <140>))*purpose_B[342] <140>))+((((((B_PURPOSE_HBW_WALKING_NCO_DL0[254] <140>*dl0[363] <140>)+(B_PURPOSE_HBW_WALKING_NCO_DL1[255] <140>*dl1[364] <140>))*co0[350] <140>)+(((B_PURPOSE_HBW_WALKING_CO1_DL0[250] <140>*dl0[363] <140>)+(B_PURPOSE_HBW_WALKING_CO1_DL1[251] <140>*dl1[364] <140>))*co1[351] <140>))+(((B_PURPOSE_HBW_WALKING_CO2_DL0[252] <140>*dl0[363] <140>)+(B_PURPOSE_HBW_WALKING_CO2_DL1[253] <140>*dl1[364] <140>))*co2[352] <140>))*purpose_HBW[328] <140>))+((((((B_PURPOSE_HBE_WALKING_NCO_DL0[223] <140>*dl0[363] <140>)+(B_PURPOSE_HBE_WALKING_NCO_DL1[224] <140>*dl1[364] <140>))*co0[350] <140>)+(((B_PURPOSE_HBE_WALKING_CO1_DL0[219] <140>*dl0[363] <140>)+(B_PURPOSE_HBE_WALKING_CO1_DL1[220] <140>*dl1[364] <140>))*co1[351] <140>))+(((B_PURPOSE_HBE_WALKING_CO2_DL0[221] <140>*dl0[363] <140>)+(B_PURPOSE_HBE_WALKING_CO2_DL1[222] <140>*dl1[364] <140>))*co2[352] <140>))*purpose_HBE[326] <140>))+((((((B_PURPOSE_HBO_WALKING_NCO_DL0[241] <140>*dl0[363] <140>)+(B_PURPOSE_HBO_WALKING_NCO_DL1[242] <140>*dl1[364] <140>))*co0[350] <140>)+(((B_PURPOSE_HBO_WALKING_CO1_DL0[237] <140>*dl0[363] <140>)+(B_PURPOSE_HBO_WALKING_CO1_DL1[238] <140>*dl1[364] <140>))*co1[351] <140>))+(((B_PURPOSE_HBO_WALKING_CO2_DL0[239] <140>*dl0[363] <140>)+(B_PURPOSE_HBO_WALKING_CO2_DL1[240] <140>*dl1[364] <140>))*co2[352] <140>))*purpose_HBO[327] <140>))+((((((B_FEMALE_WALKING_NCO_DL0[173] <140>*dl0[363] <140>)+(B_FEMALE_WALKING_NCO_DL1[174] <140>*dl1[364] <140>))*co0[350] <140>)+(((B_FEMALE_WALKING_CO1_DL0[169] <140>*dl0[363] <140>)+(B_FEMALE_WALKING_CO1_DL1[170] <140>*dl1[364] <140>))*co1[351] <140>))+(((B_FEMALE_WALKING_CO2_DL0[171] <140>*dl0[363] <140>)+(B_FEMALE_WALKING_CO2_DL1[172] <140>*dl1[364] <140>))*co2[352] <140>))*female[318] <140>))+((((((B_WINTER_WALKING_NCO_DL0[297] <140>*dl0[363] <140>)+(B_WINTER_WALKING_NCO_DL1[298] <140>*dl1[364] <140>))*co0[350] <140>)+(((B_WINTER_WALKING_CO1_DL0[293] <140>*dl0[363] <140>)+(B_WINTER_WALKING_CO1_DL1[294] <140>*dl1[364] <140>))*co1[351] <140>))+(((B_WINTER_WALKING_CO2_DL0[295] <140>*dl0[363] <140>)+(B_WINTER_WALKING_CO2_DL1[296] <140>*dl1[364] <140>))*co2[352] <140>))*self.winter[358] <140>))+((((((B_CHILD_WALKING_NCO_DL0[149] <140>*dl0[363] <140>)+(B_CHILD_WALKING_NCO_DL1[150] <140>*dl1[364] <140>))*co0[350] <140>)+(((B_CHILD_WALKING_CO1_DL0[145] <140>*dl0[363] <140>)+(B_CHILD_WALKING_CO1_DL1[146] <140>*dl1[364] <140>))*co1[351] <140>))+(((B_CHILD_WALKING_CO2_DL0[147] <140>*dl0[363] <140>)+(B_CHILD_WALKING_CO2_DL1[148] <140>*dl1[364] <140>))*co2[352] <140>))*self.child[355] <140>))+((((((B_CADULT_WALKING_NCO_DL0[130] <140>*dl0[363] <140>)+(B_CADULT_WALKING_NCO_DL1[131] <140>*dl1[364] <140>))*co0[350] <140>)+(((B_CADULT_WALKING_CO1_DL0[126] <140>*dl0[363] <140>)+(B_CADULT_WALKING_CO1_DL1[127] <140>*dl1[364] <140>))*co1[351] <140>))+(((B_CADULT_WALKING_CO2_DL0[128] <140>*dl0[363] <140>)+(B_CADULT_WALKING_CO2_DL1[129] <140>*dl1[364] <140>))*co2[352] <140>))*self.cadult[356] <140>))+((((((B_ADULT_WALKING_NCO_DL0[119] <140>*dl0[363] <140>)+(B_ADULT_WALKING_NCO_DL1[120] <140>*dl1[364] <140>))*co0[350] <140>)+(((B_ADULT_WALKING_CO1_DL0[115] <140>*dl0[363] <140>)+(B_ADULT_WALKING_CO1_DL1[116] <140>*dl1[364] <140>))*co1[351] <140>))+(((B_ADULT_WALKING_CO2_DL0[117] <140>*dl0[363] <140>)+(B_ADULT_WALKING_CO2_DL1[118] <140>*dl1[364] <140>))*co2[352] <140>))*self.adult[357] <140>))+((((((B_WEEKDAY_WALKING_NCO_DL0[286] <140>*dl0[363] <140>)+(B_WEEKDAY_WALKING_NCO_DL1[287] <140>*dl1[364] <140>))*co0[350] <140>)+(((B_WEEKDAY_WALKING_CO1_DL0[282] <140>*dl0[363] <140>)+(B_WEEKDAY_WALKING_CO1_DL1[283] <140>*dl1[364] <140>))*co1[351] <140>))+(((B_WEEKDAY_WALKING_CO2_DL0[284] <140>*dl0[363] <140>)+(B_WEEKDAY_WALKING_CO2_DL1[285] <140>*dl1[364] <140>))*co2[352] <140>))*self.weekday[353] <140>))+((((((B_SATURDAY_WALKING_NCO_DL0[267] <140>*dl0[363] <140>)+(B_SATURDAY_WALKING_NCO_DL1[268] <140>*dl1[364] <140>))*co0[350] <140>)+(((B_SATURDAY_WALKING_CO1_DL0[263] <140>*dl0[363] <140>)+(B_SATURDAY_WALKING_CO1_DL1[264] <140>*dl1[364] <140>))*co1[351] <140>))+(((B_SATURDAY_WALKING_CO2_DL0[265] <140>*dl0[363] <140>)+(B_SATURDAY_WALKING_CO2_DL1[266] <140>*dl1[364] <140>))*co2[352] <140>))*self.saturday[354] <140>))+((((((B_INTER_PEAK_WALKING_NCO_DL0[187] <140>*dl0[363] <140>)+(B_INTER_PEAK_WALKING_NCO_DL1[188] <140>*dl1[364] <140>))*co0[350] <140>)+(((B_INTER_PEAK_WALKING_CO1_DL0[183] <140>*dl0[363] <140>)+(B_INTER_PEAK_WALKING_CO1_DL1[184] <140>*dl1[364] <140>))*co1[351] <140>))+(((B_INTER_PEAK_WALKING_CO2_DL0[185] <140>*dl0[363] <140>)+(B_INTER_PEAK_WALKING_CO2_DL1[186] <140>*dl1[364] <140>))*co2[352] <140>))*self.interpeak[360] <140>))+((((((B_PM_PEAK_WALKING_NCO_DL0[203] <140>*dl0[363] <140>)+(B_PM_PEAK_WALKING_NCO_DL1[204] <140>*dl1[364] <140>))*co0[350] <140>)+(((B_PM_PEAK_WALKING_CO1_DL0[199] <140>*dl0[363] <140>)+(B_PM_PEAK_WALKING_CO1_DL1[200] <140>*dl1[364] <140>))*co1[351] <140>))+(((B_PM_PEAK_WALKING_CO2_DL0[201] <140>*dl0[363] <140>)+(B_PM_PEAK_WALKING_CO2_DL1[202] <140>*dl1[364] <140>))*co2[352] <140>))*self.pmpeak[359] <140>))+((((((B_DISTANCE_WALKING_NCO_DL0[165] <140>*dl0[363] <140>)+(B_DISTANCE_WALKING_NCO_DL1[166] <140>*dl1[364] <140>))*co0[350] <140>)+(((B_DISTANCE_WALKING_CO1_DL0[161] <140>*dl0[363] <140>)+(B_DISTANCE_WALKING_CO1_DL1[162] <140>*dl1[364] <140>))*co1[351] <140>))+(((B_DISTANCE_WALKING_CO2_DL0[163] <140>*dl0[363] <140>)+(B_DISTANCE_WALKING_CO2_DL1[164] <140>*dl1[364] <140>))*co2[352] <140>))*self.distance_km[361] <140>))+((((((B_LOGDISTANCE_WALKING_NCO_DL0[193] <140>*dl0[363] <140>)+(B_LOGDISTANCE_WALKING_NCO_DL1[194] <140>*dl1[364] <140>))*co0[350] <140>)+(((B_LOGDISTANCE_WALKING_CO1_DL0[189] <140>*dl0[363] <140>)+(B_LOGDISTANCE_WALKING_CO1_DL1[190] <140>*dl1[364] <140>))*co1[351] <140>))+(((B_LOGDISTANCE_WALKING_CO2_DL0[191] <140>*dl0[363] <140>)+(B_LOGDISTANCE_WALKING_CO2_DL1[192] <140>*dl1[364] <140>))*co2[352] <140>))*self.logdistance[362] <140>)))^MU_WALKTRANSIT[100] <140>)) + Elem[1](0:0;1:(exp(((((((((((((((((((((((((ASC_TRANSIT_NCO[4] <140>*dl0[363] <140>)+(ASC_TRANSIT_NCO[4] <140>*dl1[364] <140>))*co0[350] <140>)+(((ASC_TRANSIT_CO[3] <140>*dl0[363] <140>)+(ASC_TRANSIT_CO[3] <140>*dl1[364] <140>))*co1[351] <140>))+(((ASC_TRANSIT_CO[3] <140>*dl0[363] <140>)+(ASC_TRANSIT_CO[3] <140>*dl1[364] <140>))*co2[352] <140>))+((((((B_COST_TRANSIT_NCO[26] <140>*dl0[363] <140>)+(B_COST_TRANSIT_NCO[26] <140>*dl1[364] <140>))*co0[350] <140>)+(((B_COST_TRANSIT_CO1_DL0[157] <140>*dl0[363] <140>)+(B_COST_TRANSIT_CO1_DL1[158] <140>*dl1[364] <140>))*co1[351] <140>))+(((B_COST_TRANSIT_CO2_DL0[159] <140>*dl0[363] <140>)+(B_COST_TRANSIT_CO2_DL1[160] <140>*dl1[364] <140>))*co2[352] <140>))*cost_transit[310] <140>))+((((((B_TIME_ACCESS_NCO_DL0[75] <140>*dl0[363] <140>)+(B_TIME_ACCESS_NCO_DL1[76] <140>*dl1[364] <140>))*co0[350] <140>)+(((B_TIME_ACCESS_CO[74] <140>*dl0[363] <140>)+(B_TIME_ACCESS_CO[74] <140>*dl1[364] <140>))*co1[351] <140>))+(((B_TIME_ACCESS_CO[74] <140>*dl0[363] <140>)+(B_TIME_ACCESS_CO[74] <140>*dl1[364] <140>))*co2[352] <140>))*dur_access[320] <140>))+((((((B_TIME_RAIL[89] <140>*dl0[363] <140>)+(B_TIME_RAIL[89] <140>*dl1[364] <140>))*co0[350] <140>)+(((B_TIME_RAIL[89] <140>*dl0[363] <140>)+(B_TIME_RAIL[89] <140>*dl1[364] <140>))*co1[351] <140>))+(((B_TIME_RAIL[89] <140>*dl0[363] <140>)+(B_TIME_RAIL[89] <140>*dl1[364] <140>))*co2[352] <140>))*dur_pt_rail[323] <140>))+((((((B_TIME_BUS_NCO1_DL0[79] <140>*dl0[363] <140>)+(B_TIME_BUS_NCO1_DL1[80] <140>*dl1[364] <140>))*co0[350] <140>)+(((B_TIME_BUS_NCO1_DL0[79] <140>*dl0[363] <140>)+(B_TIME_BUS_NCO1_DL1[80] <140>*dl1[364] <140>))*co1[351] <140>))+(((B_TIME_BUS_CO2_DL0[77] <140>*dl0[363] <140>)+(B_TIME_BUS_CO2_DL1[78] <140>*dl1[364] <140>))*co2[352] <140>))*dur_pt_bus[324] <140>))+((((((B_TIME_INT_WAIT_NCO[87] <140>*dl0[363] <140>)+(B_TIME_INT_WAIT_NCO[87] <140>*dl1[364] <140>))*co0[350] <140>)+(((B_TIME_INT_WAIT_CO[86] <140>*dl0[363] <140>)+(B_TIME_INT_WAIT_CO[86] <140>*dl1[364] <140>))*co1[351] <140>))+(((B_TIME_INT_WAIT_CO[86] <140>*dl0[363] <140>)+(B_TIME_INT_WAIT_CO[86] <140>*dl1[364] <140>))*co2[352] <140>))*dur_interchange_waiting[321] <140>))+((((((B_TIME_INT_WALK_NCO_DL0[276] <140>*dl0[363] <140>)+(B_TIME_INT_WALK_NCO_DL1[277] <140>*dl1[364] <140>))*co0[350] <140>)+(((B_TIME_INT_WALK_CO1[88] <140>*dl0[363] <140>)+(B_TIME_INT_WALK_CO1[88] <140>*dl1[364] <140>))*co1[351] <140>))+(((B_TIME_INT_WALK_CO2_DL0[274] <140>*dl0[363] <140>)+(B_TIME_INT_WALK_CO2_DL1[275] <140>*dl1[364] <140>))*co2[352] <140>))*dur_interchange_walking[322] <140>))+((((((B_PURPOSE_B_TRANSIT_NCO_DL0[209] <140>*dl0[363] <140>)+(B_PURPOSE_B_TRANSIT_NCO_DL1[210] <140>*dl1[364] <140>))*co0[350] <140>)+(((B_PURPOSE_B_TRANSIT_CO_DL0[55] <140>*dl0[363] <140>)+(B_PURPOSE_B_TRANSIT_CO_DL1[56] <140>*dl1[364] <140>))*co1[351] <140>))+(((B_PURPOSE_B_TRANSIT_CO_DL0[55] <140>*dl0[363] <140>)+(B_PURPOSE_B_TRANSIT_CO_DL1[56] <140>*dl1[364] <140>))*co2[352] <140>))*purpose_B[342] <140>))+((((((B_PURPOSE_HBW_TRANSIT_NCO_DL0[248] <140>*dl0[363] <140>)+(B_PURPOSE_HBW_TRANSIT_NCO_DL1[249] <140>*dl1[364] <140>))*co0[350] <140>)+(((B_PURPOSE_HBW_TRANSIT_CO1_DL0[246] <140>*dl0[363] <140>)+(B_PURPOSE_HBW_TRANSIT_CO1_DL1[247] <140>*dl1[364] <140>))*co1[351] <140>))+(((B_PURPOSE_HBW_TRANSIT_CO2_DL0[70] <140>*dl0[363] <140>)+(B_PURPOSE_HBW_TRANSIT_CO2_DL1[71] <140>*dl1[364] <140>))*co2[352] <140>))*purpose_HBW[328] <140>))+((((((B_PURPOSE_HBE_TRANSIT_DL0[61] <140>*dl0[363] <140>)+(B_PURPOSE_HBE_TRANSIT_NCO1_DL1[218] <140>*dl1[364] <140>))*co0[350] <140>)+(((B_PURPOSE_HBE_TRANSIT_DL0[61] <140>*dl0[363] <140>)+(B_PURPOSE_HBE_TRANSIT_NCO1_DL1[218] <140>*dl1[364] <140>))*co1[351] <140>))+(((B_PURPOSE_HBE_TRANSIT_DL0[61] <140>*dl0[363] <140>)+(B_PURPOSE_HBE_TRANSIT_CO2_DL1[60] <140>*dl1[364] <140>))*co2[352] <140>))*purpose_HBE[326] <140>))+((((((B_PURPOSE_HBO_TRANSIT_NCO_DL0[64] <140>*dl0[363] <140>)+(B_PURPOSE_HBO_TRANSIT_NCO_DL1[236] <140>*dl1[364] <140>))*co0[350] <140>)+(((B_PURPOSE_HBO_TRANSIT_CO1_DL0[232] <140>*dl0[363] <140>)+(B_PURPOSE_HBO_TRANSIT_CO1_DL1[233] <140>*dl1[364] <140>))*co1[351] <140>))+(((B_PURPOSE_HBO_TRANSIT_CO2_DL0[234] <140>*dl0[363] <140>)+(B_PURPOSE_HBO_TRANSIT_CO2_DL1[235] <140>*dl1[364] <140>))*co2[352] <140>))*purpose_HBO[327] <140>))+((((((B_FEMALE_TRANSIT_DL0[38] <140>*dl0[363] <140>)+(B_FEMALE_TRANSIT_DL1[39] <140>*dl1[364] <140>))*co0[350] <140>)+(((B_FEMALE_TRANSIT_DL0[38] <140>*dl0[363] <140>)+(B_FEMALE_TRANSIT_DL1[39] <140>*dl1[364] <140>))*co1[351] <140>))+(((B_FEMALE_TRANSIT_DL0[38] <140>*dl0[363] <140>)+(B_FEMALE_TRANSIT_DL1[39] <140>*dl1[364] <140>))*co2[352] <140>))*female[318] <140>))+((((((B_CHILD_TRANSIT_NCO_DL0[143] <140>*dl0[363] <140>)+(B_CHILD_TRANSIT_NCO_DL1[144] <140>*dl1[364] <140>))*co0[350] <140>)+(((B_CHILD_TRANSIT_CO1_DL0[22] <140>*dl0[363] <140>)+(B_CHILD_TRANSIT_CO1_DL1[140] <140>*dl1[364] <140>))*co1[351] <140>))+(((B_CHILD_TRANSIT_CO2_DL0[141] <140>*dl0[363] <140>)+(B_CHILD_TRANSIT_CO2_DL1[142] <140>*dl1[364] <140>))*co2[352] <140>))*self.child[355] <140>))+((((((B_CADULT_TRANSIT_NCO_DL0[16] <140>*dl0[363] <140>)+(B_CADULT_TRANSIT_NCO_DL1[17] <140>*dl1[364] <140>))*co0[350] <140>)+(((B_CADULT_TRANSIT_CO1_DL0[122] <140>*dl0[363] <140>)+(B_CADULT_TRANSIT_CO1_DL1[123] <140>*dl1[364] <140>))*co1[351] <140>))+(((B_CADULT_TRANSIT_CO2_DL0[124] <140>*dl0[363] <140>)+(B_CADULT_TRANSIT_CO2_DL1[125] <140>*dl1[364] <140>))*co2[352] <140>))*self.cadult[356] <140>))+((((((B_ADULT_TRANSIT_NCO[10] <140>*dl0[363] <140>)+(B_ADULT_TRANSIT_NCO[10] <140>*dl1[364] <140>))*co0[350] <140>)+(((B_ADULT_TRANSIT_CO1_DL0[112] <140>*dl0[363] <140>)+(B_ADULT_TRANSIT_CO1_DL1[9] <140>*dl1[364] <140>))*co1[351] <140>))+(((B_ADULT_TRANSIT_CO2_DL0[113] <140>*dl0[363] <140>)+(B_ADULT_TRANSIT_CO2_DL1[114] <140>*dl1[364] <140>))*co2[352] <140>))*self.adult[357] <140>))+((((((B_WEEKDAY_TRANSIT_NCO_DL0[280] <140>*dl0[363] <140>)+(B_WEEKDAY_TRANSIT_NCO_DL1[281] <140>*dl1[364] <140>))*co0[350] <140>)+(((B_WEEKDAY_TRANSIT_CO[97] <140>*dl0[363] <140>)+(B_WEEKDAY_TRANSIT_CO[97] <140>*dl1[364] <140>))*co1[351] <140>))+(((B_WEEKDAY_TRANSIT_CO[97] <140>*dl0[363] <140>)+(B_WEEKDAY_TRANSIT_CO[97] <140>*dl1[364] <140>))*co2[352] <140>))*self.weekday[353] <140>))+((((((B_SATURDAY_TRANSIT_NCO_DL0[261] <140>*dl0[363] <140>)+(B_SATURDAY_TRANSIT_NCO_DL1[262] <140>*dl1[364] <140>))*co0[350] <140>)+(((B_SATURDAY_TRANSIT_CO[73] <140>*dl0[363] <140>)+(B_SATURDAY_TRANSIT_CO[73] <140>*dl1[364] <140>))*co1[351] <140>))+(((B_SATURDAY_TRANSIT_CO[73] <140>*dl0[363] <140>)+(B_SATURDAY_TRANSIT_CO[73] <140>*dl1[364] <140>))*co2[352] <140>))*self.saturday[354] <140>))+((((((B_PM_PEAK_TRANSIT_NCO_DL0[197] <140>*dl0[363] <140>)+(B_PM_PEAK_TRANSIT_NCO_DL1[198] <140>*dl1[364] <140>))*co0[350] <140>)+(((B_PM_PEAK_TRANSIT_CO[52] <140>*dl0[363] <140>)+(B_PM_PEAK_TRANSIT_CO[52] <140>*dl1[364] <140>))*co1[351] <140>))+(((B_PM_PEAK_TRANSIT_CO[52] <140>*dl0[363] <140>)+(B_PM_PEAK_TRANSIT_CO[52] <140>*dl1[364] <140>))*co2[352] <140>))*self.pmpeak[359] <140>))+((((((B_DISTANCE_TRANSIT_NCO_DL0[35] <140>*dl0[363] <140>)+(B_DISTANCE_TRANSIT_DL1[34] <140>*dl1[364] <140>))*co0[350] <140>)+(((B_DISTANCE_TRANSIT_CO_DL0[33] <140>*dl0[363] <140>)+(B_DISTANCE_TRANSIT_DL1[34] <140>*dl1[364] <140>))*co1[351] <140>))+(((B_DISTANCE_TRANSIT_CO_DL0[33] <140>*dl0[363] <140>)+(B_DISTANCE_TRANSIT_DL1[34] <140>*dl1[364] <140>))*co2[352] <140>))*self.distance_km[361] <140>))+((((((B_LOGDISTANCE_TRANSIT_NCO[48] <140>*dl0[363] <140>)+(B_LOGDISTANCE_TRANSIT_NCO[48] <140>*dl1[364] <140>))*co0[350] <140>)+(((B_LOGDISTANCE_TRANSIT_CO[47] <140>*dl0[363] <140>)+(B_LOGDISTANCE_TRANSIT_CO[47] <140>*dl1[364] <140>))*co1[351] <140>))+(((B_LOGDISTANCE_TRANSIT_CO[47] <140>*dl0[363] <140>)+(B_LOGDISTANCE_TRANSIT_CO[47] <140>*dl1[364] <140>))*co2[352] <140>))*self.logdistance[362] <140>)))^MU_WALKTRANSIT[100] <140>)))^((1/MU_WALKTRANSIT[100] <140>)-1)))))>: 0

srun: error: h108: task 0: Exited with exit code 1
srun: Terminating job step 177759.0
Finished at lun aoû 12 14:28:48 CEST 2019
