Starting optimization of LPMC_Nested_Full_L with LS-ABS and hybrid at lun aoû 12 14:36:27 CEST 2019
Train LPMC_Nested_Full_L with LS-ABS and hybrid
Traceback (most recent call last):
  File "LS-ABS_hybrid.py", line 30, in <module>
    tmp = model.optimize(ioa, **{'verbose': False, 'nbr_epochs': 1000, 'batch': 1000})
  File "../../models/LPMC_Nested_Full.py", line 826, in optimize
    return algo.solve(maximize=True)
  File "../../algos/OptAlg.py", line 215, in solve
    xk_new = self.alg_type.update_xk(xk, fk, gk, Bk, f, fprime, self.dir, self.fs)
  File "../../algos/types/LineSearch.py", line 34, in update_xk
    alpha = self.compute_alpha(f, fprime, xk, direction, fs)
  File "../../algos/types/LineSearch.py", line 24, in compute_alpha
    alpha = ls_wolfe12(f, fprime, xk, direction, gk, fs[-1], old_old_fval)
  File "../../algos/types/helpers.py", line 17, in ls_wolfe12
    old_fval, old_old_fval)
  File "/ssoft/spack/paien/v2/opt/spack/linux-rhel7-x86_E5v4_Mellanox/gcc-7.3.0/python-3.6.5-fuxsuhr3v4fh4gdkw6xrvnctzn2meygg/lib/python3.6/site-packages/scipy/optimize/linesearch.py", line 101, in line_search_wolfe1
    c1=c1, c2=c2, amax=amax, amin=amin, xtol=xtol)
  File "/ssoft/spack/paien/v2/opt/spack/linux-rhel7-x86_E5v4_Mellanox/gcc-7.3.0/python-3.6.5-fuxsuhr3v4fh4gdkw6xrvnctzn2meygg/lib/python3.6/site-packages/scipy/optimize/linesearch.py", line 174, in scalar_search_wolfe1
    phi1 = phi(stp)
  File "/ssoft/spack/paien/v2/opt/spack/linux-rhel7-x86_E5v4_Mellanox/gcc-7.3.0/python-3.6.5-fuxsuhr3v4fh4gdkw6xrvnctzn2meygg/lib/python3.6/site-packages/scipy/optimize/linesearch.py", line 87, in phi
    return f(xk + s*pk, *args)
  File "../../algos/directions/Hybrid.py", line 52, in f
    return self.mult * self.f(x)
  File "../../algos/directions/Direction.py", line 15, in <lambda>
    self.f = lambda x: self.biogeme.calculateLikelihood(x)
  File "/home/glederre/pybio/lib/python3.6/site-packages/biogeme/biogeme.py", line 250, in calculateLikelihood
    f = self.theC.calculateLikelihood(x,self.fixedBetaValues)
  File "src/cbiogeme.pyx", line 93, in biogeme.cbiogeme.pyBiogeme.calculateLikelihood
RuntimeError: src/biogeme.cc:296: Biogeme exception: Error for data entry 12 : src/bioExprLog.cc:51: Biogeme exception: Current values of the literals: 
ASC_TRANSIT_CO = -54.3493
ASC_TRANSIT_NCO = -12.2248
ASC_WALKING_CO1_DL0 = 0
ASC_WALKING_CO1_DL1 = 0
ASC_WALKING_CO2_DL0 = 0
ASC_WALKING_CO2_DL1 = 0
ASC_WALKING_NCO_DL0 = 0
ASC_WALKING_NCO_DL1 = 0
B_ADULT_TRANSIT_CO1_DL0 = 0
B_ADULT_TRANSIT_CO1_DL1 = -6.23709
B_ADULT_TRANSIT_CO2_DL0 = 0
B_ADULT_TRANSIT_CO2_DL1 = 0
B_ADULT_TRANSIT_NCO = 6.05804
B_ADULT_WALKING_CO1_DL0 = 0
B_ADULT_WALKING_CO1_DL1 = 0
B_ADULT_WALKING_CO2_DL0 = 0
B_ADULT_WALKING_CO2_DL1 = 0
B_ADULT_WALKING_NCO_DL0 = 0
B_ADULT_WALKING_NCO_DL1 = 0
B_CADULT_TRANSIT_CO1_DL0 = 0
B_CADULT_TRANSIT_CO1_DL1 = 0
B_CADULT_TRANSIT_CO2_DL0 = 0
B_CADULT_TRANSIT_CO2_DL1 = 0
B_CADULT_TRANSIT_NCO_DL0 = -1.18698
B_CADULT_TRANSIT_NCO_DL1 = 7.79989
B_CADULT_WALKING_CO1_DL0 = 0
B_CADULT_WALKING_CO1_DL1 = 0
B_CADULT_WALKING_CO2_DL0 = 0
B_CADULT_WALKING_CO2_DL1 = 0
B_CADULT_WALKING_NCO_DL0 = 0
B_CADULT_WALKING_NCO_DL1 = 0
B_CHILD_TRANSIT_CO1_DL0 = 10
B_CHILD_TRANSIT_CO1_DL1 = 0
B_CHILD_TRANSIT_CO2_DL0 = 0
B_CHILD_TRANSIT_CO2_DL1 = 0
B_CHILD_TRANSIT_NCO_DL0 = 0
B_CHILD_TRANSIT_NCO_DL1 = 0
B_CHILD_WALKING_CO1_DL0 = 0
B_CHILD_WALKING_CO1_DL1 = 0
B_CHILD_WALKING_CO2_DL0 = 0
B_CHILD_WALKING_CO2_DL1 = 0
B_CHILD_WALKING_NCO_DL0 = 0
B_CHILD_WALKING_NCO_DL1 = 0
B_COST_TRANSIT_CO1_DL0 = 0
B_COST_TRANSIT_CO1_DL1 = 0
B_COST_TRANSIT_CO2_DL0 = 0
B_COST_TRANSIT_CO2_DL1 = 0
B_COST_TRANSIT_NCO = 3.34181
B_DISTANCE_TRANSIT_CO_DL0 = -10
B_DISTANCE_TRANSIT_DL1 = -10
B_DISTANCE_TRANSIT_NCO_DL0 = -10
B_DISTANCE_WALKING_CO1_DL0 = 0
B_DISTANCE_WALKING_CO1_DL1 = 0
B_DISTANCE_WALKING_CO2_DL0 = 0
B_DISTANCE_WALKING_CO2_DL1 = 0
B_DISTANCE_WALKING_NCO_DL0 = 0
B_DISTANCE_WALKING_NCO_DL1 = 0
B_FEMALE_TRANSIT_DL0 = -5.52352
B_FEMALE_TRANSIT_DL1 = 1.27881
B_FEMALE_WALKING_CO1_DL0 = 0
B_FEMALE_WALKING_CO1_DL1 = 0
B_FEMALE_WALKING_CO2_DL0 = 0
B_FEMALE_WALKING_CO2_DL1 = 0
B_FEMALE_WALKING_NCO_DL0 = 0
B_FEMALE_WALKING_NCO_DL1 = 0
B_INTER_PEAK_WALKING_CO1_DL0 = 0
B_INTER_PEAK_WALKING_CO1_DL1 = 0
B_INTER_PEAK_WALKING_CO2_DL0 = 0
B_INTER_PEAK_WALKING_CO2_DL1 = 0
B_INTER_PEAK_WALKING_NCO_DL0 = 0
B_INTER_PEAK_WALKING_NCO_DL1 = 0
B_LOGDISTANCE_TRANSIT_CO = 10
B_LOGDISTANCE_TRANSIT_NCO = 5.49933
B_LOGDISTANCE_WALKING_CO1_DL0 = 0
B_LOGDISTANCE_WALKING_CO1_DL1 = 0
B_LOGDISTANCE_WALKING_CO2_DL0 = 0
B_LOGDISTANCE_WALKING_CO2_DL1 = 0
B_LOGDISTANCE_WALKING_NCO_DL0 = 0
B_LOGDISTANCE_WALKING_NCO_DL1 = 0
B_PM_PEAK_TRANSIT_CO = 3.4611
B_PM_PEAK_TRANSIT_NCO_DL0 = 0
B_PM_PEAK_TRANSIT_NCO_DL1 = 0
B_PM_PEAK_WALKING_CO1_DL0 = 0
B_PM_PEAK_WALKING_CO1_DL1 = 0
B_PM_PEAK_WALKING_CO2_DL0 = 0
B_PM_PEAK_WALKING_CO2_DL1 = 0
B_PM_PEAK_WALKING_NCO_DL0 = 0
B_PM_PEAK_WALKING_NCO_DL1 = 0
B_PURPOSE_B_TRANSIT_CO_DL0 = 7.67876
B_PURPOSE_B_TRANSIT_CO_DL1 = 10
B_PURPOSE_B_TRANSIT_NCO_DL0 = 0
B_PURPOSE_B_TRANSIT_NCO_DL1 = 0
B_PURPOSE_B_WALKING_CO1_DL0 = 0
B_PURPOSE_B_WALKING_CO1_DL1 = 0
B_PURPOSE_B_WALKING_CO2_DL0 = 0
B_PURPOSE_B_WALKING_CO2_DL1 = 0
B_PURPOSE_B_WALKING_NCO_DL0 = 0
B_PURPOSE_B_WALKING_NCO_DL1 = 0
B_PURPOSE_HBE_TRANSIT_CO2_DL1 = -4.16773
B_PURPOSE_HBE_TRANSIT_DL0 = -2.39441
B_PURPOSE_HBE_TRANSIT_NCO1_DL1 = 0
B_PURPOSE_HBE_WALKING_CO1_DL0 = 0
B_PURPOSE_HBE_WALKING_CO1_DL1 = 0
B_PURPOSE_HBE_WALKING_CO2_DL0 = 0
B_PURPOSE_HBE_WALKING_CO2_DL1 = 0
B_PURPOSE_HBE_WALKING_NCO_DL0 = 0
B_PURPOSE_HBE_WALKING_NCO_DL1 = 0
B_PURPOSE_HBO_TRANSIT_CO1_DL0 = 0
B_PURPOSE_HBO_TRANSIT_CO1_DL1 = 0
B_PURPOSE_HBO_TRANSIT_CO2_DL0 = 0
B_PURPOSE_HBO_TRANSIT_CO2_DL1 = 0
B_PURPOSE_HBO_TRANSIT_NCO_DL0 = 0.535793
B_PURPOSE_HBO_TRANSIT_NCO_DL1 = 0
B_PURPOSE_HBO_WALKING_CO1_DL0 = 0
B_PURPOSE_HBO_WALKING_CO1_DL1 = 0
B_PURPOSE_HBO_WALKING_CO2_DL0 = 0
B_PURPOSE_HBO_WALKING_CO2_DL1 = 0
B_PURPOSE_HBO_WALKING_NCO_DL0 = 0
B_PURPOSE_HBO_WALKING_NCO_DL1 = 0
B_PURPOSE_HBW_TRANSIT_CO1_DL0 = 0
B_PURPOSE_HBW_TRANSIT_CO1_DL1 = 0
B_PURPOSE_HBW_TRANSIT_CO2_DL0 = 6.48125
B_PURPOSE_HBW_TRANSIT_CO2_DL1 = 0.999678
B_PURPOSE_HBW_TRANSIT_NCO_DL0 = 0
B_PURPOSE_HBW_TRANSIT_NCO_DL1 = 0
B_PURPOSE_HBW_WALKING_CO1_DL0 = 0
B_PURPOSE_HBW_WALKING_CO1_DL1 = 0
B_PURPOSE_HBW_WALKING_CO2_DL0 = 0
B_PURPOSE_HBW_WALKING_CO2_DL1 = 0
B_PURPOSE_HBW_WALKING_NCO_DL0 = 0
B_PURPOSE_HBW_WALKING_NCO_DL1 = 0
B_SATURDAY_TRANSIT_CO = 2.10165
B_SATURDAY_TRANSIT_NCO_DL0 = 0
B_SATURDAY_TRANSIT_NCO_DL1 = 0
B_SATURDAY_WALKING_CO1_DL0 = 0
B_SATURDAY_WALKING_CO1_DL1 = 0
B_SATURDAY_WALKING_CO2_DL0 = 0
B_SATURDAY_WALKING_CO2_DL1 = 0
B_SATURDAY_WALKING_NCO_DL0 = 0
B_SATURDAY_WALKING_NCO_DL1 = 0
B_TIME_ACCESS_CO = -10
B_TIME_ACCESS_NCO_DL0 = -10
B_TIME_ACCESS_NCO_DL1 = -10
B_TIME_BUS_CO2_DL0 = -10
B_TIME_BUS_CO2_DL1 = -10
B_TIME_BUS_NCO1_DL0 = -10
B_TIME_BUS_NCO1_DL1 = -10
B_TIME_INT_WAIT_CO = -10
B_TIME_INT_WAIT_NCO = -10
B_TIME_INT_WALK_CO1 = -7.26982
B_TIME_INT_WALK_CO2_DL0 = 0
B_TIME_INT_WALK_CO2_DL1 = 0
B_TIME_INT_WALK_NCO_DL0 = 0
B_TIME_INT_WALK_NCO_DL1 = 0
B_TIME_RAIL = -10
B_TIME_WALKING_DL0 = 10
B_TIME_WALKING_DL1 = -10
B_WEEKDAY_TRANSIT_CO = 2.85853
B_WEEKDAY_TRANSIT_NCO_DL0 = 0
B_WEEKDAY_TRANSIT_NCO_DL1 = 0
B_WEEKDAY_WALKING_CO1_DL0 = 0
B_WEEKDAY_WALKING_CO1_DL1 = 0
B_WEEKDAY_WALKING_CO2_DL0 = 0
B_WEEKDAY_WALKING_CO2_DL1 = 0
B_WEEKDAY_WALKING_NCO_DL0 = 0
B_WEEKDAY_WALKING_NCO_DL1 = 0
B_WINTER_WALKING_CO1_DL0 = 0
B_WINTER_WALKING_CO1_DL1 = 0
B_WINTER_WALKING_CO2_DL0 = 0
B_WINTER_WALKING_CO2_DL1 = 0
B_WINTER_WALKING_NCO_DL0 = 0
B_WINTER_WALKING_NCO_DL1 = 0
MU_WALKTRANSIT = 10
co0 = 0
co1 = 1
co2 = 0
cost_transit = 5.7
dl0 = 0
dl1 = 1
dur_access = 0.123056
dur_interchange_waiting = 0.1075
dur_interchange_walking = 0.0258333
dur_pt_bus = 0
dur_pt_rail = 0.783333
dur_walking = 5.45389
female = 0
purpose_B = 0
purpose_HBE = 0
purpose_HBO = 0
purpose_HBW = 1
self.adult = 1
self.cadult = 1
self.child = 0
self.distance_km = 24.2447
self.interpeak = 1
self.logdistance = 10.096
self.pmpeak = 1
self.saturday = 0
self.weekday = 1
self.winter = 0
Cannot take the log of a negative number <log(Elem[1](0:0;1:((exp(((((((((((((((((((((((((ASC_TRANSIT_NCO[4] <12>*dl0[363] <12>)+(ASC_TRANSIT_NCO[4] <12>*dl1[364] <12>))*co0[350] <12>)+(((ASC_TRANSIT_CO[3] <12>*dl0[363] <12>)+(ASC_TRANSIT_CO[3] <12>*dl1[364] <12>))*co1[351] <12>))+(((ASC_TRANSIT_CO[3] <12>*dl0[363] <12>)+(ASC_TRANSIT_CO[3] <12>*dl1[364] <12>))*co2[352] <12>))+((((((B_COST_TRANSIT_NCO[26] <12>*dl0[363] <12>)+(B_COST_TRANSIT_NCO[26] <12>*dl1[364] <12>))*co0[350] <12>)+(((B_COST_TRANSIT_CO1_DL0[157] <12>*dl0[363] <12>)+(B_COST_TRANSIT_CO1_DL1[158] <12>*dl1[364] <12>))*co1[351] <12>))+(((B_COST_TRANSIT_CO2_DL0[159] <12>*dl0[363] <12>)+(B_COST_TRANSIT_CO2_DL1[160] <12>*dl1[364] <12>))*co2[352] <12>))*cost_transit[310] <12>))+((((((B_TIME_ACCESS_NCO_DL0[75] <12>*dl0[363] <12>)+(B_TIME_ACCESS_NCO_DL1[76] <12>*dl1[364] <12>))*co0[350] <12>)+(((B_TIME_ACCESS_CO[74] <12>*dl0[363] <12>)+(B_TIME_ACCESS_CO[74] <12>*dl1[364] <12>))*co1[351] <12>))+(((B_TIME_ACCESS_CO[74] <12>*dl0[363] <12>)+(B_TIME_ACCESS_CO[74] <12>*dl1[364] <12>))*co2[352] <12>))*dur_access[320] <12>))+((((((B_TIME_RAIL[89] <12>*dl0[363] <12>)+(B_TIME_RAIL[89] <12>*dl1[364] <12>))*co0[350] <12>)+(((B_TIME_RAIL[89] <12>*dl0[363] <12>)+(B_TIME_RAIL[89] <12>*dl1[364] <12>))*co1[351] <12>))+(((B_TIME_RAIL[89] <12>*dl0[363] <12>)+(B_TIME_RAIL[89] <12>*dl1[364] <12>))*co2[352] <12>))*dur_pt_rail[323] <12>))+((((((B_TIME_BUS_NCO1_DL0[79] <12>*dl0[363] <12>)+(B_TIME_BUS_NCO1_DL1[80] <12>*dl1[364] <12>))*co0[350] <12>)+(((B_TIME_BUS_NCO1_DL0[79] <12>*dl0[363] <12>)+(B_TIME_BUS_NCO1_DL1[80] <12>*dl1[364] <12>))*co1[351] <12>))+(((B_TIME_BUS_CO2_DL0[77] <12>*dl0[363] <12>)+(B_TIME_BUS_CO2_DL1[78] <12>*dl1[364] <12>))*co2[352] <12>))*dur_pt_bus[324] <12>))+((((((B_TIME_INT_WAIT_NCO[87] <12>*dl0[363] <12>)+(B_TIME_INT_WAIT_NCO[87] <12>*dl1[364] <12>))*co0[350] <12>)+(((B_TIME_INT_WAIT_CO[86] <12>*dl0[363] <12>)+(B_TIME_INT_WAIT_CO[86] <12>*dl1[364] <12>))*co1[351] <12>))+(((B_TIME_INT_WAIT_CO[86] <12>*dl0[363] <12>)+(B_TIME_INT_WAIT_CO[86] <12>*dl1[364] <12>))*co2[352] <12>))*dur_interchange_waiting[321] <12>))+((((((B_TIME_INT_WALK_NCO_DL0[276] <12>*dl0[363] <12>)+(B_TIME_INT_WALK_NCO_DL1[277] <12>*dl1[364] <12>))*co0[350] <12>)+(((B_TIME_INT_WALK_CO1[88] <12>*dl0[363] <12>)+(B_TIME_INT_WALK_CO1[88] <12>*dl1[364] <12>))*co1[351] <12>))+(((B_TIME_INT_WALK_CO2_DL0[274] <12>*dl0[363] <12>)+(B_TIME_INT_WALK_CO2_DL1[275] <12>*dl1[364] <12>))*co2[352] <12>))*dur_interchange_walking[322] <12>))+((((((B_PURPOSE_B_TRANSIT_NCO_DL0[209] <12>*dl0[363] <12>)+(B_PURPOSE_B_TRANSIT_NCO_DL1[210] <12>*dl1[364] <12>))*co0[350] <12>)+(((B_PURPOSE_B_TRANSIT_CO_DL0[55] <12>*dl0[363] <12>)+(B_PURPOSE_B_TRANSIT_CO_DL1[56] <12>*dl1[364] <12>))*co1[351] <12>))+(((B_PURPOSE_B_TRANSIT_CO_DL0[55] <12>*dl0[363] <12>)+(B_PURPOSE_B_TRANSIT_CO_DL1[56] <12>*dl1[364] <12>))*co2[352] <12>))*purpose_B[342] <12>))+((((((B_PURPOSE_HBW_TRANSIT_NCO_DL0[248] <12>*dl0[363] <12>)+(B_PURPOSE_HBW_TRANSIT_NCO_DL1[249] <12>*dl1[364] <12>))*co0[350] <12>)+(((B_PURPOSE_HBW_TRANSIT_CO1_DL0[246] <12>*dl0[363] <12>)+(B_PURPOSE_HBW_TRANSIT_CO1_DL1[247] <12>*dl1[364] <12>))*co1[351] <12>))+(((B_PURPOSE_HBW_TRANSIT_CO2_DL0[70] <12>*dl0[363] <12>)+(B_PURPOSE_HBW_TRANSIT_CO2_DL1[71] <12>*dl1[364] <12>))*co2[352] <12>))*purpose_HBW[328] <12>))+((((((B_PURPOSE_HBE_TRANSIT_DL0[61] <12>*dl0[363] <12>)+(B_PURPOSE_HBE_TRANSIT_NCO1_DL1[218] <12>*dl1[364] <12>))*co0[350] <12>)+(((B_PURPOSE_HBE_TRANSIT_DL0[61] <12>*dl0[363] <12>)+(B_PURPOSE_HBE_TRANSIT_NCO1_DL1[218] <12>*dl1[364] <12>))*co1[351] <12>))+(((B_PURPOSE_HBE_TRANSIT_DL0[61] <12>*dl0[363] <12>)+(B_PURPOSE_HBE_TRANSIT_CO2_DL1[60] <12>*dl1[364] <12>))*co2[352] <12>))*purpose_HBE[326] <12>))+((((((B_PURPOSE_HBO_TRANSIT_NCO_DL0[64] <12>*dl0[363] <12>)+(B_PURPOSE_HBO_TRANSIT_NCO_DL1[236] <12>*dl1[364] <12>))*co0[350] <12>)+(((B_PURPOSE_HBO_TRANSIT_CO1_DL0[232] <12>*dl0[363] <12>)+(B_PURPOSE_HBO_TRANSIT_CO1_DL1[233] <12>*dl1[364] <12>))*co1[351] <12>))+(((B_PURPOSE_HBO_TRANSIT_CO2_DL0[234] <12>*dl0[363] <12>)+(B_PURPOSE_HBO_TRANSIT_CO2_DL1[235] <12>*dl1[364] <12>))*co2[352] <12>))*purpose_HBO[327] <12>))+((((((B_FEMALE_TRANSIT_DL0[38] <12>*dl0[363] <12>)+(B_FEMALE_TRANSIT_DL1[39] <12>*dl1[364] <12>))*co0[350] <12>)+(((B_FEMALE_TRANSIT_DL0[38] <12>*dl0[363] <12>)+(B_FEMALE_TRANSIT_DL1[39] <12>*dl1[364] <12>))*co1[351] <12>))+(((B_FEMALE_TRANSIT_DL0[38] <12>*dl0[363] <12>)+(B_FEMALE_TRANSIT_DL1[39] <12>*dl1[364] <12>))*co2[352] <12>))*female[318] <12>))+((((((B_CHILD_TRANSIT_NCO_DL0[143] <12>*dl0[363] <12>)+(B_CHILD_TRANSIT_NCO_DL1[144] <12>*dl1[364] <12>))*co0[350] <12>)+(((B_CHILD_TRANSIT_CO1_DL0[22] <12>*dl0[363] <12>)+(B_CHILD_TRANSIT_CO1_DL1[140] <12>*dl1[364] <12>))*co1[351] <12>))+(((B_CHILD_TRANSIT_CO2_DL0[141] <12>*dl0[363] <12>)+(B_CHILD_TRANSIT_CO2_DL1[142] <12>*dl1[364] <12>))*co2[352] <12>))*self.child[355] <12>))+((((((B_CADULT_TRANSIT_NCO_DL0[16] <12>*dl0[363] <12>)+(B_CADULT_TRANSIT_NCO_DL1[17] <12>*dl1[364] <12>))*co0[350] <12>)+(((B_CADULT_TRANSIT_CO1_DL0[122] <12>*dl0[363] <12>)+(B_CADULT_TRANSIT_CO1_DL1[123] <12>*dl1[364] <12>))*co1[351] <12>))+(((B_CADULT_TRANSIT_CO2_DL0[124] <12>*dl0[363] <12>)+(B_CADULT_TRANSIT_CO2_DL1[125] <12>*dl1[364] <12>))*co2[352] <12>))*self.cadult[356] <12>))+((((((B_ADULT_TRANSIT_NCO[10] <12>*dl0[363] <12>)+(B_ADULT_TRANSIT_NCO[10] <12>*dl1[364] <12>))*co0[350] <12>)+(((B_ADULT_TRANSIT_CO1_DL0[112] <12>*dl0[363] <12>)+(B_ADULT_TRANSIT_CO1_DL1[9] <12>*dl1[364] <12>))*co1[351] <12>))+(((B_ADULT_TRANSIT_CO2_DL0[113] <12>*dl0[363] <12>)+(B_ADULT_TRANSIT_CO2_DL1[114] <12>*dl1[364] <12>))*co2[352] <12>))*self.adult[357] <12>))+((((((B_WEEKDAY_TRANSIT_NCO_DL0[280] <12>*dl0[363] <12>)+(B_WEEKDAY_TRANSIT_NCO_DL1[281] <12>*dl1[364] <12>))*co0[350] <12>)+(((B_WEEKDAY_TRANSIT_CO[97] <12>*dl0[363] <12>)+(B_WEEKDAY_TRANSIT_CO[97] <12>*dl1[364] <12>))*co1[351] <12>))+(((B_WEEKDAY_TRANSIT_CO[97] <12>*dl0[363] <12>)+(B_WEEKDAY_TRANSIT_CO[97] <12>*dl1[364] <12>))*co2[352] <12>))*self.weekday[353] <12>))+((((((B_SATURDAY_TRANSIT_NCO_DL0[261] <12>*dl0[363] <12>)+(B_SATURDAY_TRANSIT_NCO_DL1[262] <12>*dl1[364] <12>))*co0[350] <12>)+(((B_SATURDAY_TRANSIT_CO[73] <12>*dl0[363] <12>)+(B_SATURDAY_TRANSIT_CO[73] <12>*dl1[364] <12>))*co1[351] <12>))+(((B_SATURDAY_TRANSIT_CO[73] <12>*dl0[363] <12>)+(B_SATURDAY_TRANSIT_CO[73] <12>*dl1[364] <12>))*co2[352] <12>))*self.saturday[354] <12>))+((((((B_PM_PEAK_TRANSIT_NCO_DL0[197] <12>*dl0[363] <12>)+(B_PM_PEAK_TRANSIT_NCO_DL1[198] <12>*dl1[364] <12>))*co0[350] <12>)+(((B_PM_PEAK_TRANSIT_CO[52] <12>*dl0[363] <12>)+(B_PM_PEAK_TRANSIT_CO[52] <12>*dl1[364] <12>))*co1[351] <12>))+(((B_PM_PEAK_TRANSIT_CO[52] <12>*dl0[363] <12>)+(B_PM_PEAK_TRANSIT_CO[52] <12>*dl1[364] <12>))*co2[352] <12>))*self.pmpeak[359] <12>))+((((((B_DISTANCE_TRANSIT_NCO_DL0[35] <12>*dl0[363] <12>)+(B_DISTANCE_TRANSIT_DL1[34] <12>*dl1[364] <12>))*co0[350] <12>)+(((B_DISTANCE_TRANSIT_CO_DL0[33] <12>*dl0[363] <12>)+(B_DISTANCE_TRANSIT_DL1[34] <12>*dl1[364] <12>))*co1[351] <12>))+(((B_DISTANCE_TRANSIT_CO_DL0[33] <12>*dl0[363] <12>)+(B_DISTANCE_TRANSIT_DL1[34] <12>*dl1[364] <12>))*co2[352] <12>))*self.distance_km[361] <12>))+((((((B_LOGDISTANCE_TRANSIT_NCO[48] <12>*dl0[363] <12>)+(B_LOGDISTANCE_TRANSIT_NCO[48] <12>*dl1[364] <12>))*co0[350] <12>)+(((B_LOGDISTANCE_TRANSIT_CO[47] <12>*dl0[363] <12>)+(B_LOGDISTANCE_TRANSIT_CO[47] <12>*dl1[364] <12>))*co1[351] <12>))+(((B_LOGDISTANCE_TRANSIT_CO[47] <12>*dl0[363] <12>)+(B_LOGDISTANCE_TRANSIT_CO[47] <12>*dl1[364] <12>))*co2[352] <12>))*self.logdistance[362] <12>)))^(MU_WALKTRANSIT[100] <12>-1))*((Elem[1](0:0;1:(exp((((((((((((((((((((((ASC_WALKING_NCO_DL0[105] <12>*dl0[363] <12>)+(ASC_WALKING_NCO_DL1[106] <12>*dl1[364] <12>))*co0[350] <12>)+(((ASC_WALKING_CO1_DL0[101] <12>*dl0[363] <12>)+(ASC_WALKING_CO1_DL1[102] <12>*dl1[364] <12>))*co1[351] <12>))+(((ASC_WALKING_CO2_DL0[103] <12>*dl0[363] <12>)+(ASC_WALKING_CO2_DL1[104] <12>*dl1[364] <12>))*co2[352] <12>))+((((((B_TIME_WALKING_DL0[90] <12>*dl0[363] <12>)+(B_TIME_WALKING_DL1[91] <12>*dl1[364] <12>))*co0[350] <12>)+(((B_TIME_WALKING_DL0[90] <12>*dl0[363] <12>)+(B_TIME_WALKING_DL1[91] <12>*dl1[364] <12>))*co1[351] <12>))+(((B_TIME_WALKING_DL0[90] <12>*dl0[363] <12>)+(B_TIME_WALKING_DL1[91] <12>*dl1[364] <12>))*co2[352] <12>))*dur_walking[306] <12>))+((((((B_PURPOSE_B_WALKING_NCO_DL0[215] <12>*dl0[363] <12>)+(B_PURPOSE_B_WALKING_NCO_DL1[216] <12>*dl1[364] <12>))*co0[350] <12>)+(((B_PURPOSE_B_WALKING_CO1_DL0[211] <12>*dl0[363] <12>)+(B_PURPOSE_B_WALKING_CO1_DL1[212] <12>*dl1[364] <12>))*co1[351] <12>))+(((B_PURPOSE_B_WALKING_CO2_DL0[213] <12>*dl0[363] <12>)+(B_PURPOSE_B_WALKING_CO2_DL1[214] <12>*dl1[364] <12>))*co2[352] <12>))*purpose_B[342] <12>))+((((((B_PURPOSE_HBW_WALKING_NCO_DL0[254] <12>*dl0[363] <12>)+(B_PURPOSE_HBW_WALKING_NCO_DL1[255] <12>*dl1[364] <12>))*co0[350] <12>)+(((B_PURPOSE_HBW_WALKING_CO1_DL0[250] <12>*dl0[363] <12>)+(B_PURPOSE_HBW_WALKING_CO1_DL1[251] <12>*dl1[364] <12>))*co1[351] <12>))+(((B_PURPOSE_HBW_WALKING_CO2_DL0[252] <12>*dl0[363] <12>)+(B_PURPOSE_HBW_WALKING_CO2_DL1[253] <12>*dl1[364] <12>))*co2[352] <12>))*purpose_HBW[328] <12>))+((((((B_PURPOSE_HBE_WALKING_NCO_DL0[223] <12>*dl0[363] <12>)+(B_PURPOSE_HBE_WALKING_NCO_DL1[224] <12>*dl1[364] <12>))*co0[350] <12>)+(((B_PURPOSE_HBE_WALKING_CO1_DL0[219] <12>*dl0[363] <12>)+(B_PURPOSE_HBE_WALKING_CO1_DL1[220] <12>*dl1[364] <12>))*co1[351] <12>))+(((B_PURPOSE_HBE_WALKING_CO2_DL0[221] <12>*dl0[363] <12>)+(B_PURPOSE_HBE_WALKING_CO2_DL1[222] <12>*dl1[364] <12>))*co2[352] <12>))*purpose_HBE[326] <12>))+((((((B_PURPOSE_HBO_WALKING_NCO_DL0[241] <12>*dl0[363] <12>)+(B_PURPOSE_HBO_WALKING_NCO_DL1[242] <12>*dl1[364] <12>))*co0[350] <12>)+(((B_PURPOSE_HBO_WALKING_CO1_DL0[237] <12>*dl0[363] <12>)+(B_PURPOSE_HBO_WALKING_CO1_DL1[238] <12>*dl1[364] <12>))*co1[351] <12>))+(((B_PURPOSE_HBO_WALKING_CO2_DL0[239] <12>*dl0[363] <12>)+(B_PURPOSE_HBO_WALKING_CO2_DL1[240] <12>*dl1[364] <12>))*co2[352] <12>))*purpose_HBO[327] <12>))+((((((B_FEMALE_WALKING_NCO_DL0[173] <12>*dl0[363] <12>)+(B_FEMALE_WALKING_NCO_DL1[174] <12>*dl1[364] <12>))*co0[350] <12>)+(((B_FEMALE_WALKING_CO1_DL0[169] <12>*dl0[363] <12>)+(B_FEMALE_WALKING_CO1_DL1[170] <12>*dl1[364] <12>))*co1[351] <12>))+(((B_FEMALE_WALKING_CO2_DL0[171] <12>*dl0[363] <12>)+(B_FEMALE_WALKING_CO2_DL1[172] <12>*dl1[364] <12>))*co2[352] <12>))*female[318] <12>))+((((((B_WINTER_WALKING_NCO_DL0[297] <12>*dl0[363] <12>)+(B_WINTER_WALKING_NCO_DL1[298] <12>*dl1[364] <12>))*co0[350] <12>)+(((B_WINTER_WALKING_CO1_DL0[293] <12>*dl0[363] <12>)+(B_WINTER_WALKING_CO1_DL1[294] <12>*dl1[364] <12>))*co1[351] <12>))+(((B_WINTER_WALKING_CO2_DL0[295] <12>*dl0[363] <12>)+(B_WINTER_WALKING_CO2_DL1[296] <12>*dl1[364] <12>))*co2[352] <12>))*self.winter[358] <12>))+((((((B_CHILD_WALKING_NCO_DL0[149] <12>*dl0[363] <12>)+(B_CHILD_WALKING_NCO_DL1[150] <12>*dl1[364] <12>))*co0[350] <12>)+(((B_CHILD_WALKING_CO1_DL0[145] <12>*dl0[363] <12>)+(B_CHILD_WALKING_CO1_DL1[146] <12>*dl1[364] <12>))*co1[351] <12>))+(((B_CHILD_WALKING_CO2_DL0[147] <12>*dl0[363] <12>)+(B_CHILD_WALKING_CO2_DL1[148] <12>*dl1[364] <12>))*co2[352] <12>))*self.child[355] <12>))+((((((B_CADULT_WALKING_NCO_DL0[130] <12>*dl0[363] <12>)+(B_CADULT_WALKING_NCO_DL1[131] <12>*dl1[364] <12>))*co0[350] <12>)+(((B_CADULT_WALKING_CO1_DL0[126] <12>*dl0[363] <12>)+(B_CADULT_WALKING_CO1_DL1[127] <12>*dl1[364] <12>))*co1[351] <12>))+(((B_CADULT_WALKING_CO2_DL0[128] <12>*dl0[363] <12>)+(B_CADULT_WALKING_CO2_DL1[129] <12>*dl1[364] <12>))*co2[352] <12>))*self.cadult[356] <12>))+((((((B_ADULT_WALKING_NCO_DL0[119] <12>*dl0[363] <12>)+(B_ADULT_WALKING_NCO_DL1[120] <12>*dl1[364] <12>))*co0[350] <12>)+(((B_ADULT_WALKING_CO1_DL0[115] <12>*dl0[363] <12>)+(B_ADULT_WALKING_CO1_DL1[116] <12>*dl1[364] <12>))*co1[351] <12>))+(((B_ADULT_WALKING_CO2_DL0[117] <12>*dl0[363] <12>)+(B_ADULT_WALKING_CO2_DL1[118] <12>*dl1[364] <12>))*co2[352] <12>))*self.adult[357] <12>))+((((((B_WEEKDAY_WALKING_NCO_DL0[286] <12>*dl0[363] <12>)+(B_WEEKDAY_WALKING_NCO_DL1[287] <12>*dl1[364] <12>))*co0[350] <12>)+(((B_WEEKDAY_WALKING_CO1_DL0[282] <12>*dl0[363] <12>)+(B_WEEKDAY_WALKING_CO1_DL1[283] <12>*dl1[364] <12>))*co1[351] <12>))+(((B_WEEKDAY_WALKING_CO2_DL0[284] <12>*dl0[363] <12>)+(B_WEEKDAY_WALKING_CO2_DL1[285] <12>*dl1[364] <12>))*co2[352] <12>))*self.weekday[353] <12>))+((((((B_SATURDAY_WALKING_NCO_DL0[267] <12>*dl0[363] <12>)+(B_SATURDAY_WALKING_NCO_DL1[268] <12>*dl1[364] <12>))*co0[350] <12>)+(((B_SATURDAY_WALKING_CO1_DL0[263] <12>*dl0[363] <12>)+(B_SATURDAY_WALKING_CO1_DL1[264] <12>*dl1[364] <12>))*co1[351] <12>))+(((B_SATURDAY_WALKING_CO2_DL0[265] <12>*dl0[363] <12>)+(B_SATURDAY_WALKING_CO2_DL1[266] <12>*dl1[364] <12>))*co2[352] <12>))*self.saturday[354] <12>))+((((((B_INTER_PEAK_WALKING_NCO_DL0[187] <12>*dl0[363] <12>)+(B_INTER_PEAK_WALKING_NCO_DL1[188] <12>*dl1[364] <12>))*co0[350] <12>)+(((B_INTER_PEAK_WALKING_CO1_DL0[183] <12>*dl0[363] <12>)+(B_INTER_PEAK_WALKING_CO1_DL1[184] <12>*dl1[364] <12>))*co1[351] <12>))+(((B_INTER_PEAK_WALKING_CO2_DL0[185] <12>*dl0[363] <12>)+(B_INTER_PEAK_WALKING_CO2_DL1[186] <12>*dl1[364] <12>))*co2[352] <12>))*self.interpeak[360] <12>))+((((((B_PM_PEAK_WALKING_NCO_DL0[203] <12>*dl0[363] <12>)+(B_PM_PEAK_WALKING_NCO_DL1[204] <12>*dl1[364] <12>))*co0[350] <12>)+(((B_PM_PEAK_WALKING_CO1_DL0[199] <12>*dl0[363] <12>)+(B_PM_PEAK_WALKING_CO1_DL1[200] <12>*dl1[364] <12>))*co1[351] <12>))+(((B_PM_PEAK_WALKING_CO2_DL0[201] <12>*dl0[363] <12>)+(B_PM_PEAK_WALKING_CO2_DL1[202] <12>*dl1[364] <12>))*co2[352] <12>))*self.pmpeak[359] <12>))+((((((B_DISTANCE_WALKING_NCO_DL0[165] <12>*dl0[363] <12>)+(B_DISTANCE_WALKING_NCO_DL1[166] <12>*dl1[364] <12>))*co0[350] <12>)+(((B_DISTANCE_WALKING_CO1_DL0[161] <12>*dl0[363] <12>)+(B_DISTANCE_WALKING_CO1_DL1[162] <12>*dl1[364] <12>))*co1[351] <12>))+(((B_DISTANCE_WALKING_CO2_DL0[163] <12>*dl0[363] <12>)+(B_DISTANCE_WALKING_CO2_DL1[164] <12>*dl1[364] <12>))*co2[352] <12>))*self.distance_km[361] <12>))+((((((B_LOGDISTANCE_WALKING_NCO_DL0[193] <12>*dl0[363] <12>)+(B_LOGDISTANCE_WALKING_NCO_DL1[194] <12>*dl1[364] <12>))*co0[350] <12>)+(((B_LOGDISTANCE_WALKING_CO1_DL0[189] <12>*dl0[363] <12>)+(B_LOGDISTANCE_WALKING_CO1_DL1[190] <12>*dl1[364] <12>))*co1[351] <12>))+(((B_LOGDISTANCE_WALKING_CO2_DL0[191] <12>*dl0[363] <12>)+(B_LOGDISTANCE_WALKING_CO2_DL1[192] <12>*dl1[364] <12>))*co2[352] <12>))*self.logdistance[362] <12>)))^MU_WALKTRANSIT[100] <12>)) + Elem[1](0:0;1:(exp(((((((((((((((((((((((((ASC_TRANSIT_NCO[4] <12>*dl0[363] <12>)+(ASC_TRANSIT_NCO[4] <12>*dl1[364] <12>))*co0[350] <12>)+(((ASC_TRANSIT_CO[3] <12>*dl0[363] <12>)+(ASC_TRANSIT_CO[3] <12>*dl1[364] <12>))*co1[351] <12>))+(((ASC_TRANSIT_CO[3] <12>*dl0[363] <12>)+(ASC_TRANSIT_CO[3] <12>*dl1[364] <12>))*co2[352] <12>))+((((((B_COST_TRANSIT_NCO[26] <12>*dl0[363] <12>)+(B_COST_TRANSIT_NCO[26] <12>*dl1[364] <12>))*co0[350] <12>)+(((B_COST_TRANSIT_CO1_DL0[157] <12>*dl0[363] <12>)+(B_COST_TRANSIT_CO1_DL1[158] <12>*dl1[364] <12>))*co1[351] <12>))+(((B_COST_TRANSIT_CO2_DL0[159] <12>*dl0[363] <12>)+(B_COST_TRANSIT_CO2_DL1[160] <12>*dl1[364] <12>))*co2[352] <12>))*cost_transit[310] <12>))+((((((B_TIME_ACCESS_NCO_DL0[75] <12>*dl0[363] <12>)+(B_TIME_ACCESS_NCO_DL1[76] <12>*dl1[364] <12>))*co0[350] <12>)+(((B_TIME_ACCESS_CO[74] <12>*dl0[363] <12>)+(B_TIME_ACCESS_CO[74] <12>*dl1[364] <12>))*co1[351] <12>))+(((B_TIME_ACCESS_CO[74] <12>*dl0[363] <12>)+(B_TIME_ACCESS_CO[74] <12>*dl1[364] <12>))*co2[352] <12>))*dur_access[320] <12>))+((((((B_TIME_RAIL[89] <12>*dl0[363] <12>)+(B_TIME_RAIL[89] <12>*dl1[364] <12>))*co0[350] <12>)+(((B_TIME_RAIL[89] <12>*dl0[363] <12>)+(B_TIME_RAIL[89] <12>*dl1[364] <12>))*co1[351] <12>))+(((B_TIME_RAIL[89] <12>*dl0[363] <12>)+(B_TIME_RAIL[89] <12>*dl1[364] <12>))*co2[352] <12>))*dur_pt_rail[323] <12>))+((((((B_TIME_BUS_NCO1_DL0[79] <12>*dl0[363] <12>)+(B_TIME_BUS_NCO1_DL1[80] <12>*dl1[364] <12>))*co0[350] <12>)+(((B_TIME_BUS_NCO1_DL0[79] <12>*dl0[363] <12>)+(B_TIME_BUS_NCO1_DL1[80] <12>*dl1[364] <12>))*co1[351] <12>))+(((B_TIME_BUS_CO2_DL0[77] <12>*dl0[363] <12>)+(B_TIME_BUS_CO2_DL1[78] <12>*dl1[364] <12>))*co2[352] <12>))*dur_pt_bus[324] <12>))+((((((B_TIME_INT_WAIT_NCO[87] <12>*dl0[363] <12>)+(B_TIME_INT_WAIT_NCO[87] <12>*dl1[364] <12>))*co0[350] <12>)+(((B_TIME_INT_WAIT_CO[86] <12>*dl0[363] <12>)+(B_TIME_INT_WAIT_CO[86] <12>*dl1[364] <12>))*co1[351] <12>))+(((B_TIME_INT_WAIT_CO[86] <12>*dl0[363] <12>)+(B_TIME_INT_WAIT_CO[86] <12>*dl1[364] <12>))*co2[352] <12>))*dur_interchange_waiting[321] <12>))+((((((B_TIME_INT_WALK_NCO_DL0[276] <12>*dl0[363] <12>)+(B_TIME_INT_WALK_NCO_DL1[277] <12>*dl1[364] <12>))*co0[350] <12>)+(((B_TIME_INT_WALK_CO1[88] <12>*dl0[363] <12>)+(B_TIME_INT_WALK_CO1[88] <12>*dl1[364] <12>))*co1[351] <12>))+(((B_TIME_INT_WALK_CO2_DL0[274] <12>*dl0[363] <12>)+(B_TIME_INT_WALK_CO2_DL1[275] <12>*dl1[364] <12>))*co2[352] <12>))*dur_interchange_walking[322] <12>))+((((((B_PURPOSE_B_TRANSIT_NCO_DL0[209] <12>*dl0[363] <12>)+(B_PURPOSE_B_TRANSIT_NCO_DL1[210] <12>*dl1[364] <12>))*co0[350] <12>)+(((B_PURPOSE_B_TRANSIT_CO_DL0[55] <12>*dl0[363] <12>)+(B_PURPOSE_B_TRANSIT_CO_DL1[56] <12>*dl1[364] <12>))*co1[351] <12>))+(((B_PURPOSE_B_TRANSIT_CO_DL0[55] <12>*dl0[363] <12>)+(B_PURPOSE_B_TRANSIT_CO_DL1[56] <12>*dl1[364] <12>))*co2[352] <12>))*purpose_B[342] <12>))+((((((B_PURPOSE_HBW_TRANSIT_NCO_DL0[248] <12>*dl0[363] <12>)+(B_PURPOSE_HBW_TRANSIT_NCO_DL1[249] <12>*dl1[364] <12>))*co0[350] <12>)+(((B_PURPOSE_HBW_TRANSIT_CO1_DL0[246] <12>*dl0[363] <12>)+(B_PURPOSE_HBW_TRANSIT_CO1_DL1[247] <12>*dl1[364] <12>))*co1[351] <12>))+(((B_PURPOSE_HBW_TRANSIT_CO2_DL0[70] <12>*dl0[363] <12>)+(B_PURPOSE_HBW_TRANSIT_CO2_DL1[71] <12>*dl1[364] <12>))*co2[352] <12>))*purpose_HBW[328] <12>))+((((((B_PURPOSE_HBE_TRANSIT_DL0[61] <12>*dl0[363] <12>)+(B_PURPOSE_HBE_TRANSIT_NCO1_DL1[218] <12>*dl1[364] <12>))*co0[350] <12>)+(((B_PURPOSE_HBE_TRANSIT_DL0[61] <12>*dl0[363] <12>)+(B_PURPOSE_HBE_TRANSIT_NCO1_DL1[218] <12>*dl1[364] <12>))*co1[351] <12>))+(((B_PURPOSE_HBE_TRANSIT_DL0[61] <12>*dl0[363] <12>)+(B_PURPOSE_HBE_TRANSIT_CO2_DL1[60] <12>*dl1[364] <12>))*co2[352] <12>))*purpose_HBE[326] <12>))+((((((B_PURPOSE_HBO_TRANSIT_NCO_DL0[64] <12>*dl0[363] <12>)+(B_PURPOSE_HBO_TRANSIT_NCO_DL1[236] <12>*dl1[364] <12>))*co0[350] <12>)+(((B_PURPOSE_HBO_TRANSIT_CO1_DL0[232] <12>*dl0[363] <12>)+(B_PURPOSE_HBO_TRANSIT_CO1_DL1[233] <12>*dl1[364] <12>))*co1[351] <12>))+(((B_PURPOSE_HBO_TRANSIT_CO2_DL0[234] <12>*dl0[363] <12>)+(B_PURPOSE_HBO_TRANSIT_CO2_DL1[235] <12>*dl1[364] <12>))*co2[352] <12>))*purpose_HBO[327] <12>))+((((((B_FEMALE_TRANSIT_DL0[38] <12>*dl0[363] <12>)+(B_FEMALE_TRANSIT_DL1[39] <12>*dl1[364] <12>))*co0[350] <12>)+(((B_FEMALE_TRANSIT_DL0[38] <12>*dl0[363] <12>)+(B_FEMALE_TRANSIT_DL1[39] <12>*dl1[364] <12>))*co1[351] <12>))+(((B_FEMALE_TRANSIT_DL0[38] <12>*dl0[363] <12>)+(B_FEMALE_TRANSIT_DL1[39] <12>*dl1[364] <12>))*co2[352] <12>))*female[318] <12>))+((((((B_CHILD_TRANSIT_NCO_DL0[143] <12>*dl0[363] <12>)+(B_CHILD_TRANSIT_NCO_DL1[144] <12>*dl1[364] <12>))*co0[350] <12>)+(((B_CHILD_TRANSIT_CO1_DL0[22] <12>*dl0[363] <12>)+(B_CHILD_TRANSIT_CO1_DL1[140] <12>*dl1[364] <12>))*co1[351] <12>))+(((B_CHILD_TRANSIT_CO2_DL0[141] <12>*dl0[363] <12>)+(B_CHILD_TRANSIT_CO2_DL1[142] <12>*dl1[364] <12>))*co2[352] <12>))*self.child[355] <12>))+((((((B_CADULT_TRANSIT_NCO_DL0[16] <12>*dl0[363] <12>)+(B_CADULT_TRANSIT_NCO_DL1[17] <12>*dl1[364] <12>))*co0[350] <12>)+(((B_CADULT_TRANSIT_CO1_DL0[122] <12>*dl0[363] <12>)+(B_CADULT_TRANSIT_CO1_DL1[123] <12>*dl1[364] <12>))*co1[351] <12>))+(((B_CADULT_TRANSIT_CO2_DL0[124] <12>*dl0[363] <12>)+(B_CADULT_TRANSIT_CO2_DL1[125] <12>*dl1[364] <12>))*co2[352] <12>))*self.cadult[356] <12>))+((((((B_ADULT_TRANSIT_NCO[10] <12>*dl0[363] <12>)+(B_ADULT_TRANSIT_NCO[10] <12>*dl1[364] <12>))*co0[350] <12>)+(((B_ADULT_TRANSIT_CO1_DL0[112] <12>*dl0[363] <12>)+(B_ADULT_TRANSIT_CO1_DL1[9] <12>*dl1[364] <12>))*co1[351] <12>))+(((B_ADULT_TRANSIT_CO2_DL0[113] <12>*dl0[363] <12>)+(B_ADULT_TRANSIT_CO2_DL1[114] <12>*dl1[364] <12>))*co2[352] <12>))*self.adult[357] <12>))+((((((B_WEEKDAY_TRANSIT_NCO_DL0[280] <12>*dl0[363] <12>)+(B_WEEKDAY_TRANSIT_NCO_DL1[281] <12>*dl1[364] <12>))*co0[350] <12>)+(((B_WEEKDAY_TRANSIT_CO[97] <12>*dl0[363] <12>)+(B_WEEKDAY_TRANSIT_CO[97] <12>*dl1[364] <12>))*co1[351] <12>))+(((B_WEEKDAY_TRANSIT_CO[97] <12>*dl0[363] <12>)+(B_WEEKDAY_TRANSIT_CO[97] <12>*dl1[364] <12>))*co2[352] <12>))*self.weekday[353] <12>))+((((((B_SATURDAY_TRANSIT_NCO_DL0[261] <12>*dl0[363] <12>)+(B_SATURDAY_TRANSIT_NCO_DL1[262] <12>*dl1[364] <12>))*co0[350] <12>)+(((B_SATURDAY_TRANSIT_CO[73] <12>*dl0[363] <12>)+(B_SATURDAY_TRANSIT_CO[73] <12>*dl1[364] <12>))*co1[351] <12>))+(((B_SATURDAY_TRANSIT_CO[73] <12>*dl0[363] <12>)+(B_SATURDAY_TRANSIT_CO[73] <12>*dl1[364] <12>))*co2[352] <12>))*self.saturday[354] <12>))+((((((B_PM_PEAK_TRANSIT_NCO_DL0[197] <12>*dl0[363] <12>)+(B_PM_PEAK_TRANSIT_NCO_DL1[198] <12>*dl1[364] <12>))*co0[350] <12>)+(((B_PM_PEAK_TRANSIT_CO[52] <12>*dl0[363] <12>)+(B_PM_PEAK_TRANSIT_CO[52] <12>*dl1[364] <12>))*co1[351] <12>))+(((B_PM_PEAK_TRANSIT_CO[52] <12>*dl0[363] <12>)+(B_PM_PEAK_TRANSIT_CO[52] <12>*dl1[364] <12>))*co2[352] <12>))*self.pmpeak[359] <12>))+((((((B_DISTANCE_TRANSIT_NCO_DL0[35] <12>*dl0[363] <12>)+(B_DISTANCE_TRANSIT_DL1[34] <12>*dl1[364] <12>))*co0[350] <12>)+(((B_DISTANCE_TRANSIT_CO_DL0[33] <12>*dl0[363] <12>)+(B_DISTANCE_TRANSIT_DL1[34] <12>*dl1[364] <12>))*co1[351] <12>))+(((B_DISTANCE_TRANSIT_CO_DL0[33] <12>*dl0[363] <12>)+(B_DISTANCE_TRANSIT_DL1[34] <12>*dl1[364] <12>))*co2[352] <12>))*self.distance_km[361] <12>))+((((((B_LOGDISTANCE_TRANSIT_NCO[48] <12>*dl0[363] <12>)+(B_LOGDISTANCE_TRANSIT_NCO[48] <12>*dl1[364] <12>))*co0[350] <12>)+(((B_LOGDISTANCE_TRANSIT_CO[47] <12>*dl0[363] <12>)+(B_LOGDISTANCE_TRANSIT_CO[47] <12>*dl1[364] <12>))*co1[351] <12>))+(((B_LOGDISTANCE_TRANSIT_CO[47] <12>*dl0[363] <12>)+(B_LOGDISTANCE_TRANSIT_CO[47] <12>*dl1[364] <12>))*co2[352] <12>))*self.logdistance[362] <12>)))^MU_WALKTRANSIT[100] <12>)))^((1/MU_WALKTRANSIT[100] <12>)-1)))))>: 0

srun: error: h116: task 0: Exited with exit code 1
srun: Terminating job step 177770.0
Finished at lun aoû 12 14:51:11 CEST 2019
