Starting optimization of LPMC_Nested_Full_L with TR-ABS and hybrid at lun aoû 12 23:10:38 CEST 2019
Train LPMC_Nested_Full_L with TR-ABS and hybrid
../../algos/directions/Hybrid.py:77: RuntimeWarning: divide by zero encountered in double_scalars
  alpha = 1. / np.dot(yk.T, sk)
../../algos/directions/Hybrid.py:85: RuntimeWarning: divide by zero encountered in double_scalars
  beta = -1 / np.dot(sk.T, np.dot(Bk, sk))
1/20 done!
2/20 done!
3/20 done!
4/20 done!
5/20 done!
6/20 done!
7/20 done!
8/20 done!
9/20 done!
10/20 done!
11/20 done!
12/20 done!
13/20 done!
14/20 done!
15/20 done!
16/20 done!
17/20 done!
srun: Job step aborted: Waiting up to 32 seconds for job step to finish.
slurmstepd: error: *** JOB 178443 ON h039 CANCELLED AT 2019-08-14T16:38:02 ***
slurmstepd: error: *** STEP 178443.0 ON h039 CANCELLED AT 2019-08-14T16:38:02 ***
