Starting optimization of LPMC_Nested_Full_L with LS-ABS and hybrid-inv at lun aoû 12 14:36:29 CEST 2019
Train LPMC_Nested_Full_L with LS-ABS and hybrid-inv
/ssoft/spack/paien/v2/opt/spack/linux-rhel7-x86_E5v4_Mellanox/gcc-7.3.0/python-3.6.5-fuxsuhr3v4fh4gdkw6xrvnctzn2meygg/lib/python3.6/site-packages/scipy/optimize/linesearch.py:313: LineSearchWarning: The line search algorithm did not converge
  warn('The line search algorithm did not converge', LineSearchWarning)
Traceback (most recent call last):
  File "LS-ABS_hybrid-inv.py", line 30, in <module>
    tmp = model.optimize(ioa, **{'verbose': False, 'nbr_epochs': 1000, 'batch': 1000})
  File "../../models/LPMC_Nested_Full.py", line 826, in optimize
    return algo.solve(maximize=True)
  File "../../algos/OptAlg.py", line 215, in solve
    xk_new = self.alg_type.update_xk(xk, fk, gk, Bk, f, fprime, self.dir, self.fs)
  File "../../algos/types/LineSearch.py", line 34, in update_xk
    alpha = self.compute_alpha(f, fprime, xk, direction, fs)
  File "../../algos/types/LineSearch.py", line 24, in compute_alpha
    alpha = ls_wolfe12(f, fprime, xk, direction, gk, fs[-1], old_old_fval)
  File "../../algos/types/helpers.py", line 34, in ls_wolfe12
    alpha = backtracking_line_search(f, gfk, xk, pk)
  File "../../algos/types/helpers.py", line 53, in backtracking_line_search
    if np.abs(ll - func(tmp_x)) <= alpha * t or alpha < 1e-8:
  File "../../algos/directions/Hybrid_INV.py", line 59, in f
    return self.mult * self.f(x)
  File "../../algos/directions/Direction.py", line 15, in <lambda>
    self.f = lambda x: self.biogeme.calculateLikelihood(x)
  File "/home/glederre/pybio/lib/python3.6/site-packages/biogeme/biogeme.py", line 250, in calculateLikelihood
    f = self.theC.calculateLikelihood(x,self.fixedBetaValues)
  File "src/cbiogeme.pyx", line 93, in biogeme.cbiogeme.pyBiogeme.calculateLikelihood
RuntimeError: src/biogeme.cc:296: Biogeme exception: Error for data entry 17795 : src/bioExprLog.cc:51: Biogeme exception: Current values of the literals: 
ASC_TRANSIT_CO = -63.5924
ASC_TRANSIT_NCO = -28.3845
ASC_WALKING_CO1_DL0 = 0
ASC_WALKING_CO1_DL1 = 0
ASC_WALKING_CO2_DL0 = 0
ASC_WALKING_CO2_DL1 = 0
ASC_WALKING_NCO_DL0 = 0
ASC_WALKING_NCO_DL1 = 0
B_ADULT_TRANSIT_CO1_DL0 = 0
B_ADULT_TRANSIT_CO1_DL1 = 0.0380417
B_ADULT_TRANSIT_CO2_DL0 = 0
B_ADULT_TRANSIT_CO2_DL1 = 0
B_ADULT_TRANSIT_NCO = 1.62473
B_ADULT_WALKING_CO1_DL0 = 0
B_ADULT_WALKING_CO1_DL1 = 0
B_ADULT_WALKING_CO2_DL0 = 0
B_ADULT_WALKING_CO2_DL1 = 0
B_ADULT_WALKING_NCO_DL0 = 0
B_ADULT_WALKING_NCO_DL1 = 0
B_CADULT_TRANSIT_CO1_DL0 = 0
B_CADULT_TRANSIT_CO1_DL1 = 0
B_CADULT_TRANSIT_CO2_DL0 = 0
B_CADULT_TRANSIT_CO2_DL1 = 0
B_CADULT_TRANSIT_NCO_DL0 = -2.39099
B_CADULT_TRANSIT_NCO_DL1 = 2.11758
B_CADULT_WALKING_CO1_DL0 = 0
B_CADULT_WALKING_CO1_DL1 = 0
B_CADULT_WALKING_CO2_DL0 = 0
B_CADULT_WALKING_CO2_DL1 = 0
B_CADULT_WALKING_NCO_DL0 = 0
B_CADULT_WALKING_NCO_DL1 = 0
B_CHILD_TRANSIT_CO1_DL0 = -0.820622
B_CHILD_TRANSIT_CO1_DL1 = 0
B_CHILD_TRANSIT_CO2_DL0 = 0
B_CHILD_TRANSIT_CO2_DL1 = 0
B_CHILD_TRANSIT_NCO_DL0 = 0
B_CHILD_TRANSIT_NCO_DL1 = 0
B_CHILD_WALKING_CO1_DL0 = 0
B_CHILD_WALKING_CO1_DL1 = 0
B_CHILD_WALKING_CO2_DL0 = 0
B_CHILD_WALKING_CO2_DL1 = 0
B_CHILD_WALKING_NCO_DL0 = 0
B_CHILD_WALKING_NCO_DL1 = 0
B_COST_TRANSIT_CO1_DL0 = 0
B_COST_TRANSIT_CO1_DL1 = 0
B_COST_TRANSIT_CO2_DL0 = 0
B_COST_TRANSIT_CO2_DL1 = 0
B_COST_TRANSIT_NCO = -0.71006
B_DISTANCE_TRANSIT_CO_DL0 = -8.89149
B_DISTANCE_TRANSIT_DL1 = -10
B_DISTANCE_TRANSIT_NCO_DL0 = -6.3093
B_DISTANCE_WALKING_CO1_DL0 = 0
B_DISTANCE_WALKING_CO1_DL1 = 0
B_DISTANCE_WALKING_CO2_DL0 = 0
B_DISTANCE_WALKING_CO2_DL1 = 0
B_DISTANCE_WALKING_NCO_DL0 = 0
B_DISTANCE_WALKING_NCO_DL1 = 0
B_FEMALE_TRANSIT_DL0 = -0.418972
B_FEMALE_TRANSIT_DL1 = -0.121318
B_FEMALE_WALKING_CO1_DL0 = 0
B_FEMALE_WALKING_CO1_DL1 = 0
B_FEMALE_WALKING_CO2_DL0 = 0
B_FEMALE_WALKING_CO2_DL1 = 0
B_FEMALE_WALKING_NCO_DL0 = 0
B_FEMALE_WALKING_NCO_DL1 = 0
B_INTER_PEAK_WALKING_CO1_DL0 = 0
B_INTER_PEAK_WALKING_CO1_DL1 = 0
B_INTER_PEAK_WALKING_CO2_DL0 = 0
B_INTER_PEAK_WALKING_CO2_DL1 = 0
B_INTER_PEAK_WALKING_NCO_DL0 = 0
B_INTER_PEAK_WALKING_NCO_DL1 = 0
B_LOGDISTANCE_TRANSIT_CO = 10
B_LOGDISTANCE_TRANSIT_NCO = 5.66625
B_LOGDISTANCE_WALKING_CO1_DL0 = 0
B_LOGDISTANCE_WALKING_CO1_DL1 = 0
B_LOGDISTANCE_WALKING_CO2_DL0 = 0
B_LOGDISTANCE_WALKING_CO2_DL1 = 0
B_LOGDISTANCE_WALKING_NCO_DL0 = 0
B_LOGDISTANCE_WALKING_NCO_DL1 = 0
B_PM_PEAK_TRANSIT_CO = 0.254541
B_PM_PEAK_TRANSIT_NCO_DL0 = 0
B_PM_PEAK_TRANSIT_NCO_DL1 = 0
B_PM_PEAK_WALKING_CO1_DL0 = 0
B_PM_PEAK_WALKING_CO1_DL1 = 0
B_PM_PEAK_WALKING_CO2_DL0 = 0
B_PM_PEAK_WALKING_CO2_DL1 = 0
B_PM_PEAK_WALKING_NCO_DL0 = 0
B_PM_PEAK_WALKING_NCO_DL1 = 0
B_PURPOSE_B_TRANSIT_CO_DL0 = 1.61115
B_PURPOSE_B_TRANSIT_CO_DL1 = 1.30119
B_PURPOSE_B_TRANSIT_NCO_DL0 = 0
B_PURPOSE_B_TRANSIT_NCO_DL1 = 0
B_PURPOSE_B_WALKING_CO1_DL0 = 0
B_PURPOSE_B_WALKING_CO1_DL1 = 0
B_PURPOSE_B_WALKING_CO2_DL0 = 0
B_PURPOSE_B_WALKING_CO2_DL1 = 0
B_PURPOSE_B_WALKING_NCO_DL0 = 0
B_PURPOSE_B_WALKING_NCO_DL1 = 0
B_PURPOSE_HBE_TRANSIT_CO2_DL1 = -0.326456
B_PURPOSE_HBE_TRANSIT_DL0 = 0.021983
B_PURPOSE_HBE_TRANSIT_NCO1_DL1 = 0
B_PURPOSE_HBE_WALKING_CO1_DL0 = 0
B_PURPOSE_HBE_WALKING_CO1_DL1 = 0
B_PURPOSE_HBE_WALKING_CO2_DL0 = 0
B_PURPOSE_HBE_WALKING_CO2_DL1 = 0
B_PURPOSE_HBE_WALKING_NCO_DL0 = 0
B_PURPOSE_HBE_WALKING_NCO_DL1 = 0
B_PURPOSE_HBO_TRANSIT_CO1_DL0 = 0
B_PURPOSE_HBO_TRANSIT_CO1_DL1 = 0
B_PURPOSE_HBO_TRANSIT_CO2_DL0 = 0
B_PURPOSE_HBO_TRANSIT_CO2_DL1 = 0
B_PURPOSE_HBO_TRANSIT_NCO_DL0 = -2.23325
B_PURPOSE_HBO_TRANSIT_NCO_DL1 = 0
B_PURPOSE_HBO_WALKING_CO1_DL0 = 0
B_PURPOSE_HBO_WALKING_CO1_DL1 = 0
B_PURPOSE_HBO_WALKING_CO2_DL0 = 0
B_PURPOSE_HBO_WALKING_CO2_DL1 = 0
B_PURPOSE_HBO_WALKING_NCO_DL0 = 0
B_PURPOSE_HBO_WALKING_NCO_DL1 = 0
B_PURPOSE_HBW_TRANSIT_CO1_DL0 = 0
B_PURPOSE_HBW_TRANSIT_CO1_DL1 = 0
B_PURPOSE_HBW_TRANSIT_CO2_DL0 = 6.54853
B_PURPOSE_HBW_TRANSIT_CO2_DL1 = -1.01349
B_PURPOSE_HBW_TRANSIT_NCO_DL0 = 0
B_PURPOSE_HBW_TRANSIT_NCO_DL1 = 0
B_PURPOSE_HBW_WALKING_CO1_DL0 = 0
B_PURPOSE_HBW_WALKING_CO1_DL1 = 0
B_PURPOSE_HBW_WALKING_CO2_DL0 = 0
B_PURPOSE_HBW_WALKING_CO2_DL1 = 0
B_PURPOSE_HBW_WALKING_NCO_DL0 = 0
B_PURPOSE_HBW_WALKING_NCO_DL1 = 0
B_SATURDAY_TRANSIT_CO = 0.115545
B_SATURDAY_TRANSIT_NCO_DL0 = 0
B_SATURDAY_TRANSIT_NCO_DL1 = 0
B_SATURDAY_WALKING_CO1_DL0 = 0
B_SATURDAY_WALKING_CO1_DL1 = 0
B_SATURDAY_WALKING_CO2_DL0 = 0
B_SATURDAY_WALKING_CO2_DL1 = 0
B_SATURDAY_WALKING_NCO_DL0 = 0
B_SATURDAY_WALKING_NCO_DL1 = 0
B_TIME_ACCESS_CO = -10
B_TIME_ACCESS_NCO_DL0 = -10
B_TIME_ACCESS_NCO_DL1 = -10
B_TIME_BUS_CO2_DL0 = -1.67684
B_TIME_BUS_CO2_DL1 = -10
B_TIME_BUS_NCO1_DL0 = -4.45813
B_TIME_BUS_NCO1_DL1 = -10
B_TIME_INT_WAIT_CO = -10
B_TIME_INT_WAIT_NCO = 10
B_TIME_INT_WALK_CO1 = -10
B_TIME_INT_WALK_CO2_DL0 = 0
B_TIME_INT_WALK_CO2_DL1 = 0
B_TIME_INT_WALK_NCO_DL0 = 0
B_TIME_INT_WALK_NCO_DL1 = 0
B_TIME_RAIL = -6.97054
B_TIME_WALKING_DL0 = -6.03593
B_TIME_WALKING_DL1 = -10
B_WEEKDAY_TRANSIT_CO = 2.09845
B_WEEKDAY_TRANSIT_NCO_DL0 = 0
B_WEEKDAY_TRANSIT_NCO_DL1 = 0
B_WEEKDAY_WALKING_CO1_DL0 = 0
B_WEEKDAY_WALKING_CO1_DL1 = 0
B_WEEKDAY_WALKING_CO2_DL0 = 0
B_WEEKDAY_WALKING_CO2_DL1 = 0
B_WEEKDAY_WALKING_NCO_DL0 = 0
B_WEEKDAY_WALKING_NCO_DL1 = 0
B_WINTER_WALKING_CO1_DL0 = 0
B_WINTER_WALKING_CO1_DL1 = 0
B_WINTER_WALKING_CO2_DL0 = 0
B_WINTER_WALKING_CO2_DL1 = 0
B_WINTER_WALKING_NCO_DL0 = 0
B_WINTER_WALKING_NCO_DL1 = 0
MU_WALKTRANSIT = 10
co0 = 1
co1 = 0
co2 = 0
cost_transit = 2.9
dl0 = 0
dl1 = 1
dur_access = 0.121111
dur_interchange_waiting = 0
dur_interchange_walking = 0
dur_pt_bus = 0
dur_pt_rail = 0.466667
dur_walking = 4.23333
female = 1
purpose_B = 0
purpose_HBE = 0
purpose_HBO = 0
purpose_HBW = 1
self.adult = 1
self.cadult = 1
self.child = 0
self.distance_km = 14.5269
self.interpeak = 1
self.logdistance = 9.58376
self.pmpeak = 1
self.saturday = 0
self.weekday = 1
self.winter = 0
Cannot take the log of a negative number <log(Elem[1](0:0;1:((exp(((((((((((((((((((((((((ASC_TRANSIT_NCO[4] <17795>*dl0[363] <17795>)+(ASC_TRANSIT_NCO[4] <17795>*dl1[364] <17795>))*co0[350] <17795>)+(((ASC_TRANSIT_CO[3] <17795>*dl0[363] <17795>)+(ASC_TRANSIT_CO[3] <17795>*dl1[364] <17795>))*co1[351] <17795>))+(((ASC_TRANSIT_CO[3] <17795>*dl0[363] <17795>)+(ASC_TRANSIT_CO[3] <17795>*dl1[364] <17795>))*co2[352] <17795>))+((((((B_COST_TRANSIT_NCO[26] <17795>*dl0[363] <17795>)+(B_COST_TRANSIT_NCO[26] <17795>*dl1[364] <17795>))*co0[350] <17795>)+(((B_COST_TRANSIT_CO1_DL0[157] <17795>*dl0[363] <17795>)+(B_COST_TRANSIT_CO1_DL1[158] <17795>*dl1[364] <17795>))*co1[351] <17795>))+(((B_COST_TRANSIT_CO2_DL0[159] <17795>*dl0[363] <17795>)+(B_COST_TRANSIT_CO2_DL1[160] <17795>*dl1[364] <17795>))*co2[352] <17795>))*cost_transit[310] <17795>))+((((((B_TIME_ACCESS_NCO_DL0[75] <17795>*dl0[363] <17795>)+(B_TIME_ACCESS_NCO_DL1[76] <17795>*dl1[364] <17795>))*co0[350] <17795>)+(((B_TIME_ACCESS_CO[74] <17795>*dl0[363] <17795>)+(B_TIME_ACCESS_CO[74] <17795>*dl1[364] <17795>))*co1[351] <17795>))+(((B_TIME_ACCESS_CO[74] <17795>*dl0[363] <17795>)+(B_TIME_ACCESS_CO[74] <17795>*dl1[364] <17795>))*co2[352] <17795>))*dur_access[320] <17795>))+((((((B_TIME_RAIL[89] <17795>*dl0[363] <17795>)+(B_TIME_RAIL[89] <17795>*dl1[364] <17795>))*co0[350] <17795>)+(((B_TIME_RAIL[89] <17795>*dl0[363] <17795>)+(B_TIME_RAIL[89] <17795>*dl1[364] <17795>))*co1[351] <17795>))+(((B_TIME_RAIL[89] <17795>*dl0[363] <17795>)+(B_TIME_RAIL[89] <17795>*dl1[364] <17795>))*co2[352] <17795>))*dur_pt_rail[323] <17795>))+((((((B_TIME_BUS_NCO1_DL0[79] <17795>*dl0[363] <17795>)+(B_TIME_BUS_NCO1_DL1[80] <17795>*dl1[364] <17795>))*co0[350] <17795>)+(((B_TIME_BUS_NCO1_DL0[79] <17795>*dl0[363] <17795>)+(B_TIME_BUS_NCO1_DL1[80] <17795>*dl1[364] <17795>))*co1[351] <17795>))+(((B_TIME_BUS_CO2_DL0[77] <17795>*dl0[363] <17795>)+(B_TIME_BUS_CO2_DL1[78] <17795>*dl1[364] <17795>))*co2[352] <17795>))*dur_pt_bus[324] <17795>))+((((((B_TIME_INT_WAIT_NCO[87] <17795>*dl0[363] <17795>)+(B_TIME_INT_WAIT_NCO[87] <17795>*dl1[364] <17795>))*co0[350] <17795>)+(((B_TIME_INT_WAIT_CO[86] <17795>*dl0[363] <17795>)+(B_TIME_INT_WAIT_CO[86] <17795>*dl1[364] <17795>))*co1[351] <17795>))+(((B_TIME_INT_WAIT_CO[86] <17795>*dl0[363] <17795>)+(B_TIME_INT_WAIT_CO[86] <17795>*dl1[364] <17795>))*co2[352] <17795>))*dur_interchange_waiting[321] <17795>))+((((((B_TIME_INT_WALK_NCO_DL0[276] <17795>*dl0[363] <17795>)+(B_TIME_INT_WALK_NCO_DL1[277] <17795>*dl1[364] <17795>))*co0[350] <17795>)+(((B_TIME_INT_WALK_CO1[88] <17795>*dl0[363] <17795>)+(B_TIME_INT_WALK_CO1[88] <17795>*dl1[364] <17795>))*co1[351] <17795>))+(((B_TIME_INT_WALK_CO2_DL0[274] <17795>*dl0[363] <17795>)+(B_TIME_INT_WALK_CO2_DL1[275] <17795>*dl1[364] <17795>))*co2[352] <17795>))*dur_interchange_walking[322] <17795>))+((((((B_PURPOSE_B_TRANSIT_NCO_DL0[209] <17795>*dl0[363] <17795>)+(B_PURPOSE_B_TRANSIT_NCO_DL1[210] <17795>*dl1[364] <17795>))*co0[350] <17795>)+(((B_PURPOSE_B_TRANSIT_CO_DL0[55] <17795>*dl0[363] <17795>)+(B_PURPOSE_B_TRANSIT_CO_DL1[56] <17795>*dl1[364] <17795>))*co1[351] <17795>))+(((B_PURPOSE_B_TRANSIT_CO_DL0[55] <17795>*dl0[363] <17795>)+(B_PURPOSE_B_TRANSIT_CO_DL1[56] <17795>*dl1[364] <17795>))*co2[352] <17795>))*purpose_B[342] <17795>))+((((((B_PURPOSE_HBW_TRANSIT_NCO_DL0[248] <17795>*dl0[363] <17795>)+(B_PURPOSE_HBW_TRANSIT_NCO_DL1[249] <17795>*dl1[364] <17795>))*co0[350] <17795>)+(((B_PURPOSE_HBW_TRANSIT_CO1_DL0[246] <17795>*dl0[363] <17795>)+(B_PURPOSE_HBW_TRANSIT_CO1_DL1[247] <17795>*dl1[364] <17795>))*co1[351] <17795>))+(((B_PURPOSE_HBW_TRANSIT_CO2_DL0[70] <17795>*dl0[363] <17795>)+(B_PURPOSE_HBW_TRANSIT_CO2_DL1[71] <17795>*dl1[364] <17795>))*co2[352] <17795>))*purpose_HBW[328] <17795>))+((((((B_PURPOSE_HBE_TRANSIT_DL0[61] <17795>*dl0[363] <17795>)+(B_PURPOSE_HBE_TRANSIT_NCO1_DL1[218] <17795>*dl1[364] <17795>))*co0[350] <17795>)+(((B_PURPOSE_HBE_TRANSIT_DL0[61] <17795>*dl0[363] <17795>)+(B_PURPOSE_HBE_TRANSIT_NCO1_DL1[218] <17795>*dl1[364] <17795>))*co1[351] <17795>))+(((B_PURPOSE_HBE_TRANSIT_DL0[61] <17795>*dl0[363] <17795>)+(B_PURPOSE_HBE_TRANSIT_CO2_DL1[60] <17795>*dl1[364] <17795>))*co2[352] <17795>))*purpose_HBE[326] <17795>))+((((((B_PURPOSE_HBO_TRANSIT_NCO_DL0[64] <17795>*dl0[363] <17795>)+(B_PURPOSE_HBO_TRANSIT_NCO_DL1[236] <17795>*dl1[364] <17795>))*co0[350] <17795>)+(((B_PURPOSE_HBO_TRANSIT_CO1_DL0[232] <17795>*dl0[363] <17795>)+(B_PURPOSE_HBO_TRANSIT_CO1_DL1[233] <17795>*dl1[364] <17795>))*co1[351] <17795>))+(((B_PURPOSE_HBO_TRANSIT_CO2_DL0[234] <17795>*dl0[363] <17795>)+(B_PURPOSE_HBO_TRANSIT_CO2_DL1[235] <17795>*dl1[364] <17795>))*co2[352] <17795>))*purpose_HBO[327] <17795>))+((((((B_FEMALE_TRANSIT_DL0[38] <17795>*dl0[363] <17795>)+(B_FEMALE_TRANSIT_DL1[39] <17795>*dl1[364] <17795>))*co0[350] <17795>)+(((B_FEMALE_TRANSIT_DL0[38] <17795>*dl0[363] <17795>)+(B_FEMALE_TRANSIT_DL1[39] <17795>*dl1[364] <17795>))*co1[351] <17795>))+(((B_FEMALE_TRANSIT_DL0[38] <17795>*dl0[363] <17795>)+(B_FEMALE_TRANSIT_DL1[39] <17795>*dl1[364] <17795>))*co2[352] <17795>))*female[318] <17795>))+((((((B_CHILD_TRANSIT_NCO_DL0[143] <17795>*dl0[363] <17795>)+(B_CHILD_TRANSIT_NCO_DL1[144] <17795>*dl1[364] <17795>))*co0[350] <17795>)+(((B_CHILD_TRANSIT_CO1_DL0[22] <17795>*dl0[363] <17795>)+(B_CHILD_TRANSIT_CO1_DL1[140] <17795>*dl1[364] <17795>))*co1[351] <17795>))+(((B_CHILD_TRANSIT_CO2_DL0[141] <17795>*dl0[363] <17795>)+(B_CHILD_TRANSIT_CO2_DL1[142] <17795>*dl1[364] <17795>))*co2[352] <17795>))*self.child[355] <17795>))+((((((B_CADULT_TRANSIT_NCO_DL0[16] <17795>*dl0[363] <17795>)+(B_CADULT_TRANSIT_NCO_DL1[17] <17795>*dl1[364] <17795>))*co0[350] <17795>)+(((B_CADULT_TRANSIT_CO1_DL0[122] <17795>*dl0[363] <17795>)+(B_CADULT_TRANSIT_CO1_DL1[123] <17795>*dl1[364] <17795>))*co1[351] <17795>))+(((B_CADULT_TRANSIT_CO2_DL0[124] <17795>*dl0[363] <17795>)+(B_CADULT_TRANSIT_CO2_DL1[125] <17795>*dl1[364] <17795>))*co2[352] <17795>))*self.cadult[356] <17795>))+((((((B_ADULT_TRANSIT_NCO[10] <17795>*dl0[363] <17795>)+(B_ADULT_TRANSIT_NCO[10] <17795>*dl1[364] <17795>))*co0[350] <17795>)+(((B_ADULT_TRANSIT_CO1_DL0[112] <17795>*dl0[363] <17795>)+(B_ADULT_TRANSIT_CO1_DL1[9] <17795>*dl1[364] <17795>))*co1[351] <17795>))+(((B_ADULT_TRANSIT_CO2_DL0[113] <17795>*dl0[363] <17795>)+(B_ADULT_TRANSIT_CO2_DL1[114] <17795>*dl1[364] <17795>))*co2[352] <17795>))*self.adult[357] <17795>))+((((((B_WEEKDAY_TRANSIT_NCO_DL0[280] <17795>*dl0[363] <17795>)+(B_WEEKDAY_TRANSIT_NCO_DL1[281] <17795>*dl1[364] <17795>))*co0[350] <17795>)+(((B_WEEKDAY_TRANSIT_CO[97] <17795>*dl0[363] <17795>)+(B_WEEKDAY_TRANSIT_CO[97] <17795>*dl1[364] <17795>))*co1[351] <17795>))+(((B_WEEKDAY_TRANSIT_CO[97] <17795>*dl0[363] <17795>)+(B_WEEKDAY_TRANSIT_CO[97] <17795>*dl1[364] <17795>))*co2[352] <17795>))*self.weekday[353] <17795>))+((((((B_SATURDAY_TRANSIT_NCO_DL0[261] <17795>*dl0[363] <17795>)+(B_SATURDAY_TRANSIT_NCO_DL1[262] <17795>*dl1[364] <17795>))*co0[350] <17795>)+(((B_SATURDAY_TRANSIT_CO[73] <17795>*dl0[363] <17795>)+(B_SATURDAY_TRANSIT_CO[73] <17795>*dl1[364] <17795>))*co1[351] <17795>))+(((B_SATURDAY_TRANSIT_CO[73] <17795>*dl0[363] <17795>)+(B_SATURDAY_TRANSIT_CO[73] <17795>*dl1[364] <17795>))*co2[352] <17795>))*self.saturday[354] <17795>))+((((((B_PM_PEAK_TRANSIT_NCO_DL0[197] <17795>*dl0[363] <17795>)+(B_PM_PEAK_TRANSIT_NCO_DL1[198] <17795>*dl1[364] <17795>))*co0[350] <17795>)+(((B_PM_PEAK_TRANSIT_CO[52] <17795>*dl0[363] <17795>)+(B_PM_PEAK_TRANSIT_CO[52] <17795>*dl1[364] <17795>))*co1[351] <17795>))+(((B_PM_PEAK_TRANSIT_CO[52] <17795>*dl0[363] <17795>)+(B_PM_PEAK_TRANSIT_CO[52] <17795>*dl1[364] <17795>))*co2[352] <17795>))*self.pmpeak[359] <17795>))+((((((B_DISTANCE_TRANSIT_NCO_DL0[35] <17795>*dl0[363] <17795>)+(B_DISTANCE_TRANSIT_DL1[34] <17795>*dl1[364] <17795>))*co0[350] <17795>)+(((B_DISTANCE_TRANSIT_CO_DL0[33] <17795>*dl0[363] <17795>)+(B_DISTANCE_TRANSIT_DL1[34] <17795>*dl1[364] <17795>))*co1[351] <17795>))+(((B_DISTANCE_TRANSIT_CO_DL0[33] <17795>*dl0[363] <17795>)+(B_DISTANCE_TRANSIT_DL1[34] <17795>*dl1[364] <17795>))*co2[352] <17795>))*self.distance_km[361] <17795>))+((((((B_LOGDISTANCE_TRANSIT_NCO[48] <17795>*dl0[363] <17795>)+(B_LOGDISTANCE_TRANSIT_NCO[48] <17795>*dl1[364] <17795>))*co0[350] <17795>)+(((B_LOGDISTANCE_TRANSIT_CO[47] <17795>*dl0[363] <17795>)+(B_LOGDISTANCE_TRANSIT_CO[47] <17795>*dl1[364] <17795>))*co1[351] <17795>))+(((B_LOGDISTANCE_TRANSIT_CO[47] <17795>*dl0[363] <17795>)+(B_LOGDISTANCE_TRANSIT_CO[47] <17795>*dl1[364] <17795>))*co2[352] <17795>))*self.logdistance[362] <17795>)))^(MU_WALKTRANSIT[100] <17795>-1))*((Elem[1](0:0;1:(exp((((((((((((((((((((((ASC_WALKING_NCO_DL0[105] <17795>*dl0[363] <17795>)+(ASC_WALKING_NCO_DL1[106] <17795>*dl1[364] <17795>))*co0[350] <17795>)+(((ASC_WALKING_CO1_DL0[101] <17795>*dl0[363] <17795>)+(ASC_WALKING_CO1_DL1[102] <17795>*dl1[364] <17795>))*co1[351] <17795>))+(((ASC_WALKING_CO2_DL0[103] <17795>*dl0[363] <17795>)+(ASC_WALKING_CO2_DL1[104] <17795>*dl1[364] <17795>))*co2[352] <17795>))+((((((B_TIME_WALKING_DL0[90] <17795>*dl0[363] <17795>)+(B_TIME_WALKING_DL1[91] <17795>*dl1[364] <17795>))*co0[350] <17795>)+(((B_TIME_WALKING_DL0[90] <17795>*dl0[363] <17795>)+(B_TIME_WALKING_DL1[91] <17795>*dl1[364] <17795>))*co1[351] <17795>))+(((B_TIME_WALKING_DL0[90] <17795>*dl0[363] <17795>)+(B_TIME_WALKING_DL1[91] <17795>*dl1[364] <17795>))*co2[352] <17795>))*dur_walking[306] <17795>))+((((((B_PURPOSE_B_WALKING_NCO_DL0[215] <17795>*dl0[363] <17795>)+(B_PURPOSE_B_WALKING_NCO_DL1[216] <17795>*dl1[364] <17795>))*co0[350] <17795>)+(((B_PURPOSE_B_WALKING_CO1_DL0[211] <17795>*dl0[363] <17795>)+(B_PURPOSE_B_WALKING_CO1_DL1[212] <17795>*dl1[364] <17795>))*co1[351] <17795>))+(((B_PURPOSE_B_WALKING_CO2_DL0[213] <17795>*dl0[363] <17795>)+(B_PURPOSE_B_WALKING_CO2_DL1[214] <17795>*dl1[364] <17795>))*co2[352] <17795>))*purpose_B[342] <17795>))+((((((B_PURPOSE_HBW_WALKING_NCO_DL0[254] <17795>*dl0[363] <17795>)+(B_PURPOSE_HBW_WALKING_NCO_DL1[255] <17795>*dl1[364] <17795>))*co0[350] <17795>)+(((B_PURPOSE_HBW_WALKING_CO1_DL0[250] <17795>*dl0[363] <17795>)+(B_PURPOSE_HBW_WALKING_CO1_DL1[251] <17795>*dl1[364] <17795>))*co1[351] <17795>))+(((B_PURPOSE_HBW_WALKING_CO2_DL0[252] <17795>*dl0[363] <17795>)+(B_PURPOSE_HBW_WALKING_CO2_DL1[253] <17795>*dl1[364] <17795>))*co2[352] <17795>))*purpose_HBW[328] <17795>))+((((((B_PURPOSE_HBE_WALKING_NCO_DL0[223] <17795>*dl0[363] <17795>)+(B_PURPOSE_HBE_WALKING_NCO_DL1[224] <17795>*dl1[364] <17795>))*co0[350] <17795>)+(((B_PURPOSE_HBE_WALKING_CO1_DL0[219] <17795>*dl0[363] <17795>)+(B_PURPOSE_HBE_WALKING_CO1_DL1[220] <17795>*dl1[364] <17795>))*co1[351] <17795>))+(((B_PURPOSE_HBE_WALKING_CO2_DL0[221] <17795>*dl0[363] <17795>)+(B_PURPOSE_HBE_WALKING_CO2_DL1[222] <17795>*dl1[364] <17795>))*co2[352] <17795>))*purpose_HBE[326] <17795>))+((((((B_PURPOSE_HBO_WALKING_NCO_DL0[241] <17795>*dl0[363] <17795>)+(B_PURPOSE_HBO_WALKING_NCO_DL1[242] <17795>*dl1[364] <17795>))*co0[350] <17795>)+(((B_PURPOSE_HBO_WALKING_CO1_DL0[237] <17795>*dl0[363] <17795>)+(B_PURPOSE_HBO_WALKING_CO1_DL1[238] <17795>*dl1[364] <17795>))*co1[351] <17795>))+(((B_PURPOSE_HBO_WALKING_CO2_DL0[239] <17795>*dl0[363] <17795>)+(B_PURPOSE_HBO_WALKING_CO2_DL1[240] <17795>*dl1[364] <17795>))*co2[352] <17795>))*purpose_HBO[327] <17795>))+((((((B_FEMALE_WALKING_NCO_DL0[173] <17795>*dl0[363] <17795>)+(B_FEMALE_WALKING_NCO_DL1[174] <17795>*dl1[364] <17795>))*co0[350] <17795>)+(((B_FEMALE_WALKING_CO1_DL0[169] <17795>*dl0[363] <17795>)+(B_FEMALE_WALKING_CO1_DL1[170] <17795>*dl1[364] <17795>))*co1[351] <17795>))+(((B_FEMALE_WALKING_CO2_DL0[171] <17795>*dl0[363] <17795>)+(B_FEMALE_WALKING_CO2_DL1[172] <17795>*dl1[364] <17795>))*co2[352] <17795>))*female[318] <17795>))+((((((B_WINTER_WALKING_NCO_DL0[297] <17795>*dl0[363] <17795>)+(B_WINTER_WALKING_NCO_DL1[298] <17795>*dl1[364] <17795>))*co0[350] <17795>)+(((B_WINTER_WALKING_CO1_DL0[293] <17795>*dl0[363] <17795>)+(B_WINTER_WALKING_CO1_DL1[294] <17795>*dl1[364] <17795>))*co1[351] <17795>))+(((B_WINTER_WALKING_CO2_DL0[295] <17795>*dl0[363] <17795>)+(B_WINTER_WALKING_CO2_DL1[296] <17795>*dl1[364] <17795>))*co2[352] <17795>))*self.winter[358] <17795>))+((((((B_CHILD_WALKING_NCO_DL0[149] <17795>*dl0[363] <17795>)+(B_CHILD_WALKING_NCO_DL1[150] <17795>*dl1[364] <17795>))*co0[350] <17795>)+(((B_CHILD_WALKING_CO1_DL0[145] <17795>*dl0[363] <17795>)+(B_CHILD_WALKING_CO1_DL1[146] <17795>*dl1[364] <17795>))*co1[351] <17795>))+(((B_CHILD_WALKING_CO2_DL0[147] <17795>*dl0[363] <17795>)+(B_CHILD_WALKING_CO2_DL1[148] <17795>*dl1[364] <17795>))*co2[352] <17795>))*self.child[355] <17795>))+((((((B_CADULT_WALKING_NCO_DL0[130] <17795>*dl0[363] <17795>)+(B_CADULT_WALKING_NCO_DL1[131] <17795>*dl1[364] <17795>))*co0[350] <17795>)+(((B_CADULT_WALKING_CO1_DL0[126] <17795>*dl0[363] <17795>)+(B_CADULT_WALKING_CO1_DL1[127] <17795>*dl1[364] <17795>))*co1[351] <17795>))+(((B_CADULT_WALKING_CO2_DL0[128] <17795>*dl0[363] <17795>)+(B_CADULT_WALKING_CO2_DL1[129] <17795>*dl1[364] <17795>))*co2[352] <17795>))*self.cadult[356] <17795>))+((((((B_ADULT_WALKING_NCO_DL0[119] <17795>*dl0[363] <17795>)+(B_ADULT_WALKING_NCO_DL1[120] <17795>*dl1[364] <17795>))*co0[350] <17795>)+(((B_ADULT_WALKING_CO1_DL0[115] <17795>*dl0[363] <17795>)+(B_ADULT_WALKING_CO1_DL1[116] <17795>*dl1[364] <17795>))*co1[351] <17795>))+(((B_ADULT_WALKING_CO2_DL0[117] <17795>*dl0[363] <17795>)+(B_ADULT_WALKING_CO2_DL1[118] <17795>*dl1[364] <17795>))*co2[352] <17795>))*self.adult[357] <17795>))+((((((B_WEEKDAY_WALKING_NCO_DL0[286] <17795>*dl0[363] <17795>)+(B_WEEKDAY_WALKING_NCO_DL1[287] <17795>*dl1[364] <17795>))*co0[350] <17795>)+(((B_WEEKDAY_WALKING_CO1_DL0[282] <17795>*dl0[363] <17795>)+(B_WEEKDAY_WALKING_CO1_DL1[283] <17795>*dl1[364] <17795>))*co1[351] <17795>))+(((B_WEEKDAY_WALKING_CO2_DL0[284] <17795>*dl0[363] <17795>)+(B_WEEKDAY_WALKING_CO2_DL1[285] <17795>*dl1[364] <17795>))*co2[352] <17795>))*self.weekday[353] <17795>))+((((((B_SATURDAY_WALKING_NCO_DL0[267] <17795>*dl0[363] <17795>)+(B_SATURDAY_WALKING_NCO_DL1[268] <17795>*dl1[364] <17795>))*co0[350] <17795>)+(((B_SATURDAY_WALKING_CO1_DL0[263] <17795>*dl0[363] <17795>)+(B_SATURDAY_WALKING_CO1_DL1[264] <17795>*dl1[364] <17795>))*co1[351] <17795>))+(((B_SATURDAY_WALKING_CO2_DL0[265] <17795>*dl0[363] <17795>)+(B_SATURDAY_WALKING_CO2_DL1[266] <17795>*dl1[364] <17795>))*co2[352] <17795>))*self.saturday[354] <17795>))+((((((B_INTER_PEAK_WALKING_NCO_DL0[187] <17795>*dl0[363] <17795>)+(B_INTER_PEAK_WALKING_NCO_DL1[188] <17795>*dl1[364] <17795>))*co0[350] <17795>)+(((B_INTER_PEAK_WALKING_CO1_DL0[183] <17795>*dl0[363] <17795>)+(B_INTER_PEAK_WALKING_CO1_DL1[184] <17795>*dl1[364] <17795>))*co1[351] <17795>))+(((B_INTER_PEAK_WALKING_CO2_DL0[185] <17795>*dl0[363] <17795>)+(B_INTER_PEAK_WALKING_CO2_DL1[186] <17795>*dl1[364] <17795>))*co2[352] <17795>))*self.interpeak[360] <17795>))+((((((B_PM_PEAK_WALKING_NCO_DL0[203] <17795>*dl0[363] <17795>)+(B_PM_PEAK_WALKING_NCO_DL1[204] <17795>*dl1[364] <17795>))*co0[350] <17795>)+(((B_PM_PEAK_WALKING_CO1_DL0[199] <17795>*dl0[363] <17795>)+(B_PM_PEAK_WALKING_CO1_DL1[200] <17795>*dl1[364] <17795>))*co1[351] <17795>))+(((B_PM_PEAK_WALKING_CO2_DL0[201] <17795>*dl0[363] <17795>)+(B_PM_PEAK_WALKING_CO2_DL1[202] <17795>*dl1[364] <17795>))*co2[352] <17795>))*self.pmpeak[359] <17795>))+((((((B_DISTANCE_WALKING_NCO_DL0[165] <17795>*dl0[363] <17795>)+(B_DISTANCE_WALKING_NCO_DL1[166] <17795>*dl1[364] <17795>))*co0[350] <17795>)+(((B_DISTANCE_WALKING_CO1_DL0[161] <17795>*dl0[363] <17795>)+(B_DISTANCE_WALKING_CO1_DL1[162] <17795>*dl1[364] <17795>))*co1[351] <17795>))+(((B_DISTANCE_WALKING_CO2_DL0[163] <17795>*dl0[363] <17795>)+(B_DISTANCE_WALKING_CO2_DL1[164] <17795>*dl1[364] <17795>))*co2[352] <17795>))*self.distance_km[361] <17795>))+((((((B_LOGDISTANCE_WALKING_NCO_DL0[193] <17795>*dl0[363] <17795>)+(B_LOGDISTANCE_WALKING_NCO_DL1[194] <17795>*dl1[364] <17795>))*co0[350] <17795>)+(((B_LOGDISTANCE_WALKING_CO1_DL0[189] <17795>*dl0[363] <17795>)+(B_LOGDISTANCE_WALKING_CO1_DL1[190] <17795>*dl1[364] <17795>))*co1[351] <17795>))+(((B_LOGDISTANCE_WALKING_CO2_DL0[191] <17795>*dl0[363] <17795>)+(B_LOGDISTANCE_WALKING_CO2_DL1[192] <17795>*dl1[364] <17795>))*co2[352] <17795>))*self.logdistance[362] <17795>)))^MU_WALKTRANSIT[100] <17795>)) + Elem[1](0:0;1:(exp(((((((((((((((((((((((((ASC_TRANSIT_NCO[4] <17795>*dl0[363] <17795>)+(ASC_TRANSIT_NCO[4] <17795>*dl1[364] <17795>))*co0[350] <17795>)+(((ASC_TRANSIT_CO[3] <17795>*dl0[363] <17795>)+(ASC_TRANSIT_CO[3] <17795>*dl1[364] <17795>))*co1[351] <17795>))+(((ASC_TRANSIT_CO[3] <17795>*dl0[363] <17795>)+(ASC_TRANSIT_CO[3] <17795>*dl1[364] <17795>))*co2[352] <17795>))+((((((B_COST_TRANSIT_NCO[26] <17795>*dl0[363] <17795>)+(B_COST_TRANSIT_NCO[26] <17795>*dl1[364] <17795>))*co0[350] <17795>)+(((B_COST_TRANSIT_CO1_DL0[157] <17795>*dl0[363] <17795>)+(B_COST_TRANSIT_CO1_DL1[158] <17795>*dl1[364] <17795>))*co1[351] <17795>))+(((B_COST_TRANSIT_CO2_DL0[159] <17795>*dl0[363] <17795>)+(B_COST_TRANSIT_CO2_DL1[160] <17795>*dl1[364] <17795>))*co2[352] <17795>))*cost_transit[310] <17795>))+((((((B_TIME_ACCESS_NCO_DL0[75] <17795>*dl0[363] <17795>)+(B_TIME_ACCESS_NCO_DL1[76] <17795>*dl1[364] <17795>))*co0[350] <17795>)+(((B_TIME_ACCESS_CO[74] <17795>*dl0[363] <17795>)+(B_TIME_ACCESS_CO[74] <17795>*dl1[364] <17795>))*co1[351] <17795>))+(((B_TIME_ACCESS_CO[74] <17795>*dl0[363] <17795>)+(B_TIME_ACCESS_CO[74] <17795>*dl1[364] <17795>))*co2[352] <17795>))*dur_access[320] <17795>))+((((((B_TIME_RAIL[89] <17795>*dl0[363] <17795>)+(B_TIME_RAIL[89] <17795>*dl1[364] <17795>))*co0[350] <17795>)+(((B_TIME_RAIL[89] <17795>*dl0[363] <17795>)+(B_TIME_RAIL[89] <17795>*dl1[364] <17795>))*co1[351] <17795>))+(((B_TIME_RAIL[89] <17795>*dl0[363] <17795>)+(B_TIME_RAIL[89] <17795>*dl1[364] <17795>))*co2[352] <17795>))*dur_pt_rail[323] <17795>))+((((((B_TIME_BUS_NCO1_DL0[79] <17795>*dl0[363] <17795>)+(B_TIME_BUS_NCO1_DL1[80] <17795>*dl1[364] <17795>))*co0[350] <17795>)+(((B_TIME_BUS_NCO1_DL0[79] <17795>*dl0[363] <17795>)+(B_TIME_BUS_NCO1_DL1[80] <17795>*dl1[364] <17795>))*co1[351] <17795>))+(((B_TIME_BUS_CO2_DL0[77] <17795>*dl0[363] <17795>)+(B_TIME_BUS_CO2_DL1[78] <17795>*dl1[364] <17795>))*co2[352] <17795>))*dur_pt_bus[324] <17795>))+((((((B_TIME_INT_WAIT_NCO[87] <17795>*dl0[363] <17795>)+(B_TIME_INT_WAIT_NCO[87] <17795>*dl1[364] <17795>))*co0[350] <17795>)+(((B_TIME_INT_WAIT_CO[86] <17795>*dl0[363] <17795>)+(B_TIME_INT_WAIT_CO[86] <17795>*dl1[364] <17795>))*co1[351] <17795>))+(((B_TIME_INT_WAIT_CO[86] <17795>*dl0[363] <17795>)+(B_TIME_INT_WAIT_CO[86] <17795>*dl1[364] <17795>))*co2[352] <17795>))*dur_interchange_waiting[321] <17795>))+((((((B_TIME_INT_WALK_NCO_DL0[276] <17795>*dl0[363] <17795>)+(B_TIME_INT_WALK_NCO_DL1[277] <17795>*dl1[364] <17795>))*co0[350] <17795>)+(((B_TIME_INT_WALK_CO1[88] <17795>*dl0[363] <17795>)+(B_TIME_INT_WALK_CO1[88] <17795>*dl1[364] <17795>))*co1[351] <17795>))+(((B_TIME_INT_WALK_CO2_DL0[274] <17795>*dl0[363] <17795>)+(B_TIME_INT_WALK_CO2_DL1[275] <17795>*dl1[364] <17795>))*co2[352] <17795>))*dur_interchange_walking[322] <17795>))+((((((B_PURPOSE_B_TRANSIT_NCO_DL0[209] <17795>*dl0[363] <17795>)+(B_PURPOSE_B_TRANSIT_NCO_DL1[210] <17795>*dl1[364] <17795>))*co0[350] <17795>)+(((B_PURPOSE_B_TRANSIT_CO_DL0[55] <17795>*dl0[363] <17795>)+(B_PURPOSE_B_TRANSIT_CO_DL1[56] <17795>*dl1[364] <17795>))*co1[351] <17795>))+(((B_PURPOSE_B_TRANSIT_CO_DL0[55] <17795>*dl0[363] <17795>)+(B_PURPOSE_B_TRANSIT_CO_DL1[56] <17795>*dl1[364] <17795>))*co2[352] <17795>))*purpose_B[342] <17795>))+((((((B_PURPOSE_HBW_TRANSIT_NCO_DL0[248] <17795>*dl0[363] <17795>)+(B_PURPOSE_HBW_TRANSIT_NCO_DL1[249] <17795>*dl1[364] <17795>))*co0[350] <17795>)+(((B_PURPOSE_HBW_TRANSIT_CO1_DL0[246] <17795>*dl0[363] <17795>)+(B_PURPOSE_HBW_TRANSIT_CO1_DL1[247] <17795>*dl1[364] <17795>))*co1[351] <17795>))+(((B_PURPOSE_HBW_TRANSIT_CO2_DL0[70] <17795>*dl0[363] <17795>)+(B_PURPOSE_HBW_TRANSIT_CO2_DL1[71] <17795>*dl1[364] <17795>))*co2[352] <17795>))*purpose_HBW[328] <17795>))+((((((B_PURPOSE_HBE_TRANSIT_DL0[61] <17795>*dl0[363] <17795>)+(B_PURPOSE_HBE_TRANSIT_NCO1_DL1[218] <17795>*dl1[364] <17795>))*co0[350] <17795>)+(((B_PURPOSE_HBE_TRANSIT_DL0[61] <17795>*dl0[363] <17795>)+(B_PURPOSE_HBE_TRANSIT_NCO1_DL1[218] <17795>*dl1[364] <17795>))*co1[351] <17795>))+(((B_PURPOSE_HBE_TRANSIT_DL0[61] <17795>*dl0[363] <17795>)+(B_PURPOSE_HBE_TRANSIT_CO2_DL1[60] <17795>*dl1[364] <17795>))*co2[352] <17795>))*purpose_HBE[326] <17795>))+((((((B_PURPOSE_HBO_TRANSIT_NCO_DL0[64] <17795>*dl0[363] <17795>)+(B_PURPOSE_HBO_TRANSIT_NCO_DL1[236] <17795>*dl1[364] <17795>))*co0[350] <17795>)+(((B_PURPOSE_HBO_TRANSIT_CO1_DL0[232] <17795>*dl0[363] <17795>)+(B_PURPOSE_HBO_TRANSIT_CO1_DL1[233] <17795>*dl1[364] <17795>))*co1[351] <17795>))+(((B_PURPOSE_HBO_TRANSIT_CO2_DL0[234] <17795>*dl0[363] <17795>)+(B_PURPOSE_HBO_TRANSIT_CO2_DL1[235] <17795>*dl1[364] <17795>))*co2[352] <17795>))*purpose_HBO[327] <17795>))+((((((B_FEMALE_TRANSIT_DL0[38] <17795>*dl0[363] <17795>)+(B_FEMALE_TRANSIT_DL1[39] <17795>*dl1[364] <17795>))*co0[350] <17795>)+(((B_FEMALE_TRANSIT_DL0[38] <17795>*dl0[363] <17795>)+(B_FEMALE_TRANSIT_DL1[39] <17795>*dl1[364] <17795>))*co1[351] <17795>))+(((B_FEMALE_TRANSIT_DL0[38] <17795>*dl0[363] <17795>)+(B_FEMALE_TRANSIT_DL1[39] <17795>*dl1[364] <17795>))*co2[352] <17795>))*female[318] <17795>))+((((((B_CHILD_TRANSIT_NCO_DL0[143] <17795>*dl0[363] <17795>)+(B_CHILD_TRANSIT_NCO_DL1[144] <17795>*dl1[364] <17795>))*co0[350] <17795>)+(((B_CHILD_TRANSIT_CO1_DL0[22] <17795>*dl0[363] <17795>)+(B_CHILD_TRANSIT_CO1_DL1[140] <17795>*dl1[364] <17795>))*co1[351] <17795>))+(((B_CHILD_TRANSIT_CO2_DL0[141] <17795>*dl0[363] <17795>)+(B_CHILD_TRANSIT_CO2_DL1[142] <17795>*dl1[364] <17795>))*co2[352] <17795>))*self.child[355] <17795>))+((((((B_CADULT_TRANSIT_NCO_DL0[16] <17795>*dl0[363] <17795>)+(B_CADULT_TRANSIT_NCO_DL1[17] <17795>*dl1[364] <17795>))*co0[350] <17795>)+(((B_CADULT_TRANSIT_CO1_DL0[122] <17795>*dl0[363] <17795>)+(B_CADULT_TRANSIT_CO1_DL1[123] <17795>*dl1[364] <17795>))*co1[351] <17795>))+(((B_CADULT_TRANSIT_CO2_DL0[124] <17795>*dl0[363] <17795>)+(B_CADULT_TRANSIT_CO2_DL1[125] <17795>*dl1[364] <17795>))*co2[352] <17795>))*self.cadult[356] <17795>))+((((((B_ADULT_TRANSIT_NCO[10] <17795>*dl0[363] <17795>)+(B_ADULT_TRANSIT_NCO[10] <17795>*dl1[364] <17795>))*co0[350] <17795>)+(((B_ADULT_TRANSIT_CO1_DL0[112] <17795>*dl0[363] <17795>)+(B_ADULT_TRANSIT_CO1_DL1[9] <17795>*dl1[364] <17795>))*co1[351] <17795>))+(((B_ADULT_TRANSIT_CO2_DL0[113] <17795>*dl0[363] <17795>)+(B_ADULT_TRANSIT_CO2_DL1[114] <17795>*dl1[364] <17795>))*co2[352] <17795>))*self.adult[357] <17795>))+((((((B_WEEKDAY_TRANSIT_NCO_DL0[280] <17795>*dl0[363] <17795>)+(B_WEEKDAY_TRANSIT_NCO_DL1[281] <17795>*dl1[364] <17795>))*co0[350] <17795>)+(((B_WEEKDAY_TRANSIT_CO[97] <17795>*dl0[363] <17795>)+(B_WEEKDAY_TRANSIT_CO[97] <17795>*dl1[364] <17795>))*co1[351] <17795>))+(((B_WEEKDAY_TRANSIT_CO[97] <17795>*dl0[363] <17795>)+(B_WEEKDAY_TRANSIT_CO[97] <17795>*dl1[364] <17795>))*co2[352] <17795>))*self.weekday[353] <17795>))+((((((B_SATURDAY_TRANSIT_NCO_DL0[261] <17795>*dl0[363] <17795>)+(B_SATURDAY_TRANSIT_NCO_DL1[262] <17795>*dl1[364] <17795>))*co0[350] <17795>)+(((B_SATURDAY_TRANSIT_CO[73] <17795>*dl0[363] <17795>)+(B_SATURDAY_TRANSIT_CO[73] <17795>*dl1[364] <17795>))*co1[351] <17795>))+(((B_SATURDAY_TRANSIT_CO[73] <17795>*dl0[363] <17795>)+(B_SATURDAY_TRANSIT_CO[73] <17795>*dl1[364] <17795>))*co2[352] <17795>))*self.saturday[354] <17795>))+((((((B_PM_PEAK_TRANSIT_NCO_DL0[197] <17795>*dl0[363] <17795>)+(B_PM_PEAK_TRANSIT_NCO_DL1[198] <17795>*dl1[364] <17795>))*co0[350] <17795>)+(((B_PM_PEAK_TRANSIT_CO[52] <17795>*dl0[363] <17795>)+(B_PM_PEAK_TRANSIT_CO[52] <17795>*dl1[364] <17795>))*co1[351] <17795>))+(((B_PM_PEAK_TRANSIT_CO[52] <17795>*dl0[363] <17795>)+(B_PM_PEAK_TRANSIT_CO[52] <17795>*dl1[364] <17795>))*co2[352] <17795>))*self.pmpeak[359] <17795>))+((((((B_DISTANCE_TRANSIT_NCO_DL0[35] <17795>*dl0[363] <17795>)+(B_DISTANCE_TRANSIT_DL1[34] <17795>*dl1[364] <17795>))*co0[350] <17795>)+(((B_DISTANCE_TRANSIT_CO_DL0[33] <17795>*dl0[363] <17795>)+(B_DISTANCE_TRANSIT_DL1[34] <17795>*dl1[364] <17795>))*co1[351] <17795>))+(((B_DISTANCE_TRANSIT_CO_DL0[33] <17795>*dl0[363] <17795>)+(B_DISTANCE_TRANSIT_DL1[34] <17795>*dl1[364] <17795>))*co2[352] <17795>))*self.distance_km[361] <17795>))+((((((B_LOGDISTANCE_TRANSIT_NCO[48] <17795>*dl0[363] <17795>)+(B_LOGDISTANCE_TRANSIT_NCO[48] <17795>*dl1[364] <17795>))*co0[350] <17795>)+(((B_LOGDISTANCE_TRANSIT_CO[47] <17795>*dl0[363] <17795>)+(B_LOGDISTANCE_TRANSIT_CO[47] <17795>*dl1[364] <17795>))*co1[351] <17795>))+(((B_LOGDISTANCE_TRANSIT_CO[47] <17795>*dl0[363] <17795>)+(B_LOGDISTANCE_TRANSIT_CO[47] <17795>*dl1[364] <17795>))*co2[352] <17795>))*self.logdistance[362] <17795>)))^MU_WALKTRANSIT[100] <17795>)))^((1/MU_WALKTRANSIT[100] <17795>)-1)))))>: 0

srun: error: h118: task 0: Exited with exit code 1
srun: Terminating job step 177772.0
Finished at lun aoû 12 15:05:46 CEST 2019
