Starting optimization of LPMC_Nested_Full_L with LS-ABS and hybrid-inv at lun aoû 12 23:10:39 CEST 2019
Train LPMC_Nested_Full_L with LS-ABS and hybrid-inv
/ssoft/spack/paien/v2/opt/spack/linux-rhel7-x86_E5v4_Mellanox/gcc-7.3.0/python-3.6.5-fuxsuhr3v4fh4gdkw6xrvnctzn2meygg/lib/python3.6/site-packages/scipy/optimize/linesearch.py:313: LineSearchWarning: The line search algorithm did not converge
  warn('The line search algorithm did not converge', LineSearchWarning)
Traceback (most recent call last):
  File "LS-ABS_hybrid-inv.py", line 30, in <module>
    tmp = model.optimize(ioa, **{'verbose': False, 'nbr_epochs': 1000, 'batch': 1000})
  File "../../models/LPMC_Nested_Full.py", line 826, in optimize
    return algo.solve(maximize=True)
  File "../../algos/OptAlg.py", line 214, in solve
    xk_new = self.alg_type.update_xk(xk, fk, gk, Bk, f, fprime, self.dir, self.fs)
  File "../../algos/types/LineSearch.py", line 34, in update_xk
    alpha = self.compute_alpha(f, fprime, xk, direction, fs)
  File "../../algos/types/LineSearch.py", line 24, in compute_alpha
    alpha = ls_wolfe12(f, fprime, xk, direction, gk, fs[-1], old_old_fval)
  File "../../algos/types/helpers.py", line 29, in ls_wolfe12
    ret = line_search_armijo(f, xk, pk, gfk, old_fval)
  File "/ssoft/spack/paien/v2/opt/spack/linux-rhel7-x86_E5v4_Mellanox/gcc-7.3.0/python-3.6.5-fuxsuhr3v4fh4gdkw6xrvnctzn2meygg/lib/python3.6/site-packages/scipy/optimize/linesearch.py", line 654, in line_search_armijo
    alpha0=alpha0)
  File "/ssoft/spack/paien/v2/opt/spack/linux-rhel7-x86_E5v4_Mellanox/gcc-7.3.0/python-3.6.5-fuxsuhr3v4fh4gdkw6xrvnctzn2meygg/lib/python3.6/site-packages/scipy/optimize/linesearch.py", line 688, in scalar_search_armijo
    phi_a1 = phi(alpha1)
  File "/ssoft/spack/paien/v2/opt/spack/linux-rhel7-x86_E5v4_Mellanox/gcc-7.3.0/python-3.6.5-fuxsuhr3v4fh4gdkw6xrvnctzn2meygg/lib/python3.6/site-packages/scipy/optimize/linesearch.py", line 645, in phi
    return f(xk + alpha1*pk, *args)
  File "../../algos/directions/Hybrid_INV.py", line 59, in f
    return self.mult * self.f(x)
  File "../../algos/directions/Direction.py", line 15, in <lambda>
    self.f = lambda x: self.biogeme.calculateLikelihood(x)
  File "/home/glederre/pybio/lib/python3.6/site-packages/biogeme/biogeme.py", line 250, in calculateLikelihood
    f = self.theC.calculateLikelihood(x,self.fixedBetaValues)
  File "src/cbiogeme.pyx", line 93, in biogeme.cbiogeme.pyBiogeme.calculateLikelihood
RuntimeError: src/biogeme.cc:296: Biogeme exception: Error for data entry 10671 : src/bioExprLog.cc:51: Biogeme exception: Current values of the literals: 
ASC_TRANSIT_CO = -100
ASC_TRANSIT_NCO = -100
ASC_WALKING_CO1_DL0 = 0
ASC_WALKING_CO1_DL1 = 0
ASC_WALKING_CO2_DL0 = 0
ASC_WALKING_CO2_DL1 = 0
ASC_WALKING_NCO_DL0 = 0
ASC_WALKING_NCO_DL1 = 0
B_ADULT_TRANSIT_CO1_DL0 = 0
B_ADULT_TRANSIT_CO1_DL1 = -0.111369
B_ADULT_TRANSIT_CO2_DL0 = 0
B_ADULT_TRANSIT_CO2_DL1 = 0
B_ADULT_TRANSIT_NCO = 3.57107
B_ADULT_WALKING_CO1_DL0 = 0
B_ADULT_WALKING_CO1_DL1 = 0
B_ADULT_WALKING_CO2_DL0 = 0
B_ADULT_WALKING_CO2_DL1 = 0
B_ADULT_WALKING_NCO_DL0 = 0
B_ADULT_WALKING_NCO_DL1 = 0
B_CADULT_TRANSIT_CO1_DL0 = 0
B_CADULT_TRANSIT_CO1_DL1 = 0
B_CADULT_TRANSIT_CO2_DL0 = 0
B_CADULT_TRANSIT_CO2_DL1 = 0
B_CADULT_TRANSIT_NCO_DL0 = -1.17858
B_CADULT_TRANSIT_NCO_DL1 = 6.75521
B_CADULT_WALKING_CO1_DL0 = 0
B_CADULT_WALKING_CO1_DL1 = 0
B_CADULT_WALKING_CO2_DL0 = 0
B_CADULT_WALKING_CO2_DL1 = 0
B_CADULT_WALKING_NCO_DL0 = 0
B_CADULT_WALKING_NCO_DL1 = 0
B_CHILD_TRANSIT_CO1_DL0 = 10
B_CHILD_TRANSIT_CO1_DL1 = 0
B_CHILD_TRANSIT_CO2_DL0 = 0
B_CHILD_TRANSIT_CO2_DL1 = 0
B_CHILD_TRANSIT_NCO_DL0 = 0
B_CHILD_TRANSIT_NCO_DL1 = 0
B_CHILD_WALKING_CO1_DL0 = 0
B_CHILD_WALKING_CO1_DL1 = 0
B_CHILD_WALKING_CO2_DL0 = 0
B_CHILD_WALKING_CO2_DL1 = 0
B_CHILD_WALKING_NCO_DL0 = 0
B_CHILD_WALKING_NCO_DL1 = 0
B_COST_TRANSIT_CO1_DL0 = 0
B_COST_TRANSIT_CO1_DL1 = 0
B_COST_TRANSIT_CO2_DL0 = 0
B_COST_TRANSIT_CO2_DL1 = 0
B_COST_TRANSIT_NCO = 3.9655
B_DISTANCE_TRANSIT_CO_DL0 = -10
B_DISTANCE_TRANSIT_DL1 = -10
B_DISTANCE_TRANSIT_NCO_DL0 = -10
B_DISTANCE_WALKING_CO1_DL0 = 0
B_DISTANCE_WALKING_CO1_DL1 = 0
B_DISTANCE_WALKING_CO2_DL0 = 0
B_DISTANCE_WALKING_CO2_DL1 = 0
B_DISTANCE_WALKING_NCO_DL0 = 0
B_DISTANCE_WALKING_NCO_DL1 = 0
B_FEMALE_TRANSIT_DL0 = -2.30613
B_FEMALE_TRANSIT_DL1 = -0.103805
B_FEMALE_WALKING_CO1_DL0 = 0
B_FEMALE_WALKING_CO1_DL1 = 0
B_FEMALE_WALKING_CO2_DL0 = 0
B_FEMALE_WALKING_CO2_DL1 = 0
B_FEMALE_WALKING_NCO_DL0 = 0
B_FEMALE_WALKING_NCO_DL1 = 0
B_INTER_PEAK_WALKING_CO1_DL0 = 0
B_INTER_PEAK_WALKING_CO1_DL1 = 0
B_INTER_PEAK_WALKING_CO2_DL0 = 0
B_INTER_PEAK_WALKING_CO2_DL1 = 0
B_INTER_PEAK_WALKING_NCO_DL0 = 0
B_INTER_PEAK_WALKING_NCO_DL1 = 0
B_LOGDISTANCE_TRANSIT_CO = 10
B_LOGDISTANCE_TRANSIT_NCO = 10
B_LOGDISTANCE_WALKING_CO1_DL0 = 0
B_LOGDISTANCE_WALKING_CO1_DL1 = 0
B_LOGDISTANCE_WALKING_CO2_DL0 = 0
B_LOGDISTANCE_WALKING_CO2_DL1 = 0
B_LOGDISTANCE_WALKING_NCO_DL0 = 0
B_LOGDISTANCE_WALKING_NCO_DL1 = 0
B_PM_PEAK_TRANSIT_CO = -0.342928
B_PM_PEAK_TRANSIT_NCO_DL0 = 0
B_PM_PEAK_TRANSIT_NCO_DL1 = 0
B_PM_PEAK_WALKING_CO1_DL0 = 0
B_PM_PEAK_WALKING_CO1_DL1 = 0
B_PM_PEAK_WALKING_CO2_DL0 = 0
B_PM_PEAK_WALKING_CO2_DL1 = 0
B_PM_PEAK_WALKING_NCO_DL0 = 0
B_PM_PEAK_WALKING_NCO_DL1 = 0
B_PURPOSE_B_TRANSIT_CO_DL0 = -0.812328
B_PURPOSE_B_TRANSIT_CO_DL1 = 0.0993928
B_PURPOSE_B_TRANSIT_NCO_DL0 = 0
B_PURPOSE_B_TRANSIT_NCO_DL1 = 0
B_PURPOSE_B_WALKING_CO1_DL0 = 0
B_PURPOSE_B_WALKING_CO1_DL1 = 0
B_PURPOSE_B_WALKING_CO2_DL0 = 0
B_PURPOSE_B_WALKING_CO2_DL1 = 0
B_PURPOSE_B_WALKING_NCO_DL0 = 0
B_PURPOSE_B_WALKING_NCO_DL1 = 0
B_PURPOSE_HBE_TRANSIT_CO2_DL1 = -3.65873
B_PURPOSE_HBE_TRANSIT_DL0 = -2.31411
B_PURPOSE_HBE_TRANSIT_NCO1_DL1 = 0
B_PURPOSE_HBE_WALKING_CO1_DL0 = 0
B_PURPOSE_HBE_WALKING_CO1_DL1 = 0
B_PURPOSE_HBE_WALKING_CO2_DL0 = 0
B_PURPOSE_HBE_WALKING_CO2_DL1 = 0
B_PURPOSE_HBE_WALKING_NCO_DL0 = 0
B_PURPOSE_HBE_WALKING_NCO_DL1 = 0
B_PURPOSE_HBO_TRANSIT_CO1_DL0 = 0
B_PURPOSE_HBO_TRANSIT_CO1_DL1 = 0
B_PURPOSE_HBO_TRANSIT_CO2_DL0 = 0
B_PURPOSE_HBO_TRANSIT_CO2_DL1 = 0
B_PURPOSE_HBO_TRANSIT_NCO_DL0 = -3.94166
B_PURPOSE_HBO_TRANSIT_NCO_DL1 = 0
B_PURPOSE_HBO_WALKING_CO1_DL0 = 0
B_PURPOSE_HBO_WALKING_CO1_DL1 = 0
B_PURPOSE_HBO_WALKING_CO2_DL0 = 0
B_PURPOSE_HBO_WALKING_CO2_DL1 = 0
B_PURPOSE_HBO_WALKING_NCO_DL0 = 0
B_PURPOSE_HBO_WALKING_NCO_DL1 = 0
B_PURPOSE_HBW_TRANSIT_CO1_DL0 = 0
B_PURPOSE_HBW_TRANSIT_CO1_DL1 = 0
B_PURPOSE_HBW_TRANSIT_CO2_DL0 = 5.15158
B_PURPOSE_HBW_TRANSIT_CO2_DL1 = -0.0881566
B_PURPOSE_HBW_TRANSIT_NCO_DL0 = 0
B_PURPOSE_HBW_TRANSIT_NCO_DL1 = 0
B_PURPOSE_HBW_WALKING_CO1_DL0 = 0
B_PURPOSE_HBW_WALKING_CO1_DL1 = 0
B_PURPOSE_HBW_WALKING_CO2_DL0 = 0
B_PURPOSE_HBW_WALKING_CO2_DL1 = 0
B_PURPOSE_HBW_WALKING_NCO_DL0 = 0
B_PURPOSE_HBW_WALKING_NCO_DL1 = 0
B_SATURDAY_TRANSIT_CO = 4.02997
B_SATURDAY_TRANSIT_NCO_DL0 = 0
B_SATURDAY_TRANSIT_NCO_DL1 = 0
B_SATURDAY_WALKING_CO1_DL0 = 0
B_SATURDAY_WALKING_CO1_DL1 = 0
B_SATURDAY_WALKING_CO2_DL0 = 0
B_SATURDAY_WALKING_CO2_DL1 = 0
B_SATURDAY_WALKING_NCO_DL0 = 0
B_SATURDAY_WALKING_NCO_DL1 = 0
B_TIME_ACCESS_CO = -10
B_TIME_ACCESS_NCO_DL0 = -10
B_TIME_ACCESS_NCO_DL1 = -10
B_TIME_BUS_CO2_DL0 = -10
B_TIME_BUS_CO2_DL1 = -10
B_TIME_BUS_NCO1_DL0 = -10
B_TIME_BUS_NCO1_DL1 = -10
B_TIME_INT_WAIT_CO = -10
B_TIME_INT_WAIT_NCO = -10
B_TIME_INT_WALK_CO1 = -10
B_TIME_INT_WALK_CO2_DL0 = 0
B_TIME_INT_WALK_CO2_DL1 = 0
B_TIME_INT_WALK_NCO_DL0 = 0
B_TIME_INT_WALK_NCO_DL1 = 0
B_TIME_RAIL = -10
B_TIME_WALKING_DL0 = -6.50873
B_TIME_WALKING_DL1 = -10
B_WEEKDAY_TRANSIT_CO = -1.5121
B_WEEKDAY_TRANSIT_NCO_DL0 = 0
B_WEEKDAY_TRANSIT_NCO_DL1 = 0
B_WEEKDAY_WALKING_CO1_DL0 = 0
B_WEEKDAY_WALKING_CO1_DL1 = 0
B_WEEKDAY_WALKING_CO2_DL0 = 0
B_WEEKDAY_WALKING_CO2_DL1 = 0
B_WEEKDAY_WALKING_NCO_DL0 = 0
B_WEEKDAY_WALKING_NCO_DL1 = 0
B_WINTER_WALKING_CO1_DL0 = 0
B_WINTER_WALKING_CO1_DL1 = 0
B_WINTER_WALKING_CO2_DL0 = 0
B_WINTER_WALKING_CO2_DL1 = 0
B_WINTER_WALKING_NCO_DL0 = 0
B_WINTER_WALKING_NCO_DL1 = 0
MU_WALKTRANSIT = 5
co0 = 0
co1 = 0
co2 = 1
cost_transit = 6.4
dl0 = 0
dl1 = 1
dur_access = 0.234167
dur_interchange_waiting = 0.0725
dur_interchange_walking = 0.144167
dur_pt_bus = 0
dur_pt_rail = 0.633333
dur_walking = 4.37917
female = 0
purpose_B = 1
purpose_HBE = 0
purpose_HBO = 0
purpose_HBW = 0
self.adult = 1
self.cadult = 1
self.child = 0
self.distance_km = 19.4295
self.interpeak = 1
self.logdistance = 9.87455
self.pmpeak = 1
self.saturday = 0
self.weekday = 1
self.winter = 0
Cannot take the log of a negative number <log(Elem[1](0:0;1:((exp(((((((((((((((((((((((((ASC_TRANSIT_NCO[4] <10671>*dl0[363] <10671>)+(ASC_TRANSIT_NCO[4] <10671>*dl1[364] <10671>))*co0[350] <10671>)+(((ASC_TRANSIT_CO[3] <10671>*dl0[363] <10671>)+(ASC_TRANSIT_CO[3] <10671>*dl1[364] <10671>))*co1[351] <10671>))+(((ASC_TRANSIT_CO[3] <10671>*dl0[363] <10671>)+(ASC_TRANSIT_CO[3] <10671>*dl1[364] <10671>))*co2[352] <10671>))+((((((B_COST_TRANSIT_NCO[26] <10671>*dl0[363] <10671>)+(B_COST_TRANSIT_NCO[26] <10671>*dl1[364] <10671>))*co0[350] <10671>)+(((B_COST_TRANSIT_CO1_DL0[157] <10671>*dl0[363] <10671>)+(B_COST_TRANSIT_CO1_DL1[158] <10671>*dl1[364] <10671>))*co1[351] <10671>))+(((B_COST_TRANSIT_CO2_DL0[159] <10671>*dl0[363] <10671>)+(B_COST_TRANSIT_CO2_DL1[160] <10671>*dl1[364] <10671>))*co2[352] <10671>))*cost_transit[310] <10671>))+((((((B_TIME_ACCESS_NCO_DL0[75] <10671>*dl0[363] <10671>)+(B_TIME_ACCESS_NCO_DL1[76] <10671>*dl1[364] <10671>))*co0[350] <10671>)+(((B_TIME_ACCESS_CO[74] <10671>*dl0[363] <10671>)+(B_TIME_ACCESS_CO[74] <10671>*dl1[364] <10671>))*co1[351] <10671>))+(((B_TIME_ACCESS_CO[74] <10671>*dl0[363] <10671>)+(B_TIME_ACCESS_CO[74] <10671>*dl1[364] <10671>))*co2[352] <10671>))*dur_access[320] <10671>))+((((((B_TIME_RAIL[89] <10671>*dl0[363] <10671>)+(B_TIME_RAIL[89] <10671>*dl1[364] <10671>))*co0[350] <10671>)+(((B_TIME_RAIL[89] <10671>*dl0[363] <10671>)+(B_TIME_RAIL[89] <10671>*dl1[364] <10671>))*co1[351] <10671>))+(((B_TIME_RAIL[89] <10671>*dl0[363] <10671>)+(B_TIME_RAIL[89] <10671>*dl1[364] <10671>))*co2[352] <10671>))*dur_pt_rail[323] <10671>))+((((((B_TIME_BUS_NCO1_DL0[79] <10671>*dl0[363] <10671>)+(B_TIME_BUS_NCO1_DL1[80] <10671>*dl1[364] <10671>))*co0[350] <10671>)+(((B_TIME_BUS_NCO1_DL0[79] <10671>*dl0[363] <10671>)+(B_TIME_BUS_NCO1_DL1[80] <10671>*dl1[364] <10671>))*co1[351] <10671>))+(((B_TIME_BUS_CO2_DL0[77] <10671>*dl0[363] <10671>)+(B_TIME_BUS_CO2_DL1[78] <10671>*dl1[364] <10671>))*co2[352] <10671>))*dur_pt_bus[324] <10671>))+((((((B_TIME_INT_WAIT_NCO[87] <10671>*dl0[363] <10671>)+(B_TIME_INT_WAIT_NCO[87] <10671>*dl1[364] <10671>))*co0[350] <10671>)+(((B_TIME_INT_WAIT_CO[86] <10671>*dl0[363] <10671>)+(B_TIME_INT_WAIT_CO[86] <10671>*dl1[364] <10671>))*co1[351] <10671>))+(((B_TIME_INT_WAIT_CO[86] <10671>*dl0[363] <10671>)+(B_TIME_INT_WAIT_CO[86] <10671>*dl1[364] <10671>))*co2[352] <10671>))*dur_interchange_waiting[321] <10671>))+((((((B_TIME_INT_WALK_NCO_DL0[276] <10671>*dl0[363] <10671>)+(B_TIME_INT_WALK_NCO_DL1[277] <10671>*dl1[364] <10671>))*co0[350] <10671>)+(((B_TIME_INT_WALK_CO1[88] <10671>*dl0[363] <10671>)+(B_TIME_INT_WALK_CO1[88] <10671>*dl1[364] <10671>))*co1[351] <10671>))+(((B_TIME_INT_WALK_CO2_DL0[274] <10671>*dl0[363] <10671>)+(B_TIME_INT_WALK_CO2_DL1[275] <10671>*dl1[364] <10671>))*co2[352] <10671>))*dur_interchange_walking[322] <10671>))+((((((B_PURPOSE_B_TRANSIT_NCO_DL0[209] <10671>*dl0[363] <10671>)+(B_PURPOSE_B_TRANSIT_NCO_DL1[210] <10671>*dl1[364] <10671>))*co0[350] <10671>)+(((B_PURPOSE_B_TRANSIT_CO_DL0[55] <10671>*dl0[363] <10671>)+(B_PURPOSE_B_TRANSIT_CO_DL1[56] <10671>*dl1[364] <10671>))*co1[351] <10671>))+(((B_PURPOSE_B_TRANSIT_CO_DL0[55] <10671>*dl0[363] <10671>)+(B_PURPOSE_B_TRANSIT_CO_DL1[56] <10671>*dl1[364] <10671>))*co2[352] <10671>))*purpose_B[342] <10671>))+((((((B_PURPOSE_HBW_TRANSIT_NCO_DL0[248] <10671>*dl0[363] <10671>)+(B_PURPOSE_HBW_TRANSIT_NCO_DL1[249] <10671>*dl1[364] <10671>))*co0[350] <10671>)+(((B_PURPOSE_HBW_TRANSIT_CO1_DL0[246] <10671>*dl0[363] <10671>)+(B_PURPOSE_HBW_TRANSIT_CO1_DL1[247] <10671>*dl1[364] <10671>))*co1[351] <10671>))+(((B_PURPOSE_HBW_TRANSIT_CO2_DL0[70] <10671>*dl0[363] <10671>)+(B_PURPOSE_HBW_TRANSIT_CO2_DL1[71] <10671>*dl1[364] <10671>))*co2[352] <10671>))*purpose_HBW[328] <10671>))+((((((B_PURPOSE_HBE_TRANSIT_DL0[61] <10671>*dl0[363] <10671>)+(B_PURPOSE_HBE_TRANSIT_NCO1_DL1[218] <10671>*dl1[364] <10671>))*co0[350] <10671>)+(((B_PURPOSE_HBE_TRANSIT_DL0[61] <10671>*dl0[363] <10671>)+(B_PURPOSE_HBE_TRANSIT_NCO1_DL1[218] <10671>*dl1[364] <10671>))*co1[351] <10671>))+(((B_PURPOSE_HBE_TRANSIT_DL0[61] <10671>*dl0[363] <10671>)+(B_PURPOSE_HBE_TRANSIT_CO2_DL1[60] <10671>*dl1[364] <10671>))*co2[352] <10671>))*purpose_HBE[326] <10671>))+((((((B_PURPOSE_HBO_TRANSIT_NCO_DL0[64] <10671>*dl0[363] <10671>)+(B_PURPOSE_HBO_TRANSIT_NCO_DL1[236] <10671>*dl1[364] <10671>))*co0[350] <10671>)+(((B_PURPOSE_HBO_TRANSIT_CO1_DL0[232] <10671>*dl0[363] <10671>)+(B_PURPOSE_HBO_TRANSIT_CO1_DL1[233] <10671>*dl1[364] <10671>))*co1[351] <10671>))+(((B_PURPOSE_HBO_TRANSIT_CO2_DL0[234] <10671>*dl0[363] <10671>)+(B_PURPOSE_HBO_TRANSIT_CO2_DL1[235] <10671>*dl1[364] <10671>))*co2[352] <10671>))*purpose_HBO[327] <10671>))+((((((B_FEMALE_TRANSIT_DL0[38] <10671>*dl0[363] <10671>)+(B_FEMALE_TRANSIT_DL1[39] <10671>*dl1[364] <10671>))*co0[350] <10671>)+(((B_FEMALE_TRANSIT_DL0[38] <10671>*dl0[363] <10671>)+(B_FEMALE_TRANSIT_DL1[39] <10671>*dl1[364] <10671>))*co1[351] <10671>))+(((B_FEMALE_TRANSIT_DL0[38] <10671>*dl0[363] <10671>)+(B_FEMALE_TRANSIT_DL1[39] <10671>*dl1[364] <10671>))*co2[352] <10671>))*female[318] <10671>))+((((((B_CHILD_TRANSIT_NCO_DL0[143] <10671>*dl0[363] <10671>)+(B_CHILD_TRANSIT_NCO_DL1[144] <10671>*dl1[364] <10671>))*co0[350] <10671>)+(((B_CHILD_TRANSIT_CO1_DL0[22] <10671>*dl0[363] <10671>)+(B_CHILD_TRANSIT_CO1_DL1[140] <10671>*dl1[364] <10671>))*co1[351] <10671>))+(((B_CHILD_TRANSIT_CO2_DL0[141] <10671>*dl0[363] <10671>)+(B_CHILD_TRANSIT_CO2_DL1[142] <10671>*dl1[364] <10671>))*co2[352] <10671>))*self.child[355] <10671>))+((((((B_CADULT_TRANSIT_NCO_DL0[16] <10671>*dl0[363] <10671>)+(B_CADULT_TRANSIT_NCO_DL1[17] <10671>*dl1[364] <10671>))*co0[350] <10671>)+(((B_CADULT_TRANSIT_CO1_DL0[122] <10671>*dl0[363] <10671>)+(B_CADULT_TRANSIT_CO1_DL1[123] <10671>*dl1[364] <10671>))*co1[351] <10671>))+(((B_CADULT_TRANSIT_CO2_DL0[124] <10671>*dl0[363] <10671>)+(B_CADULT_TRANSIT_CO2_DL1[125] <10671>*dl1[364] <10671>))*co2[352] <10671>))*self.cadult[356] <10671>))+((((((B_ADULT_TRANSIT_NCO[10] <10671>*dl0[363] <10671>)+(B_ADULT_TRANSIT_NCO[10] <10671>*dl1[364] <10671>))*co0[350] <10671>)+(((B_ADULT_TRANSIT_CO1_DL0[112] <10671>*dl0[363] <10671>)+(B_ADULT_TRANSIT_CO1_DL1[9] <10671>*dl1[364] <10671>))*co1[351] <10671>))+(((B_ADULT_TRANSIT_CO2_DL0[113] <10671>*dl0[363] <10671>)+(B_ADULT_TRANSIT_CO2_DL1[114] <10671>*dl1[364] <10671>))*co2[352] <10671>))*self.adult[357] <10671>))+((((((B_WEEKDAY_TRANSIT_NCO_DL0[280] <10671>*dl0[363] <10671>)+(B_WEEKDAY_TRANSIT_NCO_DL1[281] <10671>*dl1[364] <10671>))*co0[350] <10671>)+(((B_WEEKDAY_TRANSIT_CO[97] <10671>*dl0[363] <10671>)+(B_WEEKDAY_TRANSIT_CO[97] <10671>*dl1[364] <10671>))*co1[351] <10671>))+(((B_WEEKDAY_TRANSIT_CO[97] <10671>*dl0[363] <10671>)+(B_WEEKDAY_TRANSIT_CO[97] <10671>*dl1[364] <10671>))*co2[352] <10671>))*self.weekday[353] <10671>))+((((((B_SATURDAY_TRANSIT_NCO_DL0[261] <10671>*dl0[363] <10671>)+(B_SATURDAY_TRANSIT_NCO_DL1[262] <10671>*dl1[364] <10671>))*co0[350] <10671>)+(((B_SATURDAY_TRANSIT_CO[73] <10671>*dl0[363] <10671>)+(B_SATURDAY_TRANSIT_CO[73] <10671>*dl1[364] <10671>))*co1[351] <10671>))+(((B_SATURDAY_TRANSIT_CO[73] <10671>*dl0[363] <10671>)+(B_SATURDAY_TRANSIT_CO[73] <10671>*dl1[364] <10671>))*co2[352] <10671>))*self.saturday[354] <10671>))+((((((B_PM_PEAK_TRANSIT_NCO_DL0[197] <10671>*dl0[363] <10671>)+(B_PM_PEAK_TRANSIT_NCO_DL1[198] <10671>*dl1[364] <10671>))*co0[350] <10671>)+(((B_PM_PEAK_TRANSIT_CO[52] <10671>*dl0[363] <10671>)+(B_PM_PEAK_TRANSIT_CO[52] <10671>*dl1[364] <10671>))*co1[351] <10671>))+(((B_PM_PEAK_TRANSIT_CO[52] <10671>*dl0[363] <10671>)+(B_PM_PEAK_TRANSIT_CO[52] <10671>*dl1[364] <10671>))*co2[352] <10671>))*self.pmpeak[359] <10671>))+((((((B_DISTANCE_TRANSIT_NCO_DL0[35] <10671>*dl0[363] <10671>)+(B_DISTANCE_TRANSIT_DL1[34] <10671>*dl1[364] <10671>))*co0[350] <10671>)+(((B_DISTANCE_TRANSIT_CO_DL0[33] <10671>*dl0[363] <10671>)+(B_DISTANCE_TRANSIT_DL1[34] <10671>*dl1[364] <10671>))*co1[351] <10671>))+(((B_DISTANCE_TRANSIT_CO_DL0[33] <10671>*dl0[363] <10671>)+(B_DISTANCE_TRANSIT_DL1[34] <10671>*dl1[364] <10671>))*co2[352] <10671>))*self.distance_km[361] <10671>))+((((((B_LOGDISTANCE_TRANSIT_NCO[48] <10671>*dl0[363] <10671>)+(B_LOGDISTANCE_TRANSIT_NCO[48] <10671>*dl1[364] <10671>))*co0[350] <10671>)+(((B_LOGDISTANCE_TRANSIT_CO[47] <10671>*dl0[363] <10671>)+(B_LOGDISTANCE_TRANSIT_CO[47] <10671>*dl1[364] <10671>))*co1[351] <10671>))+(((B_LOGDISTANCE_TRANSIT_CO[47] <10671>*dl0[363] <10671>)+(B_LOGDISTANCE_TRANSIT_CO[47] <10671>*dl1[364] <10671>))*co2[352] <10671>))*self.logdistance[362] <10671>)))^(MU_WALKTRANSIT[100] <10671>-1))*((Elem[1](0:0;1:(exp((((((((((((((((((((((ASC_WALKING_NCO_DL0[105] <10671>*dl0[363] <10671>)+(ASC_WALKING_NCO_DL1[106] <10671>*dl1[364] <10671>))*co0[350] <10671>)+(((ASC_WALKING_CO1_DL0[101] <10671>*dl0[363] <10671>)+(ASC_WALKING_CO1_DL1[102] <10671>*dl1[364] <10671>))*co1[351] <10671>))+(((ASC_WALKING_CO2_DL0[103] <10671>*dl0[363] <10671>)+(ASC_WALKING_CO2_DL1[104] <10671>*dl1[364] <10671>))*co2[352] <10671>))+((((((B_TIME_WALKING_DL0[90] <10671>*dl0[363] <10671>)+(B_TIME_WALKING_DL1[91] <10671>*dl1[364] <10671>))*co0[350] <10671>)+(((B_TIME_WALKING_DL0[90] <10671>*dl0[363] <10671>)+(B_TIME_WALKING_DL1[91] <10671>*dl1[364] <10671>))*co1[351] <10671>))+(((B_TIME_WALKING_DL0[90] <10671>*dl0[363] <10671>)+(B_TIME_WALKING_DL1[91] <10671>*dl1[364] <10671>))*co2[352] <10671>))*dur_walking[306] <10671>))+((((((B_PURPOSE_B_WALKING_NCO_DL0[215] <10671>*dl0[363] <10671>)+(B_PURPOSE_B_WALKING_NCO_DL1[216] <10671>*dl1[364] <10671>))*co0[350] <10671>)+(((B_PURPOSE_B_WALKING_CO1_DL0[211] <10671>*dl0[363] <10671>)+(B_PURPOSE_B_WALKING_CO1_DL1[212] <10671>*dl1[364] <10671>))*co1[351] <10671>))+(((B_PURPOSE_B_WALKING_CO2_DL0[213] <10671>*dl0[363] <10671>)+(B_PURPOSE_B_WALKING_CO2_DL1[214] <10671>*dl1[364] <10671>))*co2[352] <10671>))*purpose_B[342] <10671>))+((((((B_PURPOSE_HBW_WALKING_NCO_DL0[254] <10671>*dl0[363] <10671>)+(B_PURPOSE_HBW_WALKING_NCO_DL1[255] <10671>*dl1[364] <10671>))*co0[350] <10671>)+(((B_PURPOSE_HBW_WALKING_CO1_DL0[250] <10671>*dl0[363] <10671>)+(B_PURPOSE_HBW_WALKING_CO1_DL1[251] <10671>*dl1[364] <10671>))*co1[351] <10671>))+(((B_PURPOSE_HBW_WALKING_CO2_DL0[252] <10671>*dl0[363] <10671>)+(B_PURPOSE_HBW_WALKING_CO2_DL1[253] <10671>*dl1[364] <10671>))*co2[352] <10671>))*purpose_HBW[328] <10671>))+((((((B_PURPOSE_HBE_WALKING_NCO_DL0[223] <10671>*dl0[363] <10671>)+(B_PURPOSE_HBE_WALKING_NCO_DL1[224] <10671>*dl1[364] <10671>))*co0[350] <10671>)+(((B_PURPOSE_HBE_WALKING_CO1_DL0[219] <10671>*dl0[363] <10671>)+(B_PURPOSE_HBE_WALKING_CO1_DL1[220] <10671>*dl1[364] <10671>))*co1[351] <10671>))+(((B_PURPOSE_HBE_WALKING_CO2_DL0[221] <10671>*dl0[363] <10671>)+(B_PURPOSE_HBE_WALKING_CO2_DL1[222] <10671>*dl1[364] <10671>))*co2[352] <10671>))*purpose_HBE[326] <10671>))+((((((B_PURPOSE_HBO_WALKING_NCO_DL0[241] <10671>*dl0[363] <10671>)+(B_PURPOSE_HBO_WALKING_NCO_DL1[242] <10671>*dl1[364] <10671>))*co0[350] <10671>)+(((B_PURPOSE_HBO_WALKING_CO1_DL0[237] <10671>*dl0[363] <10671>)+(B_PURPOSE_HBO_WALKING_CO1_DL1[238] <10671>*dl1[364] <10671>))*co1[351] <10671>))+(((B_PURPOSE_HBO_WALKING_CO2_DL0[239] <10671>*dl0[363] <10671>)+(B_PURPOSE_HBO_WALKING_CO2_DL1[240] <10671>*dl1[364] <10671>))*co2[352] <10671>))*purpose_HBO[327] <10671>))+((((((B_FEMALE_WALKING_NCO_DL0[173] <10671>*dl0[363] <10671>)+(B_FEMALE_WALKING_NCO_DL1[174] <10671>*dl1[364] <10671>))*co0[350] <10671>)+(((B_FEMALE_WALKING_CO1_DL0[169] <10671>*dl0[363] <10671>)+(B_FEMALE_WALKING_CO1_DL1[170] <10671>*dl1[364] <10671>))*co1[351] <10671>))+(((B_FEMALE_WALKING_CO2_DL0[171] <10671>*dl0[363] <10671>)+(B_FEMALE_WALKING_CO2_DL1[172] <10671>*dl1[364] <10671>))*co2[352] <10671>))*female[318] <10671>))+((((((B_WINTER_WALKING_NCO_DL0[297] <10671>*dl0[363] <10671>)+(B_WINTER_WALKING_NCO_DL1[298] <10671>*dl1[364] <10671>))*co0[350] <10671>)+(((B_WINTER_WALKING_CO1_DL0[293] <10671>*dl0[363] <10671>)+(B_WINTER_WALKING_CO1_DL1[294] <10671>*dl1[364] <10671>))*co1[351] <10671>))+(((B_WINTER_WALKING_CO2_DL0[295] <10671>*dl0[363] <10671>)+(B_WINTER_WALKING_CO2_DL1[296] <10671>*dl1[364] <10671>))*co2[352] <10671>))*self.winter[358] <10671>))+((((((B_CHILD_WALKING_NCO_DL0[149] <10671>*dl0[363] <10671>)+(B_CHILD_WALKING_NCO_DL1[150] <10671>*dl1[364] <10671>))*co0[350] <10671>)+(((B_CHILD_WALKING_CO1_DL0[145] <10671>*dl0[363] <10671>)+(B_CHILD_WALKING_CO1_DL1[146] <10671>*dl1[364] <10671>))*co1[351] <10671>))+(((B_CHILD_WALKING_CO2_DL0[147] <10671>*dl0[363] <10671>)+(B_CHILD_WALKING_CO2_DL1[148] <10671>*dl1[364] <10671>))*co2[352] <10671>))*self.child[355] <10671>))+((((((B_CADULT_WALKING_NCO_DL0[130] <10671>*dl0[363] <10671>)+(B_CADULT_WALKING_NCO_DL1[131] <10671>*dl1[364] <10671>))*co0[350] <10671>)+(((B_CADULT_WALKING_CO1_DL0[126] <10671>*dl0[363] <10671>)+(B_CADULT_WALKING_CO1_DL1[127] <10671>*dl1[364] <10671>))*co1[351] <10671>))+(((B_CADULT_WALKING_CO2_DL0[128] <10671>*dl0[363] <10671>)+(B_CADULT_WALKING_CO2_DL1[129] <10671>*dl1[364] <10671>))*co2[352] <10671>))*self.cadult[356] <10671>))+((((((B_ADULT_WALKING_NCO_DL0[119] <10671>*dl0[363] <10671>)+(B_ADULT_WALKING_NCO_DL1[120] <10671>*dl1[364] <10671>))*co0[350] <10671>)+(((B_ADULT_WALKING_CO1_DL0[115] <10671>*dl0[363] <10671>)+(B_ADULT_WALKING_CO1_DL1[116] <10671>*dl1[364] <10671>))*co1[351] <10671>))+(((B_ADULT_WALKING_CO2_DL0[117] <10671>*dl0[363] <10671>)+(B_ADULT_WALKING_CO2_DL1[118] <10671>*dl1[364] <10671>))*co2[352] <10671>))*self.adult[357] <10671>))+((((((B_WEEKDAY_WALKING_NCO_DL0[286] <10671>*dl0[363] <10671>)+(B_WEEKDAY_WALKING_NCO_DL1[287] <10671>*dl1[364] <10671>))*co0[350] <10671>)+(((B_WEEKDAY_WALKING_CO1_DL0[282] <10671>*dl0[363] <10671>)+(B_WEEKDAY_WALKING_CO1_DL1[283] <10671>*dl1[364] <10671>))*co1[351] <10671>))+(((B_WEEKDAY_WALKING_CO2_DL0[284] <10671>*dl0[363] <10671>)+(B_WEEKDAY_WALKING_CO2_DL1[285] <10671>*dl1[364] <10671>))*co2[352] <10671>))*self.weekday[353] <10671>))+((((((B_SATURDAY_WALKING_NCO_DL0[267] <10671>*dl0[363] <10671>)+(B_SATURDAY_WALKING_NCO_DL1[268] <10671>*dl1[364] <10671>))*co0[350] <10671>)+(((B_SATURDAY_WALKING_CO1_DL0[263] <10671>*dl0[363] <10671>)+(B_SATURDAY_WALKING_CO1_DL1[264] <10671>*dl1[364] <10671>))*co1[351] <10671>))+(((B_SATURDAY_WALKING_CO2_DL0[265] <10671>*dl0[363] <10671>)+(B_SATURDAY_WALKING_CO2_DL1[266] <10671>*dl1[364] <10671>))*co2[352] <10671>))*self.saturday[354] <10671>))+((((((B_INTER_PEAK_WALKING_NCO_DL0[187] <10671>*dl0[363] <10671>)+(B_INTER_PEAK_WALKING_NCO_DL1[188] <10671>*dl1[364] <10671>))*co0[350] <10671>)+(((B_INTER_PEAK_WALKING_CO1_DL0[183] <10671>*dl0[363] <10671>)+(B_INTER_PEAK_WALKING_CO1_DL1[184] <10671>*dl1[364] <10671>))*co1[351] <10671>))+(((B_INTER_PEAK_WALKING_CO2_DL0[185] <10671>*dl0[363] <10671>)+(B_INTER_PEAK_WALKING_CO2_DL1[186] <10671>*dl1[364] <10671>))*co2[352] <10671>))*self.interpeak[360] <10671>))+((((((B_PM_PEAK_WALKING_NCO_DL0[203] <10671>*dl0[363] <10671>)+(B_PM_PEAK_WALKING_NCO_DL1[204] <10671>*dl1[364] <10671>))*co0[350] <10671>)+(((B_PM_PEAK_WALKING_CO1_DL0[199] <10671>*dl0[363] <10671>)+(B_PM_PEAK_WALKING_CO1_DL1[200] <10671>*dl1[364] <10671>))*co1[351] <10671>))+(((B_PM_PEAK_WALKING_CO2_DL0[201] <10671>*dl0[363] <10671>)+(B_PM_PEAK_WALKING_CO2_DL1[202] <10671>*dl1[364] <10671>))*co2[352] <10671>))*self.pmpeak[359] <10671>))+((((((B_DISTANCE_WALKING_NCO_DL0[165] <10671>*dl0[363] <10671>)+(B_DISTANCE_WALKING_NCO_DL1[166] <10671>*dl1[364] <10671>))*co0[350] <10671>)+(((B_DISTANCE_WALKING_CO1_DL0[161] <10671>*dl0[363] <10671>)+(B_DISTANCE_WALKING_CO1_DL1[162] <10671>*dl1[364] <10671>))*co1[351] <10671>))+(((B_DISTANCE_WALKING_CO2_DL0[163] <10671>*dl0[363] <10671>)+(B_DISTANCE_WALKING_CO2_DL1[164] <10671>*dl1[364] <10671>))*co2[352] <10671>))*self.distance_km[361] <10671>))+((((((B_LOGDISTANCE_WALKING_NCO_DL0[193] <10671>*dl0[363] <10671>)+(B_LOGDISTANCE_WALKING_NCO_DL1[194] <10671>*dl1[364] <10671>))*co0[350] <10671>)+(((B_LOGDISTANCE_WALKING_CO1_DL0[189] <10671>*dl0[363] <10671>)+(B_LOGDISTANCE_WALKING_CO1_DL1[190] <10671>*dl1[364] <10671>))*co1[351] <10671>))+(((B_LOGDISTANCE_WALKING_CO2_DL0[191] <10671>*dl0[363] <10671>)+(B_LOGDISTANCE_WALKING_CO2_DL1[192] <10671>*dl1[364] <10671>))*co2[352] <10671>))*self.logdistance[362] <10671>)))^MU_WALKTRANSIT[100] <10671>)) + Elem[1](0:0;1:(exp(((((((((((((((((((((((((ASC_TRANSIT_NCO[4] <10671>*dl0[363] <10671>)+(ASC_TRANSIT_NCO[4] <10671>*dl1[364] <10671>))*co0[350] <10671>)+(((ASC_TRANSIT_CO[3] <10671>*dl0[363] <10671>)+(ASC_TRANSIT_CO[3] <10671>*dl1[364] <10671>))*co1[351] <10671>))+(((ASC_TRANSIT_CO[3] <10671>*dl0[363] <10671>)+(ASC_TRANSIT_CO[3] <10671>*dl1[364] <10671>))*co2[352] <10671>))+((((((B_COST_TRANSIT_NCO[26] <10671>*dl0[363] <10671>)+(B_COST_TRANSIT_NCO[26] <10671>*dl1[364] <10671>))*co0[350] <10671>)+(((B_COST_TRANSIT_CO1_DL0[157] <10671>*dl0[363] <10671>)+(B_COST_TRANSIT_CO1_DL1[158] <10671>*dl1[364] <10671>))*co1[351] <10671>))+(((B_COST_TRANSIT_CO2_DL0[159] <10671>*dl0[363] <10671>)+(B_COST_TRANSIT_CO2_DL1[160] <10671>*dl1[364] <10671>))*co2[352] <10671>))*cost_transit[310] <10671>))+((((((B_TIME_ACCESS_NCO_DL0[75] <10671>*dl0[363] <10671>)+(B_TIME_ACCESS_NCO_DL1[76] <10671>*dl1[364] <10671>))*co0[350] <10671>)+(((B_TIME_ACCESS_CO[74] <10671>*dl0[363] <10671>)+(B_TIME_ACCESS_CO[74] <10671>*dl1[364] <10671>))*co1[351] <10671>))+(((B_TIME_ACCESS_CO[74] <10671>*dl0[363] <10671>)+(B_TIME_ACCESS_CO[74] <10671>*dl1[364] <10671>))*co2[352] <10671>))*dur_access[320] <10671>))+((((((B_TIME_RAIL[89] <10671>*dl0[363] <10671>)+(B_TIME_RAIL[89] <10671>*dl1[364] <10671>))*co0[350] <10671>)+(((B_TIME_RAIL[89] <10671>*dl0[363] <10671>)+(B_TIME_RAIL[89] <10671>*dl1[364] <10671>))*co1[351] <10671>))+(((B_TIME_RAIL[89] <10671>*dl0[363] <10671>)+(B_TIME_RAIL[89] <10671>*dl1[364] <10671>))*co2[352] <10671>))*dur_pt_rail[323] <10671>))+((((((B_TIME_BUS_NCO1_DL0[79] <10671>*dl0[363] <10671>)+(B_TIME_BUS_NCO1_DL1[80] <10671>*dl1[364] <10671>))*co0[350] <10671>)+(((B_TIME_BUS_NCO1_DL0[79] <10671>*dl0[363] <10671>)+(B_TIME_BUS_NCO1_DL1[80] <10671>*dl1[364] <10671>))*co1[351] <10671>))+(((B_TIME_BUS_CO2_DL0[77] <10671>*dl0[363] <10671>)+(B_TIME_BUS_CO2_DL1[78] <10671>*dl1[364] <10671>))*co2[352] <10671>))*dur_pt_bus[324] <10671>))+((((((B_TIME_INT_WAIT_NCO[87] <10671>*dl0[363] <10671>)+(B_TIME_INT_WAIT_NCO[87] <10671>*dl1[364] <10671>))*co0[350] <10671>)+(((B_TIME_INT_WAIT_CO[86] <10671>*dl0[363] <10671>)+(B_TIME_INT_WAIT_CO[86] <10671>*dl1[364] <10671>))*co1[351] <10671>))+(((B_TIME_INT_WAIT_CO[86] <10671>*dl0[363] <10671>)+(B_TIME_INT_WAIT_CO[86] <10671>*dl1[364] <10671>))*co2[352] <10671>))*dur_interchange_waiting[321] <10671>))+((((((B_TIME_INT_WALK_NCO_DL0[276] <10671>*dl0[363] <10671>)+(B_TIME_INT_WALK_NCO_DL1[277] <10671>*dl1[364] <10671>))*co0[350] <10671>)+(((B_TIME_INT_WALK_CO1[88] <10671>*dl0[363] <10671>)+(B_TIME_INT_WALK_CO1[88] <10671>*dl1[364] <10671>))*co1[351] <10671>))+(((B_TIME_INT_WALK_CO2_DL0[274] <10671>*dl0[363] <10671>)+(B_TIME_INT_WALK_CO2_DL1[275] <10671>*dl1[364] <10671>))*co2[352] <10671>))*dur_interchange_walking[322] <10671>))+((((((B_PURPOSE_B_TRANSIT_NCO_DL0[209] <10671>*dl0[363] <10671>)+(B_PURPOSE_B_TRANSIT_NCO_DL1[210] <10671>*dl1[364] <10671>))*co0[350] <10671>)+(((B_PURPOSE_B_TRANSIT_CO_DL0[55] <10671>*dl0[363] <10671>)+(B_PURPOSE_B_TRANSIT_CO_DL1[56] <10671>*dl1[364] <10671>))*co1[351] <10671>))+(((B_PURPOSE_B_TRANSIT_CO_DL0[55] <10671>*dl0[363] <10671>)+(B_PURPOSE_B_TRANSIT_CO_DL1[56] <10671>*dl1[364] <10671>))*co2[352] <10671>))*purpose_B[342] <10671>))+((((((B_PURPOSE_HBW_TRANSIT_NCO_DL0[248] <10671>*dl0[363] <10671>)+(B_PURPOSE_HBW_TRANSIT_NCO_DL1[249] <10671>*dl1[364] <10671>))*co0[350] <10671>)+(((B_PURPOSE_HBW_TRANSIT_CO1_DL0[246] <10671>*dl0[363] <10671>)+(B_PURPOSE_HBW_TRANSIT_CO1_DL1[247] <10671>*dl1[364] <10671>))*co1[351] <10671>))+(((B_PURPOSE_HBW_TRANSIT_CO2_DL0[70] <10671>*dl0[363] <10671>)+(B_PURPOSE_HBW_TRANSIT_CO2_DL1[71] <10671>*dl1[364] <10671>))*co2[352] <10671>))*purpose_HBW[328] <10671>))+((((((B_PURPOSE_HBE_TRANSIT_DL0[61] <10671>*dl0[363] <10671>)+(B_PURPOSE_HBE_TRANSIT_NCO1_DL1[218] <10671>*dl1[364] <10671>))*co0[350] <10671>)+(((B_PURPOSE_HBE_TRANSIT_DL0[61] <10671>*dl0[363] <10671>)+(B_PURPOSE_HBE_TRANSIT_NCO1_DL1[218] <10671>*dl1[364] <10671>))*co1[351] <10671>))+(((B_PURPOSE_HBE_TRANSIT_DL0[61] <10671>*dl0[363] <10671>)+(B_PURPOSE_HBE_TRANSIT_CO2_DL1[60] <10671>*dl1[364] <10671>))*co2[352] <10671>))*purpose_HBE[326] <10671>))+((((((B_PURPOSE_HBO_TRANSIT_NCO_DL0[64] <10671>*dl0[363] <10671>)+(B_PURPOSE_HBO_TRANSIT_NCO_DL1[236] <10671>*dl1[364] <10671>))*co0[350] <10671>)+(((B_PURPOSE_HBO_TRANSIT_CO1_DL0[232] <10671>*dl0[363] <10671>)+(B_PURPOSE_HBO_TRANSIT_CO1_DL1[233] <10671>*dl1[364] <10671>))*co1[351] <10671>))+(((B_PURPOSE_HBO_TRANSIT_CO2_DL0[234] <10671>*dl0[363] <10671>)+(B_PURPOSE_HBO_TRANSIT_CO2_DL1[235] <10671>*dl1[364] <10671>))*co2[352] <10671>))*purpose_HBO[327] <10671>))+((((((B_FEMALE_TRANSIT_DL0[38] <10671>*dl0[363] <10671>)+(B_FEMALE_TRANSIT_DL1[39] <10671>*dl1[364] <10671>))*co0[350] <10671>)+(((B_FEMALE_TRANSIT_DL0[38] <10671>*dl0[363] <10671>)+(B_FEMALE_TRANSIT_DL1[39] <10671>*dl1[364] <10671>))*co1[351] <10671>))+(((B_FEMALE_TRANSIT_DL0[38] <10671>*dl0[363] <10671>)+(B_FEMALE_TRANSIT_DL1[39] <10671>*dl1[364] <10671>))*co2[352] <10671>))*female[318] <10671>))+((((((B_CHILD_TRANSIT_NCO_DL0[143] <10671>*dl0[363] <10671>)+(B_CHILD_TRANSIT_NCO_DL1[144] <10671>*dl1[364] <10671>))*co0[350] <10671>)+(((B_CHILD_TRANSIT_CO1_DL0[22] <10671>*dl0[363] <10671>)+(B_CHILD_TRANSIT_CO1_DL1[140] <10671>*dl1[364] <10671>))*co1[351] <10671>))+(((B_CHILD_TRANSIT_CO2_DL0[141] <10671>*dl0[363] <10671>)+(B_CHILD_TRANSIT_CO2_DL1[142] <10671>*dl1[364] <10671>))*co2[352] <10671>))*self.child[355] <10671>))+((((((B_CADULT_TRANSIT_NCO_DL0[16] <10671>*dl0[363] <10671>)+(B_CADULT_TRANSIT_NCO_DL1[17] <10671>*dl1[364] <10671>))*co0[350] <10671>)+(((B_CADULT_TRANSIT_CO1_DL0[122] <10671>*dl0[363] <10671>)+(B_CADULT_TRANSIT_CO1_DL1[123] <10671>*dl1[364] <10671>))*co1[351] <10671>))+(((B_CADULT_TRANSIT_CO2_DL0[124] <10671>*dl0[363] <10671>)+(B_CADULT_TRANSIT_CO2_DL1[125] <10671>*dl1[364] <10671>))*co2[352] <10671>))*self.cadult[356] <10671>))+((((((B_ADULT_TRANSIT_NCO[10] <10671>*dl0[363] <10671>)+(B_ADULT_TRANSIT_NCO[10] <10671>*dl1[364] <10671>))*co0[350] <10671>)+(((B_ADULT_TRANSIT_CO1_DL0[112] <10671>*dl0[363] <10671>)+(B_ADULT_TRANSIT_CO1_DL1[9] <10671>*dl1[364] <10671>))*co1[351] <10671>))+(((B_ADULT_TRANSIT_CO2_DL0[113] <10671>*dl0[363] <10671>)+(B_ADULT_TRANSIT_CO2_DL1[114] <10671>*dl1[364] <10671>))*co2[352] <10671>))*self.adult[357] <10671>))+((((((B_WEEKDAY_TRANSIT_NCO_DL0[280] <10671>*dl0[363] <10671>)+(B_WEEKDAY_TRANSIT_NCO_DL1[281] <10671>*dl1[364] <10671>))*co0[350] <10671>)+(((B_WEEKDAY_TRANSIT_CO[97] <10671>*dl0[363] <10671>)+(B_WEEKDAY_TRANSIT_CO[97] <10671>*dl1[364] <10671>))*co1[351] <10671>))+(((B_WEEKDAY_TRANSIT_CO[97] <10671>*dl0[363] <10671>)+(B_WEEKDAY_TRANSIT_CO[97] <10671>*dl1[364] <10671>))*co2[352] <10671>))*self.weekday[353] <10671>))+((((((B_SATURDAY_TRANSIT_NCO_DL0[261] <10671>*dl0[363] <10671>)+(B_SATURDAY_TRANSIT_NCO_DL1[262] <10671>*dl1[364] <10671>))*co0[350] <10671>)+(((B_SATURDAY_TRANSIT_CO[73] <10671>*dl0[363] <10671>)+(B_SATURDAY_TRANSIT_CO[73] <10671>*dl1[364] <10671>))*co1[351] <10671>))+(((B_SATURDAY_TRANSIT_CO[73] <10671>*dl0[363] <10671>)+(B_SATURDAY_TRANSIT_CO[73] <10671>*dl1[364] <10671>))*co2[352] <10671>))*self.saturday[354] <10671>))+((((((B_PM_PEAK_TRANSIT_NCO_DL0[197] <10671>*dl0[363] <10671>)+(B_PM_PEAK_TRANSIT_NCO_DL1[198] <10671>*dl1[364] <10671>))*co0[350] <10671>)+(((B_PM_PEAK_TRANSIT_CO[52] <10671>*dl0[363] <10671>)+(B_PM_PEAK_TRANSIT_CO[52] <10671>*dl1[364] <10671>))*co1[351] <10671>))+(((B_PM_PEAK_TRANSIT_CO[52] <10671>*dl0[363] <10671>)+(B_PM_PEAK_TRANSIT_CO[52] <10671>*dl1[364] <10671>))*co2[352] <10671>))*self.pmpeak[359] <10671>))+((((((B_DISTANCE_TRANSIT_NCO_DL0[35] <10671>*dl0[363] <10671>)+(B_DISTANCE_TRANSIT_DL1[34] <10671>*dl1[364] <10671>))*co0[350] <10671>)+(((B_DISTANCE_TRANSIT_CO_DL0[33] <10671>*dl0[363] <10671>)+(B_DISTANCE_TRANSIT_DL1[34] <10671>*dl1[364] <10671>))*co1[351] <10671>))+(((B_DISTANCE_TRANSIT_CO_DL0[33] <10671>*dl0[363] <10671>)+(B_DISTANCE_TRANSIT_DL1[34] <10671>*dl1[364] <10671>))*co2[352] <10671>))*self.distance_km[361] <10671>))+((((((B_LOGDISTANCE_TRANSIT_NCO[48] <10671>*dl0[363] <10671>)+(B_LOGDISTANCE_TRANSIT_NCO[48] <10671>*dl1[364] <10671>))*co0[350] <10671>)+(((B_LOGDISTANCE_TRANSIT_CO[47] <10671>*dl0[363] <10671>)+(B_LOGDISTANCE_TRANSIT_CO[47] <10671>*dl1[364] <10671>))*co1[351] <10671>))+(((B_LOGDISTANCE_TRANSIT_CO[47] <10671>*dl0[363] <10671>)+(B_LOGDISTANCE_TRANSIT_CO[47] <10671>*dl1[364] <10671>))*co2[352] <10671>))*self.logdistance[362] <10671>)))^MU_WALKTRANSIT[100] <10671>)))^((1/MU_WALKTRANSIT[100] <10671>)-1)))))>: 0

srun: error: h040: task 0: Exited with exit code 1
srun: Terminating job step 178444.0
Finished at lun aoû 12 23:23:53 CEST 2019
