Lmod has detected the following error: The following module(s) are unknown:
"python/3.6.5"

Please check the spelling or version number. Also try "module spider ..."
It is also possible your cache file is out-of-date; it may help to try:
  $ module --ignore-cache load "python/3.6.5"

Also make sure that all modulefiles written in TCL start with the string
#%Module



Starting optimization of LPMC_Full_big with LS and grad at mar aoû 6 12:14:37 CEST 2019
Train LPMC_Full_big with LS and grad
1/20 done!
2/20 done!
3/20 done!
4/20 done!
5/20 done!
6/20 done!
7/20 done!
8/20 done!
9/20 done!
10/20 done!
11/20 done!
12/20 done!
13/20 done!
14/20 done!
15/20 done!
16/20 done!
srun: Job step aborted: Waiting up to 32 seconds for job step to finish.
slurmstepd: error: *** JOB 173935 ON h213 CANCELLED AT 2019-08-08T00:15:00 DUE TO TIME LIMIT ***
slurmstepd: error: *** STEP 173935.0 ON h213 CANCELLED AT 2019-08-08T00:15:00 DUE TO TIME LIMIT ***
