Starting optimization of LPMC_Nested_Full_M with LS-ABS and hybrid at lun aoû 12 23:10:33 CEST 2019
Train LPMC_Nested_Full_M with LS-ABS and hybrid
/ssoft/spack/paien/v2/opt/spack/linux-rhel7-x86_E5v4_Mellanox/gcc-7.3.0/python-3.6.5-fuxsuhr3v4fh4gdkw6xrvnctzn2meygg/lib/python3.6/site-packages/scipy/optimize/linesearch.py:313: LineSearchWarning: The line search algorithm did not converge
  warn('The line search algorithm did not converge', LineSearchWarning)
/ssoft/spack/paien/v2/opt/spack/linux-rhel7-x86_E5v4_Mellanox/gcc-7.3.0/python-3.6.5-fuxsuhr3v4fh4gdkw6xrvnctzn2meygg/lib/python3.6/site-packages/scipy/optimize/linesearch.py:422: LineSearchWarning: Rounding errors prevent the line search from converging
  warn(msg, LineSearchWarning)
/ssoft/spack/paien/v2/opt/spack/linux-rhel7-x86_E5v4_Mellanox/gcc-7.3.0/python-3.6.5-fuxsuhr3v4fh4gdkw6xrvnctzn2meygg/lib/python3.6/site-packages/scipy/optimize/linesearch.py:462: LineSearchWarning: The line search algorithm did not converge
  warn('The line search algorithm did not converge', LineSearchWarning)
1/20 done!
2/20 done!
3/20 done!
4/20 done!
5/20 done!
6/20 done!
7/20 done!
8/20 done!
9/20 done!
10/20 done!
11/20 done!
12/20 done!
13/20 done!
14/20 done!
15/20 done!
16/20 done!
srun: Job step aborted: Waiting up to 32 seconds for job step to finish.
slurmstepd: error: *** STEP 178426.0 ON h133 CANCELLED AT 2019-08-14T16:38:37 ***
slurmstepd: error: *** JOB 178426 ON h133 CANCELLED AT 2019-08-14T16:38:37 ***
