Starting optimization of LPMC_Nested_Full_M with TR and hess at lun aoû 12 23:10:33 CEST 2019
Train LPMC_Nested_Full_M with TR and hess
1/20 done!
2/20 done!
3/20 done!
4/20 done!
5/20 done!
6/20 done!
7/20 done!
8/20 done!
9/20 done!
10/20 done!
11/20 done!
12/20 done!
13/20 done!
14/20 done!
15/20 done!
16/20 done!
17/20 done!
srun: Job step aborted: Waiting up to 32 seconds for job step to finish.
slurmstepd: error: *** STEP 178417.0 ON h109 CANCELLED AT 2019-08-14T16:38:20 ***
slurmstepd: error: *** JOB 178417 ON h109 CANCELLED AT 2019-08-14T16:38:20 ***
