Starting optimization of LPMC_Nested_Full_M with LS-ABS and grad at lun aoû 12 23:10:33 CEST 2019
Train LPMC_Nested_Full_M with LS-ABS and grad
Traceback (most recent call last):
  File "LS-ABS_grad.py", line 30, in <module>
    tmp = model.optimize(ioa, **{'verbose': False, 'nbr_epochs': 1000, 'batch': 1000})
  File "../../models/LPMC_Nested_Full.py", line 826, in optimize
    return algo.solve(maximize=True)
  File "../../algos/OptAlg.py", line 214, in solve
    xk_new = self.alg_type.update_xk(xk, fk, gk, Bk, f, fprime, self.dir, self.fs)
  File "../../algos/types/LineSearch.py", line 34, in update_xk
    alpha = self.compute_alpha(f, fprime, xk, direction, fs)
  File "../../algos/types/LineSearch.py", line 24, in compute_alpha
    alpha = ls_wolfe12(f, fprime, xk, direction, gk, fs[-1], old_old_fval)
  File "../../algos/types/helpers.py", line 17, in ls_wolfe12
    old_fval, old_old_fval)
  File "/ssoft/spack/paien/v2/opt/spack/linux-rhel7-x86_E5v4_Mellanox/gcc-7.3.0/python-3.6.5-fuxsuhr3v4fh4gdkw6xrvnctzn2meygg/lib/python3.6/site-packages/scipy/optimize/linesearch.py", line 101, in line_search_wolfe1
    c1=c1, c2=c2, amax=amax, amin=amin, xtol=xtol)
  File "/ssoft/spack/paien/v2/opt/spack/linux-rhel7-x86_E5v4_Mellanox/gcc-7.3.0/python-3.6.5-fuxsuhr3v4fh4gdkw6xrvnctzn2meygg/lib/python3.6/site-packages/scipy/optimize/linesearch.py", line 174, in scalar_search_wolfe1
    phi1 = phi(stp)
  File "/ssoft/spack/paien/v2/opt/spack/linux-rhel7-x86_E5v4_Mellanox/gcc-7.3.0/python-3.6.5-fuxsuhr3v4fh4gdkw6xrvnctzn2meygg/lib/python3.6/site-packages/scipy/optimize/linesearch.py", line 87, in phi
    return f(xk + s*pk, *args)
  File "../../algos/directions/Gradient.py", line 32, in f
    return self.mult * self.f(x)
  File "../../algos/directions/Direction.py", line 15, in <lambda>
    self.f = lambda x: self.biogeme.calculateLikelihood(x)
  File "/home/glederre/pybio/lib/python3.6/site-packages/biogeme/biogeme.py", line 250, in calculateLikelihood
    f = self.theC.calculateLikelihood(x,self.fixedBetaValues)
  File "src/cbiogeme.pyx", line 93, in biogeme.cbiogeme.pyBiogeme.calculateLikelihood
RuntimeError: src/biogeme.cc:296: Biogeme exception: Error for data entry 283 : src/bioExprLog.cc:51: Biogeme exception: Current values of the literals: 
ASC_TRANSIT_CO = -100
ASC_TRANSIT_NCO = 5.90812
ASC_WALKING_CO1_DL0 = 0
ASC_WALKING_CO1_DL1 = 0
ASC_WALKING_CO2_DL0 = 0
ASC_WALKING_CO2_DL1 = 0
ASC_WALKING_NCO_DL0 = 0
ASC_WALKING_NCO_DL1 = 0
B_ADULT_TRANSIT_CO1_DL0 = 0
B_ADULT_TRANSIT_CO1_DL1 = -10
B_ADULT_TRANSIT_CO2_DL0 = 0
B_ADULT_TRANSIT_CO2_DL1 = 0
B_ADULT_TRANSIT_NCO = -1.96053
B_ADULT_WALKING_CO1_DL0 = 0
B_ADULT_WALKING_CO1_DL1 = 0
B_ADULT_WALKING_CO2_DL0 = 0
B_ADULT_WALKING_CO2_DL1 = 0
B_ADULT_WALKING_NCO_DL0 = 0
B_ADULT_WALKING_NCO_DL1 = 0
B_CADULT_TRANSIT_CO1_DL0 = 0
B_CADULT_TRANSIT_CO1_DL1 = 0
B_CADULT_TRANSIT_CO2_DL0 = 0
B_CADULT_TRANSIT_CO2_DL1 = 0
B_CADULT_TRANSIT_NCO_DL0 = -0.1559
B_CADULT_TRANSIT_NCO_DL1 = 1.22053
B_CADULT_WALKING_CO1_DL0 = 0
B_CADULT_WALKING_CO1_DL1 = 0
B_CADULT_WALKING_CO2_DL0 = 0
B_CADULT_WALKING_CO2_DL1 = 0
B_CADULT_WALKING_NCO_DL0 = 0
B_CADULT_WALKING_NCO_DL1 = 0
B_CHILD_TRANSIT_CO1_DL0 = -10
B_CHILD_TRANSIT_CO1_DL1 = 0
B_CHILD_TRANSIT_CO2_DL0 = 0
B_CHILD_TRANSIT_CO2_DL1 = 0
B_CHILD_TRANSIT_NCO_DL0 = 0
B_CHILD_TRANSIT_NCO_DL1 = 0
B_CHILD_WALKING_CO1_DL0 = 0
B_CHILD_WALKING_CO1_DL1 = 0
B_CHILD_WALKING_CO2_DL0 = 0
B_CHILD_WALKING_CO2_DL1 = 0
B_CHILD_WALKING_NCO_DL0 = 0
B_CHILD_WALKING_NCO_DL1 = 0
B_COST_TRANSIT_CO1_DL0 = 0
B_COST_TRANSIT_CO1_DL1 = 0
B_COST_TRANSIT_CO2_DL0 = 0
B_COST_TRANSIT_CO2_DL1 = 0
B_COST_TRANSIT_NCO = -7.15954
B_DISTANCE_TRANSIT_CO_DL0 = 10
B_DISTANCE_TRANSIT_DL1 = -10
B_DISTANCE_TRANSIT_NCO_DL0 = 10
B_DISTANCE_WALKING_CO1_DL0 = 0
B_DISTANCE_WALKING_CO1_DL1 = 0
B_DISTANCE_WALKING_CO2_DL0 = 0
B_DISTANCE_WALKING_CO2_DL1 = 0
B_DISTANCE_WALKING_NCO_DL0 = 0
B_DISTANCE_WALKING_NCO_DL1 = 0
B_FEMALE_TRANSIT_DL0 = -2.18423
B_FEMALE_TRANSIT_DL1 = -10
B_FEMALE_WALKING_CO1_DL0 = 0
B_FEMALE_WALKING_CO1_DL1 = 0
B_FEMALE_WALKING_CO2_DL0 = 0
B_FEMALE_WALKING_CO2_DL1 = 0
B_FEMALE_WALKING_NCO_DL0 = 0
B_FEMALE_WALKING_NCO_DL1 = 0
B_INTER_PEAK_WALKING_CO1_DL0 = 0
B_INTER_PEAK_WALKING_CO1_DL1 = 0
B_INTER_PEAK_WALKING_CO2_DL0 = 0
B_INTER_PEAK_WALKING_CO2_DL1 = 0
B_INTER_PEAK_WALKING_NCO_DL0 = 0
B_INTER_PEAK_WALKING_NCO_DL1 = 0
B_LOGDISTANCE_TRANSIT_CO = -10
B_LOGDISTANCE_TRANSIT_NCO = 10
B_LOGDISTANCE_WALKING_CO1_DL0 = 0
B_LOGDISTANCE_WALKING_CO1_DL1 = 0
B_LOGDISTANCE_WALKING_CO2_DL0 = 0
B_LOGDISTANCE_WALKING_CO2_DL1 = 0
B_LOGDISTANCE_WALKING_NCO_DL0 = 0
B_LOGDISTANCE_WALKING_NCO_DL1 = 0
B_PM_PEAK_TRANSIT_CO = -10
B_PM_PEAK_TRANSIT_NCO_DL0 = 0
B_PM_PEAK_TRANSIT_NCO_DL1 = 0
B_PM_PEAK_WALKING_CO1_DL0 = 0
B_PM_PEAK_WALKING_CO1_DL1 = 0
B_PM_PEAK_WALKING_CO2_DL0 = 0
B_PM_PEAK_WALKING_CO2_DL1 = 0
B_PM_PEAK_WALKING_NCO_DL0 = 0
B_PM_PEAK_WALKING_NCO_DL1 = 0
B_PURPOSE_B_TRANSIT_CO_DL0 = 1.40467
B_PURPOSE_B_TRANSIT_CO_DL1 = -2.98057
B_PURPOSE_B_TRANSIT_NCO_DL0 = 0
B_PURPOSE_B_TRANSIT_NCO_DL1 = 0
B_PURPOSE_B_WALKING_CO1_DL0 = 0
B_PURPOSE_B_WALKING_CO1_DL1 = 0
B_PURPOSE_B_WALKING_CO2_DL0 = 0
B_PURPOSE_B_WALKING_CO2_DL1 = 0
B_PURPOSE_B_WALKING_NCO_DL0 = 0
B_PURPOSE_B_WALKING_NCO_DL1 = 0
B_PURPOSE_HBE_TRANSIT_CO2_DL1 = -3.455
B_PURPOSE_HBE_TRANSIT_DL0 = -8.93536
B_PURPOSE_HBE_TRANSIT_NCO1_DL1 = 0
B_PURPOSE_HBE_WALKING_CO1_DL0 = 0
B_PURPOSE_HBE_WALKING_CO1_DL1 = 0
B_PURPOSE_HBE_WALKING_CO2_DL0 = 0
B_PURPOSE_HBE_WALKING_CO2_DL1 = 0
B_PURPOSE_HBE_WALKING_NCO_DL0 = 0
B_PURPOSE_HBE_WALKING_NCO_DL1 = 0
B_PURPOSE_HBO_TRANSIT_CO1_DL0 = 0
B_PURPOSE_HBO_TRANSIT_CO1_DL1 = 0
B_PURPOSE_HBO_TRANSIT_CO2_DL0 = 0
B_PURPOSE_HBO_TRANSIT_CO2_DL1 = 0
B_PURPOSE_HBO_TRANSIT_NCO_DL0 = 10
B_PURPOSE_HBO_TRANSIT_NCO_DL1 = 0
B_PURPOSE_HBO_WALKING_CO1_DL0 = 0
B_PURPOSE_HBO_WALKING_CO1_DL1 = 0
B_PURPOSE_HBO_WALKING_CO2_DL0 = 0
B_PURPOSE_HBO_WALKING_CO2_DL1 = 0
B_PURPOSE_HBO_WALKING_NCO_DL0 = 0
B_PURPOSE_HBO_WALKING_NCO_DL1 = 0
B_PURPOSE_HBW_TRANSIT_CO1_DL0 = 0
B_PURPOSE_HBW_TRANSIT_CO1_DL1 = 0
B_PURPOSE_HBW_TRANSIT_CO2_DL0 = 0.000572384
B_PURPOSE_HBW_TRANSIT_CO2_DL1 = -9.19768
B_PURPOSE_HBW_TRANSIT_NCO_DL0 = 0
B_PURPOSE_HBW_TRANSIT_NCO_DL1 = 0
B_PURPOSE_HBW_WALKING_CO1_DL0 = 0
B_PURPOSE_HBW_WALKING_CO1_DL1 = 0
B_PURPOSE_HBW_WALKING_CO2_DL0 = 0
B_PURPOSE_HBW_WALKING_CO2_DL1 = 0
B_PURPOSE_HBW_WALKING_NCO_DL0 = 0
B_PURPOSE_HBW_WALKING_NCO_DL1 = 0
B_SATURDAY_TRANSIT_CO = -10
B_SATURDAY_TRANSIT_NCO_DL0 = 0
B_SATURDAY_TRANSIT_NCO_DL1 = 0
B_SATURDAY_WALKING_CO1_DL0 = 0
B_SATURDAY_WALKING_CO1_DL1 = 0
B_SATURDAY_WALKING_CO2_DL0 = 0
B_SATURDAY_WALKING_CO2_DL1 = 0
B_SATURDAY_WALKING_NCO_DL0 = 0
B_SATURDAY_WALKING_NCO_DL1 = 0
B_TIME_ACCESS_CO = -10
B_TIME_ACCESS_NCO_DL0 = 2.3923
B_TIME_ACCESS_NCO_DL1 = -0.242782
B_TIME_BUS_CO2_DL0 = 0.588802
B_TIME_BUS_CO2_DL1 = -10
B_TIME_BUS_NCO1_DL0 = 7.13274
B_TIME_BUS_NCO1_DL1 = -6.45868
B_TIME_INT_WAIT_CO = -3.04035
B_TIME_INT_WAIT_NCO = -0.514437
B_TIME_INT_WALK_CO1 = -0.0845469
B_TIME_INT_WALK_CO2_DL0 = 0
B_TIME_INT_WALK_CO2_DL1 = 0
B_TIME_INT_WALK_NCO_DL0 = 0
B_TIME_INT_WALK_NCO_DL1 = 0
B_TIME_RAIL = 2.91225
B_TIME_WALKING_DL0 = -10
B_TIME_WALKING_DL1 = -8.81159
B_WEEKDAY_TRANSIT_CO = -10
B_WEEKDAY_TRANSIT_NCO_DL0 = 0
B_WEEKDAY_TRANSIT_NCO_DL1 = 0
B_WEEKDAY_WALKING_CO1_DL0 = 0
B_WEEKDAY_WALKING_CO1_DL1 = 0
B_WEEKDAY_WALKING_CO2_DL0 = 0
B_WEEKDAY_WALKING_CO2_DL1 = 0
B_WEEKDAY_WALKING_NCO_DL0 = 0
B_WEEKDAY_WALKING_NCO_DL1 = 0
B_WINTER_WALKING_CO1_DL0 = 0
B_WINTER_WALKING_CO1_DL1 = 0
B_WINTER_WALKING_CO2_DL0 = 0
B_WINTER_WALKING_CO2_DL1 = 0
B_WINTER_WALKING_NCO_DL0 = 0
B_WINTER_WALKING_NCO_DL1 = 0
MU_WALKTRANSIT = 5
co0 = 0
co1 = 0
co2 = 1
cost_transit = 1.5
dl0 = 0
dl1 = 1
dur_access = 0.48
dur_interchange_waiting = 0
dur_interchange_walking = 0
dur_pt_bus = 0
dur_pt_rail = 0.3
dur_walking = 2.92417
female = 1
purpose_B = 0
purpose_HBE = 0
purpose_HBO = 0
purpose_HBW = 0
self.adult = 1
self.cadult = 1
self.child = 0
self.distance_km = 12.7149
self.interpeak = 1
self.logdistance = 9.45053
self.pmpeak = 0
self.saturday = 0
self.weekday = 1
self.winter = 0
Cannot take the log of a negative number <log(Elem[1](0:0;1:((exp(((((((((((((((((((((((((ASC_TRANSIT_NCO[4] <283>*dl0[363] <283>)+(ASC_TRANSIT_NCO[4] <283>*dl1[364] <283>))*co0[350] <283>)+(((ASC_TRANSIT_CO[3] <283>*dl0[363] <283>)+(ASC_TRANSIT_CO[3] <283>*dl1[364] <283>))*co1[351] <283>))+(((ASC_TRANSIT_CO[3] <283>*dl0[363] <283>)+(ASC_TRANSIT_CO[3] <283>*dl1[364] <283>))*co2[352] <283>))+((((((B_COST_TRANSIT_NCO[26] <283>*dl0[363] <283>)+(B_COST_TRANSIT_NCO[26] <283>*dl1[364] <283>))*co0[350] <283>)+(((B_COST_TRANSIT_CO1_DL0[157] <283>*dl0[363] <283>)+(B_COST_TRANSIT_CO1_DL1[158] <283>*dl1[364] <283>))*co1[351] <283>))+(((B_COST_TRANSIT_CO2_DL0[159] <283>*dl0[363] <283>)+(B_COST_TRANSIT_CO2_DL1[160] <283>*dl1[364] <283>))*co2[352] <283>))*cost_transit[310] <283>))+((((((B_TIME_ACCESS_NCO_DL0[75] <283>*dl0[363] <283>)+(B_TIME_ACCESS_NCO_DL1[76] <283>*dl1[364] <283>))*co0[350] <283>)+(((B_TIME_ACCESS_CO[74] <283>*dl0[363] <283>)+(B_TIME_ACCESS_CO[74] <283>*dl1[364] <283>))*co1[351] <283>))+(((B_TIME_ACCESS_CO[74] <283>*dl0[363] <283>)+(B_TIME_ACCESS_CO[74] <283>*dl1[364] <283>))*co2[352] <283>))*dur_access[320] <283>))+((((((B_TIME_RAIL[89] <283>*dl0[363] <283>)+(B_TIME_RAIL[89] <283>*dl1[364] <283>))*co0[350] <283>)+(((B_TIME_RAIL[89] <283>*dl0[363] <283>)+(B_TIME_RAIL[89] <283>*dl1[364] <283>))*co1[351] <283>))+(((B_TIME_RAIL[89] <283>*dl0[363] <283>)+(B_TIME_RAIL[89] <283>*dl1[364] <283>))*co2[352] <283>))*dur_pt_rail[323] <283>))+((((((B_TIME_BUS_NCO1_DL0[79] <283>*dl0[363] <283>)+(B_TIME_BUS_NCO1_DL1[80] <283>*dl1[364] <283>))*co0[350] <283>)+(((B_TIME_BUS_NCO1_DL0[79] <283>*dl0[363] <283>)+(B_TIME_BUS_NCO1_DL1[80] <283>*dl1[364] <283>))*co1[351] <283>))+(((B_TIME_BUS_CO2_DL0[77] <283>*dl0[363] <283>)+(B_TIME_BUS_CO2_DL1[78] <283>*dl1[364] <283>))*co2[352] <283>))*dur_pt_bus[324] <283>))+((((((B_TIME_INT_WAIT_NCO[87] <283>*dl0[363] <283>)+(B_TIME_INT_WAIT_NCO[87] <283>*dl1[364] <283>))*co0[350] <283>)+(((B_TIME_INT_WAIT_CO[86] <283>*dl0[363] <283>)+(B_TIME_INT_WAIT_CO[86] <283>*dl1[364] <283>))*co1[351] <283>))+(((B_TIME_INT_WAIT_CO[86] <283>*dl0[363] <283>)+(B_TIME_INT_WAIT_CO[86] <283>*dl1[364] <283>))*co2[352] <283>))*dur_interchange_waiting[321] <283>))+((((((B_TIME_INT_WALK_NCO_DL0[276] <283>*dl0[363] <283>)+(B_TIME_INT_WALK_NCO_DL1[277] <283>*dl1[364] <283>))*co0[350] <283>)+(((B_TIME_INT_WALK_CO1[88] <283>*dl0[363] <283>)+(B_TIME_INT_WALK_CO1[88] <283>*dl1[364] <283>))*co1[351] <283>))+(((B_TIME_INT_WALK_CO2_DL0[274] <283>*dl0[363] <283>)+(B_TIME_INT_WALK_CO2_DL1[275] <283>*dl1[364] <283>))*co2[352] <283>))*dur_interchange_walking[322] <283>))+((((((B_PURPOSE_B_TRANSIT_NCO_DL0[209] <283>*dl0[363] <283>)+(B_PURPOSE_B_TRANSIT_NCO_DL1[210] <283>*dl1[364] <283>))*co0[350] <283>)+(((B_PURPOSE_B_TRANSIT_CO_DL0[55] <283>*dl0[363] <283>)+(B_PURPOSE_B_TRANSIT_CO_DL1[56] <283>*dl1[364] <283>))*co1[351] <283>))+(((B_PURPOSE_B_TRANSIT_CO_DL0[55] <283>*dl0[363] <283>)+(B_PURPOSE_B_TRANSIT_CO_DL1[56] <283>*dl1[364] <283>))*co2[352] <283>))*purpose_B[342] <283>))+((((((B_PURPOSE_HBW_TRANSIT_NCO_DL0[248] <283>*dl0[363] <283>)+(B_PURPOSE_HBW_TRANSIT_NCO_DL1[249] <283>*dl1[364] <283>))*co0[350] <283>)+(((B_PURPOSE_HBW_TRANSIT_CO1_DL0[246] <283>*dl0[363] <283>)+(B_PURPOSE_HBW_TRANSIT_CO1_DL1[247] <283>*dl1[364] <283>))*co1[351] <283>))+(((B_PURPOSE_HBW_TRANSIT_CO2_DL0[70] <283>*dl0[363] <283>)+(B_PURPOSE_HBW_TRANSIT_CO2_DL1[71] <283>*dl1[364] <283>))*co2[352] <283>))*purpose_HBW[328] <283>))+((((((B_PURPOSE_HBE_TRANSIT_DL0[61] <283>*dl0[363] <283>)+(B_PURPOSE_HBE_TRANSIT_NCO1_DL1[218] <283>*dl1[364] <283>))*co0[350] <283>)+(((B_PURPOSE_HBE_TRANSIT_DL0[61] <283>*dl0[363] <283>)+(B_PURPOSE_HBE_TRANSIT_NCO1_DL1[218] <283>*dl1[364] <283>))*co1[351] <283>))+(((B_PURPOSE_HBE_TRANSIT_DL0[61] <283>*dl0[363] <283>)+(B_PURPOSE_HBE_TRANSIT_CO2_DL1[60] <283>*dl1[364] <283>))*co2[352] <283>))*purpose_HBE[326] <283>))+((((((B_PURPOSE_HBO_TRANSIT_NCO_DL0[64] <283>*dl0[363] <283>)+(B_PURPOSE_HBO_TRANSIT_NCO_DL1[236] <283>*dl1[364] <283>))*co0[350] <283>)+(((B_PURPOSE_HBO_TRANSIT_CO1_DL0[232] <283>*dl0[363] <283>)+(B_PURPOSE_HBO_TRANSIT_CO1_DL1[233] <283>*dl1[364] <283>))*co1[351] <283>))+(((B_PURPOSE_HBO_TRANSIT_CO2_DL0[234] <283>*dl0[363] <283>)+(B_PURPOSE_HBO_TRANSIT_CO2_DL1[235] <283>*dl1[364] <283>))*co2[352] <283>))*purpose_HBO[327] <283>))+((((((B_FEMALE_TRANSIT_DL0[38] <283>*dl0[363] <283>)+(B_FEMALE_TRANSIT_DL1[39] <283>*dl1[364] <283>))*co0[350] <283>)+(((B_FEMALE_TRANSIT_DL0[38] <283>*dl0[363] <283>)+(B_FEMALE_TRANSIT_DL1[39] <283>*dl1[364] <283>))*co1[351] <283>))+(((B_FEMALE_TRANSIT_DL0[38] <283>*dl0[363] <283>)+(B_FEMALE_TRANSIT_DL1[39] <283>*dl1[364] <283>))*co2[352] <283>))*female[318] <283>))+((((((B_CHILD_TRANSIT_NCO_DL0[143] <283>*dl0[363] <283>)+(B_CHILD_TRANSIT_NCO_DL1[144] <283>*dl1[364] <283>))*co0[350] <283>)+(((B_CHILD_TRANSIT_CO1_DL0[22] <283>*dl0[363] <283>)+(B_CHILD_TRANSIT_CO1_DL1[140] <283>*dl1[364] <283>))*co1[351] <283>))+(((B_CHILD_TRANSIT_CO2_DL0[141] <283>*dl0[363] <283>)+(B_CHILD_TRANSIT_CO2_DL1[142] <283>*dl1[364] <283>))*co2[352] <283>))*self.child[355] <283>))+((((((B_CADULT_TRANSIT_NCO_DL0[16] <283>*dl0[363] <283>)+(B_CADULT_TRANSIT_NCO_DL1[17] <283>*dl1[364] <283>))*co0[350] <283>)+(((B_CADULT_TRANSIT_CO1_DL0[122] <283>*dl0[363] <283>)+(B_CADULT_TRANSIT_CO1_DL1[123] <283>*dl1[364] <283>))*co1[351] <283>))+(((B_CADULT_TRANSIT_CO2_DL0[124] <283>*dl0[363] <283>)+(B_CADULT_TRANSIT_CO2_DL1[125] <283>*dl1[364] <283>))*co2[352] <283>))*self.cadult[356] <283>))+((((((B_ADULT_TRANSIT_NCO[10] <283>*dl0[363] <283>)+(B_ADULT_TRANSIT_NCO[10] <283>*dl1[364] <283>))*co0[350] <283>)+(((B_ADULT_TRANSIT_CO1_DL0[112] <283>*dl0[363] <283>)+(B_ADULT_TRANSIT_CO1_DL1[9] <283>*dl1[364] <283>))*co1[351] <283>))+(((B_ADULT_TRANSIT_CO2_DL0[113] <283>*dl0[363] <283>)+(B_ADULT_TRANSIT_CO2_DL1[114] <283>*dl1[364] <283>))*co2[352] <283>))*self.adult[357] <283>))+((((((B_WEEKDAY_TRANSIT_NCO_DL0[280] <283>*dl0[363] <283>)+(B_WEEKDAY_TRANSIT_NCO_DL1[281] <283>*dl1[364] <283>))*co0[350] <283>)+(((B_WEEKDAY_TRANSIT_CO[97] <283>*dl0[363] <283>)+(B_WEEKDAY_TRANSIT_CO[97] <283>*dl1[364] <283>))*co1[351] <283>))+(((B_WEEKDAY_TRANSIT_CO[97] <283>*dl0[363] <283>)+(B_WEEKDAY_TRANSIT_CO[97] <283>*dl1[364] <283>))*co2[352] <283>))*self.weekday[353] <283>))+((((((B_SATURDAY_TRANSIT_NCO_DL0[261] <283>*dl0[363] <283>)+(B_SATURDAY_TRANSIT_NCO_DL1[262] <283>*dl1[364] <283>))*co0[350] <283>)+(((B_SATURDAY_TRANSIT_CO[73] <283>*dl0[363] <283>)+(B_SATURDAY_TRANSIT_CO[73] <283>*dl1[364] <283>))*co1[351] <283>))+(((B_SATURDAY_TRANSIT_CO[73] <283>*dl0[363] <283>)+(B_SATURDAY_TRANSIT_CO[73] <283>*dl1[364] <283>))*co2[352] <283>))*self.saturday[354] <283>))+((((((B_PM_PEAK_TRANSIT_NCO_DL0[197] <283>*dl0[363] <283>)+(B_PM_PEAK_TRANSIT_NCO_DL1[198] <283>*dl1[364] <283>))*co0[350] <283>)+(((B_PM_PEAK_TRANSIT_CO[52] <283>*dl0[363] <283>)+(B_PM_PEAK_TRANSIT_CO[52] <283>*dl1[364] <283>))*co1[351] <283>))+(((B_PM_PEAK_TRANSIT_CO[52] <283>*dl0[363] <283>)+(B_PM_PEAK_TRANSIT_CO[52] <283>*dl1[364] <283>))*co2[352] <283>))*self.pmpeak[359] <283>))+((((((B_DISTANCE_TRANSIT_NCO_DL0[35] <283>*dl0[363] <283>)+(B_DISTANCE_TRANSIT_DL1[34] <283>*dl1[364] <283>))*co0[350] <283>)+(((B_DISTANCE_TRANSIT_CO_DL0[33] <283>*dl0[363] <283>)+(B_DISTANCE_TRANSIT_DL1[34] <283>*dl1[364] <283>))*co1[351] <283>))+(((B_DISTANCE_TRANSIT_CO_DL0[33] <283>*dl0[363] <283>)+(B_DISTANCE_TRANSIT_DL1[34] <283>*dl1[364] <283>))*co2[352] <283>))*self.distance_km[361] <283>))+((((((B_LOGDISTANCE_TRANSIT_NCO[48] <283>*dl0[363] <283>)+(B_LOGDISTANCE_TRANSIT_NCO[48] <283>*dl1[364] <283>))*co0[350] <283>)+(((B_LOGDISTANCE_TRANSIT_CO[47] <283>*dl0[363] <283>)+(B_LOGDISTANCE_TRANSIT_CO[47] <283>*dl1[364] <283>))*co1[351] <283>))+(((B_LOGDISTANCE_TRANSIT_CO[47] <283>*dl0[363] <283>)+(B_LOGDISTANCE_TRANSIT_CO[47] <283>*dl1[364] <283>))*co2[352] <283>))*self.logdistance[362] <283>)))^(MU_WALKTRANSIT[100] <283>-1))*((Elem[1](0:0;1:(exp((((((((((((((((((((((ASC_WALKING_NCO_DL0[105] <283>*dl0[363] <283>)+(ASC_WALKING_NCO_DL1[106] <283>*dl1[364] <283>))*co0[350] <283>)+(((ASC_WALKING_CO1_DL0[101] <283>*dl0[363] <283>)+(ASC_WALKING_CO1_DL1[102] <283>*dl1[364] <283>))*co1[351] <283>))+(((ASC_WALKING_CO2_DL0[103] <283>*dl0[363] <283>)+(ASC_WALKING_CO2_DL1[104] <283>*dl1[364] <283>))*co2[352] <283>))+((((((B_TIME_WALKING_DL0[90] <283>*dl0[363] <283>)+(B_TIME_WALKING_DL1[91] <283>*dl1[364] <283>))*co0[350] <283>)+(((B_TIME_WALKING_DL0[90] <283>*dl0[363] <283>)+(B_TIME_WALKING_DL1[91] <283>*dl1[364] <283>))*co1[351] <283>))+(((B_TIME_WALKING_DL0[90] <283>*dl0[363] <283>)+(B_TIME_WALKING_DL1[91] <283>*dl1[364] <283>))*co2[352] <283>))*dur_walking[306] <283>))+((((((B_PURPOSE_B_WALKING_NCO_DL0[215] <283>*dl0[363] <283>)+(B_PURPOSE_B_WALKING_NCO_DL1[216] <283>*dl1[364] <283>))*co0[350] <283>)+(((B_PURPOSE_B_WALKING_CO1_DL0[211] <283>*dl0[363] <283>)+(B_PURPOSE_B_WALKING_CO1_DL1[212] <283>*dl1[364] <283>))*co1[351] <283>))+(((B_PURPOSE_B_WALKING_CO2_DL0[213] <283>*dl0[363] <283>)+(B_PURPOSE_B_WALKING_CO2_DL1[214] <283>*dl1[364] <283>))*co2[352] <283>))*purpose_B[342] <283>))+((((((B_PURPOSE_HBW_WALKING_NCO_DL0[254] <283>*dl0[363] <283>)+(B_PURPOSE_HBW_WALKING_NCO_DL1[255] <283>*dl1[364] <283>))*co0[350] <283>)+(((B_PURPOSE_HBW_WALKING_CO1_DL0[250] <283>*dl0[363] <283>)+(B_PURPOSE_HBW_WALKING_CO1_DL1[251] <283>*dl1[364] <283>))*co1[351] <283>))+(((B_PURPOSE_HBW_WALKING_CO2_DL0[252] <283>*dl0[363] <283>)+(B_PURPOSE_HBW_WALKING_CO2_DL1[253] <283>*dl1[364] <283>))*co2[352] <283>))*purpose_HBW[328] <283>))+((((((B_PURPOSE_HBE_WALKING_NCO_DL0[223] <283>*dl0[363] <283>)+(B_PURPOSE_HBE_WALKING_NCO_DL1[224] <283>*dl1[364] <283>))*co0[350] <283>)+(((B_PURPOSE_HBE_WALKING_CO1_DL0[219] <283>*dl0[363] <283>)+(B_PURPOSE_HBE_WALKING_CO1_DL1[220] <283>*dl1[364] <283>))*co1[351] <283>))+(((B_PURPOSE_HBE_WALKING_CO2_DL0[221] <283>*dl0[363] <283>)+(B_PURPOSE_HBE_WALKING_CO2_DL1[222] <283>*dl1[364] <283>))*co2[352] <283>))*purpose_HBE[326] <283>))+((((((B_PURPOSE_HBO_WALKING_NCO_DL0[241] <283>*dl0[363] <283>)+(B_PURPOSE_HBO_WALKING_NCO_DL1[242] <283>*dl1[364] <283>))*co0[350] <283>)+(((B_PURPOSE_HBO_WALKING_CO1_DL0[237] <283>*dl0[363] <283>)+(B_PURPOSE_HBO_WALKING_CO1_DL1[238] <283>*dl1[364] <283>))*co1[351] <283>))+(((B_PURPOSE_HBO_WALKING_CO2_DL0[239] <283>*dl0[363] <283>)+(B_PURPOSE_HBO_WALKING_CO2_DL1[240] <283>*dl1[364] <283>))*co2[352] <283>))*purpose_HBO[327] <283>))+((((((B_FEMALE_WALKING_NCO_DL0[173] <283>*dl0[363] <283>)+(B_FEMALE_WALKING_NCO_DL1[174] <283>*dl1[364] <283>))*co0[350] <283>)+(((B_FEMALE_WALKING_CO1_DL0[169] <283>*dl0[363] <283>)+(B_FEMALE_WALKING_CO1_DL1[170] <283>*dl1[364] <283>))*co1[351] <283>))+(((B_FEMALE_WALKING_CO2_DL0[171] <283>*dl0[363] <283>)+(B_FEMALE_WALKING_CO2_DL1[172] <283>*dl1[364] <283>))*co2[352] <283>))*female[318] <283>))+((((((B_WINTER_WALKING_NCO_DL0[297] <283>*dl0[363] <283>)+(B_WINTER_WALKING_NCO_DL1[298] <283>*dl1[364] <283>))*co0[350] <283>)+(((B_WINTER_WALKING_CO1_DL0[293] <283>*dl0[363] <283>)+(B_WINTER_WALKING_CO1_DL1[294] <283>*dl1[364] <283>))*co1[351] <283>))+(((B_WINTER_WALKING_CO2_DL0[295] <283>*dl0[363] <283>)+(B_WINTER_WALKING_CO2_DL1[296] <283>*dl1[364] <283>))*co2[352] <283>))*self.winter[358] <283>))+((((((B_CHILD_WALKING_NCO_DL0[149] <283>*dl0[363] <283>)+(B_CHILD_WALKING_NCO_DL1[150] <283>*dl1[364] <283>))*co0[350] <283>)+(((B_CHILD_WALKING_CO1_DL0[145] <283>*dl0[363] <283>)+(B_CHILD_WALKING_CO1_DL1[146] <283>*dl1[364] <283>))*co1[351] <283>))+(((B_CHILD_WALKING_CO2_DL0[147] <283>*dl0[363] <283>)+(B_CHILD_WALKING_CO2_DL1[148] <283>*dl1[364] <283>))*co2[352] <283>))*self.child[355] <283>))+((((((B_CADULT_WALKING_NCO_DL0[130] <283>*dl0[363] <283>)+(B_CADULT_WALKING_NCO_DL1[131] <283>*dl1[364] <283>))*co0[350] <283>)+(((B_CADULT_WALKING_CO1_DL0[126] <283>*dl0[363] <283>)+(B_CADULT_WALKING_CO1_DL1[127] <283>*dl1[364] <283>))*co1[351] <283>))+(((B_CADULT_WALKING_CO2_DL0[128] <283>*dl0[363] <283>)+(B_CADULT_WALKING_CO2_DL1[129] <283>*dl1[364] <283>))*co2[352] <283>))*self.cadult[356] <283>))+((((((B_ADULT_WALKING_NCO_DL0[119] <283>*dl0[363] <283>)+(B_ADULT_WALKING_NCO_DL1[120] <283>*dl1[364] <283>))*co0[350] <283>)+(((B_ADULT_WALKING_CO1_DL0[115] <283>*dl0[363] <283>)+(B_ADULT_WALKING_CO1_DL1[116] <283>*dl1[364] <283>))*co1[351] <283>))+(((B_ADULT_WALKING_CO2_DL0[117] <283>*dl0[363] <283>)+(B_ADULT_WALKING_CO2_DL1[118] <283>*dl1[364] <283>))*co2[352] <283>))*self.adult[357] <283>))+((((((B_WEEKDAY_WALKING_NCO_DL0[286] <283>*dl0[363] <283>)+(B_WEEKDAY_WALKING_NCO_DL1[287] <283>*dl1[364] <283>))*co0[350] <283>)+(((B_WEEKDAY_WALKING_CO1_DL0[282] <283>*dl0[363] <283>)+(B_WEEKDAY_WALKING_CO1_DL1[283] <283>*dl1[364] <283>))*co1[351] <283>))+(((B_WEEKDAY_WALKING_CO2_DL0[284] <283>*dl0[363] <283>)+(B_WEEKDAY_WALKING_CO2_DL1[285] <283>*dl1[364] <283>))*co2[352] <283>))*self.weekday[353] <283>))+((((((B_SATURDAY_WALKING_NCO_DL0[267] <283>*dl0[363] <283>)+(B_SATURDAY_WALKING_NCO_DL1[268] <283>*dl1[364] <283>))*co0[350] <283>)+(((B_SATURDAY_WALKING_CO1_DL0[263] <283>*dl0[363] <283>)+(B_SATURDAY_WALKING_CO1_DL1[264] <283>*dl1[364] <283>))*co1[351] <283>))+(((B_SATURDAY_WALKING_CO2_DL0[265] <283>*dl0[363] <283>)+(B_SATURDAY_WALKING_CO2_DL1[266] <283>*dl1[364] <283>))*co2[352] <283>))*self.saturday[354] <283>))+((((((B_INTER_PEAK_WALKING_NCO_DL0[187] <283>*dl0[363] <283>)+(B_INTER_PEAK_WALKING_NCO_DL1[188] <283>*dl1[364] <283>))*co0[350] <283>)+(((B_INTER_PEAK_WALKING_CO1_DL0[183] <283>*dl0[363] <283>)+(B_INTER_PEAK_WALKING_CO1_DL1[184] <283>*dl1[364] <283>))*co1[351] <283>))+(((B_INTER_PEAK_WALKING_CO2_DL0[185] <283>*dl0[363] <283>)+(B_INTER_PEAK_WALKING_CO2_DL1[186] <283>*dl1[364] <283>))*co2[352] <283>))*self.interpeak[360] <283>))+((((((B_PM_PEAK_WALKING_NCO_DL0[203] <283>*dl0[363] <283>)+(B_PM_PEAK_WALKING_NCO_DL1[204] <283>*dl1[364] <283>))*co0[350] <283>)+(((B_PM_PEAK_WALKING_CO1_DL0[199] <283>*dl0[363] <283>)+(B_PM_PEAK_WALKING_CO1_DL1[200] <283>*dl1[364] <283>))*co1[351] <283>))+(((B_PM_PEAK_WALKING_CO2_DL0[201] <283>*dl0[363] <283>)+(B_PM_PEAK_WALKING_CO2_DL1[202] <283>*dl1[364] <283>))*co2[352] <283>))*self.pmpeak[359] <283>))+((((((B_DISTANCE_WALKING_NCO_DL0[165] <283>*dl0[363] <283>)+(B_DISTANCE_WALKING_NCO_DL1[166] <283>*dl1[364] <283>))*co0[350] <283>)+(((B_DISTANCE_WALKING_CO1_DL0[161] <283>*dl0[363] <283>)+(B_DISTANCE_WALKING_CO1_DL1[162] <283>*dl1[364] <283>))*co1[351] <283>))+(((B_DISTANCE_WALKING_CO2_DL0[163] <283>*dl0[363] <283>)+(B_DISTANCE_WALKING_CO2_DL1[164] <283>*dl1[364] <283>))*co2[352] <283>))*self.distance_km[361] <283>))+((((((B_LOGDISTANCE_WALKING_NCO_DL0[193] <283>*dl0[363] <283>)+(B_LOGDISTANCE_WALKING_NCO_DL1[194] <283>*dl1[364] <283>))*co0[350] <283>)+(((B_LOGDISTANCE_WALKING_CO1_DL0[189] <283>*dl0[363] <283>)+(B_LOGDISTANCE_WALKING_CO1_DL1[190] <283>*dl1[364] <283>))*co1[351] <283>))+(((B_LOGDISTANCE_WALKING_CO2_DL0[191] <283>*dl0[363] <283>)+(B_LOGDISTANCE_WALKING_CO2_DL1[192] <283>*dl1[364] <283>))*co2[352] <283>))*self.logdistance[362] <283>)))^MU_WALKTRANSIT[100] <283>)) + Elem[1](0:0;1:(exp(((((((((((((((((((((((((ASC_TRANSIT_NCO[4] <283>*dl0[363] <283>)+(ASC_TRANSIT_NCO[4] <283>*dl1[364] <283>))*co0[350] <283>)+(((ASC_TRANSIT_CO[3] <283>*dl0[363] <283>)+(ASC_TRANSIT_CO[3] <283>*dl1[364] <283>))*co1[351] <283>))+(((ASC_TRANSIT_CO[3] <283>*dl0[363] <283>)+(ASC_TRANSIT_CO[3] <283>*dl1[364] <283>))*co2[352] <283>))+((((((B_COST_TRANSIT_NCO[26] <283>*dl0[363] <283>)+(B_COST_TRANSIT_NCO[26] <283>*dl1[364] <283>))*co0[350] <283>)+(((B_COST_TRANSIT_CO1_DL0[157] <283>*dl0[363] <283>)+(B_COST_TRANSIT_CO1_DL1[158] <283>*dl1[364] <283>))*co1[351] <283>))+(((B_COST_TRANSIT_CO2_DL0[159] <283>*dl0[363] <283>)+(B_COST_TRANSIT_CO2_DL1[160] <283>*dl1[364] <283>))*co2[352] <283>))*cost_transit[310] <283>))+((((((B_TIME_ACCESS_NCO_DL0[75] <283>*dl0[363] <283>)+(B_TIME_ACCESS_NCO_DL1[76] <283>*dl1[364] <283>))*co0[350] <283>)+(((B_TIME_ACCESS_CO[74] <283>*dl0[363] <283>)+(B_TIME_ACCESS_CO[74] <283>*dl1[364] <283>))*co1[351] <283>))+(((B_TIME_ACCESS_CO[74] <283>*dl0[363] <283>)+(B_TIME_ACCESS_CO[74] <283>*dl1[364] <283>))*co2[352] <283>))*dur_access[320] <283>))+((((((B_TIME_RAIL[89] <283>*dl0[363] <283>)+(B_TIME_RAIL[89] <283>*dl1[364] <283>))*co0[350] <283>)+(((B_TIME_RAIL[89] <283>*dl0[363] <283>)+(B_TIME_RAIL[89] <283>*dl1[364] <283>))*co1[351] <283>))+(((B_TIME_RAIL[89] <283>*dl0[363] <283>)+(B_TIME_RAIL[89] <283>*dl1[364] <283>))*co2[352] <283>))*dur_pt_rail[323] <283>))+((((((B_TIME_BUS_NCO1_DL0[79] <283>*dl0[363] <283>)+(B_TIME_BUS_NCO1_DL1[80] <283>*dl1[364] <283>))*co0[350] <283>)+(((B_TIME_BUS_NCO1_DL0[79] <283>*dl0[363] <283>)+(B_TIME_BUS_NCO1_DL1[80] <283>*dl1[364] <283>))*co1[351] <283>))+(((B_TIME_BUS_CO2_DL0[77] <283>*dl0[363] <283>)+(B_TIME_BUS_CO2_DL1[78] <283>*dl1[364] <283>))*co2[352] <283>))*dur_pt_bus[324] <283>))+((((((B_TIME_INT_WAIT_NCO[87] <283>*dl0[363] <283>)+(B_TIME_INT_WAIT_NCO[87] <283>*dl1[364] <283>))*co0[350] <283>)+(((B_TIME_INT_WAIT_CO[86] <283>*dl0[363] <283>)+(B_TIME_INT_WAIT_CO[86] <283>*dl1[364] <283>))*co1[351] <283>))+(((B_TIME_INT_WAIT_CO[86] <283>*dl0[363] <283>)+(B_TIME_INT_WAIT_CO[86] <283>*dl1[364] <283>))*co2[352] <283>))*dur_interchange_waiting[321] <283>))+((((((B_TIME_INT_WALK_NCO_DL0[276] <283>*dl0[363] <283>)+(B_TIME_INT_WALK_NCO_DL1[277] <283>*dl1[364] <283>))*co0[350] <283>)+(((B_TIME_INT_WALK_CO1[88] <283>*dl0[363] <283>)+(B_TIME_INT_WALK_CO1[88] <283>*dl1[364] <283>))*co1[351] <283>))+(((B_TIME_INT_WALK_CO2_DL0[274] <283>*dl0[363] <283>)+(B_TIME_INT_WALK_CO2_DL1[275] <283>*dl1[364] <283>))*co2[352] <283>))*dur_interchange_walking[322] <283>))+((((((B_PURPOSE_B_TRANSIT_NCO_DL0[209] <283>*dl0[363] <283>)+(B_PURPOSE_B_TRANSIT_NCO_DL1[210] <283>*dl1[364] <283>))*co0[350] <283>)+(((B_PURPOSE_B_TRANSIT_CO_DL0[55] <283>*dl0[363] <283>)+(B_PURPOSE_B_TRANSIT_CO_DL1[56] <283>*dl1[364] <283>))*co1[351] <283>))+(((B_PURPOSE_B_TRANSIT_CO_DL0[55] <283>*dl0[363] <283>)+(B_PURPOSE_B_TRANSIT_CO_DL1[56] <283>*dl1[364] <283>))*co2[352] <283>))*purpose_B[342] <283>))+((((((B_PURPOSE_HBW_TRANSIT_NCO_DL0[248] <283>*dl0[363] <283>)+(B_PURPOSE_HBW_TRANSIT_NCO_DL1[249] <283>*dl1[364] <283>))*co0[350] <283>)+(((B_PURPOSE_HBW_TRANSIT_CO1_DL0[246] <283>*dl0[363] <283>)+(B_PURPOSE_HBW_TRANSIT_CO1_DL1[247] <283>*dl1[364] <283>))*co1[351] <283>))+(((B_PURPOSE_HBW_TRANSIT_CO2_DL0[70] <283>*dl0[363] <283>)+(B_PURPOSE_HBW_TRANSIT_CO2_DL1[71] <283>*dl1[364] <283>))*co2[352] <283>))*purpose_HBW[328] <283>))+((((((B_PURPOSE_HBE_TRANSIT_DL0[61] <283>*dl0[363] <283>)+(B_PURPOSE_HBE_TRANSIT_NCO1_DL1[218] <283>*dl1[364] <283>))*co0[350] <283>)+(((B_PURPOSE_HBE_TRANSIT_DL0[61] <283>*dl0[363] <283>)+(B_PURPOSE_HBE_TRANSIT_NCO1_DL1[218] <283>*dl1[364] <283>))*co1[351] <283>))+(((B_PURPOSE_HBE_TRANSIT_DL0[61] <283>*dl0[363] <283>)+(B_PURPOSE_HBE_TRANSIT_CO2_DL1[60] <283>*dl1[364] <283>))*co2[352] <283>))*purpose_HBE[326] <283>))+((((((B_PURPOSE_HBO_TRANSIT_NCO_DL0[64] <283>*dl0[363] <283>)+(B_PURPOSE_HBO_TRANSIT_NCO_DL1[236] <283>*dl1[364] <283>))*co0[350] <283>)+(((B_PURPOSE_HBO_TRANSIT_CO1_DL0[232] <283>*dl0[363] <283>)+(B_PURPOSE_HBO_TRANSIT_CO1_DL1[233] <283>*dl1[364] <283>))*co1[351] <283>))+(((B_PURPOSE_HBO_TRANSIT_CO2_DL0[234] <283>*dl0[363] <283>)+(B_PURPOSE_HBO_TRANSIT_CO2_DL1[235] <283>*dl1[364] <283>))*co2[352] <283>))*purpose_HBO[327] <283>))+((((((B_FEMALE_TRANSIT_DL0[38] <283>*dl0[363] <283>)+(B_FEMALE_TRANSIT_DL1[39] <283>*dl1[364] <283>))*co0[350] <283>)+(((B_FEMALE_TRANSIT_DL0[38] <283>*dl0[363] <283>)+(B_FEMALE_TRANSIT_DL1[39] <283>*dl1[364] <283>))*co1[351] <283>))+(((B_FEMALE_TRANSIT_DL0[38] <283>*dl0[363] <283>)+(B_FEMALE_TRANSIT_DL1[39] <283>*dl1[364] <283>))*co2[352] <283>))*female[318] <283>))+((((((B_CHILD_TRANSIT_NCO_DL0[143] <283>*dl0[363] <283>)+(B_CHILD_TRANSIT_NCO_DL1[144] <283>*dl1[364] <283>))*co0[350] <283>)+(((B_CHILD_TRANSIT_CO1_DL0[22] <283>*dl0[363] <283>)+(B_CHILD_TRANSIT_CO1_DL1[140] <283>*dl1[364] <283>))*co1[351] <283>))+(((B_CHILD_TRANSIT_CO2_DL0[141] <283>*dl0[363] <283>)+(B_CHILD_TRANSIT_CO2_DL1[142] <283>*dl1[364] <283>))*co2[352] <283>))*self.child[355] <283>))+((((((B_CADULT_TRANSIT_NCO_DL0[16] <283>*dl0[363] <283>)+(B_CADULT_TRANSIT_NCO_DL1[17] <283>*dl1[364] <283>))*co0[350] <283>)+(((B_CADULT_TRANSIT_CO1_DL0[122] <283>*dl0[363] <283>)+(B_CADULT_TRANSIT_CO1_DL1[123] <283>*dl1[364] <283>))*co1[351] <283>))+(((B_CADULT_TRANSIT_CO2_DL0[124] <283>*dl0[363] <283>)+(B_CADULT_TRANSIT_CO2_DL1[125] <283>*dl1[364] <283>))*co2[352] <283>))*self.cadult[356] <283>))+((((((B_ADULT_TRANSIT_NCO[10] <283>*dl0[363] <283>)+(B_ADULT_TRANSIT_NCO[10] <283>*dl1[364] <283>))*co0[350] <283>)+(((B_ADULT_TRANSIT_CO1_DL0[112] <283>*dl0[363] <283>)+(B_ADULT_TRANSIT_CO1_DL1[9] <283>*dl1[364] <283>))*co1[351] <283>))+(((B_ADULT_TRANSIT_CO2_DL0[113] <283>*dl0[363] <283>)+(B_ADULT_TRANSIT_CO2_DL1[114] <283>*dl1[364] <283>))*co2[352] <283>))*self.adult[357] <283>))+((((((B_WEEKDAY_TRANSIT_NCO_DL0[280] <283>*dl0[363] <283>)+(B_WEEKDAY_TRANSIT_NCO_DL1[281] <283>*dl1[364] <283>))*co0[350] <283>)+(((B_WEEKDAY_TRANSIT_CO[97] <283>*dl0[363] <283>)+(B_WEEKDAY_TRANSIT_CO[97] <283>*dl1[364] <283>))*co1[351] <283>))+(((B_WEEKDAY_TRANSIT_CO[97] <283>*dl0[363] <283>)+(B_WEEKDAY_TRANSIT_CO[97] <283>*dl1[364] <283>))*co2[352] <283>))*self.weekday[353] <283>))+((((((B_SATURDAY_TRANSIT_NCO_DL0[261] <283>*dl0[363] <283>)+(B_SATURDAY_TRANSIT_NCO_DL1[262] <283>*dl1[364] <283>))*co0[350] <283>)+(((B_SATURDAY_TRANSIT_CO[73] <283>*dl0[363] <283>)+(B_SATURDAY_TRANSIT_CO[73] <283>*dl1[364] <283>))*co1[351] <283>))+(((B_SATURDAY_TRANSIT_CO[73] <283>*dl0[363] <283>)+(B_SATURDAY_TRANSIT_CO[73] <283>*dl1[364] <283>))*co2[352] <283>))*self.saturday[354] <283>))+((((((B_PM_PEAK_TRANSIT_NCO_DL0[197] <283>*dl0[363] <283>)+(B_PM_PEAK_TRANSIT_NCO_DL1[198] <283>*dl1[364] <283>))*co0[350] <283>)+(((B_PM_PEAK_TRANSIT_CO[52] <283>*dl0[363] <283>)+(B_PM_PEAK_TRANSIT_CO[52] <283>*dl1[364] <283>))*co1[351] <283>))+(((B_PM_PEAK_TRANSIT_CO[52] <283>*dl0[363] <283>)+(B_PM_PEAK_TRANSIT_CO[52] <283>*dl1[364] <283>))*co2[352] <283>))*self.pmpeak[359] <283>))+((((((B_DISTANCE_TRANSIT_NCO_DL0[35] <283>*dl0[363] <283>)+(B_DISTANCE_TRANSIT_DL1[34] <283>*dl1[364] <283>))*co0[350] <283>)+(((B_DISTANCE_TRANSIT_CO_DL0[33] <283>*dl0[363] <283>)+(B_DISTANCE_TRANSIT_DL1[34] <283>*dl1[364] <283>))*co1[351] <283>))+(((B_DISTANCE_TRANSIT_CO_DL0[33] <283>*dl0[363] <283>)+(B_DISTANCE_TRANSIT_DL1[34] <283>*dl1[364] <283>))*co2[352] <283>))*self.distance_km[361] <283>))+((((((B_LOGDISTANCE_TRANSIT_NCO[48] <283>*dl0[363] <283>)+(B_LOGDISTANCE_TRANSIT_NCO[48] <283>*dl1[364] <283>))*co0[350] <283>)+(((B_LOGDISTANCE_TRANSIT_CO[47] <283>*dl0[363] <283>)+(B_LOGDISTANCE_TRANSIT_CO[47] <283>*dl1[364] <283>))*co1[351] <283>))+(((B_LOGDISTANCE_TRANSIT_CO[47] <283>*dl0[363] <283>)+(B_LOGDISTANCE_TRANSIT_CO[47] <283>*dl1[364] <283>))*co2[352] <283>))*self.logdistance[362] <283>)))^MU_WALKTRANSIT[100] <283>)))^((1/MU_WALKTRANSIT[100] <283>)-1)))))>: 0

srun: error: h107: task 0: Exited with exit code 1
srun: Terminating job step 178415.0
Finished at lun aoû 12 23:11:26 CEST 2019
