/var/spool/slurmd/job189116/slurm_script: line 9: /home/glederre/bio_env/bin/activate: No such file or directory
Starting optimization of LPMC_MNL_RR_L with TR and hess at mar aoû 20 17:01:40 CEST 2019
Train LPMC_MNL_RR_L with TR and hess
1/20 done!
2/20 done!
3/20 done!
4/20 done!
5/20 done!
6/20 done!
7/20 done!
8/20 done!
9/20 done!
10/20 done!
11/20 done!
12/20 done!
13/20 done!
14/20 done!
15/20 done!
16/20 done!
17/20 done!
18/20 done!
19/20 done!
20/20 done!
Finished at mar aoû 20 17:25:32 CEST 2019
