/var/spool/slurmd/job189134/slurm_script: line 9: /home/glederre/bio_env/bin/activate: No such file or directory
Starting optimization of LPMC_MNL_Full_L with TR-ABS and bfgs at mar aoû 20 17:10:30 CEST 2019
Train LPMC_MNL_Full_L with TR-ABS and bfgs
../../algos/directions/BFGS.py:54: RuntimeWarning: divide by zero encountered in double_scalars
  alpha = 1. / np.dot(yk.T, sk)
../../algos/directions/BFGS.py:62: RuntimeWarning: divide by zero encountered in double_scalars
  beta = -1 / np.dot(sk.T, np.dot(Bk, sk))
1/20 done!
2/20 done!
3/20 done!
4/20 done!
5/20 done!
6/20 done!
7/20 done!
8/20 done!
9/20 done!
10/20 done!
11/20 done!
12/20 done!
13/20 done!
14/20 done!
15/20 done!
slurmstepd: error: *** STEP 189134.0 ON h083 CANCELLED AT 2019-08-22T05:10:39 DUE TO TIME LIMIT ***
srun: Job step aborted: Waiting up to 32 seconds for job step to finish.
slurmstepd: error: *** JOB 189134 ON h083 CANCELLED AT 2019-08-22T05:10:39 DUE TO TIME LIMIT ***
