Starting optimization of LPMC_Nested_Full_S with TR-ABS and bfgs at lun aoû 12 23:10:23 CEST 2019
Train LPMC_Nested_Full_S with TR-ABS and bfgs
../../algos/directions/BFGS.py:53: RuntimeWarning: divide by zero encountered in double_scalars
  alpha = 1. / np.dot(yk.T, sk)
../../algos/directions/BFGS.py:61: RuntimeWarning: divide by zero encountered in double_scalars
  beta = -1 / np.dot(sk.T, np.dot(Bk, sk))
1/20 done!
2/20 done!
3/20 done!
4/20 done!
5/20 done!
6/20 done!
7/20 done!
8/20 done!
9/20 done!
10/20 done!
11/20 done!
12/20 done!
13/20 done!
14/20 done!
15/20 done!
16/20 done!
17/20 done!
srun: Job step aborted: Waiting up to 32 seconds for job step to finish.
slurmstepd: error: *** JOB 178407 ON h071 CANCELLED AT 2019-08-14T16:38:44 ***
slurmstepd: error: *** STEP 178407.0 ON h071 CANCELLED AT 2019-08-14T16:38:44 ***
