Starting optimization of LPMC_Nested_Full_S with LS-ABS and bfgs at lun aoû 12 14:26:55 CEST 2019
Train LPMC_Nested_Full_S with LS-ABS and bfgs
Traceback (most recent call last):
  File "LS-ABS_bfgs.py", line 30, in <module>
    tmp = model.optimize(ioa, **{'verbose': False, 'nbr_epochs': 1000, 'batch': 1000})
  File "../../models/LPMC_Nested_Full.py", line 826, in optimize
    return algo.solve(maximize=True)
  File "../../algos/OptAlg.py", line 215, in solve
    xk_new = self.alg_type.update_xk(xk, fk, gk, Bk, f, fprime, self.dir, self.fs)
  File "../../algos/types/LineSearch.py", line 34, in update_xk
    alpha = self.compute_alpha(f, fprime, xk, direction, fs)
  File "../../algos/types/LineSearch.py", line 24, in compute_alpha
    alpha = ls_wolfe12(f, fprime, xk, direction, gk, fs[-1], old_old_fval)
  File "../../algos/types/helpers.py", line 17, in ls_wolfe12
    old_fval, old_old_fval)
  File "/ssoft/spack/paien/v2/opt/spack/linux-rhel7-x86_E5v4_Mellanox/gcc-7.3.0/python-3.6.5-fuxsuhr3v4fh4gdkw6xrvnctzn2meygg/lib/python3.6/site-packages/scipy/optimize/linesearch.py", line 101, in line_search_wolfe1
    c1=c1, c2=c2, amax=amax, amin=amin, xtol=xtol)
  File "/ssoft/spack/paien/v2/opt/spack/linux-rhel7-x86_E5v4_Mellanox/gcc-7.3.0/python-3.6.5-fuxsuhr3v4fh4gdkw6xrvnctzn2meygg/lib/python3.6/site-packages/scipy/optimize/linesearch.py", line 174, in scalar_search_wolfe1
    phi1 = phi(stp)
  File "/ssoft/spack/paien/v2/opt/spack/linux-rhel7-x86_E5v4_Mellanox/gcc-7.3.0/python-3.6.5-fuxsuhr3v4fh4gdkw6xrvnctzn2meygg/lib/python3.6/site-packages/scipy/optimize/linesearch.py", line 87, in phi
    return f(xk + s*pk, *args)
  File "../../algos/directions/BFGS.py", line 36, in f
    return self.mult * self.f(x)
  File "../../algos/directions/Direction.py", line 15, in <lambda>
    self.f = lambda x: self.biogeme.calculateLikelihood(x)
  File "/home/glederre/pybio/lib/python3.6/site-packages/biogeme/biogeme.py", line 250, in calculateLikelihood
    f = self.theC.calculateLikelihood(x,self.fixedBetaValues)
  File "src/cbiogeme.pyx", line 93, in biogeme.cbiogeme.pyBiogeme.calculateLikelihood
RuntimeError: src/biogeme.cc:296: Biogeme exception: Error for data entry 1 : src/bioExprLog.cc:51: Biogeme exception: Current values of the literals: 
ASC_TRANSIT_CO = -15.0859
ASC_TRANSIT_NCO = -9.41147
ASC_WALKING_CO1_DL0 = 0
ASC_WALKING_CO1_DL1 = 0
ASC_WALKING_CO2_DL0 = 0
ASC_WALKING_CO2_DL1 = 0
ASC_WALKING_NCO_DL0 = 0
ASC_WALKING_NCO_DL1 = 0
B_ADULT_TRANSIT_CO1_DL0 = 0
B_ADULT_TRANSIT_CO1_DL1 = -7.88267
B_ADULT_TRANSIT_CO2_DL0 = 0
B_ADULT_TRANSIT_CO2_DL1 = 0
B_ADULT_TRANSIT_NCO = -10
B_ADULT_WALKING_CO1_DL0 = 0
B_ADULT_WALKING_CO1_DL1 = 0
B_ADULT_WALKING_CO2_DL0 = 0
B_ADULT_WALKING_CO2_DL1 = 0
B_ADULT_WALKING_NCO_DL0 = 0
B_ADULT_WALKING_NCO_DL1 = 0
B_CADULT_TRANSIT_CO1_DL0 = 0
B_CADULT_TRANSIT_CO1_DL1 = 0
B_CADULT_TRANSIT_CO2_DL0 = 0
B_CADULT_TRANSIT_CO2_DL1 = 0
B_CADULT_TRANSIT_NCO_DL0 = 0.0134749
B_CADULT_TRANSIT_NCO_DL1 = -0.797501
B_CADULT_WALKING_CO1_DL0 = 0
B_CADULT_WALKING_CO1_DL1 = 0
B_CADULT_WALKING_CO2_DL0 = 0
B_CADULT_WALKING_CO2_DL1 = 0
B_CADULT_WALKING_NCO_DL0 = 0
B_CADULT_WALKING_NCO_DL1 = 0
B_CHILD_TRANSIT_CO1_DL0 = -9.41945
B_CHILD_TRANSIT_CO1_DL1 = 0
B_CHILD_TRANSIT_CO2_DL0 = 0
B_CHILD_TRANSIT_CO2_DL1 = 0
B_CHILD_TRANSIT_NCO_DL0 = 0
B_CHILD_TRANSIT_NCO_DL1 = 0
B_CHILD_WALKING_CO1_DL0 = 0
B_CHILD_WALKING_CO1_DL1 = 0
B_CHILD_WALKING_CO2_DL0 = 0
B_CHILD_WALKING_CO2_DL1 = 0
B_CHILD_WALKING_NCO_DL0 = 0
B_CHILD_WALKING_NCO_DL1 = 0
B_COST_TRANSIT_CO1_DL0 = 0
B_COST_TRANSIT_CO1_DL1 = 0
B_COST_TRANSIT_CO2_DL0 = 0
B_COST_TRANSIT_CO2_DL1 = 0
B_COST_TRANSIT_NCO = -10
B_DISTANCE_TRANSIT_CO_DL0 = 10
B_DISTANCE_TRANSIT_DL1 = 10
B_DISTANCE_TRANSIT_NCO_DL0 = 10
B_DISTANCE_WALKING_CO1_DL0 = 0
B_DISTANCE_WALKING_CO1_DL1 = 0
B_DISTANCE_WALKING_CO2_DL0 = 0
B_DISTANCE_WALKING_CO2_DL1 = 0
B_DISTANCE_WALKING_NCO_DL0 = 0
B_DISTANCE_WALKING_NCO_DL1 = 0
B_FEMALE_TRANSIT_DL0 = -5.89357
B_FEMALE_TRANSIT_DL1 = -7.79957
B_FEMALE_WALKING_CO1_DL0 = 0
B_FEMALE_WALKING_CO1_DL1 = 0
B_FEMALE_WALKING_CO2_DL0 = 0
B_FEMALE_WALKING_CO2_DL1 = 0
B_FEMALE_WALKING_NCO_DL0 = 0
B_FEMALE_WALKING_NCO_DL1 = 0
B_INTER_PEAK_WALKING_CO1_DL0 = 0
B_INTER_PEAK_WALKING_CO1_DL1 = 0
B_INTER_PEAK_WALKING_CO2_DL0 = 0
B_INTER_PEAK_WALKING_CO2_DL1 = 0
B_INTER_PEAK_WALKING_NCO_DL0 = 0
B_INTER_PEAK_WALKING_NCO_DL1 = 0
B_LOGDISTANCE_TRANSIT_CO = -10
B_LOGDISTANCE_TRANSIT_NCO = -3.20511
B_LOGDISTANCE_WALKING_CO1_DL0 = 0
B_LOGDISTANCE_WALKING_CO1_DL1 = 0
B_LOGDISTANCE_WALKING_CO2_DL0 = 0
B_LOGDISTANCE_WALKING_CO2_DL1 = 0
B_LOGDISTANCE_WALKING_NCO_DL0 = 0
B_LOGDISTANCE_WALKING_NCO_DL1 = 0
B_PM_PEAK_TRANSIT_CO = -7.65823
B_PM_PEAK_TRANSIT_NCO_DL0 = 0
B_PM_PEAK_TRANSIT_NCO_DL1 = 0
B_PM_PEAK_WALKING_CO1_DL0 = 0
B_PM_PEAK_WALKING_CO1_DL1 = 0
B_PM_PEAK_WALKING_CO2_DL0 = 0
B_PM_PEAK_WALKING_CO2_DL1 = 0
B_PM_PEAK_WALKING_NCO_DL0 = 0
B_PM_PEAK_WALKING_NCO_DL1 = 0
B_PURPOSE_B_TRANSIT_CO_DL0 = 0.468845
B_PURPOSE_B_TRANSIT_CO_DL1 = -1.88935
B_PURPOSE_B_TRANSIT_NCO_DL0 = 0
B_PURPOSE_B_TRANSIT_NCO_DL1 = 0
B_PURPOSE_B_WALKING_CO1_DL0 = 0
B_PURPOSE_B_WALKING_CO1_DL1 = 0
B_PURPOSE_B_WALKING_CO2_DL0 = 0
B_PURPOSE_B_WALKING_CO2_DL1 = 0
B_PURPOSE_B_WALKING_NCO_DL0 = 0
B_PURPOSE_B_WALKING_NCO_DL1 = 0
B_PURPOSE_HBE_TRANSIT_CO2_DL1 = -2.84051
B_PURPOSE_HBE_TRANSIT_DL0 = 9.46254
B_PURPOSE_HBE_TRANSIT_NCO1_DL1 = 0
B_PURPOSE_HBE_WALKING_CO1_DL0 = 0
B_PURPOSE_HBE_WALKING_CO1_DL1 = 0
B_PURPOSE_HBE_WALKING_CO2_DL0 = 0
B_PURPOSE_HBE_WALKING_CO2_DL1 = 0
B_PURPOSE_HBE_WALKING_NCO_DL0 = 0
B_PURPOSE_HBE_WALKING_NCO_DL1 = 0
B_PURPOSE_HBO_TRANSIT_CO1_DL0 = 0
B_PURPOSE_HBO_TRANSIT_CO1_DL1 = 0
B_PURPOSE_HBO_TRANSIT_CO2_DL0 = 0
B_PURPOSE_HBO_TRANSIT_CO2_DL1 = 0
B_PURPOSE_HBO_TRANSIT_NCO_DL0 = -4.87583
B_PURPOSE_HBO_TRANSIT_NCO_DL1 = 0
B_PURPOSE_HBO_WALKING_CO1_DL0 = 0
B_PURPOSE_HBO_WALKING_CO1_DL1 = 0
B_PURPOSE_HBO_WALKING_CO2_DL0 = 0
B_PURPOSE_HBO_WALKING_CO2_DL1 = 0
B_PURPOSE_HBO_WALKING_NCO_DL0 = 0
B_PURPOSE_HBO_WALKING_NCO_DL1 = 0
B_PURPOSE_HBW_TRANSIT_CO1_DL0 = 0
B_PURPOSE_HBW_TRANSIT_CO1_DL1 = 0
B_PURPOSE_HBW_TRANSIT_CO2_DL0 = 0.762458
B_PURPOSE_HBW_TRANSIT_CO2_DL1 = -1.26124
B_PURPOSE_HBW_TRANSIT_NCO_DL0 = 0
B_PURPOSE_HBW_TRANSIT_NCO_DL1 = 0
B_PURPOSE_HBW_WALKING_CO1_DL0 = 0
B_PURPOSE_HBW_WALKING_CO1_DL1 = 0
B_PURPOSE_HBW_WALKING_CO2_DL0 = 0
B_PURPOSE_HBW_WALKING_CO2_DL1 = 0
B_PURPOSE_HBW_WALKING_NCO_DL0 = 0
B_PURPOSE_HBW_WALKING_NCO_DL1 = 0
B_SATURDAY_TRANSIT_CO = -2.86767
B_SATURDAY_TRANSIT_NCO_DL0 = 0
B_SATURDAY_TRANSIT_NCO_DL1 = 0
B_SATURDAY_WALKING_CO1_DL0 = 0
B_SATURDAY_WALKING_CO1_DL1 = 0
B_SATURDAY_WALKING_CO2_DL0 = 0
B_SATURDAY_WALKING_CO2_DL1 = 0
B_SATURDAY_WALKING_NCO_DL0 = 0
B_SATURDAY_WALKING_NCO_DL1 = 0
B_TIME_ACCESS_CO = -4.39462
B_TIME_ACCESS_NCO_DL0 = 0.153878
B_TIME_ACCESS_NCO_DL1 = -0.957377
B_TIME_BUS_CO2_DL0 = 3.6595
B_TIME_BUS_CO2_DL1 = -3.16837
B_TIME_BUS_NCO1_DL0 = 5.2926
B_TIME_BUS_NCO1_DL1 = 2.80657
B_TIME_INT_WAIT_CO = -0.0649854
B_TIME_INT_WAIT_NCO = 0.167996
B_TIME_INT_WALK_CO1 = 0.224762
B_TIME_INT_WALK_CO2_DL0 = 0
B_TIME_INT_WALK_CO2_DL1 = 0
B_TIME_INT_WALK_NCO_DL0 = 0
B_TIME_INT_WALK_NCO_DL1 = 0
B_TIME_RAIL = 5.22971
B_TIME_WALKING_DL0 = -10
B_TIME_WALKING_DL1 = -10
B_WEEKDAY_TRANSIT_CO = 2.52922
B_WEEKDAY_TRANSIT_NCO_DL0 = 0
B_WEEKDAY_TRANSIT_NCO_DL1 = 0
B_WEEKDAY_WALKING_CO1_DL0 = 0
B_WEEKDAY_WALKING_CO1_DL1 = 0
B_WEEKDAY_WALKING_CO2_DL0 = 0
B_WEEKDAY_WALKING_CO2_DL1 = 0
B_WEEKDAY_WALKING_NCO_DL0 = 0
B_WEEKDAY_WALKING_NCO_DL1 = 0
B_WINTER_WALKING_CO1_DL0 = 0
B_WINTER_WALKING_CO1_DL1 = 0
B_WINTER_WALKING_CO2_DL0 = 0
B_WINTER_WALKING_CO2_DL1 = 0
B_WINTER_WALKING_NCO_DL0 = 0
B_WINTER_WALKING_NCO_DL1 = 0
MU_WALKTRANSIT = 10
co0 = 0
co1 = 1
co2 = 0
cost_transit = 3.2
dl0 = 0
dl1 = 1
dur_access = 0.265278
dur_interchange_waiting = 0.0877778
dur_interchange_walking = 0.0122222
dur_pt_bus = 0
dur_pt_rail = 0.55
dur_walking = 4.20972
female = 1
purpose_B = 0
purpose_HBE = 0
purpose_HBO = 1
purpose_HBW = 0
self.adult = 1
self.cadult = 1
self.child = 0
self.distance_km = 17.1769
self.interpeak = 1
self.logdistance = 9.75132
self.pmpeak = 0
self.saturday = 1
self.weekday = 0
self.winter = 0
Cannot take the log of a negative number <log(Elem[1](0:0;1:((exp((((((((((((((((((((((ASC_WALKING_NCO_DL0[105] <1>*dl0[363] <1>)+(ASC_WALKING_NCO_DL1[106] <1>*dl1[364] <1>))*co0[350] <1>)+(((ASC_WALKING_CO1_DL0[101] <1>*dl0[363] <1>)+(ASC_WALKING_CO1_DL1[102] <1>*dl1[364] <1>))*co1[351] <1>))+(((ASC_WALKING_CO2_DL0[103] <1>*dl0[363] <1>)+(ASC_WALKING_CO2_DL1[104] <1>*dl1[364] <1>))*co2[352] <1>))+((((((B_TIME_WALKING_DL0[90] <1>*dl0[363] <1>)+(B_TIME_WALKING_DL1[91] <1>*dl1[364] <1>))*co0[350] <1>)+(((B_TIME_WALKING_DL0[90] <1>*dl0[363] <1>)+(B_TIME_WALKING_DL1[91] <1>*dl1[364] <1>))*co1[351] <1>))+(((B_TIME_WALKING_DL0[90] <1>*dl0[363] <1>)+(B_TIME_WALKING_DL1[91] <1>*dl1[364] <1>))*co2[352] <1>))*dur_walking[306] <1>))+((((((B_PURPOSE_B_WALKING_NCO_DL0[215] <1>*dl0[363] <1>)+(B_PURPOSE_B_WALKING_NCO_DL1[216] <1>*dl1[364] <1>))*co0[350] <1>)+(((B_PURPOSE_B_WALKING_CO1_DL0[211] <1>*dl0[363] <1>)+(B_PURPOSE_B_WALKING_CO1_DL1[212] <1>*dl1[364] <1>))*co1[351] <1>))+(((B_PURPOSE_B_WALKING_CO2_DL0[213] <1>*dl0[363] <1>)+(B_PURPOSE_B_WALKING_CO2_DL1[214] <1>*dl1[364] <1>))*co2[352] <1>))*purpose_B[342] <1>))+((((((B_PURPOSE_HBW_WALKING_NCO_DL0[254] <1>*dl0[363] <1>)+(B_PURPOSE_HBW_WALKING_NCO_DL1[255] <1>*dl1[364] <1>))*co0[350] <1>)+(((B_PURPOSE_HBW_WALKING_CO1_DL0[250] <1>*dl0[363] <1>)+(B_PURPOSE_HBW_WALKING_CO1_DL1[251] <1>*dl1[364] <1>))*co1[351] <1>))+(((B_PURPOSE_HBW_WALKING_CO2_DL0[252] <1>*dl0[363] <1>)+(B_PURPOSE_HBW_WALKING_CO2_DL1[253] <1>*dl1[364] <1>))*co2[352] <1>))*purpose_HBW[328] <1>))+((((((B_PURPOSE_HBE_WALKING_NCO_DL0[223] <1>*dl0[363] <1>)+(B_PURPOSE_HBE_WALKING_NCO_DL1[224] <1>*dl1[364] <1>))*co0[350] <1>)+(((B_PURPOSE_HBE_WALKING_CO1_DL0[219] <1>*dl0[363] <1>)+(B_PURPOSE_HBE_WALKING_CO1_DL1[220] <1>*dl1[364] <1>))*co1[351] <1>))+(((B_PURPOSE_HBE_WALKING_CO2_DL0[221] <1>*dl0[363] <1>)+(B_PURPOSE_HBE_WALKING_CO2_DL1[222] <1>*dl1[364] <1>))*co2[352] <1>))*purpose_HBE[326] <1>))+((((((B_PURPOSE_HBO_WALKING_NCO_DL0[241] <1>*dl0[363] <1>)+(B_PURPOSE_HBO_WALKING_NCO_DL1[242] <1>*dl1[364] <1>))*co0[350] <1>)+(((B_PURPOSE_HBO_WALKING_CO1_DL0[237] <1>*dl0[363] <1>)+(B_PURPOSE_HBO_WALKING_CO1_DL1[238] <1>*dl1[364] <1>))*co1[351] <1>))+(((B_PURPOSE_HBO_WALKING_CO2_DL0[239] <1>*dl0[363] <1>)+(B_PURPOSE_HBO_WALKING_CO2_DL1[240] <1>*dl1[364] <1>))*co2[352] <1>))*purpose_HBO[327] <1>))+((((((B_FEMALE_WALKING_NCO_DL0[173] <1>*dl0[363] <1>)+(B_FEMALE_WALKING_NCO_DL1[174] <1>*dl1[364] <1>))*co0[350] <1>)+(((B_FEMALE_WALKING_CO1_DL0[169] <1>*dl0[363] <1>)+(B_FEMALE_WALKING_CO1_DL1[170] <1>*dl1[364] <1>))*co1[351] <1>))+(((B_FEMALE_WALKING_CO2_DL0[171] <1>*dl0[363] <1>)+(B_FEMALE_WALKING_CO2_DL1[172] <1>*dl1[364] <1>))*co2[352] <1>))*female[318] <1>))+((((((B_WINTER_WALKING_NCO_DL0[297] <1>*dl0[363] <1>)+(B_WINTER_WALKING_NCO_DL1[298] <1>*dl1[364] <1>))*co0[350] <1>)+(((B_WINTER_WALKING_CO1_DL0[293] <1>*dl0[363] <1>)+(B_WINTER_WALKING_CO1_DL1[294] <1>*dl1[364] <1>))*co1[351] <1>))+(((B_WINTER_WALKING_CO2_DL0[295] <1>*dl0[363] <1>)+(B_WINTER_WALKING_CO2_DL1[296] <1>*dl1[364] <1>))*co2[352] <1>))*self.winter[358] <1>))+((((((B_CHILD_WALKING_NCO_DL0[149] <1>*dl0[363] <1>)+(B_CHILD_WALKING_NCO_DL1[150] <1>*dl1[364] <1>))*co0[350] <1>)+(((B_CHILD_WALKING_CO1_DL0[145] <1>*dl0[363] <1>)+(B_CHILD_WALKING_CO1_DL1[146] <1>*dl1[364] <1>))*co1[351] <1>))+(((B_CHILD_WALKING_CO2_DL0[147] <1>*dl0[363] <1>)+(B_CHILD_WALKING_CO2_DL1[148] <1>*dl1[364] <1>))*co2[352] <1>))*self.child[355] <1>))+((((((B_CADULT_WALKING_NCO_DL0[130] <1>*dl0[363] <1>)+(B_CADULT_WALKING_NCO_DL1[131] <1>*dl1[364] <1>))*co0[350] <1>)+(((B_CADULT_WALKING_CO1_DL0[126] <1>*dl0[363] <1>)+(B_CADULT_WALKING_CO1_DL1[127] <1>*dl1[364] <1>))*co1[351] <1>))+(((B_CADULT_WALKING_CO2_DL0[128] <1>*dl0[363] <1>)+(B_CADULT_WALKING_CO2_DL1[129] <1>*dl1[364] <1>))*co2[352] <1>))*self.cadult[356] <1>))+((((((B_ADULT_WALKING_NCO_DL0[119] <1>*dl0[363] <1>)+(B_ADULT_WALKING_NCO_DL1[120] <1>*dl1[364] <1>))*co0[350] <1>)+(((B_ADULT_WALKING_CO1_DL0[115] <1>*dl0[363] <1>)+(B_ADULT_WALKING_CO1_DL1[116] <1>*dl1[364] <1>))*co1[351] <1>))+(((B_ADULT_WALKING_CO2_DL0[117] <1>*dl0[363] <1>)+(B_ADULT_WALKING_CO2_DL1[118] <1>*dl1[364] <1>))*co2[352] <1>))*self.adult[357] <1>))+((((((B_WEEKDAY_WALKING_NCO_DL0[286] <1>*dl0[363] <1>)+(B_WEEKDAY_WALKING_NCO_DL1[287] <1>*dl1[364] <1>))*co0[350] <1>)+(((B_WEEKDAY_WALKING_CO1_DL0[282] <1>*dl0[363] <1>)+(B_WEEKDAY_WALKING_CO1_DL1[283] <1>*dl1[364] <1>))*co1[351] <1>))+(((B_WEEKDAY_WALKING_CO2_DL0[284] <1>*dl0[363] <1>)+(B_WEEKDAY_WALKING_CO2_DL1[285] <1>*dl1[364] <1>))*co2[352] <1>))*self.weekday[353] <1>))+((((((B_SATURDAY_WALKING_NCO_DL0[267] <1>*dl0[363] <1>)+(B_SATURDAY_WALKING_NCO_DL1[268] <1>*dl1[364] <1>))*co0[350] <1>)+(((B_SATURDAY_WALKING_CO1_DL0[263] <1>*dl0[363] <1>)+(B_SATURDAY_WALKING_CO1_DL1[264] <1>*dl1[364] <1>))*co1[351] <1>))+(((B_SATURDAY_WALKING_CO2_DL0[265] <1>*dl0[363] <1>)+(B_SATURDAY_WALKING_CO2_DL1[266] <1>*dl1[364] <1>))*co2[352] <1>))*self.saturday[354] <1>))+((((((B_INTER_PEAK_WALKING_NCO_DL0[187] <1>*dl0[363] <1>)+(B_INTER_PEAK_WALKING_NCO_DL1[188] <1>*dl1[364] <1>))*co0[350] <1>)+(((B_INTER_PEAK_WALKING_CO1_DL0[183] <1>*dl0[363] <1>)+(B_INTER_PEAK_WALKING_CO1_DL1[184] <1>*dl1[364] <1>))*co1[351] <1>))+(((B_INTER_PEAK_WALKING_CO2_DL0[185] <1>*dl0[363] <1>)+(B_INTER_PEAK_WALKING_CO2_DL1[186] <1>*dl1[364] <1>))*co2[352] <1>))*self.interpeak[360] <1>))+((((((B_PM_PEAK_WALKING_NCO_DL0[203] <1>*dl0[363] <1>)+(B_PM_PEAK_WALKING_NCO_DL1[204] <1>*dl1[364] <1>))*co0[350] <1>)+(((B_PM_PEAK_WALKING_CO1_DL0[199] <1>*dl0[363] <1>)+(B_PM_PEAK_WALKING_CO1_DL1[200] <1>*dl1[364] <1>))*co1[351] <1>))+(((B_PM_PEAK_WALKING_CO2_DL0[201] <1>*dl0[363] <1>)+(B_PM_PEAK_WALKING_CO2_DL1[202] <1>*dl1[364] <1>))*co2[352] <1>))*self.pmpeak[359] <1>))+((((((B_DISTANCE_WALKING_NCO_DL0[165] <1>*dl0[363] <1>)+(B_DISTANCE_WALKING_NCO_DL1[166] <1>*dl1[364] <1>))*co0[350] <1>)+(((B_DISTANCE_WALKING_CO1_DL0[161] <1>*dl0[363] <1>)+(B_DISTANCE_WALKING_CO1_DL1[162] <1>*dl1[364] <1>))*co1[351] <1>))+(((B_DISTANCE_WALKING_CO2_DL0[163] <1>*dl0[363] <1>)+(B_DISTANCE_WALKING_CO2_DL1[164] <1>*dl1[364] <1>))*co2[352] <1>))*self.distance_km[361] <1>))+((((((B_LOGDISTANCE_WALKING_NCO_DL0[193] <1>*dl0[363] <1>)+(B_LOGDISTANCE_WALKING_NCO_DL1[194] <1>*dl1[364] <1>))*co0[350] <1>)+(((B_LOGDISTANCE_WALKING_CO1_DL0[189] <1>*dl0[363] <1>)+(B_LOGDISTANCE_WALKING_CO1_DL1[190] <1>*dl1[364] <1>))*co1[351] <1>))+(((B_LOGDISTANCE_WALKING_CO2_DL0[191] <1>*dl0[363] <1>)+(B_LOGDISTANCE_WALKING_CO2_DL1[192] <1>*dl1[364] <1>))*co2[352] <1>))*self.logdistance[362] <1>)))^(MU_WALKTRANSIT[100] <1>-1))*((Elem[1](0:0;1:(exp((((((((((((((((((((((ASC_WALKING_NCO_DL0[105] <1>*dl0[363] <1>)+(ASC_WALKING_NCO_DL1[106] <1>*dl1[364] <1>))*co0[350] <1>)+(((ASC_WALKING_CO1_DL0[101] <1>*dl0[363] <1>)+(ASC_WALKING_CO1_DL1[102] <1>*dl1[364] <1>))*co1[351] <1>))+(((ASC_WALKING_CO2_DL0[103] <1>*dl0[363] <1>)+(ASC_WALKING_CO2_DL1[104] <1>*dl1[364] <1>))*co2[352] <1>))+((((((B_TIME_WALKING_DL0[90] <1>*dl0[363] <1>)+(B_TIME_WALKING_DL1[91] <1>*dl1[364] <1>))*co0[350] <1>)+(((B_TIME_WALKING_DL0[90] <1>*dl0[363] <1>)+(B_TIME_WALKING_DL1[91] <1>*dl1[364] <1>))*co1[351] <1>))+(((B_TIME_WALKING_DL0[90] <1>*dl0[363] <1>)+(B_TIME_WALKING_DL1[91] <1>*dl1[364] <1>))*co2[352] <1>))*dur_walking[306] <1>))+((((((B_PURPOSE_B_WALKING_NCO_DL0[215] <1>*dl0[363] <1>)+(B_PURPOSE_B_WALKING_NCO_DL1[216] <1>*dl1[364] <1>))*co0[350] <1>)+(((B_PURPOSE_B_WALKING_CO1_DL0[211] <1>*dl0[363] <1>)+(B_PURPOSE_B_WALKING_CO1_DL1[212] <1>*dl1[364] <1>))*co1[351] <1>))+(((B_PURPOSE_B_WALKING_CO2_DL0[213] <1>*dl0[363] <1>)+(B_PURPOSE_B_WALKING_CO2_DL1[214] <1>*dl1[364] <1>))*co2[352] <1>))*purpose_B[342] <1>))+((((((B_PURPOSE_HBW_WALKING_NCO_DL0[254] <1>*dl0[363] <1>)+(B_PURPOSE_HBW_WALKING_NCO_DL1[255] <1>*dl1[364] <1>))*co0[350] <1>)+(((B_PURPOSE_HBW_WALKING_CO1_DL0[250] <1>*dl0[363] <1>)+(B_PURPOSE_HBW_WALKING_CO1_DL1[251] <1>*dl1[364] <1>))*co1[351] <1>))+(((B_PURPOSE_HBW_WALKING_CO2_DL0[252] <1>*dl0[363] <1>)+(B_PURPOSE_HBW_WALKING_CO2_DL1[253] <1>*dl1[364] <1>))*co2[352] <1>))*purpose_HBW[328] <1>))+((((((B_PURPOSE_HBE_WALKING_NCO_DL0[223] <1>*dl0[363] <1>)+(B_PURPOSE_HBE_WALKING_NCO_DL1[224] <1>*dl1[364] <1>))*co0[350] <1>)+(((B_PURPOSE_HBE_WALKING_CO1_DL0[219] <1>*dl0[363] <1>)+(B_PURPOSE_HBE_WALKING_CO1_DL1[220] <1>*dl1[364] <1>))*co1[351] <1>))+(((B_PURPOSE_HBE_WALKING_CO2_DL0[221] <1>*dl0[363] <1>)+(B_PURPOSE_HBE_WALKING_CO2_DL1[222] <1>*dl1[364] <1>))*co2[352] <1>))*purpose_HBE[326] <1>))+((((((B_PURPOSE_HBO_WALKING_NCO_DL0[241] <1>*dl0[363] <1>)+(B_PURPOSE_HBO_WALKING_NCO_DL1[242] <1>*dl1[364] <1>))*co0[350] <1>)+(((B_PURPOSE_HBO_WALKING_CO1_DL0[237] <1>*dl0[363] <1>)+(B_PURPOSE_HBO_WALKING_CO1_DL1[238] <1>*dl1[364] <1>))*co1[351] <1>))+(((B_PURPOSE_HBO_WALKING_CO2_DL0[239] <1>*dl0[363] <1>)+(B_PURPOSE_HBO_WALKING_CO2_DL1[240] <1>*dl1[364] <1>))*co2[352] <1>))*purpose_HBO[327] <1>))+((((((B_FEMALE_WALKING_NCO_DL0[173] <1>*dl0[363] <1>)+(B_FEMALE_WALKING_NCO_DL1[174] <1>*dl1[364] <1>))*co0[350] <1>)+(((B_FEMALE_WALKING_CO1_DL0[169] <1>*dl0[363] <1>)+(B_FEMALE_WALKING_CO1_DL1[170] <1>*dl1[364] <1>))*co1[351] <1>))+(((B_FEMALE_WALKING_CO2_DL0[171] <1>*dl0[363] <1>)+(B_FEMALE_WALKING_CO2_DL1[172] <1>*dl1[364] <1>))*co2[352] <1>))*female[318] <1>))+((((((B_WINTER_WALKING_NCO_DL0[297] <1>*dl0[363] <1>)+(B_WINTER_WALKING_NCO_DL1[298] <1>*dl1[364] <1>))*co0[350] <1>)+(((B_WINTER_WALKING_CO1_DL0[293] <1>*dl0[363] <1>)+(B_WINTER_WALKING_CO1_DL1[294] <1>*dl1[364] <1>))*co1[351] <1>))+(((B_WINTER_WALKING_CO2_DL0[295] <1>*dl0[363] <1>)+(B_WINTER_WALKING_CO2_DL1[296] <1>*dl1[364] <1>))*co2[352] <1>))*self.winter[358] <1>))+((((((B_CHILD_WALKING_NCO_DL0[149] <1>*dl0[363] <1>)+(B_CHILD_WALKING_NCO_DL1[150] <1>*dl1[364] <1>))*co0[350] <1>)+(((B_CHILD_WALKING_CO1_DL0[145] <1>*dl0[363] <1>)+(B_CHILD_WALKING_CO1_DL1[146] <1>*dl1[364] <1>))*co1[351] <1>))+(((B_CHILD_WALKING_CO2_DL0[147] <1>*dl0[363] <1>)+(B_CHILD_WALKING_CO2_DL1[148] <1>*dl1[364] <1>))*co2[352] <1>))*self.child[355] <1>))+((((((B_CADULT_WALKING_NCO_DL0[130] <1>*dl0[363] <1>)+(B_CADULT_WALKING_NCO_DL1[131] <1>*dl1[364] <1>))*co0[350] <1>)+(((B_CADULT_WALKING_CO1_DL0[126] <1>*dl0[363] <1>)+(B_CADULT_WALKING_CO1_DL1[127] <1>*dl1[364] <1>))*co1[351] <1>))+(((B_CADULT_WALKING_CO2_DL0[128] <1>*dl0[363] <1>)+(B_CADULT_WALKING_CO2_DL1[129] <1>*dl1[364] <1>))*co2[352] <1>))*self.cadult[356] <1>))+((((((B_ADULT_WALKING_NCO_DL0[119] <1>*dl0[363] <1>)+(B_ADULT_WALKING_NCO_DL1[120] <1>*dl1[364] <1>))*co0[350] <1>)+(((B_ADULT_WALKING_CO1_DL0[115] <1>*dl0[363] <1>)+(B_ADULT_WALKING_CO1_DL1[116] <1>*dl1[364] <1>))*co1[351] <1>))+(((B_ADULT_WALKING_CO2_DL0[117] <1>*dl0[363] <1>)+(B_ADULT_WALKING_CO2_DL1[118] <1>*dl1[364] <1>))*co2[352] <1>))*self.adult[357] <1>))+((((((B_WEEKDAY_WALKING_NCO_DL0[286] <1>*dl0[363] <1>)+(B_WEEKDAY_WALKING_NCO_DL1[287] <1>*dl1[364] <1>))*co0[350] <1>)+(((B_WEEKDAY_WALKING_CO1_DL0[282] <1>*dl0[363] <1>)+(B_WEEKDAY_WALKING_CO1_DL1[283] <1>*dl1[364] <1>))*co1[351] <1>))+(((B_WEEKDAY_WALKING_CO2_DL0[284] <1>*dl0[363] <1>)+(B_WEEKDAY_WALKING_CO2_DL1[285] <1>*dl1[364] <1>))*co2[352] <1>))*self.weekday[353] <1>))+((((((B_SATURDAY_WALKING_NCO_DL0[267] <1>*dl0[363] <1>)+(B_SATURDAY_WALKING_NCO_DL1[268] <1>*dl1[364] <1>))*co0[350] <1>)+(((B_SATURDAY_WALKING_CO1_DL0[263] <1>*dl0[363] <1>)+(B_SATURDAY_WALKING_CO1_DL1[264] <1>*dl1[364] <1>))*co1[351] <1>))+(((B_SATURDAY_WALKING_CO2_DL0[265] <1>*dl0[363] <1>)+(B_SATURDAY_WALKING_CO2_DL1[266] <1>*dl1[364] <1>))*co2[352] <1>))*self.saturday[354] <1>))+((((((B_INTER_PEAK_WALKING_NCO_DL0[187] <1>*dl0[363] <1>)+(B_INTER_PEAK_WALKING_NCO_DL1[188] <1>*dl1[364] <1>))*co0[350] <1>)+(((B_INTER_PEAK_WALKING_CO1_DL0[183] <1>*dl0[363] <1>)+(B_INTER_PEAK_WALKING_CO1_DL1[184] <1>*dl1[364] <1>))*co1[351] <1>))+(((B_INTER_PEAK_WALKING_CO2_DL0[185] <1>*dl0[363] <1>)+(B_INTER_PEAK_WALKING_CO2_DL1[186] <1>*dl1[364] <1>))*co2[352] <1>))*self.interpeak[360] <1>))+((((((B_PM_PEAK_WALKING_NCO_DL0[203] <1>*dl0[363] <1>)+(B_PM_PEAK_WALKING_NCO_DL1[204] <1>*dl1[364] <1>))*co0[350] <1>)+(((B_PM_PEAK_WALKING_CO1_DL0[199] <1>*dl0[363] <1>)+(B_PM_PEAK_WALKING_CO1_DL1[200] <1>*dl1[364] <1>))*co1[351] <1>))+(((B_PM_PEAK_WALKING_CO2_DL0[201] <1>*dl0[363] <1>)+(B_PM_PEAK_WALKING_CO2_DL1[202] <1>*dl1[364] <1>))*co2[352] <1>))*self.pmpeak[359] <1>))+((((((B_DISTANCE_WALKING_NCO_DL0[165] <1>*dl0[363] <1>)+(B_DISTANCE_WALKING_NCO_DL1[166] <1>*dl1[364] <1>))*co0[350] <1>)+(((B_DISTANCE_WALKING_CO1_DL0[161] <1>*dl0[363] <1>)+(B_DISTANCE_WALKING_CO1_DL1[162] <1>*dl1[364] <1>))*co1[351] <1>))+(((B_DISTANCE_WALKING_CO2_DL0[163] <1>*dl0[363] <1>)+(B_DISTANCE_WALKING_CO2_DL1[164] <1>*dl1[364] <1>))*co2[352] <1>))*self.distance_km[361] <1>))+((((((B_LOGDISTANCE_WALKING_NCO_DL0[193] <1>*dl0[363] <1>)+(B_LOGDISTANCE_WALKING_NCO_DL1[194] <1>*dl1[364] <1>))*co0[350] <1>)+(((B_LOGDISTANCE_WALKING_CO1_DL0[189] <1>*dl0[363] <1>)+(B_LOGDISTANCE_WALKING_CO1_DL1[190] <1>*dl1[364] <1>))*co1[351] <1>))+(((B_LOGDISTANCE_WALKING_CO2_DL0[191] <1>*dl0[363] <1>)+(B_LOGDISTANCE_WALKING_CO2_DL1[192] <1>*dl1[364] <1>))*co2[352] <1>))*self.logdistance[362] <1>)))^MU_WALKTRANSIT[100] <1>)) + Elem[1](0:0;1:(exp(((((((((((((((((((((((((ASC_TRANSIT_NCO[4] <1>*dl0[363] <1>)+(ASC_TRANSIT_NCO[4] <1>*dl1[364] <1>))*co0[350] <1>)+(((ASC_TRANSIT_CO[3] <1>*dl0[363] <1>)+(ASC_TRANSIT_CO[3] <1>*dl1[364] <1>))*co1[351] <1>))+(((ASC_TRANSIT_CO[3] <1>*dl0[363] <1>)+(ASC_TRANSIT_CO[3] <1>*dl1[364] <1>))*co2[352] <1>))+((((((B_COST_TRANSIT_NCO[26] <1>*dl0[363] <1>)+(B_COST_TRANSIT_NCO[26] <1>*dl1[364] <1>))*co0[350] <1>)+(((B_COST_TRANSIT_CO1_DL0[157] <1>*dl0[363] <1>)+(B_COST_TRANSIT_CO1_DL1[158] <1>*dl1[364] <1>))*co1[351] <1>))+(((B_COST_TRANSIT_CO2_DL0[159] <1>*dl0[363] <1>)+(B_COST_TRANSIT_CO2_DL1[160] <1>*dl1[364] <1>))*co2[352] <1>))*cost_transit[310] <1>))+((((((B_TIME_ACCESS_NCO_DL0[75] <1>*dl0[363] <1>)+(B_TIME_ACCESS_NCO_DL1[76] <1>*dl1[364] <1>))*co0[350] <1>)+(((B_TIME_ACCESS_CO[74] <1>*dl0[363] <1>)+(B_TIME_ACCESS_CO[74] <1>*dl1[364] <1>))*co1[351] <1>))+(((B_TIME_ACCESS_CO[74] <1>*dl0[363] <1>)+(B_TIME_ACCESS_CO[74] <1>*dl1[364] <1>))*co2[352] <1>))*dur_access[320] <1>))+((((((B_TIME_RAIL[89] <1>*dl0[363] <1>)+(B_TIME_RAIL[89] <1>*dl1[364] <1>))*co0[350] <1>)+(((B_TIME_RAIL[89] <1>*dl0[363] <1>)+(B_TIME_RAIL[89] <1>*dl1[364] <1>))*co1[351] <1>))+(((B_TIME_RAIL[89] <1>*dl0[363] <1>)+(B_TIME_RAIL[89] <1>*dl1[364] <1>))*co2[352] <1>))*dur_pt_rail[323] <1>))+((((((B_TIME_BUS_NCO1_DL0[79] <1>*dl0[363] <1>)+(B_TIME_BUS_NCO1_DL1[80] <1>*dl1[364] <1>))*co0[350] <1>)+(((B_TIME_BUS_NCO1_DL0[79] <1>*dl0[363] <1>)+(B_TIME_BUS_NCO1_DL1[80] <1>*dl1[364] <1>))*co1[351] <1>))+(((B_TIME_BUS_CO2_DL0[77] <1>*dl0[363] <1>)+(B_TIME_BUS_CO2_DL1[78] <1>*dl1[364] <1>))*co2[352] <1>))*dur_pt_bus[324] <1>))+((((((B_TIME_INT_WAIT_NCO[87] <1>*dl0[363] <1>)+(B_TIME_INT_WAIT_NCO[87] <1>*dl1[364] <1>))*co0[350] <1>)+(((B_TIME_INT_WAIT_CO[86] <1>*dl0[363] <1>)+(B_TIME_INT_WAIT_CO[86] <1>*dl1[364] <1>))*co1[351] <1>))+(((B_TIME_INT_WAIT_CO[86] <1>*dl0[363] <1>)+(B_TIME_INT_WAIT_CO[86] <1>*dl1[364] <1>))*co2[352] <1>))*dur_interchange_waiting[321] <1>))+((((((B_TIME_INT_WALK_NCO_DL0[276] <1>*dl0[363] <1>)+(B_TIME_INT_WALK_NCO_DL1[277] <1>*dl1[364] <1>))*co0[350] <1>)+(((B_TIME_INT_WALK_CO1[88] <1>*dl0[363] <1>)+(B_TIME_INT_WALK_CO1[88] <1>*dl1[364] <1>))*co1[351] <1>))+(((B_TIME_INT_WALK_CO2_DL0[274] <1>*dl0[363] <1>)+(B_TIME_INT_WALK_CO2_DL1[275] <1>*dl1[364] <1>))*co2[352] <1>))*dur_interchange_walking[322] <1>))+((((((B_PURPOSE_B_TRANSIT_NCO_DL0[209] <1>*dl0[363] <1>)+(B_PURPOSE_B_TRANSIT_NCO_DL1[210] <1>*dl1[364] <1>))*co0[350] <1>)+(((B_PURPOSE_B_TRANSIT_CO_DL0[55] <1>*dl0[363] <1>)+(B_PURPOSE_B_TRANSIT_CO_DL1[56] <1>*dl1[364] <1>))*co1[351] <1>))+(((B_PURPOSE_B_TRANSIT_CO_DL0[55] <1>*dl0[363] <1>)+(B_PURPOSE_B_TRANSIT_CO_DL1[56] <1>*dl1[364] <1>))*co2[352] <1>))*purpose_B[342] <1>))+((((((B_PURPOSE_HBW_TRANSIT_NCO_DL0[248] <1>*dl0[363] <1>)+(B_PURPOSE_HBW_TRANSIT_NCO_DL1[249] <1>*dl1[364] <1>))*co0[350] <1>)+(((B_PURPOSE_HBW_TRANSIT_CO1_DL0[246] <1>*dl0[363] <1>)+(B_PURPOSE_HBW_TRANSIT_CO1_DL1[247] <1>*dl1[364] <1>))*co1[351] <1>))+(((B_PURPOSE_HBW_TRANSIT_CO2_DL0[70] <1>*dl0[363] <1>)+(B_PURPOSE_HBW_TRANSIT_CO2_DL1[71] <1>*dl1[364] <1>))*co2[352] <1>))*purpose_HBW[328] <1>))+((((((B_PURPOSE_HBE_TRANSIT_DL0[61] <1>*dl0[363] <1>)+(B_PURPOSE_HBE_TRANSIT_NCO1_DL1[218] <1>*dl1[364] <1>))*co0[350] <1>)+(((B_PURPOSE_HBE_TRANSIT_DL0[61] <1>*dl0[363] <1>)+(B_PURPOSE_HBE_TRANSIT_NCO1_DL1[218] <1>*dl1[364] <1>))*co1[351] <1>))+(((B_PURPOSE_HBE_TRANSIT_DL0[61] <1>*dl0[363] <1>)+(B_PURPOSE_HBE_TRANSIT_CO2_DL1[60] <1>*dl1[364] <1>))*co2[352] <1>))*purpose_HBE[326] <1>))+((((((B_PURPOSE_HBO_TRANSIT_NCO_DL0[64] <1>*dl0[363] <1>)+(B_PURPOSE_HBO_TRANSIT_NCO_DL1[236] <1>*dl1[364] <1>))*co0[350] <1>)+(((B_PURPOSE_HBO_TRANSIT_CO1_DL0[232] <1>*dl0[363] <1>)+(B_PURPOSE_HBO_TRANSIT_CO1_DL1[233] <1>*dl1[364] <1>))*co1[351] <1>))+(((B_PURPOSE_HBO_TRANSIT_CO2_DL0[234] <1>*dl0[363] <1>)+(B_PURPOSE_HBO_TRANSIT_CO2_DL1[235] <1>*dl1[364] <1>))*co2[352] <1>))*purpose_HBO[327] <1>))+((((((B_FEMALE_TRANSIT_DL0[38] <1>*dl0[363] <1>)+(B_FEMALE_TRANSIT_DL1[39] <1>*dl1[364] <1>))*co0[350] <1>)+(((B_FEMALE_TRANSIT_DL0[38] <1>*dl0[363] <1>)+(B_FEMALE_TRANSIT_DL1[39] <1>*dl1[364] <1>))*co1[351] <1>))+(((B_FEMALE_TRANSIT_DL0[38] <1>*dl0[363] <1>)+(B_FEMALE_TRANSIT_DL1[39] <1>*dl1[364] <1>))*co2[352] <1>))*female[318] <1>))+((((((B_CHILD_TRANSIT_NCO_DL0[143] <1>*dl0[363] <1>)+(B_CHILD_TRANSIT_NCO_DL1[144] <1>*dl1[364] <1>))*co0[350] <1>)+(((B_CHILD_TRANSIT_CO1_DL0[22] <1>*dl0[363] <1>)+(B_CHILD_TRANSIT_CO1_DL1[140] <1>*dl1[364] <1>))*co1[351] <1>))+(((B_CHILD_TRANSIT_CO2_DL0[141] <1>*dl0[363] <1>)+(B_CHILD_TRANSIT_CO2_DL1[142] <1>*dl1[364] <1>))*co2[352] <1>))*self.child[355] <1>))+((((((B_CADULT_TRANSIT_NCO_DL0[16] <1>*dl0[363] <1>)+(B_CADULT_TRANSIT_NCO_DL1[17] <1>*dl1[364] <1>))*co0[350] <1>)+(((B_CADULT_TRANSIT_CO1_DL0[122] <1>*dl0[363] <1>)+(B_CADULT_TRANSIT_CO1_DL1[123] <1>*dl1[364] <1>))*co1[351] <1>))+(((B_CADULT_TRANSIT_CO2_DL0[124] <1>*dl0[363] <1>)+(B_CADULT_TRANSIT_CO2_DL1[125] <1>*dl1[364] <1>))*co2[352] <1>))*self.cadult[356] <1>))+((((((B_ADULT_TRANSIT_NCO[10] <1>*dl0[363] <1>)+(B_ADULT_TRANSIT_NCO[10] <1>*dl1[364] <1>))*co0[350] <1>)+(((B_ADULT_TRANSIT_CO1_DL0[112] <1>*dl0[363] <1>)+(B_ADULT_TRANSIT_CO1_DL1[9] <1>*dl1[364] <1>))*co1[351] <1>))+(((B_ADULT_TRANSIT_CO2_DL0[113] <1>*dl0[363] <1>)+(B_ADULT_TRANSIT_CO2_DL1[114] <1>*dl1[364] <1>))*co2[352] <1>))*self.adult[357] <1>))+((((((B_WEEKDAY_TRANSIT_NCO_DL0[280] <1>*dl0[363] <1>)+(B_WEEKDAY_TRANSIT_NCO_DL1[281] <1>*dl1[364] <1>))*co0[350] <1>)+(((B_WEEKDAY_TRANSIT_CO[97] <1>*dl0[363] <1>)+(B_WEEKDAY_TRANSIT_CO[97] <1>*dl1[364] <1>))*co1[351] <1>))+(((B_WEEKDAY_TRANSIT_CO[97] <1>*dl0[363] <1>)+(B_WEEKDAY_TRANSIT_CO[97] <1>*dl1[364] <1>))*co2[352] <1>))*self.weekday[353] <1>))+((((((B_SATURDAY_TRANSIT_NCO_DL0[261] <1>*dl0[363] <1>)+(B_SATURDAY_TRANSIT_NCO_DL1[262] <1>*dl1[364] <1>))*co0[350] <1>)+(((B_SATURDAY_TRANSIT_CO[73] <1>*dl0[363] <1>)+(B_SATURDAY_TRANSIT_CO[73] <1>*dl1[364] <1>))*co1[351] <1>))+(((B_SATURDAY_TRANSIT_CO[73] <1>*dl0[363] <1>)+(B_SATURDAY_TRANSIT_CO[73] <1>*dl1[364] <1>))*co2[352] <1>))*self.saturday[354] <1>))+((((((B_PM_PEAK_TRANSIT_NCO_DL0[197] <1>*dl0[363] <1>)+(B_PM_PEAK_TRANSIT_NCO_DL1[198] <1>*dl1[364] <1>))*co0[350] <1>)+(((B_PM_PEAK_TRANSIT_CO[52] <1>*dl0[363] <1>)+(B_PM_PEAK_TRANSIT_CO[52] <1>*dl1[364] <1>))*co1[351] <1>))+(((B_PM_PEAK_TRANSIT_CO[52] <1>*dl0[363] <1>)+(B_PM_PEAK_TRANSIT_CO[52] <1>*dl1[364] <1>))*co2[352] <1>))*self.pmpeak[359] <1>))+((((((B_DISTANCE_TRANSIT_NCO_DL0[35] <1>*dl0[363] <1>)+(B_DISTANCE_TRANSIT_DL1[34] <1>*dl1[364] <1>))*co0[350] <1>)+(((B_DISTANCE_TRANSIT_CO_DL0[33] <1>*dl0[363] <1>)+(B_DISTANCE_TRANSIT_DL1[34] <1>*dl1[364] <1>))*co1[351] <1>))+(((B_DISTANCE_TRANSIT_CO_DL0[33] <1>*dl0[363] <1>)+(B_DISTANCE_TRANSIT_DL1[34] <1>*dl1[364] <1>))*co2[352] <1>))*self.distance_km[361] <1>))+((((((B_LOGDISTANCE_TRANSIT_NCO[48] <1>*dl0[363] <1>)+(B_LOGDISTANCE_TRANSIT_NCO[48] <1>*dl1[364] <1>))*co0[350] <1>)+(((B_LOGDISTANCE_TRANSIT_CO[47] <1>*dl0[363] <1>)+(B_LOGDISTANCE_TRANSIT_CO[47] <1>*dl1[364] <1>))*co1[351] <1>))+(((B_LOGDISTANCE_TRANSIT_CO[47] <1>*dl0[363] <1>)+(B_LOGDISTANCE_TRANSIT_CO[47] <1>*dl1[364] <1>))*co2[352] <1>))*self.logdistance[362] <1>)))^MU_WALKTRANSIT[100] <1>)))^((1/MU_WALKTRANSIT[100] <1>)-1)))))>: 0

srun: error: h234: task 0: Exited with exit code 1
srun: Terminating job step 177734.0
Finished at lun aoû 12 14:27:30 CEST 2019
