Starting optimization of LPMC_Nested_Full_S with LS-ABS and bfgs-inv at lun aoû 12 14:26:57 CEST 2019
Train LPMC_Nested_Full_S with LS-ABS and bfgs-inv
Traceback (most recent call last):
  File "LS-ABS_bfgs-inv.py", line 30, in <module>
    tmp = model.optimize(ioa, **{'verbose': False, 'nbr_epochs': 1000, 'batch': 1000})
  File "../../models/LPMC_Nested_Full.py", line 826, in optimize
    return algo.solve(maximize=True)
  File "../../algos/OptAlg.py", line 215, in solve
    xk_new = self.alg_type.update_xk(xk, fk, gk, Bk, f, fprime, self.dir, self.fs)
  File "../../algos/types/LineSearch.py", line 34, in update_xk
    alpha = self.compute_alpha(f, fprime, xk, direction, fs)
  File "../../algos/types/LineSearch.py", line 24, in compute_alpha
    alpha = ls_wolfe12(f, fprime, xk, direction, gk, fs[-1], old_old_fval)
  File "../../algos/types/helpers.py", line 17, in ls_wolfe12
    old_fval, old_old_fval)
  File "/ssoft/spack/paien/v2/opt/spack/linux-rhel7-x86_E5v4_Mellanox/gcc-7.3.0/python-3.6.5-fuxsuhr3v4fh4gdkw6xrvnctzn2meygg/lib/python3.6/site-packages/scipy/optimize/linesearch.py", line 101, in line_search_wolfe1
    c1=c1, c2=c2, amax=amax, amin=amin, xtol=xtol)
  File "/ssoft/spack/paien/v2/opt/spack/linux-rhel7-x86_E5v4_Mellanox/gcc-7.3.0/python-3.6.5-fuxsuhr3v4fh4gdkw6xrvnctzn2meygg/lib/python3.6/site-packages/scipy/optimize/linesearch.py", line 174, in scalar_search_wolfe1
    phi1 = phi(stp)
  File "/ssoft/spack/paien/v2/opt/spack/linux-rhel7-x86_E5v4_Mellanox/gcc-7.3.0/python-3.6.5-fuxsuhr3v4fh4gdkw6xrvnctzn2meygg/lib/python3.6/site-packages/scipy/optimize/linesearch.py", line 87, in phi
    return f(xk + s*pk, *args)
  File "../../algos/directions/BFGS_INV.py", line 40, in f
    return self.mult * self.f(x)
  File "../../algos/directions/Direction.py", line 15, in <lambda>
    self.f = lambda x: self.biogeme.calculateLikelihood(x)
  File "/home/glederre/pybio/lib/python3.6/site-packages/biogeme/biogeme.py", line 250, in calculateLikelihood
    f = self.theC.calculateLikelihood(x,self.fixedBetaValues)
  File "src/cbiogeme.pyx", line 93, in biogeme.cbiogeme.pyBiogeme.calculateLikelihood
RuntimeError: src/biogeme.cc:296: Biogeme exception: Error for data entry 116 : src/bioExprLog.cc:51: Biogeme exception: Current values of the literals: 
ASC_TRANSIT_CO = -10.6306
ASC_TRANSIT_NCO = -7.4475
ASC_WALKING_CO1_DL0 = 0
ASC_WALKING_CO1_DL1 = 0
ASC_WALKING_CO2_DL0 = 0
ASC_WALKING_CO2_DL1 = 0
ASC_WALKING_NCO_DL0 = 0
ASC_WALKING_NCO_DL1 = 0
B_ADULT_TRANSIT_CO1_DL0 = 0
B_ADULT_TRANSIT_CO1_DL1 = -8.19308
B_ADULT_TRANSIT_CO2_DL0 = 0
B_ADULT_TRANSIT_CO2_DL1 = 0
B_ADULT_TRANSIT_NCO = -10
B_ADULT_WALKING_CO1_DL0 = 0
B_ADULT_WALKING_CO1_DL1 = 0
B_ADULT_WALKING_CO2_DL0 = 0
B_ADULT_WALKING_CO2_DL1 = 0
B_ADULT_WALKING_NCO_DL0 = 0
B_ADULT_WALKING_NCO_DL1 = 0
B_CADULT_TRANSIT_CO1_DL0 = 0
B_CADULT_TRANSIT_CO1_DL1 = 0
B_CADULT_TRANSIT_CO2_DL0 = 0
B_CADULT_TRANSIT_CO2_DL1 = 0
B_CADULT_TRANSIT_NCO_DL0 = -10
B_CADULT_TRANSIT_NCO_DL1 = -7.83013
B_CADULT_WALKING_CO1_DL0 = 0
B_CADULT_WALKING_CO1_DL1 = 0
B_CADULT_WALKING_CO2_DL0 = 0
B_CADULT_WALKING_CO2_DL1 = 0
B_CADULT_WALKING_NCO_DL0 = 0
B_CADULT_WALKING_NCO_DL1 = 0
B_CHILD_TRANSIT_CO1_DL0 = -5.5377
B_CHILD_TRANSIT_CO1_DL1 = 0
B_CHILD_TRANSIT_CO2_DL0 = 0
B_CHILD_TRANSIT_CO2_DL1 = 0
B_CHILD_TRANSIT_NCO_DL0 = 0
B_CHILD_TRANSIT_NCO_DL1 = 0
B_CHILD_WALKING_CO1_DL0 = 0
B_CHILD_WALKING_CO1_DL1 = 0
B_CHILD_WALKING_CO2_DL0 = 0
B_CHILD_WALKING_CO2_DL1 = 0
B_CHILD_WALKING_NCO_DL0 = 0
B_CHILD_WALKING_NCO_DL1 = 0
B_COST_TRANSIT_CO1_DL0 = 0
B_COST_TRANSIT_CO1_DL1 = 0
B_COST_TRANSIT_CO2_DL0 = 0
B_COST_TRANSIT_CO2_DL1 = 0
B_COST_TRANSIT_NCO = -9.72835
B_DISTANCE_TRANSIT_CO_DL0 = 10
B_DISTANCE_TRANSIT_DL1 = 2.74321
B_DISTANCE_TRANSIT_NCO_DL0 = -10
B_DISTANCE_WALKING_CO1_DL0 = 0
B_DISTANCE_WALKING_CO1_DL1 = 0
B_DISTANCE_WALKING_CO2_DL0 = 0
B_DISTANCE_WALKING_CO2_DL1 = 0
B_DISTANCE_WALKING_NCO_DL0 = 0
B_DISTANCE_WALKING_NCO_DL1 = 0
B_FEMALE_TRANSIT_DL0 = 6.39772
B_FEMALE_TRANSIT_DL1 = -6.61202
B_FEMALE_WALKING_CO1_DL0 = 0
B_FEMALE_WALKING_CO1_DL1 = 0
B_FEMALE_WALKING_CO2_DL0 = 0
B_FEMALE_WALKING_CO2_DL1 = 0
B_FEMALE_WALKING_NCO_DL0 = 0
B_FEMALE_WALKING_NCO_DL1 = 0
B_INTER_PEAK_WALKING_CO1_DL0 = 0
B_INTER_PEAK_WALKING_CO1_DL1 = 0
B_INTER_PEAK_WALKING_CO2_DL0 = 0
B_INTER_PEAK_WALKING_CO2_DL1 = 0
B_INTER_PEAK_WALKING_NCO_DL0 = 0
B_INTER_PEAK_WALKING_NCO_DL1 = 0
B_LOGDISTANCE_TRANSIT_CO = -5.86277
B_LOGDISTANCE_TRANSIT_NCO = 10
B_LOGDISTANCE_WALKING_CO1_DL0 = 0
B_LOGDISTANCE_WALKING_CO1_DL1 = 0
B_LOGDISTANCE_WALKING_CO2_DL0 = 0
B_LOGDISTANCE_WALKING_CO2_DL1 = 0
B_LOGDISTANCE_WALKING_NCO_DL0 = 0
B_LOGDISTANCE_WALKING_NCO_DL1 = 0
B_PM_PEAK_TRANSIT_CO = -5.84902
B_PM_PEAK_TRANSIT_NCO_DL0 = 0
B_PM_PEAK_TRANSIT_NCO_DL1 = 0
B_PM_PEAK_WALKING_CO1_DL0 = 0
B_PM_PEAK_WALKING_CO1_DL1 = 0
B_PM_PEAK_WALKING_CO2_DL0 = 0
B_PM_PEAK_WALKING_CO2_DL1 = 0
B_PM_PEAK_WALKING_NCO_DL0 = 0
B_PM_PEAK_WALKING_NCO_DL1 = 0
B_PURPOSE_B_TRANSIT_CO_DL0 = 3.31903
B_PURPOSE_B_TRANSIT_CO_DL1 = 4.53274
B_PURPOSE_B_TRANSIT_NCO_DL0 = 0
B_PURPOSE_B_TRANSIT_NCO_DL1 = 0
B_PURPOSE_B_WALKING_CO1_DL0 = 0
B_PURPOSE_B_WALKING_CO1_DL1 = 0
B_PURPOSE_B_WALKING_CO2_DL0 = 0
B_PURPOSE_B_WALKING_CO2_DL1 = 0
B_PURPOSE_B_WALKING_NCO_DL0 = 0
B_PURPOSE_B_WALKING_NCO_DL1 = 0
B_PURPOSE_HBE_TRANSIT_CO2_DL1 = -1.91088
B_PURPOSE_HBE_TRANSIT_DL0 = 4.58405
B_PURPOSE_HBE_TRANSIT_NCO1_DL1 = 0
B_PURPOSE_HBE_WALKING_CO1_DL0 = 0
B_PURPOSE_HBE_WALKING_CO1_DL1 = 0
B_PURPOSE_HBE_WALKING_CO2_DL0 = 0
B_PURPOSE_HBE_WALKING_CO2_DL1 = 0
B_PURPOSE_HBE_WALKING_NCO_DL0 = 0
B_PURPOSE_HBE_WALKING_NCO_DL1 = 0
B_PURPOSE_HBO_TRANSIT_CO1_DL0 = 0
B_PURPOSE_HBO_TRANSIT_CO1_DL1 = 0
B_PURPOSE_HBO_TRANSIT_CO2_DL0 = 0
B_PURPOSE_HBO_TRANSIT_CO2_DL1 = 0
B_PURPOSE_HBO_TRANSIT_NCO_DL0 = -3.41993
B_PURPOSE_HBO_TRANSIT_NCO_DL1 = 0
B_PURPOSE_HBO_WALKING_CO1_DL0 = 0
B_PURPOSE_HBO_WALKING_CO1_DL1 = 0
B_PURPOSE_HBO_WALKING_CO2_DL0 = 0
B_PURPOSE_HBO_WALKING_CO2_DL1 = 0
B_PURPOSE_HBO_WALKING_NCO_DL0 = 0
B_PURPOSE_HBO_WALKING_NCO_DL1 = 0
B_PURPOSE_HBW_TRANSIT_CO1_DL0 = 0
B_PURPOSE_HBW_TRANSIT_CO1_DL1 = 0
B_PURPOSE_HBW_TRANSIT_CO2_DL0 = 2.10763
B_PURPOSE_HBW_TRANSIT_CO2_DL1 = 5.09859
B_PURPOSE_HBW_TRANSIT_NCO_DL0 = 0
B_PURPOSE_HBW_TRANSIT_NCO_DL1 = 0
B_PURPOSE_HBW_WALKING_CO1_DL0 = 0
B_PURPOSE_HBW_WALKING_CO1_DL1 = 0
B_PURPOSE_HBW_WALKING_CO2_DL0 = 0
B_PURPOSE_HBW_WALKING_CO2_DL1 = 0
B_PURPOSE_HBW_WALKING_NCO_DL0 = 0
B_PURPOSE_HBW_WALKING_NCO_DL1 = 0
B_SATURDAY_TRANSIT_CO = -7.46712
B_SATURDAY_TRANSIT_NCO_DL0 = 0
B_SATURDAY_TRANSIT_NCO_DL1 = 0
B_SATURDAY_WALKING_CO1_DL0 = 0
B_SATURDAY_WALKING_CO1_DL1 = 0
B_SATURDAY_WALKING_CO2_DL0 = 0
B_SATURDAY_WALKING_CO2_DL1 = 0
B_SATURDAY_WALKING_NCO_DL0 = 0
B_SATURDAY_WALKING_NCO_DL1 = 0
B_TIME_ACCESS_CO = -1.83327
B_TIME_ACCESS_NCO_DL0 = -1.17879
B_TIME_ACCESS_NCO_DL1 = 0.395619
B_TIME_BUS_CO2_DL0 = -2.20454
B_TIME_BUS_CO2_DL1 = -8.24276
B_TIME_BUS_NCO1_DL0 = 9.29747
B_TIME_BUS_NCO1_DL1 = -1.82949
B_TIME_INT_WAIT_CO = -1.38806
B_TIME_INT_WAIT_NCO = -0.846578
B_TIME_INT_WALK_CO1 = -0.105768
B_TIME_INT_WALK_CO2_DL0 = 0
B_TIME_INT_WALK_CO2_DL1 = 0
B_TIME_INT_WALK_NCO_DL0 = 0
B_TIME_INT_WALK_NCO_DL1 = 0
B_TIME_RAIL = 6.50281
B_TIME_WALKING_DL0 = -10
B_TIME_WALKING_DL1 = -10
B_WEEKDAY_TRANSIT_CO = 10
B_WEEKDAY_TRANSIT_NCO_DL0 = 0
B_WEEKDAY_TRANSIT_NCO_DL1 = 0
B_WEEKDAY_WALKING_CO1_DL0 = 0
B_WEEKDAY_WALKING_CO1_DL1 = 0
B_WEEKDAY_WALKING_CO2_DL0 = 0
B_WEEKDAY_WALKING_CO2_DL1 = 0
B_WEEKDAY_WALKING_NCO_DL0 = 0
B_WEEKDAY_WALKING_NCO_DL1 = 0
B_WINTER_WALKING_CO1_DL0 = 0
B_WINTER_WALKING_CO1_DL1 = 0
B_WINTER_WALKING_CO2_DL0 = 0
B_WINTER_WALKING_CO2_DL1 = 0
B_WINTER_WALKING_NCO_DL0 = 0
B_WINTER_WALKING_NCO_DL1 = 0
MU_WALKTRANSIT = 10
co0 = 1
co1 = 0
co2 = 0
cost_transit = 1.6
dl0 = 0
dl1 = 1
dur_access = 0.23
dur_interchange_waiting = 0.116667
dur_interchange_walking = 0
dur_pt_bus = 0
dur_pt_rail = 0.366667
dur_walking = 1.90139
female = 1
purpose_B = 0
purpose_HBE = 0
purpose_HBO = 1
purpose_HBW = 0
self.adult = 1
self.cadult = 1
self.child = 0
self.distance_km = 8.07993
self.interpeak = 1
self.logdistance = 8.99714
self.pmpeak = 1
self.saturday = 1
self.weekday = 0
self.winter = 0
Cannot take the log of a negative number <log(Elem[1](0:0;1:((exp((((((((((((((((((((((ASC_WALKING_NCO_DL0[105] <116>*dl0[363] <116>)+(ASC_WALKING_NCO_DL1[106] <116>*dl1[364] <116>))*co0[350] <116>)+(((ASC_WALKING_CO1_DL0[101] <116>*dl0[363] <116>)+(ASC_WALKING_CO1_DL1[102] <116>*dl1[364] <116>))*co1[351] <116>))+(((ASC_WALKING_CO2_DL0[103] <116>*dl0[363] <116>)+(ASC_WALKING_CO2_DL1[104] <116>*dl1[364] <116>))*co2[352] <116>))+((((((B_TIME_WALKING_DL0[90] <116>*dl0[363] <116>)+(B_TIME_WALKING_DL1[91] <116>*dl1[364] <116>))*co0[350] <116>)+(((B_TIME_WALKING_DL0[90] <116>*dl0[363] <116>)+(B_TIME_WALKING_DL1[91] <116>*dl1[364] <116>))*co1[351] <116>))+(((B_TIME_WALKING_DL0[90] <116>*dl0[363] <116>)+(B_TIME_WALKING_DL1[91] <116>*dl1[364] <116>))*co2[352] <116>))*dur_walking[306] <116>))+((((((B_PURPOSE_B_WALKING_NCO_DL0[215] <116>*dl0[363] <116>)+(B_PURPOSE_B_WALKING_NCO_DL1[216] <116>*dl1[364] <116>))*co0[350] <116>)+(((B_PURPOSE_B_WALKING_CO1_DL0[211] <116>*dl0[363] <116>)+(B_PURPOSE_B_WALKING_CO1_DL1[212] <116>*dl1[364] <116>))*co1[351] <116>))+(((B_PURPOSE_B_WALKING_CO2_DL0[213] <116>*dl0[363] <116>)+(B_PURPOSE_B_WALKING_CO2_DL1[214] <116>*dl1[364] <116>))*co2[352] <116>))*purpose_B[342] <116>))+((((((B_PURPOSE_HBW_WALKING_NCO_DL0[254] <116>*dl0[363] <116>)+(B_PURPOSE_HBW_WALKING_NCO_DL1[255] <116>*dl1[364] <116>))*co0[350] <116>)+(((B_PURPOSE_HBW_WALKING_CO1_DL0[250] <116>*dl0[363] <116>)+(B_PURPOSE_HBW_WALKING_CO1_DL1[251] <116>*dl1[364] <116>))*co1[351] <116>))+(((B_PURPOSE_HBW_WALKING_CO2_DL0[252] <116>*dl0[363] <116>)+(B_PURPOSE_HBW_WALKING_CO2_DL1[253] <116>*dl1[364] <116>))*co2[352] <116>))*purpose_HBW[328] <116>))+((((((B_PURPOSE_HBE_WALKING_NCO_DL0[223] <116>*dl0[363] <116>)+(B_PURPOSE_HBE_WALKING_NCO_DL1[224] <116>*dl1[364] <116>))*co0[350] <116>)+(((B_PURPOSE_HBE_WALKING_CO1_DL0[219] <116>*dl0[363] <116>)+(B_PURPOSE_HBE_WALKING_CO1_DL1[220] <116>*dl1[364] <116>))*co1[351] <116>))+(((B_PURPOSE_HBE_WALKING_CO2_DL0[221] <116>*dl0[363] <116>)+(B_PURPOSE_HBE_WALKING_CO2_DL1[222] <116>*dl1[364] <116>))*co2[352] <116>))*purpose_HBE[326] <116>))+((((((B_PURPOSE_HBO_WALKING_NCO_DL0[241] <116>*dl0[363] <116>)+(B_PURPOSE_HBO_WALKING_NCO_DL1[242] <116>*dl1[364] <116>))*co0[350] <116>)+(((B_PURPOSE_HBO_WALKING_CO1_DL0[237] <116>*dl0[363] <116>)+(B_PURPOSE_HBO_WALKING_CO1_DL1[238] <116>*dl1[364] <116>))*co1[351] <116>))+(((B_PURPOSE_HBO_WALKING_CO2_DL0[239] <116>*dl0[363] <116>)+(B_PURPOSE_HBO_WALKING_CO2_DL1[240] <116>*dl1[364] <116>))*co2[352] <116>))*purpose_HBO[327] <116>))+((((((B_FEMALE_WALKING_NCO_DL0[173] <116>*dl0[363] <116>)+(B_FEMALE_WALKING_NCO_DL1[174] <116>*dl1[364] <116>))*co0[350] <116>)+(((B_FEMALE_WALKING_CO1_DL0[169] <116>*dl0[363] <116>)+(B_FEMALE_WALKING_CO1_DL1[170] <116>*dl1[364] <116>))*co1[351] <116>))+(((B_FEMALE_WALKING_CO2_DL0[171] <116>*dl0[363] <116>)+(B_FEMALE_WALKING_CO2_DL1[172] <116>*dl1[364] <116>))*co2[352] <116>))*female[318] <116>))+((((((B_WINTER_WALKING_NCO_DL0[297] <116>*dl0[363] <116>)+(B_WINTER_WALKING_NCO_DL1[298] <116>*dl1[364] <116>))*co0[350] <116>)+(((B_WINTER_WALKING_CO1_DL0[293] <116>*dl0[363] <116>)+(B_WINTER_WALKING_CO1_DL1[294] <116>*dl1[364] <116>))*co1[351] <116>))+(((B_WINTER_WALKING_CO2_DL0[295] <116>*dl0[363] <116>)+(B_WINTER_WALKING_CO2_DL1[296] <116>*dl1[364] <116>))*co2[352] <116>))*self.winter[358] <116>))+((((((B_CHILD_WALKING_NCO_DL0[149] <116>*dl0[363] <116>)+(B_CHILD_WALKING_NCO_DL1[150] <116>*dl1[364] <116>))*co0[350] <116>)+(((B_CHILD_WALKING_CO1_DL0[145] <116>*dl0[363] <116>)+(B_CHILD_WALKING_CO1_DL1[146] <116>*dl1[364] <116>))*co1[351] <116>))+(((B_CHILD_WALKING_CO2_DL0[147] <116>*dl0[363] <116>)+(B_CHILD_WALKING_CO2_DL1[148] <116>*dl1[364] <116>))*co2[352] <116>))*self.child[355] <116>))+((((((B_CADULT_WALKING_NCO_DL0[130] <116>*dl0[363] <116>)+(B_CADULT_WALKING_NCO_DL1[131] <116>*dl1[364] <116>))*co0[350] <116>)+(((B_CADULT_WALKING_CO1_DL0[126] <116>*dl0[363] <116>)+(B_CADULT_WALKING_CO1_DL1[127] <116>*dl1[364] <116>))*co1[351] <116>))+(((B_CADULT_WALKING_CO2_DL0[128] <116>*dl0[363] <116>)+(B_CADULT_WALKING_CO2_DL1[129] <116>*dl1[364] <116>))*co2[352] <116>))*self.cadult[356] <116>))+((((((B_ADULT_WALKING_NCO_DL0[119] <116>*dl0[363] <116>)+(B_ADULT_WALKING_NCO_DL1[120] <116>*dl1[364] <116>))*co0[350] <116>)+(((B_ADULT_WALKING_CO1_DL0[115] <116>*dl0[363] <116>)+(B_ADULT_WALKING_CO1_DL1[116] <116>*dl1[364] <116>))*co1[351] <116>))+(((B_ADULT_WALKING_CO2_DL0[117] <116>*dl0[363] <116>)+(B_ADULT_WALKING_CO2_DL1[118] <116>*dl1[364] <116>))*co2[352] <116>))*self.adult[357] <116>))+((((((B_WEEKDAY_WALKING_NCO_DL0[286] <116>*dl0[363] <116>)+(B_WEEKDAY_WALKING_NCO_DL1[287] <116>*dl1[364] <116>))*co0[350] <116>)+(((B_WEEKDAY_WALKING_CO1_DL0[282] <116>*dl0[363] <116>)+(B_WEEKDAY_WALKING_CO1_DL1[283] <116>*dl1[364] <116>))*co1[351] <116>))+(((B_WEEKDAY_WALKING_CO2_DL0[284] <116>*dl0[363] <116>)+(B_WEEKDAY_WALKING_CO2_DL1[285] <116>*dl1[364] <116>))*co2[352] <116>))*self.weekday[353] <116>))+((((((B_SATURDAY_WALKING_NCO_DL0[267] <116>*dl0[363] <116>)+(B_SATURDAY_WALKING_NCO_DL1[268] <116>*dl1[364] <116>))*co0[350] <116>)+(((B_SATURDAY_WALKING_CO1_DL0[263] <116>*dl0[363] <116>)+(B_SATURDAY_WALKING_CO1_DL1[264] <116>*dl1[364] <116>))*co1[351] <116>))+(((B_SATURDAY_WALKING_CO2_DL0[265] <116>*dl0[363] <116>)+(B_SATURDAY_WALKING_CO2_DL1[266] <116>*dl1[364] <116>))*co2[352] <116>))*self.saturday[354] <116>))+((((((B_INTER_PEAK_WALKING_NCO_DL0[187] <116>*dl0[363] <116>)+(B_INTER_PEAK_WALKING_NCO_DL1[188] <116>*dl1[364] <116>))*co0[350] <116>)+(((B_INTER_PEAK_WALKING_CO1_DL0[183] <116>*dl0[363] <116>)+(B_INTER_PEAK_WALKING_CO1_DL1[184] <116>*dl1[364] <116>))*co1[351] <116>))+(((B_INTER_PEAK_WALKING_CO2_DL0[185] <116>*dl0[363] <116>)+(B_INTER_PEAK_WALKING_CO2_DL1[186] <116>*dl1[364] <116>))*co2[352] <116>))*self.interpeak[360] <116>))+((((((B_PM_PEAK_WALKING_NCO_DL0[203] <116>*dl0[363] <116>)+(B_PM_PEAK_WALKING_NCO_DL1[204] <116>*dl1[364] <116>))*co0[350] <116>)+(((B_PM_PEAK_WALKING_CO1_DL0[199] <116>*dl0[363] <116>)+(B_PM_PEAK_WALKING_CO1_DL1[200] <116>*dl1[364] <116>))*co1[351] <116>))+(((B_PM_PEAK_WALKING_CO2_DL0[201] <116>*dl0[363] <116>)+(B_PM_PEAK_WALKING_CO2_DL1[202] <116>*dl1[364] <116>))*co2[352] <116>))*self.pmpeak[359] <116>))+((((((B_DISTANCE_WALKING_NCO_DL0[165] <116>*dl0[363] <116>)+(B_DISTANCE_WALKING_NCO_DL1[166] <116>*dl1[364] <116>))*co0[350] <116>)+(((B_DISTANCE_WALKING_CO1_DL0[161] <116>*dl0[363] <116>)+(B_DISTANCE_WALKING_CO1_DL1[162] <116>*dl1[364] <116>))*co1[351] <116>))+(((B_DISTANCE_WALKING_CO2_DL0[163] <116>*dl0[363] <116>)+(B_DISTANCE_WALKING_CO2_DL1[164] <116>*dl1[364] <116>))*co2[352] <116>))*self.distance_km[361] <116>))+((((((B_LOGDISTANCE_WALKING_NCO_DL0[193] <116>*dl0[363] <116>)+(B_LOGDISTANCE_WALKING_NCO_DL1[194] <116>*dl1[364] <116>))*co0[350] <116>)+(((B_LOGDISTANCE_WALKING_CO1_DL0[189] <116>*dl0[363] <116>)+(B_LOGDISTANCE_WALKING_CO1_DL1[190] <116>*dl1[364] <116>))*co1[351] <116>))+(((B_LOGDISTANCE_WALKING_CO2_DL0[191] <116>*dl0[363] <116>)+(B_LOGDISTANCE_WALKING_CO2_DL1[192] <116>*dl1[364] <116>))*co2[352] <116>))*self.logdistance[362] <116>)))^(MU_WALKTRANSIT[100] <116>-1))*((Elem[1](0:0;1:(exp((((((((((((((((((((((ASC_WALKING_NCO_DL0[105] <116>*dl0[363] <116>)+(ASC_WALKING_NCO_DL1[106] <116>*dl1[364] <116>))*co0[350] <116>)+(((ASC_WALKING_CO1_DL0[101] <116>*dl0[363] <116>)+(ASC_WALKING_CO1_DL1[102] <116>*dl1[364] <116>))*co1[351] <116>))+(((ASC_WALKING_CO2_DL0[103] <116>*dl0[363] <116>)+(ASC_WALKING_CO2_DL1[104] <116>*dl1[364] <116>))*co2[352] <116>))+((((((B_TIME_WALKING_DL0[90] <116>*dl0[363] <116>)+(B_TIME_WALKING_DL1[91] <116>*dl1[364] <116>))*co0[350] <116>)+(((B_TIME_WALKING_DL0[90] <116>*dl0[363] <116>)+(B_TIME_WALKING_DL1[91] <116>*dl1[364] <116>))*co1[351] <116>))+(((B_TIME_WALKING_DL0[90] <116>*dl0[363] <116>)+(B_TIME_WALKING_DL1[91] <116>*dl1[364] <116>))*co2[352] <116>))*dur_walking[306] <116>))+((((((B_PURPOSE_B_WALKING_NCO_DL0[215] <116>*dl0[363] <116>)+(B_PURPOSE_B_WALKING_NCO_DL1[216] <116>*dl1[364] <116>))*co0[350] <116>)+(((B_PURPOSE_B_WALKING_CO1_DL0[211] <116>*dl0[363] <116>)+(B_PURPOSE_B_WALKING_CO1_DL1[212] <116>*dl1[364] <116>))*co1[351] <116>))+(((B_PURPOSE_B_WALKING_CO2_DL0[213] <116>*dl0[363] <116>)+(B_PURPOSE_B_WALKING_CO2_DL1[214] <116>*dl1[364] <116>))*co2[352] <116>))*purpose_B[342] <116>))+((((((B_PURPOSE_HBW_WALKING_NCO_DL0[254] <116>*dl0[363] <116>)+(B_PURPOSE_HBW_WALKING_NCO_DL1[255] <116>*dl1[364] <116>))*co0[350] <116>)+(((B_PURPOSE_HBW_WALKING_CO1_DL0[250] <116>*dl0[363] <116>)+(B_PURPOSE_HBW_WALKING_CO1_DL1[251] <116>*dl1[364] <116>))*co1[351] <116>))+(((B_PURPOSE_HBW_WALKING_CO2_DL0[252] <116>*dl0[363] <116>)+(B_PURPOSE_HBW_WALKING_CO2_DL1[253] <116>*dl1[364] <116>))*co2[352] <116>))*purpose_HBW[328] <116>))+((((((B_PURPOSE_HBE_WALKING_NCO_DL0[223] <116>*dl0[363] <116>)+(B_PURPOSE_HBE_WALKING_NCO_DL1[224] <116>*dl1[364] <116>))*co0[350] <116>)+(((B_PURPOSE_HBE_WALKING_CO1_DL0[219] <116>*dl0[363] <116>)+(B_PURPOSE_HBE_WALKING_CO1_DL1[220] <116>*dl1[364] <116>))*co1[351] <116>))+(((B_PURPOSE_HBE_WALKING_CO2_DL0[221] <116>*dl0[363] <116>)+(B_PURPOSE_HBE_WALKING_CO2_DL1[222] <116>*dl1[364] <116>))*co2[352] <116>))*purpose_HBE[326] <116>))+((((((B_PURPOSE_HBO_WALKING_NCO_DL0[241] <116>*dl0[363] <116>)+(B_PURPOSE_HBO_WALKING_NCO_DL1[242] <116>*dl1[364] <116>))*co0[350] <116>)+(((B_PURPOSE_HBO_WALKING_CO1_DL0[237] <116>*dl0[363] <116>)+(B_PURPOSE_HBO_WALKING_CO1_DL1[238] <116>*dl1[364] <116>))*co1[351] <116>))+(((B_PURPOSE_HBO_WALKING_CO2_DL0[239] <116>*dl0[363] <116>)+(B_PURPOSE_HBO_WALKING_CO2_DL1[240] <116>*dl1[364] <116>))*co2[352] <116>))*purpose_HBO[327] <116>))+((((((B_FEMALE_WALKING_NCO_DL0[173] <116>*dl0[363] <116>)+(B_FEMALE_WALKING_NCO_DL1[174] <116>*dl1[364] <116>))*co0[350] <116>)+(((B_FEMALE_WALKING_CO1_DL0[169] <116>*dl0[363] <116>)+(B_FEMALE_WALKING_CO1_DL1[170] <116>*dl1[364] <116>))*co1[351] <116>))+(((B_FEMALE_WALKING_CO2_DL0[171] <116>*dl0[363] <116>)+(B_FEMALE_WALKING_CO2_DL1[172] <116>*dl1[364] <116>))*co2[352] <116>))*female[318] <116>))+((((((B_WINTER_WALKING_NCO_DL0[297] <116>*dl0[363] <116>)+(B_WINTER_WALKING_NCO_DL1[298] <116>*dl1[364] <116>))*co0[350] <116>)+(((B_WINTER_WALKING_CO1_DL0[293] <116>*dl0[363] <116>)+(B_WINTER_WALKING_CO1_DL1[294] <116>*dl1[364] <116>))*co1[351] <116>))+(((B_WINTER_WALKING_CO2_DL0[295] <116>*dl0[363] <116>)+(B_WINTER_WALKING_CO2_DL1[296] <116>*dl1[364] <116>))*co2[352] <116>))*self.winter[358] <116>))+((((((B_CHILD_WALKING_NCO_DL0[149] <116>*dl0[363] <116>)+(B_CHILD_WALKING_NCO_DL1[150] <116>*dl1[364] <116>))*co0[350] <116>)+(((B_CHILD_WALKING_CO1_DL0[145] <116>*dl0[363] <116>)+(B_CHILD_WALKING_CO1_DL1[146] <116>*dl1[364] <116>))*co1[351] <116>))+(((B_CHILD_WALKING_CO2_DL0[147] <116>*dl0[363] <116>)+(B_CHILD_WALKING_CO2_DL1[148] <116>*dl1[364] <116>))*co2[352] <116>))*self.child[355] <116>))+((((((B_CADULT_WALKING_NCO_DL0[130] <116>*dl0[363] <116>)+(B_CADULT_WALKING_NCO_DL1[131] <116>*dl1[364] <116>))*co0[350] <116>)+(((B_CADULT_WALKING_CO1_DL0[126] <116>*dl0[363] <116>)+(B_CADULT_WALKING_CO1_DL1[127] <116>*dl1[364] <116>))*co1[351] <116>))+(((B_CADULT_WALKING_CO2_DL0[128] <116>*dl0[363] <116>)+(B_CADULT_WALKING_CO2_DL1[129] <116>*dl1[364] <116>))*co2[352] <116>))*self.cadult[356] <116>))+((((((B_ADULT_WALKING_NCO_DL0[119] <116>*dl0[363] <116>)+(B_ADULT_WALKING_NCO_DL1[120] <116>*dl1[364] <116>))*co0[350] <116>)+(((B_ADULT_WALKING_CO1_DL0[115] <116>*dl0[363] <116>)+(B_ADULT_WALKING_CO1_DL1[116] <116>*dl1[364] <116>))*co1[351] <116>))+(((B_ADULT_WALKING_CO2_DL0[117] <116>*dl0[363] <116>)+(B_ADULT_WALKING_CO2_DL1[118] <116>*dl1[364] <116>))*co2[352] <116>))*self.adult[357] <116>))+((((((B_WEEKDAY_WALKING_NCO_DL0[286] <116>*dl0[363] <116>)+(B_WEEKDAY_WALKING_NCO_DL1[287] <116>*dl1[364] <116>))*co0[350] <116>)+(((B_WEEKDAY_WALKING_CO1_DL0[282] <116>*dl0[363] <116>)+(B_WEEKDAY_WALKING_CO1_DL1[283] <116>*dl1[364] <116>))*co1[351] <116>))+(((B_WEEKDAY_WALKING_CO2_DL0[284] <116>*dl0[363] <116>)+(B_WEEKDAY_WALKING_CO2_DL1[285] <116>*dl1[364] <116>))*co2[352] <116>))*self.weekday[353] <116>))+((((((B_SATURDAY_WALKING_NCO_DL0[267] <116>*dl0[363] <116>)+(B_SATURDAY_WALKING_NCO_DL1[268] <116>*dl1[364] <116>))*co0[350] <116>)+(((B_SATURDAY_WALKING_CO1_DL0[263] <116>*dl0[363] <116>)+(B_SATURDAY_WALKING_CO1_DL1[264] <116>*dl1[364] <116>))*co1[351] <116>))+(((B_SATURDAY_WALKING_CO2_DL0[265] <116>*dl0[363] <116>)+(B_SATURDAY_WALKING_CO2_DL1[266] <116>*dl1[364] <116>))*co2[352] <116>))*self.saturday[354] <116>))+((((((B_INTER_PEAK_WALKING_NCO_DL0[187] <116>*dl0[363] <116>)+(B_INTER_PEAK_WALKING_NCO_DL1[188] <116>*dl1[364] <116>))*co0[350] <116>)+(((B_INTER_PEAK_WALKING_CO1_DL0[183] <116>*dl0[363] <116>)+(B_INTER_PEAK_WALKING_CO1_DL1[184] <116>*dl1[364] <116>))*co1[351] <116>))+(((B_INTER_PEAK_WALKING_CO2_DL0[185] <116>*dl0[363] <116>)+(B_INTER_PEAK_WALKING_CO2_DL1[186] <116>*dl1[364] <116>))*co2[352] <116>))*self.interpeak[360] <116>))+((((((B_PM_PEAK_WALKING_NCO_DL0[203] <116>*dl0[363] <116>)+(B_PM_PEAK_WALKING_NCO_DL1[204] <116>*dl1[364] <116>))*co0[350] <116>)+(((B_PM_PEAK_WALKING_CO1_DL0[199] <116>*dl0[363] <116>)+(B_PM_PEAK_WALKING_CO1_DL1[200] <116>*dl1[364] <116>))*co1[351] <116>))+(((B_PM_PEAK_WALKING_CO2_DL0[201] <116>*dl0[363] <116>)+(B_PM_PEAK_WALKING_CO2_DL1[202] <116>*dl1[364] <116>))*co2[352] <116>))*self.pmpeak[359] <116>))+((((((B_DISTANCE_WALKING_NCO_DL0[165] <116>*dl0[363] <116>)+(B_DISTANCE_WALKING_NCO_DL1[166] <116>*dl1[364] <116>))*co0[350] <116>)+(((B_DISTANCE_WALKING_CO1_DL0[161] <116>*dl0[363] <116>)+(B_DISTANCE_WALKING_CO1_DL1[162] <116>*dl1[364] <116>))*co1[351] <116>))+(((B_DISTANCE_WALKING_CO2_DL0[163] <116>*dl0[363] <116>)+(B_DISTANCE_WALKING_CO2_DL1[164] <116>*dl1[364] <116>))*co2[352] <116>))*self.distance_km[361] <116>))+((((((B_LOGDISTANCE_WALKING_NCO_DL0[193] <116>*dl0[363] <116>)+(B_LOGDISTANCE_WALKING_NCO_DL1[194] <116>*dl1[364] <116>))*co0[350] <116>)+(((B_LOGDISTANCE_WALKING_CO1_DL0[189] <116>*dl0[363] <116>)+(B_LOGDISTANCE_WALKING_CO1_DL1[190] <116>*dl1[364] <116>))*co1[351] <116>))+(((B_LOGDISTANCE_WALKING_CO2_DL0[191] <116>*dl0[363] <116>)+(B_LOGDISTANCE_WALKING_CO2_DL1[192] <116>*dl1[364] <116>))*co2[352] <116>))*self.logdistance[362] <116>)))^MU_WALKTRANSIT[100] <116>)) + Elem[1](0:0;1:(exp(((((((((((((((((((((((((ASC_TRANSIT_NCO[4] <116>*dl0[363] <116>)+(ASC_TRANSIT_NCO[4] <116>*dl1[364] <116>))*co0[350] <116>)+(((ASC_TRANSIT_CO[3] <116>*dl0[363] <116>)+(ASC_TRANSIT_CO[3] <116>*dl1[364] <116>))*co1[351] <116>))+(((ASC_TRANSIT_CO[3] <116>*dl0[363] <116>)+(ASC_TRANSIT_CO[3] <116>*dl1[364] <116>))*co2[352] <116>))+((((((B_COST_TRANSIT_NCO[26] <116>*dl0[363] <116>)+(B_COST_TRANSIT_NCO[26] <116>*dl1[364] <116>))*co0[350] <116>)+(((B_COST_TRANSIT_CO1_DL0[157] <116>*dl0[363] <116>)+(B_COST_TRANSIT_CO1_DL1[158] <116>*dl1[364] <116>))*co1[351] <116>))+(((B_COST_TRANSIT_CO2_DL0[159] <116>*dl0[363] <116>)+(B_COST_TRANSIT_CO2_DL1[160] <116>*dl1[364] <116>))*co2[352] <116>))*cost_transit[310] <116>))+((((((B_TIME_ACCESS_NCO_DL0[75] <116>*dl0[363] <116>)+(B_TIME_ACCESS_NCO_DL1[76] <116>*dl1[364] <116>))*co0[350] <116>)+(((B_TIME_ACCESS_CO[74] <116>*dl0[363] <116>)+(B_TIME_ACCESS_CO[74] <116>*dl1[364] <116>))*co1[351] <116>))+(((B_TIME_ACCESS_CO[74] <116>*dl0[363] <116>)+(B_TIME_ACCESS_CO[74] <116>*dl1[364] <116>))*co2[352] <116>))*dur_access[320] <116>))+((((((B_TIME_RAIL[89] <116>*dl0[363] <116>)+(B_TIME_RAIL[89] <116>*dl1[364] <116>))*co0[350] <116>)+(((B_TIME_RAIL[89] <116>*dl0[363] <116>)+(B_TIME_RAIL[89] <116>*dl1[364] <116>))*co1[351] <116>))+(((B_TIME_RAIL[89] <116>*dl0[363] <116>)+(B_TIME_RAIL[89] <116>*dl1[364] <116>))*co2[352] <116>))*dur_pt_rail[323] <116>))+((((((B_TIME_BUS_NCO1_DL0[79] <116>*dl0[363] <116>)+(B_TIME_BUS_NCO1_DL1[80] <116>*dl1[364] <116>))*co0[350] <116>)+(((B_TIME_BUS_NCO1_DL0[79] <116>*dl0[363] <116>)+(B_TIME_BUS_NCO1_DL1[80] <116>*dl1[364] <116>))*co1[351] <116>))+(((B_TIME_BUS_CO2_DL0[77] <116>*dl0[363] <116>)+(B_TIME_BUS_CO2_DL1[78] <116>*dl1[364] <116>))*co2[352] <116>))*dur_pt_bus[324] <116>))+((((((B_TIME_INT_WAIT_NCO[87] <116>*dl0[363] <116>)+(B_TIME_INT_WAIT_NCO[87] <116>*dl1[364] <116>))*co0[350] <116>)+(((B_TIME_INT_WAIT_CO[86] <116>*dl0[363] <116>)+(B_TIME_INT_WAIT_CO[86] <116>*dl1[364] <116>))*co1[351] <116>))+(((B_TIME_INT_WAIT_CO[86] <116>*dl0[363] <116>)+(B_TIME_INT_WAIT_CO[86] <116>*dl1[364] <116>))*co2[352] <116>))*dur_interchange_waiting[321] <116>))+((((((B_TIME_INT_WALK_NCO_DL0[276] <116>*dl0[363] <116>)+(B_TIME_INT_WALK_NCO_DL1[277] <116>*dl1[364] <116>))*co0[350] <116>)+(((B_TIME_INT_WALK_CO1[88] <116>*dl0[363] <116>)+(B_TIME_INT_WALK_CO1[88] <116>*dl1[364] <116>))*co1[351] <116>))+(((B_TIME_INT_WALK_CO2_DL0[274] <116>*dl0[363] <116>)+(B_TIME_INT_WALK_CO2_DL1[275] <116>*dl1[364] <116>))*co2[352] <116>))*dur_interchange_walking[322] <116>))+((((((B_PURPOSE_B_TRANSIT_NCO_DL0[209] <116>*dl0[363] <116>)+(B_PURPOSE_B_TRANSIT_NCO_DL1[210] <116>*dl1[364] <116>))*co0[350] <116>)+(((B_PURPOSE_B_TRANSIT_CO_DL0[55] <116>*dl0[363] <116>)+(B_PURPOSE_B_TRANSIT_CO_DL1[56] <116>*dl1[364] <116>))*co1[351] <116>))+(((B_PURPOSE_B_TRANSIT_CO_DL0[55] <116>*dl0[363] <116>)+(B_PURPOSE_B_TRANSIT_CO_DL1[56] <116>*dl1[364] <116>))*co2[352] <116>))*purpose_B[342] <116>))+((((((B_PURPOSE_HBW_TRANSIT_NCO_DL0[248] <116>*dl0[363] <116>)+(B_PURPOSE_HBW_TRANSIT_NCO_DL1[249] <116>*dl1[364] <116>))*co0[350] <116>)+(((B_PURPOSE_HBW_TRANSIT_CO1_DL0[246] <116>*dl0[363] <116>)+(B_PURPOSE_HBW_TRANSIT_CO1_DL1[247] <116>*dl1[364] <116>))*co1[351] <116>))+(((B_PURPOSE_HBW_TRANSIT_CO2_DL0[70] <116>*dl0[363] <116>)+(B_PURPOSE_HBW_TRANSIT_CO2_DL1[71] <116>*dl1[364] <116>))*co2[352] <116>))*purpose_HBW[328] <116>))+((((((B_PURPOSE_HBE_TRANSIT_DL0[61] <116>*dl0[363] <116>)+(B_PURPOSE_HBE_TRANSIT_NCO1_DL1[218] <116>*dl1[364] <116>))*co0[350] <116>)+(((B_PURPOSE_HBE_TRANSIT_DL0[61] <116>*dl0[363] <116>)+(B_PURPOSE_HBE_TRANSIT_NCO1_DL1[218] <116>*dl1[364] <116>))*co1[351] <116>))+(((B_PURPOSE_HBE_TRANSIT_DL0[61] <116>*dl0[363] <116>)+(B_PURPOSE_HBE_TRANSIT_CO2_DL1[60] <116>*dl1[364] <116>))*co2[352] <116>))*purpose_HBE[326] <116>))+((((((B_PURPOSE_HBO_TRANSIT_NCO_DL0[64] <116>*dl0[363] <116>)+(B_PURPOSE_HBO_TRANSIT_NCO_DL1[236] <116>*dl1[364] <116>))*co0[350] <116>)+(((B_PURPOSE_HBO_TRANSIT_CO1_DL0[232] <116>*dl0[363] <116>)+(B_PURPOSE_HBO_TRANSIT_CO1_DL1[233] <116>*dl1[364] <116>))*co1[351] <116>))+(((B_PURPOSE_HBO_TRANSIT_CO2_DL0[234] <116>*dl0[363] <116>)+(B_PURPOSE_HBO_TRANSIT_CO2_DL1[235] <116>*dl1[364] <116>))*co2[352] <116>))*purpose_HBO[327] <116>))+((((((B_FEMALE_TRANSIT_DL0[38] <116>*dl0[363] <116>)+(B_FEMALE_TRANSIT_DL1[39] <116>*dl1[364] <116>))*co0[350] <116>)+(((B_FEMALE_TRANSIT_DL0[38] <116>*dl0[363] <116>)+(B_FEMALE_TRANSIT_DL1[39] <116>*dl1[364] <116>))*co1[351] <116>))+(((B_FEMALE_TRANSIT_DL0[38] <116>*dl0[363] <116>)+(B_FEMALE_TRANSIT_DL1[39] <116>*dl1[364] <116>))*co2[352] <116>))*female[318] <116>))+((((((B_CHILD_TRANSIT_NCO_DL0[143] <116>*dl0[363] <116>)+(B_CHILD_TRANSIT_NCO_DL1[144] <116>*dl1[364] <116>))*co0[350] <116>)+(((B_CHILD_TRANSIT_CO1_DL0[22] <116>*dl0[363] <116>)+(B_CHILD_TRANSIT_CO1_DL1[140] <116>*dl1[364] <116>))*co1[351] <116>))+(((B_CHILD_TRANSIT_CO2_DL0[141] <116>*dl0[363] <116>)+(B_CHILD_TRANSIT_CO2_DL1[142] <116>*dl1[364] <116>))*co2[352] <116>))*self.child[355] <116>))+((((((B_CADULT_TRANSIT_NCO_DL0[16] <116>*dl0[363] <116>)+(B_CADULT_TRANSIT_NCO_DL1[17] <116>*dl1[364] <116>))*co0[350] <116>)+(((B_CADULT_TRANSIT_CO1_DL0[122] <116>*dl0[363] <116>)+(B_CADULT_TRANSIT_CO1_DL1[123] <116>*dl1[364] <116>))*co1[351] <116>))+(((B_CADULT_TRANSIT_CO2_DL0[124] <116>*dl0[363] <116>)+(B_CADULT_TRANSIT_CO2_DL1[125] <116>*dl1[364] <116>))*co2[352] <116>))*self.cadult[356] <116>))+((((((B_ADULT_TRANSIT_NCO[10] <116>*dl0[363] <116>)+(B_ADULT_TRANSIT_NCO[10] <116>*dl1[364] <116>))*co0[350] <116>)+(((B_ADULT_TRANSIT_CO1_DL0[112] <116>*dl0[363] <116>)+(B_ADULT_TRANSIT_CO1_DL1[9] <116>*dl1[364] <116>))*co1[351] <116>))+(((B_ADULT_TRANSIT_CO2_DL0[113] <116>*dl0[363] <116>)+(B_ADULT_TRANSIT_CO2_DL1[114] <116>*dl1[364] <116>))*co2[352] <116>))*self.adult[357] <116>))+((((((B_WEEKDAY_TRANSIT_NCO_DL0[280] <116>*dl0[363] <116>)+(B_WEEKDAY_TRANSIT_NCO_DL1[281] <116>*dl1[364] <116>))*co0[350] <116>)+(((B_WEEKDAY_TRANSIT_CO[97] <116>*dl0[363] <116>)+(B_WEEKDAY_TRANSIT_CO[97] <116>*dl1[364] <116>))*co1[351] <116>))+(((B_WEEKDAY_TRANSIT_CO[97] <116>*dl0[363] <116>)+(B_WEEKDAY_TRANSIT_CO[97] <116>*dl1[364] <116>))*co2[352] <116>))*self.weekday[353] <116>))+((((((B_SATURDAY_TRANSIT_NCO_DL0[261] <116>*dl0[363] <116>)+(B_SATURDAY_TRANSIT_NCO_DL1[262] <116>*dl1[364] <116>))*co0[350] <116>)+(((B_SATURDAY_TRANSIT_CO[73] <116>*dl0[363] <116>)+(B_SATURDAY_TRANSIT_CO[73] <116>*dl1[364] <116>))*co1[351] <116>))+(((B_SATURDAY_TRANSIT_CO[73] <116>*dl0[363] <116>)+(B_SATURDAY_TRANSIT_CO[73] <116>*dl1[364] <116>))*co2[352] <116>))*self.saturday[354] <116>))+((((((B_PM_PEAK_TRANSIT_NCO_DL0[197] <116>*dl0[363] <116>)+(B_PM_PEAK_TRANSIT_NCO_DL1[198] <116>*dl1[364] <116>))*co0[350] <116>)+(((B_PM_PEAK_TRANSIT_CO[52] <116>*dl0[363] <116>)+(B_PM_PEAK_TRANSIT_CO[52] <116>*dl1[364] <116>))*co1[351] <116>))+(((B_PM_PEAK_TRANSIT_CO[52] <116>*dl0[363] <116>)+(B_PM_PEAK_TRANSIT_CO[52] <116>*dl1[364] <116>))*co2[352] <116>))*self.pmpeak[359] <116>))+((((((B_DISTANCE_TRANSIT_NCO_DL0[35] <116>*dl0[363] <116>)+(B_DISTANCE_TRANSIT_DL1[34] <116>*dl1[364] <116>))*co0[350] <116>)+(((B_DISTANCE_TRANSIT_CO_DL0[33] <116>*dl0[363] <116>)+(B_DISTANCE_TRANSIT_DL1[34] <116>*dl1[364] <116>))*co1[351] <116>))+(((B_DISTANCE_TRANSIT_CO_DL0[33] <116>*dl0[363] <116>)+(B_DISTANCE_TRANSIT_DL1[34] <116>*dl1[364] <116>))*co2[352] <116>))*self.distance_km[361] <116>))+((((((B_LOGDISTANCE_TRANSIT_NCO[48] <116>*dl0[363] <116>)+(B_LOGDISTANCE_TRANSIT_NCO[48] <116>*dl1[364] <116>))*co0[350] <116>)+(((B_LOGDISTANCE_TRANSIT_CO[47] <116>*dl0[363] <116>)+(B_LOGDISTANCE_TRANSIT_CO[47] <116>*dl1[364] <116>))*co1[351] <116>))+(((B_LOGDISTANCE_TRANSIT_CO[47] <116>*dl0[363] <116>)+(B_LOGDISTANCE_TRANSIT_CO[47] <116>*dl1[364] <116>))*co2[352] <116>))*self.logdistance[362] <116>)))^MU_WALKTRANSIT[100] <116>)))^((1/MU_WALKTRANSIT[100] <116>)-1)))))>: 0

srun: error: h040: task 0: Exited with exit code 1
srun: Terminating job step 177737.0
Finished at lun aoû 12 14:27:33 CEST 2019
