Starting optimization of LPMC_Nested_Full_S with LS-ABS and hybrid-inv at lun aoû 12 14:26:59 CEST 2019
Train LPMC_Nested_Full_S with LS-ABS and hybrid-inv
/ssoft/spack/paien/v2/opt/spack/linux-rhel7-x86_E5v4_Mellanox/gcc-7.3.0/python-3.6.5-fuxsuhr3v4fh4gdkw6xrvnctzn2meygg/lib/python3.6/site-packages/scipy/optimize/linesearch.py:313: LineSearchWarning: The line search algorithm did not converge
  warn('The line search algorithm did not converge', LineSearchWarning)
1/20 done!
2/20 done!
3/20 done!
Traceback (most recent call last):
  File "LS-ABS_hybrid-inv.py", line 30, in <module>
    tmp = model.optimize(ioa, **{'verbose': False, 'nbr_epochs': 1000, 'batch': 1000})
  File "../../models/LPMC_Nested_Full.py", line 826, in optimize
    return algo.solve(maximize=True)
  File "../../algos/OptAlg.py", line 215, in solve
    
  File "../../algos/types/LineSearch.py", line 34, in update_xk
    alpha = self.compute_alpha(f, fprime, xk, direction, fs)
  File "../../algos/types/LineSearch.py", line 24, in compute_alpha
    alpha = ls_wolfe12(f, fprime, xk, direction, gk, fs[-1], old_old_fval)
  File "../../algos/types/helpers.py", line 29, in ls_wolfe12
    ret = line_search_armijo(f, xk, pk, gfk, old_fval)
  File "/ssoft/spack/paien/v2/opt/spack/linux-rhel7-x86_E5v4_Mellanox/gcc-7.3.0/python-3.6.5-fuxsuhr3v4fh4gdkw6xrvnctzn2meygg/lib/python3.6/site-packages/scipy/optimize/linesearch.py", line 654, in line_search_armijo
    alpha0=alpha0)
  File "/ssoft/spack/paien/v2/opt/spack/linux-rhel7-x86_E5v4_Mellanox/gcc-7.3.0/python-3.6.5-fuxsuhr3v4fh4gdkw6xrvnctzn2meygg/lib/python3.6/site-packages/scipy/optimize/linesearch.py", line 688, in scalar_search_armijo
    phi_a1 = phi(alpha1)
  File "/ssoft/spack/paien/v2/opt/spack/linux-rhel7-x86_E5v4_Mellanox/gcc-7.3.0/python-3.6.5-fuxsuhr3v4fh4gdkw6xrvnctzn2meygg/lib/python3.6/site-packages/scipy/optimize/linesearch.py", line 645, in phi
    return f(xk + alpha1*pk, *args)
  File "../../algos/directions/Hybrid_INV.py", line 59, in f
    return self.mult * self.f(x)
  File "../../algos/directions/Direction.py", line 15, in <lambda>
    self.f = lambda x: self.biogeme.calculateLikelihood(x)
  File "/home/glederre/pybio/lib/python3.6/site-packages/biogeme/biogeme.py", line 250, in calculateLikelihood
    f = self.theC.calculateLikelihood(x,self.fixedBetaValues)
  File "src/cbiogeme.pyx", line 93, in biogeme.cbiogeme.pyBiogeme.calculateLikelihood
RuntimeError: src/biogeme.cc:296: Biogeme exception: Error for data entry 25 : src/bioExprLog.cc:51: Biogeme exception: Current values of the literals: 
ASC_TRANSIT_CO = -59.3101
ASC_TRANSIT_NCO = -45.2607
ASC_WALKING_CO1_DL0 = 0
ASC_WALKING_CO1_DL1 = 0
ASC_WALKING_CO2_DL0 = 0
ASC_WALKING_CO2_DL1 = 0
ASC_WALKING_NCO_DL0 = 0
ASC_WALKING_NCO_DL1 = 0
B_ADULT_TRANSIT_CO1_DL0 = 0
B_ADULT_TRANSIT_CO1_DL1 = 0.0275694
B_ADULT_TRANSIT_CO2_DL0 = 0
B_ADULT_TRANSIT_CO2_DL1 = 0
B_ADULT_TRANSIT_NCO = 1.28268
B_ADULT_WALKING_CO1_DL0 = 0
B_ADULT_WALKING_CO1_DL1 = 0
B_ADULT_WALKING_CO2_DL0 = 0
B_ADULT_WALKING_CO2_DL1 = 0
B_ADULT_WALKING_NCO_DL0 = 0
B_ADULT_WALKING_NCO_DL1 = 0
B_CADULT_TRANSIT_CO1_DL0 = 0
B_CADULT_TRANSIT_CO1_DL1 = 0
B_CADULT_TRANSIT_CO2_DL0 = 0
B_CADULT_TRANSIT_CO2_DL1 = 0
B_CADULT_TRANSIT_NCO_DL0 = -0.733884
B_CADULT_TRANSIT_NCO_DL1 = -0.809154
B_CADULT_WALKING_CO1_DL0 = 0
B_CADULT_WALKING_CO1_DL1 = 0
B_CADULT_WALKING_CO2_DL0 = 0
B_CADULT_WALKING_CO2_DL1 = 0
B_CADULT_WALKING_NCO_DL0 = 0
B_CADULT_WALKING_NCO_DL1 = 0
B_CHILD_TRANSIT_CO1_DL0 = 1.27701
B_CHILD_TRANSIT_CO1_DL1 = 0
B_CHILD_TRANSIT_CO2_DL0 = 0
B_CHILD_TRANSIT_CO2_DL1 = 0
B_CHILD_TRANSIT_NCO_DL0 = 0
B_CHILD_TRANSIT_NCO_DL1 = 0
B_CHILD_WALKING_CO1_DL0 = 0
B_CHILD_WALKING_CO1_DL1 = 0
B_CHILD_WALKING_CO2_DL0 = 0
B_CHILD_WALKING_CO2_DL1 = 0
B_CHILD_WALKING_NCO_DL0 = 0
B_CHILD_WALKING_NCO_DL1 = 0
B_COST_TRANSIT_CO1_DL0 = 0
B_COST_TRANSIT_CO1_DL1 = 0
B_COST_TRANSIT_CO2_DL0 = 0
B_COST_TRANSIT_CO2_DL1 = 0
B_COST_TRANSIT_NCO = 1.204
B_DISTANCE_TRANSIT_CO_DL0 = -10
B_DISTANCE_TRANSIT_DL1 = -10
B_DISTANCE_TRANSIT_NCO_DL0 = -10
B_DISTANCE_WALKING_CO1_DL0 = 0
B_DISTANCE_WALKING_CO1_DL1 = 0
B_DISTANCE_WALKING_CO2_DL0 = 0
B_DISTANCE_WALKING_CO2_DL1 = 0
B_DISTANCE_WALKING_NCO_DL0 = 0
B_DISTANCE_WALKING_NCO_DL1 = 0
B_FEMALE_TRANSIT_DL0 = -0.439242
B_FEMALE_TRANSIT_DL1 = -0.399123
B_FEMALE_WALKING_CO1_DL0 = 0
B_FEMALE_WALKING_CO1_DL1 = 0
B_FEMALE_WALKING_CO2_DL0 = 0
B_FEMALE_WALKING_CO2_DL1 = 0
B_FEMALE_WALKING_NCO_DL0 = 0
B_FEMALE_WALKING_NCO_DL1 = 0
B_INTER_PEAK_WALKING_CO1_DL0 = 0
B_INTER_PEAK_WALKING_CO1_DL1 = 0
B_INTER_PEAK_WALKING_CO2_DL0 = 0
B_INTER_PEAK_WALKING_CO2_DL1 = 0
B_INTER_PEAK_WALKING_NCO_DL0 = 0
B_INTER_PEAK_WALKING_NCO_DL1 = 0
B_LOGDISTANCE_TRANSIT_CO = 10
B_LOGDISTANCE_TRANSIT_NCO = 8.12373
B_LOGDISTANCE_WALKING_CO1_DL0 = 0
B_LOGDISTANCE_WALKING_CO1_DL1 = 0
B_LOGDISTANCE_WALKING_CO2_DL0 = 0
B_LOGDISTANCE_WALKING_CO2_DL1 = 0
B_LOGDISTANCE_WALKING_NCO_DL0 = 0
B_LOGDISTANCE_WALKING_NCO_DL1 = 0
B_PM_PEAK_TRANSIT_CO = 0.304913
B_PM_PEAK_TRANSIT_NCO_DL0 = 0
B_PM_PEAK_TRANSIT_NCO_DL1 = 0
B_PM_PEAK_WALKING_CO1_DL0 = 0
B_PM_PEAK_WALKING_CO1_DL1 = 0
B_PM_PEAK_WALKING_CO2_DL0 = 0
B_PM_PEAK_WALKING_CO2_DL1 = 0
B_PM_PEAK_WALKING_NCO_DL0 = 0
B_PM_PEAK_WALKING_NCO_DL1 = 0
B_PURPOSE_B_TRANSIT_CO_DL0 = -1.17803
B_PURPOSE_B_TRANSIT_CO_DL1 = 0.975786
B_PURPOSE_B_TRANSIT_NCO_DL0 = 0
B_PURPOSE_B_TRANSIT_NCO_DL1 = 0
B_PURPOSE_B_WALKING_CO1_DL0 = 0
B_PURPOSE_B_WALKING_CO1_DL1 = 0
B_PURPOSE_B_WALKING_CO2_DL0 = 0
B_PURPOSE_B_WALKING_CO2_DL1 = 0
B_PURPOSE_B_WALKING_NCO_DL0 = 0
B_PURPOSE_B_WALKING_NCO_DL1 = 0
B_PURPOSE_HBE_TRANSIT_CO2_DL1 = 0.64454
B_PURPOSE_HBE_TRANSIT_DL0 = -1.06749
B_PURPOSE_HBE_TRANSIT_NCO1_DL1 = 0
B_PURPOSE_HBE_WALKING_CO1_DL0 = 0
B_PURPOSE_HBE_WALKING_CO1_DL1 = 0
B_PURPOSE_HBE_WALKING_CO2_DL0 = 0
B_PURPOSE_HBE_WALKING_CO2_DL1 = 0
B_PURPOSE_HBE_WALKING_NCO_DL0 = 0
B_PURPOSE_HBE_WALKING_NCO_DL1 = 0
B_PURPOSE_HBO_TRANSIT_CO1_DL0 = 0
B_PURPOSE_HBO_TRANSIT_CO1_DL1 = 0
B_PURPOSE_HBO_TRANSIT_CO2_DL0 = 0
B_PURPOSE_HBO_TRANSIT_CO2_DL1 = 0
B_PURPOSE_HBO_TRANSIT_NCO_DL0 = 0.248162
B_PURPOSE_HBO_TRANSIT_NCO_DL1 = 0
B_PURPOSE_HBO_WALKING_CO1_DL0 = 0
B_PURPOSE_HBO_WALKING_CO1_DL1 = 0
B_PURPOSE_HBO_WALKING_CO2_DL0 = 0
B_PURPOSE_HBO_WALKING_CO2_DL1 = 0
B_PURPOSE_HBO_WALKING_NCO_DL0 = 0
B_PURPOSE_HBO_WALKING_NCO_DL1 = 0
B_PURPOSE_HBW_TRANSIT_CO1_DL0 = 0
B_PURPOSE_HBW_TRANSIT_CO1_DL1 = 0
B_PURPOSE_HBW_TRANSIT_CO2_DL0 = 3.91803
B_PURPOSE_HBW_TRANSIT_CO2_DL1 = -0.222282
B_PURPOSE_HBW_TRANSIT_NCO_DL0 = 0
B_PURPOSE_HBW_TRANSIT_NCO_DL1 = 0
B_PURPOSE_HBW_WALKING_CO1_DL0 = 0
B_PURPOSE_HBW_WALKING_CO1_DL1 = 0
B_PURPOSE_HBW_WALKING_CO2_DL0 = 0
B_PURPOSE_HBW_WALKING_CO2_DL1 = 0
B_PURPOSE_HBW_WALKING_NCO_DL0 = 0
B_PURPOSE_HBW_WALKING_NCO_DL1 = 0
B_SATURDAY_TRANSIT_CO = -0.0532418
B_SATURDAY_TRANSIT_NCO_DL0 = 0
B_SATURDAY_TRANSIT_NCO_DL1 = 0
B_SATURDAY_WALKING_CO1_DL0 = 0
B_SATURDAY_WALKING_CO1_DL1 = 0
B_SATURDAY_WALKING_CO2_DL0 = 0
B_SATURDAY_WALKING_CO2_DL1 = 0
B_SATURDAY_WALKING_NCO_DL0 = 0
B_SATURDAY_WALKING_NCO_DL1 = 0
B_TIME_ACCESS_CO = -10
B_TIME_ACCESS_NCO_DL0 = -10
B_TIME_ACCESS_NCO_DL1 = -10
B_TIME_BUS_CO2_DL0 = -9.08882
B_TIME_BUS_CO2_DL1 = -5.06675
B_TIME_BUS_NCO1_DL0 = -6.85958
B_TIME_BUS_NCO1_DL1 = -1.06682
B_TIME_INT_WAIT_CO = -10
B_TIME_INT_WAIT_NCO = -10
B_TIME_INT_WALK_CO1 = -10
B_TIME_INT_WALK_CO2_DL0 = 0
B_TIME_INT_WALK_CO2_DL1 = 0
B_TIME_INT_WALK_NCO_DL0 = 0
B_TIME_INT_WALK_NCO_DL1 = 0
B_TIME_RAIL = -1.0749
B_TIME_WALKING_DL0 = -8.74635
B_TIME_WALKING_DL1 = -10
B_WEEKDAY_TRANSIT_CO = -0.102409
B_WEEKDAY_TRANSIT_NCO_DL0 = 0
B_WEEKDAY_TRANSIT_NCO_DL1 = 0
B_WEEKDAY_WALKING_CO1_DL0 = 0
B_WEEKDAY_WALKING_CO1_DL1 = 0
B_WEEKDAY_WALKING_CO2_DL0 = 0
B_WEEKDAY_WALKING_CO2_DL1 = 0
B_WEEKDAY_WALKING_NCO_DL0 = 0
B_WEEKDAY_WALKING_NCO_DL1 = 0
B_WINTER_WALKING_CO1_DL0 = 0
B_WINTER_WALKING_CO1_DL1 = 0
B_WINTER_WALKING_CO2_DL0 = 0
B_WINTER_WALKING_CO2_DL1 = 0
B_WINTER_WALKING_NCO_DL0 = 0
B_WINTER_WALKING_NCO_DL1 = 0
MU_WALKTRANSIT = 10
co0 = 0
co1 = 1
co2 = 0
cost_transit = 8.09
dl0 = 0
dl1 = 1
dur_access = 0.118333
dur_interchange_waiting = 0.163056
dur_interchange_walking = 0.117778
dur_pt_bus = 0.312778
dur_pt_rail = 0.516667
dur_walking = 3.87417
female = 0
purpose_B = 0
purpose_HBE = 0
purpose_HBO = 0
purpose_HBW = 1
self.adult = 1
self.cadult = 0
self.child = 0
self.distance_km = 16.8222
self.interpeak = 0
self.logdistance = 9.73045
self.pmpeak = 0
self.saturday = 0
self.weekday = 1
self.winter = 0
Cannot take the log of a negative number <log(Elem[1](0:0;1:((exp(((((((((((((((((((((((((ASC_TRANSIT_NCO[4] <25>*dl0[363] <25>)+(ASC_TRANSIT_NCO[4] <25>*dl1[364] <25>))*co0[350] <25>)+(((ASC_TRANSIT_CO[3] <25>*dl0[363] <25>)+(ASC_TRANSIT_CO[3] <25>*dl1[364] <25>))*co1[351] <25>))+(((ASC_TRANSIT_CO[3] <25>*dl0[363] <25>)+(ASC_TRANSIT_CO[3] <25>*dl1[364] <25>))*co2[352] <25>))+((((((B_COST_TRANSIT_NCO[26] <25>*dl0[363] <25>)+(B_COST_TRANSIT_NCO[26] <25>*dl1[364] <25>))*co0[350] <25>)+(((B_COST_TRANSIT_CO1_DL0[157] <25>*dl0[363] <25>)+(B_COST_TRANSIT_CO1_DL1[158] <25>*dl1[364] <25>))*co1[351] <25>))+(((B_COST_TRANSIT_CO2_DL0[159] <25>*dl0[363] <25>)+(B_COST_TRANSIT_CO2_DL1[160] <25>*dl1[364] <25>))*co2[352] <25>))*cost_transit[310] <25>))+((((((B_TIME_ACCESS_NCO_DL0[75] <25>*dl0[363] <25>)+(B_TIME_ACCESS_NCO_DL1[76] <25>*dl1[364] <25>))*co0[350] <25>)+(((B_TIME_ACCESS_CO[74] <25>*dl0[363] <25>)+(B_TIME_ACCESS_CO[74] <25>*dl1[364] <25>))*co1[351] <25>))+(((B_TIME_ACCESS_CO[74] <25>*dl0[363] <25>)+(B_TIME_ACCESS_CO[74] <25>*dl1[364] <25>))*co2[352] <25>))*dur_access[320] <25>))+((((((B_TIME_RAIL[89] <25>*dl0[363] <25>)+(B_TIME_RAIL[89] <25>*dl1[364] <25>))*co0[350] <25>)+(((B_TIME_RAIL[89] <25>*dl0[363] <25>)+(B_TIME_RAIL[89] <25>*dl1[364] <25>))*co1[351] <25>))+(((B_TIME_RAIL[89] <25>*dl0[363] <25>)+(B_TIME_RAIL[89] <25>*dl1[364] <25>))*co2[352] <25>))*dur_pt_rail[323] <25>))+((((((B_TIME_BUS_NCO1_DL0[79] <25>*dl0[363] <25>)+(B_TIME_BUS_NCO1_DL1[80] <25>*dl1[364] <25>))*co0[350] <25>)+(((B_TIME_BUS_NCO1_DL0[79] <25>*dl0[363] <25>)+(B_TIME_BUS_NCO1_DL1[80] <25>*dl1[364] <25>))*co1[351] <25>))+(((B_TIME_BUS_CO2_DL0[77] <25>*dl0[363] <25>)+(B_TIME_BUS_CO2_DL1[78] <25>*dl1[364] <25>))*co2[352] <25>))*dur_pt_bus[324] <25>))+((((((B_TIME_INT_WAIT_NCO[87] <25>*dl0[363] <25>)+(B_TIME_INT_WAIT_NCO[87] <25>*dl1[364] <25>))*co0[350] <25>)+(((B_TIME_INT_WAIT_CO[86] <25>*dl0[363] <25>)+(B_TIME_INT_WAIT_CO[86] <25>*dl1[364] <25>))*co1[351] <25>))+(((B_TIME_INT_WAIT_CO[86] <25>*dl0[363] <25>)+(B_TIME_INT_WAIT_CO[86] <25>*dl1[364] <25>))*co2[352] <25>))*dur_interchange_waiting[321] <25>))+((((((B_TIME_INT_WALK_NCO_DL0[276] <25>*dl0[363] <25>)+(B_TIME_INT_WALK_NCO_DL1[277] <25>*dl1[364] <25>))*co0[350] <25>)+(((B_TIME_INT_WALK_CO1[88] <25>*dl0[363] <25>)+(B_TIME_INT_WALK_CO1[88] <25>*dl1[364] <25>))*co1[351] <25>))+(((B_TIME_INT_WALK_CO2_DL0[274] <25>*dl0[363] <25>)+(B_TIME_INT_WALK_CO2_DL1[275] <25>*dl1[364] <25>))*co2[352] <25>))*dur_interchange_walking[322] <25>))+((((((B_PURPOSE_B_TRANSIT_NCO_DL0[209] <25>*dl0[363] <25>)+(B_PURPOSE_B_TRANSIT_NCO_DL1[210] <25>*dl1[364] <25>))*co0[350] <25>)+(((B_PURPOSE_B_TRANSIT_CO_DL0[55] <25>*dl0[363] <25>)+(B_PURPOSE_B_TRANSIT_CO_DL1[56] <25>*dl1[364] <25>))*co1[351] <25>))+(((B_PURPOSE_B_TRANSIT_CO_DL0[55] <25>*dl0[363] <25>)+(B_PURPOSE_B_TRANSIT_CO_DL1[56] <25>*dl1[364] <25>))*co2[352] <25>))*purpose_B[342] <25>))+((((((B_PURPOSE_HBW_TRANSIT_NCO_DL0[248] <25>*dl0[363] <25>)+(B_PURPOSE_HBW_TRANSIT_NCO_DL1[249] <25>*dl1[364] <25>))*co0[350] <25>)+(((B_PURPOSE_HBW_TRANSIT_CO1_DL0[246] <25>*dl0[363] <25>)+(B_PURPOSE_HBW_TRANSIT_CO1_DL1[247] <25>*dl1[364] <25>))*co1[351] <25>))+(((B_PURPOSE_HBW_TRANSIT_CO2_DL0[70] <25>*dl0[363] <25>)+(B_PURPOSE_HBW_TRANSIT_CO2_DL1[71] <25>*dl1[364] <25>))*co2[352] <25>))*purpose_HBW[328] <25>))+((((((B_PURPOSE_HBE_TRANSIT_DL0[61] <25>*dl0[363] <25>)+(B_PURPOSE_HBE_TRANSIT_NCO1_DL1[218] <25>*dl1[364] <25>))*co0[350] <25>)+(((B_PURPOSE_HBE_TRANSIT_DL0[61] <25>*dl0[363] <25>)+(B_PURPOSE_HBE_TRANSIT_NCO1_DL1[218] <25>*dl1[364] <25>))*co1[351] <25>))+(((B_PURPOSE_HBE_TRANSIT_DL0[61] <25>*dl0[363] <25>)+(B_PURPOSE_HBE_TRANSIT_CO2_DL1[60] <25>*dl1[364] <25>))*co2[352] <25>))*purpose_HBE[326] <25>))+((((((B_PURPOSE_HBO_TRANSIT_NCO_DL0[64] <25>*dl0[363] <25>)+(B_PURPOSE_HBO_TRANSIT_NCO_DL1[236] <25>*dl1[364] <25>))*co0[350] <25>)+(((B_PURPOSE_HBO_TRANSIT_CO1_DL0[232] <25>*dl0[363] <25>)+(B_PURPOSE_HBO_TRANSIT_CO1_DL1[233] <25>*dl1[364] <25>))*co1[351] <25>))+(((B_PURPOSE_HBO_TRANSIT_CO2_DL0[234] <25>*dl0[363] <25>)+(B_PURPOSE_HBO_TRANSIT_CO2_DL1[235] <25>*dl1[364] <25>))*co2[352] <25>))*purpose_HBO[327] <25>))+((((((B_FEMALE_TRANSIT_DL0[38] <25>*dl0[363] <25>)+(B_FEMALE_TRANSIT_DL1[39] <25>*dl1[364] <25>))*co0[350] <25>)+(((B_FEMALE_TRANSIT_DL0[38] <25>*dl0[363] <25>)+(B_FEMALE_TRANSIT_DL1[39] <25>*dl1[364] <25>))*co1[351] <25>))+(((B_FEMALE_TRANSIT_DL0[38] <25>*dl0[363] <25>)+(B_FEMALE_TRANSIT_DL1[39] <25>*dl1[364] <25>))*co2[352] <25>))*female[318] <25>))+((((((B_CHILD_TRANSIT_NCO_DL0[143] <25>*dl0[363] <25>)+(B_CHILD_TRANSIT_NCO_DL1[144] <25>*dl1[364] <25>))*co0[350] <25>)+(((B_CHILD_TRANSIT_CO1_DL0[22] <25>*dl0[363] <25>)+(B_CHILD_TRANSIT_CO1_DL1[140] <25>*dl1[364] <25>))*co1[351] <25>))+(((B_CHILD_TRANSIT_CO2_DL0[141] <25>*dl0[363] <25>)+(B_CHILD_TRANSIT_CO2_DL1[142] <25>*dl1[364] <25>))*co2[352] <25>))*self.child[355] <25>))+((((((B_CADULT_TRANSIT_NCO_DL0[16] <25>*dl0[363] <25>)+(B_CADULT_TRANSIT_NCO_DL1[17] <25>*dl1[364] <25>))*co0[350] <25>)+(((B_CADULT_TRANSIT_CO1_DL0[122] <25>*dl0[363] <25>)+(B_CADULT_TRANSIT_CO1_DL1[123] <25>*dl1[364] <25>))*co1[351] <25>))+(((B_CADULT_TRANSIT_CO2_DL0[124] <25>*dl0[363] <25>)+(B_CADULT_TRANSIT_CO2_DL1[125] <25>*dl1[364] <25>))*co2[352] <25>))*self.cadult[356] <25>))+((((((B_ADULT_TRANSIT_NCO[10] <25>*dl0[363] <25>)+(B_ADULT_TRANSIT_NCO[10] <25>*dl1[364] <25>))*co0[350] <25>)+(((B_ADULT_TRANSIT_CO1_DL0[112] <25>*dl0[363] <25>)+(B_ADULT_TRANSIT_CO1_DL1[9] <25>*dl1[364] <25>))*co1[351] <25>))+(((B_ADULT_TRANSIT_CO2_DL0[113] <25>*dl0[363] <25>)+(B_ADULT_TRANSIT_CO2_DL1[114] <25>*dl1[364] <25>))*co2[352] <25>))*self.adult[357] <25>))+((((((B_WEEKDAY_TRANSIT_NCO_DL0[280] <25>*dl0[363] <25>)+(B_WEEKDAY_TRANSIT_NCO_DL1[281] <25>*dl1[364] <25>))*co0[350] <25>)+(((B_WEEKDAY_TRANSIT_CO[97] <25>*dl0[363] <25>)+(B_WEEKDAY_TRANSIT_CO[97] <25>*dl1[364] <25>))*co1[351] <25>))+(((B_WEEKDAY_TRANSIT_CO[97] <25>*dl0[363] <25>)+(B_WEEKDAY_TRANSIT_CO[97] <25>*dl1[364] <25>))*co2[352] <25>))*self.weekday[353] <25>))+((((((B_SATURDAY_TRANSIT_NCO_DL0[261] <25>*dl0[363] <25>)+(B_SATURDAY_TRANSIT_NCO_DL1[262] <25>*dl1[364] <25>))*co0[350] <25>)+(((B_SATURDAY_TRANSIT_CO[73] <25>*dl0[363] <25>)+(B_SATURDAY_TRANSIT_CO[73] <25>*dl1[364] <25>))*co1[351] <25>))+(((B_SATURDAY_TRANSIT_CO[73] <25>*dl0[363] <25>)+(B_SATURDAY_TRANSIT_CO[73] <25>*dl1[364] <25>))*co2[352] <25>))*self.saturday[354] <25>))+((((((B_PM_PEAK_TRANSIT_NCO_DL0[197] <25>*dl0[363] <25>)+(B_PM_PEAK_TRANSIT_NCO_DL1[198] <25>*dl1[364] <25>))*co0[350] <25>)+(((B_PM_PEAK_TRANSIT_CO[52] <25>*dl0[363] <25>)+(B_PM_PEAK_TRANSIT_CO[52] <25>*dl1[364] <25>))*co1[351] <25>))+(((B_PM_PEAK_TRANSIT_CO[52] <25>*dl0[363] <25>)+(B_PM_PEAK_TRANSIT_CO[52] <25>*dl1[364] <25>))*co2[352] <25>))*self.pmpeak[359] <25>))+((((((B_DISTANCE_TRANSIT_NCO_DL0[35] <25>*dl0[363] <25>)+(B_DISTANCE_TRANSIT_DL1[34] <25>*dl1[364] <25>))*co0[350] <25>)+(((B_DISTANCE_TRANSIT_CO_DL0[33] <25>*dl0[363] <25>)+(B_DISTANCE_TRANSIT_DL1[34] <25>*dl1[364] <25>))*co1[351] <25>))+(((B_DISTANCE_TRANSIT_CO_DL0[33] <25>*dl0[363] <25>)+(B_DISTANCE_TRANSIT_DL1[34] <25>*dl1[364] <25>))*co2[352] <25>))*self.distance_km[361] <25>))+((((((B_LOGDISTANCE_TRANSIT_NCO[48] <25>*dl0[363] <25>)+(B_LOGDISTANCE_TRANSIT_NCO[48] <25>*dl1[364] <25>))*co0[350] <25>)+(((B_LOGDISTANCE_TRANSIT_CO[47] <25>*dl0[363] <25>)+(B_LOGDISTANCE_TRANSIT_CO[47] <25>*dl1[364] <25>))*co1[351] <25>))+(((B_LOGDISTANCE_TRANSIT_CO[47] <25>*dl0[363] <25>)+(B_LOGDISTANCE_TRANSIT_CO[47] <25>*dl1[364] <25>))*co2[352] <25>))*self.logdistance[362] <25>)))^(MU_WALKTRANSIT[100] <25>-1))*((Elem[1](0:0;1:(exp((((((((((((((((((((((ASC_WALKING_NCO_DL0[105] <25>*dl0[363] <25>)+(ASC_WALKING_NCO_DL1[106] <25>*dl1[364] <25>))*co0[350] <25>)+(((ASC_WALKING_CO1_DL0[101] <25>*dl0[363] <25>)+(ASC_WALKING_CO1_DL1[102] <25>*dl1[364] <25>))*co1[351] <25>))+(((ASC_WALKING_CO2_DL0[103] <25>*dl0[363] <25>)+(ASC_WALKING_CO2_DL1[104] <25>*dl1[364] <25>))*co2[352] <25>))+((((((B_TIME_WALKING_DL0[90] <25>*dl0[363] <25>)+(B_TIME_WALKING_DL1[91] <25>*dl1[364] <25>))*co0[350] <25>)+(((B_TIME_WALKING_DL0[90] <25>*dl0[363] <25>)+(B_TIME_WALKING_DL1[91] <25>*dl1[364] <25>))*co1[351] <25>))+(((B_TIME_WALKING_DL0[90] <25>*dl0[363] <25>)+(B_TIME_WALKING_DL1[91] <25>*dl1[364] <25>))*co2[352] <25>))*dur_walking[306] <25>))+((((((B_PURPOSE_B_WALKING_NCO_DL0[215] <25>*dl0[363] <25>)+(B_PURPOSE_B_WALKING_NCO_DL1[216] <25>*dl1[364] <25>))*co0[350] <25>)+(((B_PURPOSE_B_WALKING_CO1_DL0[211] <25>*dl0[363] <25>)+(B_PURPOSE_B_WALKING_CO1_DL1[212] <25>*dl1[364] <25>))*co1[351] <25>))+(((B_PURPOSE_B_WALKING_CO2_DL0[213] <25>*dl0[363] <25>)+(B_PURPOSE_B_WALKING_CO2_DL1[214] <25>*dl1[364] <25>))*co2[352] <25>))*purpose_B[342] <25>))+((((((B_PURPOSE_HBW_WALKING_NCO_DL0[254] <25>*dl0[363] <25>)+(B_PURPOSE_HBW_WALKING_NCO_DL1[255] <25>*dl1[364] <25>))*co0[350] <25>)+(((B_PURPOSE_HBW_WALKING_CO1_DL0[250] <25>*dl0[363] <25>)+(B_PURPOSE_HBW_WALKING_CO1_DL1[251] <25>*dl1[364] <25>))*co1[351] <25>))+(((B_PURPOSE_HBW_WALKING_CO2_DL0[252] <25>*dl0[363] <25>)+(B_PURPOSE_HBW_WALKING_CO2_DL1[253] <25>*dl1[364] <25>))*co2[352] <25>))*purpose_HBW[328] <25>))+((((((B_PURPOSE_HBE_WALKING_NCO_DL0[223] <25>*dl0[363] <25>)+(B_PURPOSE_HBE_WALKING_NCO_DL1[224] <25>*dl1[364] <25>))*co0[350] <25>)+(((B_PURPOSE_HBE_WALKING_CO1_DL0[219] <25>*dl0[363] <25>)+(B_PURPOSE_HBE_WALKING_CO1_DL1[220] <25>*dl1[364] <25>))*co1[351] <25>))+(((B_PURPOSE_HBE_WALKING_CO2_DL0[221] <25>*dl0[363] <25>)+(B_PURPOSE_HBE_WALKING_CO2_DL1[222] <25>*dl1[364] <25>))*co2[352] <25>))*purpose_HBE[326] <25>))+((((((B_PURPOSE_HBO_WALKING_NCO_DL0[241] <25>*dl0[363] <25>)+(B_PURPOSE_HBO_WALKING_NCO_DL1[242] <25>*dl1[364] <25>))*co0[350] <25>)+(((B_PURPOSE_HBO_WALKING_CO1_DL0[237] <25>*dl0[363] <25>)+(B_PURPOSE_HBO_WALKING_CO1_DL1[238] <25>*dl1[364] <25>))*co1[351] <25>))+(((B_PURPOSE_HBO_WALKING_CO2_DL0[239] <25>*dl0[363] <25>)+(B_PURPOSE_HBO_WALKING_CO2_DL1[240] <25>*dl1[364] <25>))*co2[352] <25>))*purpose_HBO[327] <25>))+((((((B_FEMALE_WALKING_NCO_DL0[173] <25>*dl0[363] <25>)+(B_FEMALE_WALKING_NCO_DL1[174] <25>*dl1[364] <25>))*co0[350] <25>)+(((B_FEMALE_WALKING_CO1_DL0[169] <25>*dl0[363] <25>)+(B_FEMALE_WALKING_CO1_DL1[170] <25>*dl1[364] <25>))*co1[351] <25>))+(((B_FEMALE_WALKING_CO2_DL0[171] <25>*dl0[363] <25>)+(B_FEMALE_WALKING_CO2_DL1[172] <25>*dl1[364] <25>))*co2[352] <25>))*female[318] <25>))+((((((B_WINTER_WALKING_NCO_DL0[297] <25>*dl0[363] <25>)+(B_WINTER_WALKING_NCO_DL1[298] <25>*dl1[364] <25>))*co0[350] <25>)+(((B_WINTER_WALKING_CO1_DL0[293] <25>*dl0[363] <25>)+(B_WINTER_WALKING_CO1_DL1[294] <25>*dl1[364] <25>))*co1[351] <25>))+(((B_WINTER_WALKING_CO2_DL0[295] <25>*dl0[363] <25>)+(B_WINTER_WALKING_CO2_DL1[296] <25>*dl1[364] <25>))*co2[352] <25>))*self.winter[358] <25>))+((((((B_CHILD_WALKING_NCO_DL0[149] <25>*dl0[363] <25>)+(B_CHILD_WALKING_NCO_DL1[150] <25>*dl1[364] <25>))*co0[350] <25>)+(((B_CHILD_WALKING_CO1_DL0[145] <25>*dl0[363] <25>)+(B_CHILD_WALKING_CO1_DL1[146] <25>*dl1[364] <25>))*co1[351] <25>))+(((B_CHILD_WALKING_CO2_DL0[147] <25>*dl0[363] <25>)+(B_CHILD_WALKING_CO2_DL1[148] <25>*dl1[364] <25>))*co2[352] <25>))*self.child[355] <25>))+((((((B_CADULT_WALKING_NCO_DL0[130] <25>*dl0[363] <25>)+(B_CADULT_WALKING_NCO_DL1[131] <25>*dl1[364] <25>))*co0[350] <25>)+(((B_CADULT_WALKING_CO1_DL0[126] <25>*dl0[363] <25>)+(B_CADULT_WALKING_CO1_DL1[127] <25>*dl1[364] <25>))*co1[351] <25>))+(((B_CADULT_WALKING_CO2_DL0[128] <25>*dl0[363] <25>)+(B_CADULT_WALKING_CO2_DL1[129] <25>*dl1[364] <25>))*co2[352] <25>))*self.cadult[356] <25>))+((((((B_ADULT_WALKING_NCO_DL0[119] <25>*dl0[363] <25>)+(B_ADULT_WALKING_NCO_DL1[120] <25>*dl1[364] <25>))*co0[350] <25>)+(((B_ADULT_WALKING_CO1_DL0[115] <25>*dl0[363] <25>)+(B_ADULT_WALKING_CO1_DL1[116] <25>*dl1[364] <25>))*co1[351] <25>))+(((B_ADULT_WALKING_CO2_DL0[117] <25>*dl0[363] <25>)+(B_ADULT_WALKING_CO2_DL1[118] <25>*dl1[364] <25>))*co2[352] <25>))*self.adult[357] <25>))+((((((B_WEEKDAY_WALKING_NCO_DL0[286] <25>*dl0[363] <25>)+(B_WEEKDAY_WALKING_NCO_DL1[287] <25>*dl1[364] <25>))*co0[350] <25>)+(((B_WEEKDAY_WALKING_CO1_DL0[282] <25>*dl0[363] <25>)+(B_WEEKDAY_WALKING_CO1_DL1[283] <25>*dl1[364] <25>))*co1[351] <25>))+(((B_WEEKDAY_WALKING_CO2_DL0[284] <25>*dl0[363] <25>)+(B_WEEKDAY_WALKING_CO2_DL1[285] <25>*dl1[364] <25>))*co2[352] <25>))*self.weekday[353] <25>))+((((((B_SATURDAY_WALKING_NCO_DL0[267] <25>*dl0[363] <25>)+(B_SATURDAY_WALKING_NCO_DL1[268] <25>*dl1[364] <25>))*co0[350] <25>)+(((B_SATURDAY_WALKING_CO1_DL0[263] <25>*dl0[363] <25>)+(B_SATURDAY_WALKING_CO1_DL1[264] <25>*dl1[364] <25>))*co1[351] <25>))+(((B_SATURDAY_WALKING_CO2_DL0[265] <25>*dl0[363] <25>)+(B_SATURDAY_WALKING_CO2_DL1[266] <25>*dl1[364] <25>))*co2[352] <25>))*self.saturday[354] <25>))+((((((B_INTER_PEAK_WALKING_NCO_DL0[187] <25>*dl0[363] <25>)+(B_INTER_PEAK_WALKING_NCO_DL1[188] <25>*dl1[364] <25>))*co0[350] <25>)+(((B_INTER_PEAK_WALKING_CO1_DL0[183] <25>*dl0[363] <25>)+(B_INTER_PEAK_WALKING_CO1_DL1[184] <25>*dl1[364] <25>))*co1[351] <25>))+(((B_INTER_PEAK_WALKING_CO2_DL0[185] <25>*dl0[363] <25>)+(B_INTER_PEAK_WALKING_CO2_DL1[186] <25>*dl1[364] <25>))*co2[352] <25>))*self.interpeak[360] <25>))+((((((B_PM_PEAK_WALKING_NCO_DL0[203] <25>*dl0[363] <25>)+(B_PM_PEAK_WALKING_NCO_DL1[204] <25>*dl1[364] <25>))*co0[350] <25>)+(((B_PM_PEAK_WALKING_CO1_DL0[199] <25>*dl0[363] <25>)+(B_PM_PEAK_WALKING_CO1_DL1[200] <25>*dl1[364] <25>))*co1[351] <25>))+(((B_PM_PEAK_WALKING_CO2_DL0[201] <25>*dl0[363] <25>)+(B_PM_PEAK_WALKING_CO2_DL1[202] <25>*dl1[364] <25>))*co2[352] <25>))*self.pmpeak[359] <25>))+((((((B_DISTANCE_WALKING_NCO_DL0[165] <25>*dl0[363] <25>)+(B_DISTANCE_WALKING_NCO_DL1[166] <25>*dl1[364] <25>))*co0[350] <25>)+(((B_DISTANCE_WALKING_CO1_DL0[161] <25>*dl0[363] <25>)+(B_DISTANCE_WALKING_CO1_DL1[162] <25>*dl1[364] <25>))*co1[351] <25>))+(((B_DISTANCE_WALKING_CO2_DL0[163] <25>*dl0[363] <25>)+(B_DISTANCE_WALKING_CO2_DL1[164] <25>*dl1[364] <25>))*co2[352] <25>))*self.distance_km[361] <25>))+((((((B_LOGDISTANCE_WALKING_NCO_DL0[193] <25>*dl0[363] <25>)+(B_LOGDISTANCE_WALKING_NCO_DL1[194] <25>*dl1[364] <25>))*co0[350] <25>)+(((B_LOGDISTANCE_WALKING_CO1_DL0[189] <25>*dl0[363] <25>)+(B_LOGDISTANCE_WALKING_CO1_DL1[190] <25>*dl1[364] <25>))*co1[351] <25>))+(((B_LOGDISTANCE_WALKING_CO2_DL0[191] <25>*dl0[363] <25>)+(B_LOGDISTANCE_WALKING_CO2_DL1[192] <25>*dl1[364] <25>))*co2[352] <25>))*self.logdistance[362] <25>)))^MU_WALKTRANSIT[100] <25>)) + Elem[1](0:0;1:(exp(((((((((((((((((((((((((ASC_TRANSIT_NCO[4] <25>*dl0[363] <25>)+(ASC_TRANSIT_NCO[4] <25>*dl1[364] <25>))*co0[350] <25>)+(((ASC_TRANSIT_CO[3] <25>*dl0[363] <25>)+(ASC_TRANSIT_CO[3] <25>*dl1[364] <25>))*co1[351] <25>))+(((ASC_TRANSIT_CO[3] <25>*dl0[363] <25>)+(ASC_TRANSIT_CO[3] <25>*dl1[364] <25>))*co2[352] <25>))+((((((B_COST_TRANSIT_NCO[26] <25>*dl0[363] <25>)+(B_COST_TRANSIT_NCO[26] <25>*dl1[364] <25>))*co0[350] <25>)+(((B_COST_TRANSIT_CO1_DL0[157] <25>*dl0[363] <25>)+(B_COST_TRANSIT_CO1_DL1[158] <25>*dl1[364] <25>))*co1[351] <25>))+(((B_COST_TRANSIT_CO2_DL0[159] <25>*dl0[363] <25>)+(B_COST_TRANSIT_CO2_DL1[160] <25>*dl1[364] <25>))*co2[352] <25>))*cost_transit[310] <25>))+((((((B_TIME_ACCESS_NCO_DL0[75] <25>*dl0[363] <25>)+(B_TIME_ACCESS_NCO_DL1[76] <25>*dl1[364] <25>))*co0[350] <25>)+(((B_TIME_ACCESS_CO[74] <25>*dl0[363] <25>)+(B_TIME_ACCESS_CO[74] <25>*dl1[364] <25>))*co1[351] <25>))+(((B_TIME_ACCESS_CO[74] <25>*dl0[363] <25>)+(B_TIME_ACCESS_CO[74] <25>*dl1[364] <25>))*co2[352] <25>))*dur_access[320] <25>))+((((((B_TIME_RAIL[89] <25>*dl0[363] <25>)+(B_TIME_RAIL[89] <25>*dl1[364] <25>))*co0[350] <25>)+(((B_TIME_RAIL[89] <25>*dl0[363] <25>)+(B_TIME_RAIL[89] <25>*dl1[364] <25>))*co1[351] <25>))+(((B_TIME_RAIL[89] <25>*dl0[363] <25>)+(B_TIME_RAIL[89] <25>*dl1[364] <25>))*co2[352] <25>))*dur_pt_rail[323] <25>))+((((((B_TIME_BUS_NCO1_DL0[79] <25>*dl0[363] <25>)+(B_TIME_BUS_NCO1_DL1[80] <25>*dl1[364] <25>))*co0[350] <25>)+(((B_TIME_BUS_NCO1_DL0[79] <25>*dl0[363] <25>)+(B_TIME_BUS_NCO1_DL1[80] <25>*dl1[364] <25>))*co1[351] <25>))+(((B_TIME_BUS_CO2_DL0[77] <25>*dl0[363] <25>)+(B_TIME_BUS_CO2_DL1[78] <25>*dl1[364] <25>))*co2[352] <25>))*dur_pt_bus[324] <25>))+((((((B_TIME_INT_WAIT_NCO[87] <25>*dl0[363] <25>)+(B_TIME_INT_WAIT_NCO[87] <25>*dl1[364] <25>))*co0[350] <25>)+(((B_TIME_INT_WAIT_CO[86] <25>*dl0[363] <25>)+(B_TIME_INT_WAIT_CO[86] <25>*dl1[364] <25>))*co1[351] <25>))+(((B_TIME_INT_WAIT_CO[86] <25>*dl0[363] <25>)+(B_TIME_INT_WAIT_CO[86] <25>*dl1[364] <25>))*co2[352] <25>))*dur_interchange_waiting[321] <25>))+((((((B_TIME_INT_WALK_NCO_DL0[276] <25>*dl0[363] <25>)+(B_TIME_INT_WALK_NCO_DL1[277] <25>*dl1[364] <25>))*co0[350] <25>)+(((B_TIME_INT_WALK_CO1[88] <25>*dl0[363] <25>)+(B_TIME_INT_WALK_CO1[88] <25>*dl1[364] <25>))*co1[351] <25>))+(((B_TIME_INT_WALK_CO2_DL0[274] <25>*dl0[363] <25>)+(B_TIME_INT_WALK_CO2_DL1[275] <25>*dl1[364] <25>))*co2[352] <25>))*dur_interchange_walking[322] <25>))+((((((B_PURPOSE_B_TRANSIT_NCO_DL0[209] <25>*dl0[363] <25>)+(B_PURPOSE_B_TRANSIT_NCO_DL1[210] <25>*dl1[364] <25>))*co0[350] <25>)+(((B_PURPOSE_B_TRANSIT_CO_DL0[55] <25>*dl0[363] <25>)+(B_PURPOSE_B_TRANSIT_CO_DL1[56] <25>*dl1[364] <25>))*co1[351] <25>))+(((B_PURPOSE_B_TRANSIT_CO_DL0[55] <25>*dl0[363] <25>)+(B_PURPOSE_B_TRANSIT_CO_DL1[56] <25>*dl1[364] <25>))*co2[352] <25>))*purpose_B[342] <25>))+((((((B_PURPOSE_HBW_TRANSIT_NCO_DL0[248] <25>*dl0[363] <25>)+(B_PURPOSE_HBW_TRANSIT_NCO_DL1[249] <25>*dl1[364] <25>))*co0[350] <25>)+(((B_PURPOSE_HBW_TRANSIT_CO1_DL0[246] <25>*dl0[363] <25>)+(B_PURPOSE_HBW_TRANSIT_CO1_DL1[247] <25>*dl1[364] <25>))*co1[351] <25>))+(((B_PURPOSE_HBW_TRANSIT_CO2_DL0[70] <25>*dl0[363] <25>)+(B_PURPOSE_HBW_TRANSIT_CO2_DL1[71] <25>*dl1[364] <25>))*co2[352] <25>))*purpose_HBW[328] <25>))+((((((B_PURPOSE_HBE_TRANSIT_DL0[61] <25>*dl0[363] <25>)+(B_PURPOSE_HBE_TRANSIT_NCO1_DL1[218] <25>*dl1[364] <25>))*co0[350] <25>)+(((B_PURPOSE_HBE_TRANSIT_DL0[61] <25>*dl0[363] <25>)+(B_PURPOSE_HBE_TRANSIT_NCO1_DL1[218] <25>*dl1[364] <25>))*co1[351] <25>))+(((B_PURPOSE_HBE_TRANSIT_DL0[61] <25>*dl0[363] <25>)+(B_PURPOSE_HBE_TRANSIT_CO2_DL1[60] <25>*dl1[364] <25>))*co2[352] <25>))*purpose_HBE[326] <25>))+((((((B_PURPOSE_HBO_TRANSIT_NCO_DL0[64] <25>*dl0[363] <25>)+(B_PURPOSE_HBO_TRANSIT_NCO_DL1[236] <25>*dl1[364] <25>))*co0[350] <25>)+(((B_PURPOSE_HBO_TRANSIT_CO1_DL0[232] <25>*dl0[363] <25>)+(B_PURPOSE_HBO_TRANSIT_CO1_DL1[233] <25>*dl1[364] <25>))*co1[351] <25>))+(((B_PURPOSE_HBO_TRANSIT_CO2_DL0[234] <25>*dl0[363] <25>)+(B_PURPOSE_HBO_TRANSIT_CO2_DL1[235] <25>*dl1[364] <25>))*co2[352] <25>))*purpose_HBO[327] <25>))+((((((B_FEMALE_TRANSIT_DL0[38] <25>*dl0[363] <25>)+(B_FEMALE_TRANSIT_DL1[39] <25>*dl1[364] <25>))*co0[350] <25>)+(((B_FEMALE_TRANSIT_DL0[38] <25>*dl0[363] <25>)+(B_FEMALE_TRANSIT_DL1[39] <25>*dl1[364] <25>))*co1[351] <25>))+(((B_FEMALE_TRANSIT_DL0[38] <25>*dl0[363] <25>)+(B_FEMALE_TRANSIT_DL1[39] <25>*dl1[364] <25>))*co2[352] <25>))*female[318] <25>))+((((((B_CHILD_TRANSIT_NCO_DL0[143] <25>*dl0[363] <25>)+(B_CHILD_TRANSIT_NCO_DL1[144] <25>*dl1[364] <25>))*co0[350] <25>)+(((B_CHILD_TRANSIT_CO1_DL0[22] <25>*dl0[363] <25>)+(B_CHILD_TRANSIT_CO1_DL1[140] <25>*dl1[364] <25>))*co1[351] <25>))+(((B_CHILD_TRANSIT_CO2_DL0[141] <25>*dl0[363] <25>)+(B_CHILD_TRANSIT_CO2_DL1[142] <25>*dl1[364] <25>))*co2[352] <25>))*self.child[355] <25>))+((((((B_CADULT_TRANSIT_NCO_DL0[16] <25>*dl0[363] <25>)+(B_CADULT_TRANSIT_NCO_DL1[17] <25>*dl1[364] <25>))*co0[350] <25>)+(((B_CADULT_TRANSIT_CO1_DL0[122] <25>*dl0[363] <25>)+(B_CADULT_TRANSIT_CO1_DL1[123] <25>*dl1[364] <25>))*co1[351] <25>))+(((B_CADULT_TRANSIT_CO2_DL0[124] <25>*dl0[363] <25>)+(B_CADULT_TRANSIT_CO2_DL1[125] <25>*dl1[364] <25>))*co2[352] <25>))*self.cadult[356] <25>))+((((((B_ADULT_TRANSIT_NCO[10] <25>*dl0[363] <25>)+(B_ADULT_TRANSIT_NCO[10] <25>*dl1[364] <25>))*co0[350] <25>)+(((B_ADULT_TRANSIT_CO1_DL0[112] <25>*dl0[363] <25>)+(B_ADULT_TRANSIT_CO1_DL1[9] <25>*dl1[364] <25>))*co1[351] <25>))+(((B_ADULT_TRANSIT_CO2_DL0[113] <25>*dl0[363] <25>)+(B_ADULT_TRANSIT_CO2_DL1[114] <25>*dl1[364] <25>))*co2[352] <25>))*self.adult[357] <25>))+((((((B_WEEKDAY_TRANSIT_NCO_DL0[280] <25>*dl0[363] <25>)+(B_WEEKDAY_TRANSIT_NCO_DL1[281] <25>*dl1[364] <25>))*co0[350] <25>)+(((B_WEEKDAY_TRANSIT_CO[97] <25>*dl0[363] <25>)+(B_WEEKDAY_TRANSIT_CO[97] <25>*dl1[364] <25>))*co1[351] <25>))+(((B_WEEKDAY_TRANSIT_CO[97] <25>*dl0[363] <25>)+(B_WEEKDAY_TRANSIT_CO[97] <25>*dl1[364] <25>))*co2[352] <25>))*self.weekday[353] <25>))+((((((B_SATURDAY_TRANSIT_NCO_DL0[261] <25>*dl0[363] <25>)+(B_SATURDAY_TRANSIT_NCO_DL1[262] <25>*dl1[364] <25>))*co0[350] <25>)+(((B_SATURDAY_TRANSIT_CO[73] <25>*dl0[363] <25>)+(B_SATURDAY_TRANSIT_CO[73] <25>*dl1[364] <25>))*co1[351] <25>))+(((B_SATURDAY_TRANSIT_CO[73] <25>*dl0[363] <25>)+(B_SATURDAY_TRANSIT_CO[73] <25>*dl1[364] <25>))*co2[352] <25>))*self.saturday[354] <25>))+((((((B_PM_PEAK_TRANSIT_NCO_DL0[197] <25>*dl0[363] <25>)+(B_PM_PEAK_TRANSIT_NCO_DL1[198] <25>*dl1[364] <25>))*co0[350] <25>)+(((B_PM_PEAK_TRANSIT_CO[52] <25>*dl0[363] <25>)+(B_PM_PEAK_TRANSIT_CO[52] <25>*dl1[364] <25>))*co1[351] <25>))+(((B_PM_PEAK_TRANSIT_CO[52] <25>*dl0[363] <25>)+(B_PM_PEAK_TRANSIT_CO[52] <25>*dl1[364] <25>))*co2[352] <25>))*self.pmpeak[359] <25>))+((((((B_DISTANCE_TRANSIT_NCO_DL0[35] <25>*dl0[363] <25>)+(B_DISTANCE_TRANSIT_DL1[34] <25>*dl1[364] <25>))*co0[350] <25>)+(((B_DISTANCE_TRANSIT_CO_DL0[33] <25>*dl0[363] <25>)+(B_DISTANCE_TRANSIT_DL1[34] <25>*dl1[364] <25>))*co1[351] <25>))+(((B_DISTANCE_TRANSIT_CO_DL0[33] <25>*dl0[363] <25>)+(B_DISTANCE_TRANSIT_DL1[34] <25>*dl1[364] <25>))*co2[352] <25>))*self.distance_km[361] <25>))+((((((B_LOGDISTANCE_TRANSIT_NCO[48] <25>*dl0[363] <25>)+(B_LOGDISTANCE_TRANSIT_NCO[48] <25>*dl1[364] <25>))*co0[350] <25>)+(((B_LOGDISTANCE_TRANSIT_CO[47] <25>*dl0[363] <25>)+(B_LOGDISTANCE_TRANSIT_CO[47] <25>*dl1[364] <25>))*co1[351] <25>))+(((B_LOGDISTANCE_TRANSIT_CO[47] <25>*dl0[363] <25>)+(B_LOGDISTANCE_TRANSIT_CO[47] <25>*dl1[364] <25>))*co2[352] <25>))*self.logdistance[362] <25>)))^MU_WALKTRANSIT[100] <25>)))^((1/MU_WALKTRANSIT[100] <25>)-1)))))>: 0

srun: error: h062: task 0: Exited with exit code 1
srun: Terminating job step 177740.0
Finished at lun aoû 12 15:41:22 CEST 2019
