Starting to test different parameters for Hybrid at mer nov 20 11:05:33 CET 2019
Testing parameters for LPMC_Full_L
Start with perc_hybrid
  Value: 0
/ssoft/spack/paien/v2/opt/spack/linux-rhel7-x86_E5v4_Mellanox/gcc-7.3.0/python-3.6.5-fuxsuhr3v4fh4gdkw6xrvnctzn2meygg/lib/python3.6/site-packages/scipy/optimize/linesearch.py:422: LineSearchWarning: Rounding errors prevent the line search from converging
  warn(msg, LineSearchWarning)
/ssoft/spack/paien/v2/opt/spack/linux-rhel7-x86_E5v4_Mellanox/gcc-7.3.0/python-3.6.5-fuxsuhr3v4fh4gdkw6xrvnctzn2meygg/lib/python3.6/site-packages/scipy/optimize/linesearch.py:313: LineSearchWarning: The line search algorithm did not converge
  warn('The line search algorithm did not converge', LineSearchWarning)
../../algos/directions/Hybrid_INV.py:101: RuntimeWarning: divide by zero encountered in double_scalars
  rhok = 1.0 / (np.dot(yk, sk))
1/20 done!
2/20 done!
Traceback (most recent call last):
  File "Full_hybrid.py", line 51, in <module>
    tmp = model.optimize(ioa, **main_params)
  File "../../models/LPMC_Full.py", line 812, in optimize
    return algo.solve(maximize=True)
  File "../../algos/OptAlg.py", line 200, in solve
    gk, Bk = grad_hess(xk, Bk)
  File "../../algos/directions/Hybrid_INV.py", line 57, in grad_hess
    B = np.linalg.inv(B)
  File "/ssoft/spack/paien/v2/opt/spack/linux-rhel7-x86_E5v4_Mellanox/gcc-7.3.0/python-3.6.5-fuxsuhr3v4fh4gdkw6xrvnctzn2meygg/lib/python3.6/site-packages/numpy/linalg/linalg.py", line 528, in inv
    ainv = _umath_linalg.inv(a, signature=signature, extobj=extobj)
  File "/ssoft/spack/paien/v2/opt/spack/linux-rhel7-x86_E5v4_Mellanox/gcc-7.3.0/python-3.6.5-fuxsuhr3v4fh4gdkw6xrvnctzn2meygg/lib/python3.6/site-packages/numpy/linalg/linalg.py", line 89, in _raise_linalgerror_singular
    raise LinAlgError("Singular matrix")
numpy.linalg.linalg.LinAlgError: Singular matrix
srun: error: h005: task 0: Exited with exit code 1
srun: Terminating job step 406000.0
Finished at mer nov 20 12:58:12 CET 2019
