Starting to test different parameters for Hybrid at mer nov 27 17:20:30 CET 2019
Testing parameters for LPMC_RR_L
Start with perc_hybrid
  Value: 0
{'verbose': False, 'max_epochs': 1000, 'batch': 1000, 'perc_hybrid': 0, 'thresh_upd': 1, 'count_upd': 2, 'window': 10, 'factor_upd': 2}
1/10 done!
{'verbose': False, 'max_epochs': 1000, 'batch': 1000, 'perc_hybrid': 0, 'thresh_upd': 1, 'count_upd': 2, 'window': 10, 'factor_upd': 2}
2/10 done!
{'verbose': False, 'max_epochs': 1000, 'batch': 1000, 'perc_hybrid': 0, 'thresh_upd': 1, 'count_upd': 2, 'window': 10, 'factor_upd': 2}
3/10 done!
{'verbose': False, 'max_epochs': 1000, 'batch': 1000, 'perc_hybrid': 0, 'thresh_upd': 1, 'count_upd': 2, 'window': 10, 'factor_upd': 2}
4/10 done!
{'verbose': False, 'max_epochs': 1000, 'batch': 1000, 'perc_hybrid': 0, 'thresh_upd': 1, 'count_upd': 2, 'window': 10, 'factor_upd': 2}
5/10 done!
{'verbose': False, 'max_epochs': 1000, 'batch': 1000, 'perc_hybrid': 0, 'thresh_upd': 1, 'count_upd': 2, 'window': 10, 'factor_upd': 2}
6/10 done!
{'verbose': False, 'max_epochs': 1000, 'batch': 1000, 'perc_hybrid': 0, 'thresh_upd': 1, 'count_upd': 2, 'window': 10, 'factor_upd': 2}
7/10 done!
{'verbose': False, 'max_epochs': 1000, 'batch': 1000, 'perc_hybrid': 0, 'thresh_upd': 1, 'count_upd': 2, 'window': 10, 'factor_upd': 2}
8/10 done!
{'verbose': False, 'max_epochs': 1000, 'batch': 1000, 'perc_hybrid': 0, 'thresh_upd': 1, 'count_upd': 2, 'window': 10, 'factor_upd': 2}
9/10 done!
{'verbose': False, 'max_epochs': 1000, 'batch': 1000, 'perc_hybrid': 0, 'thresh_upd': 1, 'count_upd': 2, 'window': 10, 'factor_upd': 2}
10/10 done!

  Value: 5
{'verbose': False, 'max_epochs': 1000, 'batch': 1000, 'perc_hybrid': 5, 'thresh_upd': 1, 'count_upd': 2, 'window': 10, 'factor_upd': 2}
1/10 done!
{'verbose': False, 'max_epochs': 1000, 'batch': 1000, 'perc_hybrid': 5, 'thresh_upd': 1, 'count_upd': 2, 'window': 10, 'factor_upd': 2}
2/10 done!
{'verbose': False, 'max_epochs': 1000, 'batch': 1000, 'perc_hybrid': 5, 'thresh_upd': 1, 'count_upd': 2, 'window': 10, 'factor_upd': 2}
3/10 done!
{'verbose': False, 'max_epochs': 1000, 'batch': 1000, 'perc_hybrid': 5, 'thresh_upd': 1, 'count_upd': 2, 'window': 10, 'factor_upd': 2}
4/10 done!
{'verbose': False, 'max_epochs': 1000, 'batch': 1000, 'perc_hybrid': 5, 'thresh_upd': 1, 'count_upd': 2, 'window': 10, 'factor_upd': 2}
5/10 done!
{'verbose': False, 'max_epochs': 1000, 'batch': 1000, 'perc_hybrid': 5, 'thresh_upd': 1, 'count_upd': 2, 'window': 10, 'factor_upd': 2}
6/10 done!
{'verbose': False, 'max_epochs': 1000, 'batch': 1000, 'perc_hybrid': 5, 'thresh_upd': 1, 'count_upd': 2, 'window': 10, 'factor_upd': 2}
7/10 done!
{'verbose': False, 'max_epochs': 1000, 'batch': 1000, 'perc_hybrid': 5, 'thresh_upd': 1, 'count_upd': 2, 'window': 10, 'factor_upd': 2}
8/10 done!
{'verbose': False, 'max_epochs': 1000, 'batch': 1000, 'perc_hybrid': 5, 'thresh_upd': 1, 'count_upd': 2, 'window': 10, 'factor_upd': 2}
9/10 done!
{'verbose': False, 'max_epochs': 1000, 'batch': 1000, 'perc_hybrid': 5, 'thresh_upd': 1, 'count_upd': 2, 'window': 10, 'factor_upd': 2}
10/10 done!

  Value: 10
{'verbose': False, 'max_epochs': 1000, 'batch': 1000, 'perc_hybrid': 10, 'thresh_upd': 1, 'count_upd': 2, 'window': 10, 'factor_upd': 2}
1/10 done!
{'verbose': False, 'max_epochs': 1000, 'batch': 1000, 'perc_hybrid': 10, 'thresh_upd': 1, 'count_upd': 2, 'window': 10, 'factor_upd': 2}
2/10 done!
{'verbose': False, 'max_epochs': 1000, 'batch': 1000, 'perc_hybrid': 10, 'thresh_upd': 1, 'count_upd': 2, 'window': 10, 'factor_upd': 2}
3/10 done!
{'verbose': False, 'max_epochs': 1000, 'batch': 1000, 'perc_hybrid': 10, 'thresh_upd': 1, 'count_upd': 2, 'window': 10, 'factor_upd': 2}
4/10 done!
{'verbose': False, 'max_epochs': 1000, 'batch': 1000, 'perc_hybrid': 10, 'thresh_upd': 1, 'count_upd': 2, 'window': 10, 'factor_upd': 2}
5/10 done!
{'verbose': False, 'max_epochs': 1000, 'batch': 1000, 'perc_hybrid': 10, 'thresh_upd': 1, 'count_upd': 2, 'window': 10, 'factor_upd': 2}
6/10 done!
{'verbose': False, 'max_epochs': 1000, 'batch': 1000, 'perc_hybrid': 10, 'thresh_upd': 1, 'count_upd': 2, 'window': 10, 'factor_upd': 2}
7/10 done!
{'verbose': False, 'max_epochs': 1000, 'batch': 1000, 'perc_hybrid': 10, 'thresh_upd': 1, 'count_upd': 2, 'window': 10, 'factor_upd': 2}
8/10 done!
{'verbose': False, 'max_epochs': 1000, 'batch': 1000, 'perc_hybrid': 10, 'thresh_upd': 1, 'count_upd': 2, 'window': 10, 'factor_upd': 2}
9/10 done!
{'verbose': False, 'max_epochs': 1000, 'batch': 1000, 'perc_hybrid': 10, 'thresh_upd': 1, 'count_upd': 2, 'window': 10, 'factor_upd': 2}
10/10 done!

  Value: 15
{'verbose': False, 'max_epochs': 1000, 'batch': 1000, 'perc_hybrid': 15, 'thresh_upd': 1, 'count_upd': 2, 'window': 10, 'factor_upd': 2}
1/10 done!
{'verbose': False, 'max_epochs': 1000, 'batch': 1000, 'perc_hybrid': 15, 'thresh_upd': 1, 'count_upd': 2, 'window': 10, 'factor_upd': 2}
2/10 done!
{'verbose': False, 'max_epochs': 1000, 'batch': 1000, 'perc_hybrid': 15, 'thresh_upd': 1, 'count_upd': 2, 'window': 10, 'factor_upd': 2}
3/10 done!
{'verbose': False, 'max_epochs': 1000, 'batch': 1000, 'perc_hybrid': 15, 'thresh_upd': 1, 'count_upd': 2, 'window': 10, 'factor_upd': 2}
4/10 done!
{'verbose': False, 'max_epochs': 1000, 'batch': 1000, 'perc_hybrid': 15, 'thresh_upd': 1, 'count_upd': 2, 'window': 10, 'factor_upd': 2}
5/10 done!
{'verbose': False, 'max_epochs': 1000, 'batch': 1000, 'perc_hybrid': 15, 'thresh_upd': 1, 'count_upd': 2, 'window': 10, 'factor_upd': 2}
6/10 done!
{'verbose': False, 'max_epochs': 1000, 'batch': 1000, 'perc_hybrid': 15, 'thresh_upd': 1, 'count_upd': 2, 'window': 10, 'factor_upd': 2}
7/10 done!
{'verbose': False, 'max_epochs': 1000, 'batch': 1000, 'perc_hybrid': 15, 'thresh_upd': 1, 'count_upd': 2, 'window': 10, 'factor_upd': 2}
8/10 done!
{'verbose': False, 'max_epochs': 1000, 'batch': 1000, 'perc_hybrid': 15, 'thresh_upd': 1, 'count_upd': 2, 'window': 10, 'factor_upd': 2}
9/10 done!
{'verbose': False, 'max_epochs': 1000, 'batch': 1000, 'perc_hybrid': 15, 'thresh_upd': 1, 'count_upd': 2, 'window': 10, 'factor_upd': 2}
10/10 done!

  Value: 20
{'verbose': False, 'max_epochs': 1000, 'batch': 1000, 'perc_hybrid': 20, 'thresh_upd': 1, 'count_upd': 2, 'window': 10, 'factor_upd': 2}
1/10 done!
{'verbose': False, 'max_epochs': 1000, 'batch': 1000, 'perc_hybrid': 20, 'thresh_upd': 1, 'count_upd': 2, 'window': 10, 'factor_upd': 2}
2/10 done!
{'verbose': False, 'max_epochs': 1000, 'batch': 1000, 'perc_hybrid': 20, 'thresh_upd': 1, 'count_upd': 2, 'window': 10, 'factor_upd': 2}
3/10 done!
{'verbose': False, 'max_epochs': 1000, 'batch': 1000, 'perc_hybrid': 20, 'thresh_upd': 1, 'count_upd': 2, 'window': 10, 'factor_upd': 2}
4/10 done!
{'verbose': False, 'max_epochs': 1000, 'batch': 1000, 'perc_hybrid': 20, 'thresh_upd': 1, 'count_upd': 2, 'window': 10, 'factor_upd': 2}
5/10 done!
{'verbose': False, 'max_epochs': 1000, 'batch': 1000, 'perc_hybrid': 20, 'thresh_upd': 1, 'count_upd': 2, 'window': 10, 'factor_upd': 2}
6/10 done!
{'verbose': False, 'max_epochs': 1000, 'batch': 1000, 'perc_hybrid': 20, 'thresh_upd': 1, 'count_upd': 2, 'window': 10, 'factor_upd': 2}
7/10 done!
{'verbose': False, 'max_epochs': 1000, 'batch': 1000, 'perc_hybrid': 20, 'thresh_upd': 1, 'count_upd': 2, 'window': 10, 'factor_upd': 2}
8/10 done!
{'verbose': False, 'max_epochs': 1000, 'batch': 1000, 'perc_hybrid': 20, 'thresh_upd': 1, 'count_upd': 2, 'window': 10, 'factor_upd': 2}
9/10 done!
{'verbose': False, 'max_epochs': 1000, 'batch': 1000, 'perc_hybrid': 20, 'thresh_upd': 1, 'count_upd': 2, 'window': 10, 'factor_upd': 2}
10/10 done!

  Value: 25
{'verbose': False, 'max_epochs': 1000, 'batch': 1000, 'perc_hybrid': 25, 'thresh_upd': 1, 'count_upd': 2, 'window': 10, 'factor_upd': 2}
1/10 done!
{'verbose': False, 'max_epochs': 1000, 'batch': 1000, 'perc_hybrid': 25, 'thresh_upd': 1, 'count_upd': 2, 'window': 10, 'factor_upd': 2}
2/10 done!
{'verbose': False, 'max_epochs': 1000, 'batch': 1000, 'perc_hybrid': 25, 'thresh_upd': 1, 'count_upd': 2, 'window': 10, 'factor_upd': 2}
3/10 done!
{'verbose': False, 'max_epochs': 1000, 'batch': 1000, 'perc_hybrid': 25, 'thresh_upd': 1, 'count_upd': 2, 'window': 10, 'factor_upd': 2}
4/10 done!
{'verbose': False, 'max_epochs': 1000, 'batch': 1000, 'perc_hybrid': 25, 'thresh_upd': 1, 'count_upd': 2, 'window': 10, 'factor_upd': 2}
5/10 done!
{'verbose': False, 'max_epochs': 1000, 'batch': 1000, 'perc_hybrid': 25, 'thresh_upd': 1, 'count_upd': 2, 'window': 10, 'factor_upd': 2}
6/10 done!
{'verbose': False, 'max_epochs': 1000, 'batch': 1000, 'perc_hybrid': 25, 'thresh_upd': 1, 'count_upd': 2, 'window': 10, 'factor_upd': 2}
7/10 done!
{'verbose': False, 'max_epochs': 1000, 'batch': 1000, 'perc_hybrid': 25, 'thresh_upd': 1, 'count_upd': 2, 'window': 10, 'factor_upd': 2}
8/10 done!
{'verbose': False, 'max_epochs': 1000, 'batch': 1000, 'perc_hybrid': 25, 'thresh_upd': 1, 'count_upd': 2, 'window': 10, 'factor_upd': 2}
9/10 done!
{'verbose': False, 'max_epochs': 1000, 'batch': 1000, 'perc_hybrid': 25, 'thresh_upd': 1, 'count_upd': 2, 'window': 10, 'factor_upd': 2}
10/10 done!

  Value: 30
{'verbose': False, 'max_epochs': 1000, 'batch': 1000, 'perc_hybrid': 30, 'thresh_upd': 1, 'count_upd': 2, 'window': 10, 'factor_upd': 2}
1/10 done!
{'verbose': False, 'max_epochs': 1000, 'batch': 1000, 'perc_hybrid': 30, 'thresh_upd': 1, 'count_upd': 2, 'window': 10, 'factor_upd': 2}
2/10 done!
{'verbose': False, 'max_epochs': 1000, 'batch': 1000, 'perc_hybrid': 30, 'thresh_upd': 1, 'count_upd': 2, 'window': 10, 'factor_upd': 2}
3/10 done!
{'verbose': False, 'max_epochs': 1000, 'batch': 1000, 'perc_hybrid': 30, 'thresh_upd': 1, 'count_upd': 2, 'window': 10, 'factor_upd': 2}
4/10 done!
{'verbose': False, 'max_epochs': 1000, 'batch': 1000, 'perc_hybrid': 30, 'thresh_upd': 1, 'count_upd': 2, 'window': 10, 'factor_upd': 2}
5/10 done!
{'verbose': False, 'max_epochs': 1000, 'batch': 1000, 'perc_hybrid': 30, 'thresh_upd': 1, 'count_upd': 2, 'window': 10, 'factor_upd': 2}
6/10 done!
{'verbose': False, 'max_epochs': 1000, 'batch': 1000, 'perc_hybrid': 30, 'thresh_upd': 1, 'count_upd': 2, 'window': 10, 'factor_upd': 2}
7/10 done!
{'verbose': False, 'max_epochs': 1000, 'batch': 1000, 'perc_hybrid': 30, 'thresh_upd': 1, 'count_upd': 2, 'window': 10, 'factor_upd': 2}
8/10 done!
{'verbose': False, 'max_epochs': 1000, 'batch': 1000, 'perc_hybrid': 30, 'thresh_upd': 1, 'count_upd': 2, 'window': 10, 'factor_upd': 2}
9/10 done!
{'verbose': False, 'max_epochs': 1000, 'batch': 1000, 'perc_hybrid': 30, 'thresh_upd': 1, 'count_upd': 2, 'window': 10, 'factor_upd': 2}
10/10 done!

  Value: 35
{'verbose': False, 'max_epochs': 1000, 'batch': 1000, 'perc_hybrid': 35, 'thresh_upd': 1, 'count_upd': 2, 'window': 10, 'factor_upd': 2}
1/10 done!
{'verbose': False, 'max_epochs': 1000, 'batch': 1000, 'perc_hybrid': 35, 'thresh_upd': 1, 'count_upd': 2, 'window': 10, 'factor_upd': 2}
2/10 done!
{'verbose': False, 'max_epochs': 1000, 'batch': 1000, 'perc_hybrid': 35, 'thresh_upd': 1, 'count_upd': 2, 'window': 10, 'factor_upd': 2}
3/10 done!
{'verbose': False, 'max_epochs': 1000, 'batch': 1000, 'perc_hybrid': 35, 'thresh_upd': 1, 'count_upd': 2, 'window': 10, 'factor_upd': 2}
4/10 done!
{'verbose': False, 'max_epochs': 1000, 'batch': 1000, 'perc_hybrid': 35, 'thresh_upd': 1, 'count_upd': 2, 'window': 10, 'factor_upd': 2}
5/10 done!
{'verbose': False, 'max_epochs': 1000, 'batch': 1000, 'perc_hybrid': 35, 'thresh_upd': 1, 'count_upd': 2, 'window': 10, 'factor_upd': 2}
6/10 done!
{'verbose': False, 'max_epochs': 1000, 'batch': 1000, 'perc_hybrid': 35, 'thresh_upd': 1, 'count_upd': 2, 'window': 10, 'factor_upd': 2}
7/10 done!
{'verbose': False, 'max_epochs': 1000, 'batch': 1000, 'perc_hybrid': 35, 'thresh_upd': 1, 'count_upd': 2, 'window': 10, 'factor_upd': 2}
8/10 done!
{'verbose': False, 'max_epochs': 1000, 'batch': 1000, 'perc_hybrid': 35, 'thresh_upd': 1, 'count_upd': 2, 'window': 10, 'factor_upd': 2}
9/10 done!
{'verbose': False, 'max_epochs': 1000, 'batch': 1000, 'perc_hybrid': 35, 'thresh_upd': 1, 'count_upd': 2, 'window': 10, 'factor_upd': 2}
10/10 done!

  Value: 40
{'verbose': False, 'max_epochs': 1000, 'batch': 1000, 'perc_hybrid': 40, 'thresh_upd': 1, 'count_upd': 2, 'window': 10, 'factor_upd': 2}
1/10 done!
{'verbose': False, 'max_epochs': 1000, 'batch': 1000, 'perc_hybrid': 40, 'thresh_upd': 1, 'count_upd': 2, 'window': 10, 'factor_upd': 2}
2/10 done!
{'verbose': False, 'max_epochs': 1000, 'batch': 1000, 'perc_hybrid': 40, 'thresh_upd': 1, 'count_upd': 2, 'window': 10, 'factor_upd': 2}
3/10 done!
{'verbose': False, 'max_epochs': 1000, 'batch': 1000, 'perc_hybrid': 40, 'thresh_upd': 1, 'count_upd': 2, 'window': 10, 'factor_upd': 2}
4/10 done!
{'verbose': False, 'max_epochs': 1000, 'batch': 1000, 'perc_hybrid': 40, 'thresh_upd': 1, 'count_upd': 2, 'window': 10, 'factor_upd': 2}
5/10 done!
{'verbose': False, 'max_epochs': 1000, 'batch': 1000, 'perc_hybrid': 40, 'thresh_upd': 1, 'count_upd': 2, 'window': 10, 'factor_upd': 2}
6/10 done!
{'verbose': False, 'max_epochs': 1000, 'batch': 1000, 'perc_hybrid': 40, 'thresh_upd': 1, 'count_upd': 2, 'window': 10, 'factor_upd': 2}
7/10 done!
{'verbose': False, 'max_epochs': 1000, 'batch': 1000, 'perc_hybrid': 40, 'thresh_upd': 1, 'count_upd': 2, 'window': 10, 'factor_upd': 2}
8/10 done!
{'verbose': False, 'max_epochs': 1000, 'batch': 1000, 'perc_hybrid': 40, 'thresh_upd': 1, 'count_upd': 2, 'window': 10, 'factor_upd': 2}
9/10 done!
{'verbose': False, 'max_epochs': 1000, 'batch': 1000, 'perc_hybrid': 40, 'thresh_upd': 1, 'count_upd': 2, 'window': 10, 'factor_upd': 2}
10/10 done!

  Value: 45
{'verbose': False, 'max_epochs': 1000, 'batch': 1000, 'perc_hybrid': 45, 'thresh_upd': 1, 'count_upd': 2, 'window': 10, 'factor_upd': 2}
1/10 done!
{'verbose': False, 'max_epochs': 1000, 'batch': 1000, 'perc_hybrid': 45, 'thresh_upd': 1, 'count_upd': 2, 'window': 10, 'factor_upd': 2}
2/10 done!
{'verbose': False, 'max_epochs': 1000, 'batch': 1000, 'perc_hybrid': 45, 'thresh_upd': 1, 'count_upd': 2, 'window': 10, 'factor_upd': 2}
3/10 done!
{'verbose': False, 'max_epochs': 1000, 'batch': 1000, 'perc_hybrid': 45, 'thresh_upd': 1, 'count_upd': 2, 'window': 10, 'factor_upd': 2}
4/10 done!
{'verbose': False, 'max_epochs': 1000, 'batch': 1000, 'perc_hybrid': 45, 'thresh_upd': 1, 'count_upd': 2, 'window': 10, 'factor_upd': 2}
5/10 done!
{'verbose': False, 'max_epochs': 1000, 'batch': 1000, 'perc_hybrid': 45, 'thresh_upd': 1, 'count_upd': 2, 'window': 10, 'factor_upd': 2}
6/10 done!
{'verbose': False, 'max_epochs': 1000, 'batch': 1000, 'perc_hybrid': 45, 'thresh_upd': 1, 'count_upd': 2, 'window': 10, 'factor_upd': 2}
7/10 done!
{'verbose': False, 'max_epochs': 1000, 'batch': 1000, 'perc_hybrid': 45, 'thresh_upd': 1, 'count_upd': 2, 'window': 10, 'factor_upd': 2}
8/10 done!
{'verbose': False, 'max_epochs': 1000, 'batch': 1000, 'perc_hybrid': 45, 'thresh_upd': 1, 'count_upd': 2, 'window': 10, 'factor_upd': 2}
9/10 done!
{'verbose': False, 'max_epochs': 1000, 'batch': 1000, 'perc_hybrid': 45, 'thresh_upd': 1, 'count_upd': 2, 'window': 10, 'factor_upd': 2}
10/10 done!

  Value: 50
{'verbose': False, 'max_epochs': 1000, 'batch': 1000, 'perc_hybrid': 50, 'thresh_upd': 1, 'count_upd': 2, 'window': 10, 'factor_upd': 2}
1/10 done!
{'verbose': False, 'max_epochs': 1000, 'batch': 1000, 'perc_hybrid': 50, 'thresh_upd': 1, 'count_upd': 2, 'window': 10, 'factor_upd': 2}
2/10 done!
{'verbose': False, 'max_epochs': 1000, 'batch': 1000, 'perc_hybrid': 50, 'thresh_upd': 1, 'count_upd': 2, 'window': 10, 'factor_upd': 2}
3/10 done!
{'verbose': False, 'max_epochs': 1000, 'batch': 1000, 'perc_hybrid': 50, 'thresh_upd': 1, 'count_upd': 2, 'window': 10, 'factor_upd': 2}
4/10 done!
{'verbose': False, 'max_epochs': 1000, 'batch': 1000, 'perc_hybrid': 50, 'thresh_upd': 1, 'count_upd': 2, 'window': 10, 'factor_upd': 2}
5/10 done!
{'verbose': False, 'max_epochs': 1000, 'batch': 1000, 'perc_hybrid': 50, 'thresh_upd': 1, 'count_upd': 2, 'window': 10, 'factor_upd': 2}
6/10 done!
{'verbose': False, 'max_epochs': 1000, 'batch': 1000, 'perc_hybrid': 50, 'thresh_upd': 1, 'count_upd': 2, 'window': 10, 'factor_upd': 2}
7/10 done!
{'verbose': False, 'max_epochs': 1000, 'batch': 1000, 'perc_hybrid': 50, 'thresh_upd': 1, 'count_upd': 2, 'window': 10, 'factor_upd': 2}
8/10 done!
{'verbose': False, 'max_epochs': 1000, 'batch': 1000, 'perc_hybrid': 50, 'thresh_upd': 1, 'count_upd': 2, 'window': 10, 'factor_upd': 2}
9/10 done!
{'verbose': False, 'max_epochs': 1000, 'batch': 1000, 'perc_hybrid': 50, 'thresh_upd': 1, 'count_upd': 2, 'window': 10, 'factor_upd': 2}
10/10 done!

  Value: 55
{'verbose': False, 'max_epochs': 1000, 'batch': 1000, 'perc_hybrid': 55, 'thresh_upd': 1, 'count_upd': 2, 'window': 10, 'factor_upd': 2}
1/10 done!
{'verbose': False, 'max_epochs': 1000, 'batch': 1000, 'perc_hybrid': 55, 'thresh_upd': 1, 'count_upd': 2, 'window': 10, 'factor_upd': 2}
2/10 done!
{'verbose': False, 'max_epochs': 1000, 'batch': 1000, 'perc_hybrid': 55, 'thresh_upd': 1, 'count_upd': 2, 'window': 10, 'factor_upd': 2}
3/10 done!
{'verbose': False, 'max_epochs': 1000, 'batch': 1000, 'perc_hybrid': 55, 'thresh_upd': 1, 'count_upd': 2, 'window': 10, 'factor_upd': 2}
4/10 done!
{'verbose': False, 'max_epochs': 1000, 'batch': 1000, 'perc_hybrid': 55, 'thresh_upd': 1, 'count_upd': 2, 'window': 10, 'factor_upd': 2}
5/10 done!
{'verbose': False, 'max_epochs': 1000, 'batch': 1000, 'perc_hybrid': 55, 'thresh_upd': 1, 'count_upd': 2, 'window': 10, 'factor_upd': 2}
6/10 done!
{'verbose': False, 'max_epochs': 1000, 'batch': 1000, 'perc_hybrid': 55, 'thresh_upd': 1, 'count_upd': 2, 'window': 10, 'factor_upd': 2}
7/10 done!
{'verbose': False, 'max_epochs': 1000, 'batch': 1000, 'perc_hybrid': 55, 'thresh_upd': 1, 'count_upd': 2, 'window': 10, 'factor_upd': 2}
8/10 done!
{'verbose': False, 'max_epochs': 1000, 'batch': 1000, 'perc_hybrid': 55, 'thresh_upd': 1, 'count_upd': 2, 'window': 10, 'factor_upd': 2}
9/10 done!
{'verbose': False, 'max_epochs': 1000, 'batch': 1000, 'perc_hybrid': 55, 'thresh_upd': 1, 'count_upd': 2, 'window': 10, 'factor_upd': 2}
10/10 done!

  Value: 60
{'verbose': False, 'max_epochs': 1000, 'batch': 1000, 'perc_hybrid': 60, 'thresh_upd': 1, 'count_upd': 2, 'window': 10, 'factor_upd': 2}
1/10 done!
{'verbose': False, 'max_epochs': 1000, 'batch': 1000, 'perc_hybrid': 60, 'thresh_upd': 1, 'count_upd': 2, 'window': 10, 'factor_upd': 2}
2/10 done!
{'verbose': False, 'max_epochs': 1000, 'batch': 1000, 'perc_hybrid': 60, 'thresh_upd': 1, 'count_upd': 2, 'window': 10, 'factor_upd': 2}
3/10 done!
{'verbose': False, 'max_epochs': 1000, 'batch': 1000, 'perc_hybrid': 60, 'thresh_upd': 1, 'count_upd': 2, 'window': 10, 'factor_upd': 2}
4/10 done!
{'verbose': False, 'max_epochs': 1000, 'batch': 1000, 'perc_hybrid': 60, 'thresh_upd': 1, 'count_upd': 2, 'window': 10, 'factor_upd': 2}
5/10 done!
{'verbose': False, 'max_epochs': 1000, 'batch': 1000, 'perc_hybrid': 60, 'thresh_upd': 1, 'count_upd': 2, 'window': 10, 'factor_upd': 2}
6/10 done!
{'verbose': False, 'max_epochs': 1000, 'batch': 1000, 'perc_hybrid': 60, 'thresh_upd': 1, 'count_upd': 2, 'window': 10, 'factor_upd': 2}
7/10 done!
{'verbose': False, 'max_epochs': 1000, 'batch': 1000, 'perc_hybrid': 60, 'thresh_upd': 1, 'count_upd': 2, 'window': 10, 'factor_upd': 2}
8/10 done!
{'verbose': False, 'max_epochs': 1000, 'batch': 1000, 'perc_hybrid': 60, 'thresh_upd': 1, 'count_upd': 2, 'window': 10, 'factor_upd': 2}
9/10 done!
{'verbose': False, 'max_epochs': 1000, 'batch': 1000, 'perc_hybrid': 60, 'thresh_upd': 1, 'count_upd': 2, 'window': 10, 'factor_upd': 2}
10/10 done!

  Value: 65
{'verbose': False, 'max_epochs': 1000, 'batch': 1000, 'perc_hybrid': 65, 'thresh_upd': 1, 'count_upd': 2, 'window': 10, 'factor_upd': 2}
1/10 done!
{'verbose': False, 'max_epochs': 1000, 'batch': 1000, 'perc_hybrid': 65, 'thresh_upd': 1, 'count_upd': 2, 'window': 10, 'factor_upd': 2}
2/10 done!
{'verbose': False, 'max_epochs': 1000, 'batch': 1000, 'perc_hybrid': 65, 'thresh_upd': 1, 'count_upd': 2, 'window': 10, 'factor_upd': 2}
3/10 done!
{'verbose': False, 'max_epochs': 1000, 'batch': 1000, 'perc_hybrid': 65, 'thresh_upd': 1, 'count_upd': 2, 'window': 10, 'factor_upd': 2}
4/10 done!
{'verbose': False, 'max_epochs': 1000, 'batch': 1000, 'perc_hybrid': 65, 'thresh_upd': 1, 'count_upd': 2, 'window': 10, 'factor_upd': 2}
5/10 done!
{'verbose': False, 'max_epochs': 1000, 'batch': 1000, 'perc_hybrid': 65, 'thresh_upd': 1, 'count_upd': 2, 'window': 10, 'factor_upd': 2}
6/10 done!
{'verbose': False, 'max_epochs': 1000, 'batch': 1000, 'perc_hybrid': 65, 'thresh_upd': 1, 'count_upd': 2, 'window': 10, 'factor_upd': 2}
7/10 done!
{'verbose': False, 'max_epochs': 1000, 'batch': 1000, 'perc_hybrid': 65, 'thresh_upd': 1, 'count_upd': 2, 'window': 10, 'factor_upd': 2}
8/10 done!
{'verbose': False, 'max_epochs': 1000, 'batch': 1000, 'perc_hybrid': 65, 'thresh_upd': 1, 'count_upd': 2, 'window': 10, 'factor_upd': 2}
9/10 done!
{'verbose': False, 'max_epochs': 1000, 'batch': 1000, 'perc_hybrid': 65, 'thresh_upd': 1, 'count_upd': 2, 'window': 10, 'factor_upd': 2}
10/10 done!

  Value: 70
{'verbose': False, 'max_epochs': 1000, 'batch': 1000, 'perc_hybrid': 70, 'thresh_upd': 1, 'count_upd': 2, 'window': 10, 'factor_upd': 2}
1/10 done!
{'verbose': False, 'max_epochs': 1000, 'batch': 1000, 'perc_hybrid': 70, 'thresh_upd': 1, 'count_upd': 2, 'window': 10, 'factor_upd': 2}
2/10 done!
{'verbose': False, 'max_epochs': 1000, 'batch': 1000, 'perc_hybrid': 70, 'thresh_upd': 1, 'count_upd': 2, 'window': 10, 'factor_upd': 2}
3/10 done!
{'verbose': False, 'max_epochs': 1000, 'batch': 1000, 'perc_hybrid': 70, 'thresh_upd': 1, 'count_upd': 2, 'window': 10, 'factor_upd': 2}
4/10 done!
{'verbose': False, 'max_epochs': 1000, 'batch': 1000, 'perc_hybrid': 70, 'thresh_upd': 1, 'count_upd': 2, 'window': 10, 'factor_upd': 2}
5/10 done!
{'verbose': False, 'max_epochs': 1000, 'batch': 1000, 'perc_hybrid': 70, 'thresh_upd': 1, 'count_upd': 2, 'window': 10, 'factor_upd': 2}
6/10 done!
{'verbose': False, 'max_epochs': 1000, 'batch': 1000, 'perc_hybrid': 70, 'thresh_upd': 1, 'count_upd': 2, 'window': 10, 'factor_upd': 2}
7/10 done!
{'verbose': False, 'max_epochs': 1000, 'batch': 1000, 'perc_hybrid': 70, 'thresh_upd': 1, 'count_upd': 2, 'window': 10, 'factor_upd': 2}
8/10 done!
{'verbose': False, 'max_epochs': 1000, 'batch': 1000, 'perc_hybrid': 70, 'thresh_upd': 1, 'count_upd': 2, 'window': 10, 'factor_upd': 2}
9/10 done!
{'verbose': False, 'max_epochs': 1000, 'batch': 1000, 'perc_hybrid': 70, 'thresh_upd': 1, 'count_upd': 2, 'window': 10, 'factor_upd': 2}
10/10 done!

  Value: 75
{'verbose': False, 'max_epochs': 1000, 'batch': 1000, 'perc_hybrid': 75, 'thresh_upd': 1, 'count_upd': 2, 'window': 10, 'factor_upd': 2}
1/10 done!
{'verbose': False, 'max_epochs': 1000, 'batch': 1000, 'perc_hybrid': 75, 'thresh_upd': 1, 'count_upd': 2, 'window': 10, 'factor_upd': 2}
2/10 done!
{'verbose': False, 'max_epochs': 1000, 'batch': 1000, 'perc_hybrid': 75, 'thresh_upd': 1, 'count_upd': 2, 'window': 10, 'factor_upd': 2}
3/10 done!
{'verbose': False, 'max_epochs': 1000, 'batch': 1000, 'perc_hybrid': 75, 'thresh_upd': 1, 'count_upd': 2, 'window': 10, 'factor_upd': 2}
4/10 done!
{'verbose': False, 'max_epochs': 1000, 'batch': 1000, 'perc_hybrid': 75, 'thresh_upd': 1, 'count_upd': 2, 'window': 10, 'factor_upd': 2}
5/10 done!
{'verbose': False, 'max_epochs': 1000, 'batch': 1000, 'perc_hybrid': 75, 'thresh_upd': 1, 'count_upd': 2, 'window': 10, 'factor_upd': 2}
6/10 done!
{'verbose': False, 'max_epochs': 1000, 'batch': 1000, 'perc_hybrid': 75, 'thresh_upd': 1, 'count_upd': 2, 'window': 10, 'factor_upd': 2}
7/10 done!
{'verbose': False, 'max_epochs': 1000, 'batch': 1000, 'perc_hybrid': 75, 'thresh_upd': 1, 'count_upd': 2, 'window': 10, 'factor_upd': 2}
8/10 done!
{'verbose': False, 'max_epochs': 1000, 'batch': 1000, 'perc_hybrid': 75, 'thresh_upd': 1, 'count_upd': 2, 'window': 10, 'factor_upd': 2}
9/10 done!
{'verbose': False, 'max_epochs': 1000, 'batch': 1000, 'perc_hybrid': 75, 'thresh_upd': 1, 'count_upd': 2, 'window': 10, 'factor_upd': 2}
10/10 done!

  Value: 80
{'verbose': False, 'max_epochs': 1000, 'batch': 1000, 'perc_hybrid': 80, 'thresh_upd': 1, 'count_upd': 2, 'window': 10, 'factor_upd': 2}
1/10 done!
{'verbose': False, 'max_epochs': 1000, 'batch': 1000, 'perc_hybrid': 80, 'thresh_upd': 1, 'count_upd': 2, 'window': 10, 'factor_upd': 2}
2/10 done!
{'verbose': False, 'max_epochs': 1000, 'batch': 1000, 'perc_hybrid': 80, 'thresh_upd': 1, 'count_upd': 2, 'window': 10, 'factor_upd': 2}
3/10 done!
{'verbose': False, 'max_epochs': 1000, 'batch': 1000, 'perc_hybrid': 80, 'thresh_upd': 1, 'count_upd': 2, 'window': 10, 'factor_upd': 2}
4/10 done!
{'verbose': False, 'max_epochs': 1000, 'batch': 1000, 'perc_hybrid': 80, 'thresh_upd': 1, 'count_upd': 2, 'window': 10, 'factor_upd': 2}
5/10 done!
{'verbose': False, 'max_epochs': 1000, 'batch': 1000, 'perc_hybrid': 80, 'thresh_upd': 1, 'count_upd': 2, 'window': 10, 'factor_upd': 2}
6/10 done!
{'verbose': False, 'max_epochs': 1000, 'batch': 1000, 'perc_hybrid': 80, 'thresh_upd': 1, 'count_upd': 2, 'window': 10, 'factor_upd': 2}
7/10 done!
{'verbose': False, 'max_epochs': 1000, 'batch': 1000, 'perc_hybrid': 80, 'thresh_upd': 1, 'count_upd': 2, 'window': 10, 'factor_upd': 2}
8/10 done!
{'verbose': False, 'max_epochs': 1000, 'batch': 1000, 'perc_hybrid': 80, 'thresh_upd': 1, 'count_upd': 2, 'window': 10, 'factor_upd': 2}
9/10 done!
{'verbose': False, 'max_epochs': 1000, 'batch': 1000, 'perc_hybrid': 80, 'thresh_upd': 1, 'count_upd': 2, 'window': 10, 'factor_upd': 2}
10/10 done!

  Value: 85
{'verbose': False, 'max_epochs': 1000, 'batch': 1000, 'perc_hybrid': 85, 'thresh_upd': 1, 'count_upd': 2, 'window': 10, 'factor_upd': 2}
1/10 done!
{'verbose': False, 'max_epochs': 1000, 'batch': 1000, 'perc_hybrid': 85, 'thresh_upd': 1, 'count_upd': 2, 'window': 10, 'factor_upd': 2}
2/10 done!
{'verbose': False, 'max_epochs': 1000, 'batch': 1000, 'perc_hybrid': 85, 'thresh_upd': 1, 'count_upd': 2, 'window': 10, 'factor_upd': 2}
3/10 done!
{'verbose': False, 'max_epochs': 1000, 'batch': 1000, 'perc_hybrid': 85, 'thresh_upd': 1, 'count_upd': 2, 'window': 10, 'factor_upd': 2}
4/10 done!
{'verbose': False, 'max_epochs': 1000, 'batch': 1000, 'perc_hybrid': 85, 'thresh_upd': 1, 'count_upd': 2, 'window': 10, 'factor_upd': 2}
5/10 done!
{'verbose': False, 'max_epochs': 1000, 'batch': 1000, 'perc_hybrid': 85, 'thresh_upd': 1, 'count_upd': 2, 'window': 10, 'factor_upd': 2}
6/10 done!
{'verbose': False, 'max_epochs': 1000, 'batch': 1000, 'perc_hybrid': 85, 'thresh_upd': 1, 'count_upd': 2, 'window': 10, 'factor_upd': 2}
7/10 done!
{'verbose': False, 'max_epochs': 1000, 'batch': 1000, 'perc_hybrid': 85, 'thresh_upd': 1, 'count_upd': 2, 'window': 10, 'factor_upd': 2}
8/10 done!
{'verbose': False, 'max_epochs': 1000, 'batch': 1000, 'perc_hybrid': 85, 'thresh_upd': 1, 'count_upd': 2, 'window': 10, 'factor_upd': 2}
9/10 done!
{'verbose': False, 'max_epochs': 1000, 'batch': 1000, 'perc_hybrid': 85, 'thresh_upd': 1, 'count_upd': 2, 'window': 10, 'factor_upd': 2}
10/10 done!

  Value: 90
{'verbose': False, 'max_epochs': 1000, 'batch': 1000, 'perc_hybrid': 90, 'thresh_upd': 1, 'count_upd': 2, 'window': 10, 'factor_upd': 2}
1/10 done!
{'verbose': False, 'max_epochs': 1000, 'batch': 1000, 'perc_hybrid': 90, 'thresh_upd': 1, 'count_upd': 2, 'window': 10, 'factor_upd': 2}
2/10 done!
{'verbose': False, 'max_epochs': 1000, 'batch': 1000, 'perc_hybrid': 90, 'thresh_upd': 1, 'count_upd': 2, 'window': 10, 'factor_upd': 2}
3/10 done!
{'verbose': False, 'max_epochs': 1000, 'batch': 1000, 'perc_hybrid': 90, 'thresh_upd': 1, 'count_upd': 2, 'window': 10, 'factor_upd': 2}
4/10 done!
{'verbose': False, 'max_epochs': 1000, 'batch': 1000, 'perc_hybrid': 90, 'thresh_upd': 1, 'count_upd': 2, 'window': 10, 'factor_upd': 2}
5/10 done!
{'verbose': False, 'max_epochs': 1000, 'batch': 1000, 'perc_hybrid': 90, 'thresh_upd': 1, 'count_upd': 2, 'window': 10, 'factor_upd': 2}
6/10 done!
{'verbose': False, 'max_epochs': 1000, 'batch': 1000, 'perc_hybrid': 90, 'thresh_upd': 1, 'count_upd': 2, 'window': 10, 'factor_upd': 2}
7/10 done!
{'verbose': False, 'max_epochs': 1000, 'batch': 1000, 'perc_hybrid': 90, 'thresh_upd': 1, 'count_upd': 2, 'window': 10, 'factor_upd': 2}
8/10 done!
{'verbose': False, 'max_epochs': 1000, 'batch': 1000, 'perc_hybrid': 90, 'thresh_upd': 1, 'count_upd': 2, 'window': 10, 'factor_upd': 2}
9/10 done!
{'verbose': False, 'max_epochs': 1000, 'batch': 1000, 'perc_hybrid': 90, 'thresh_upd': 1, 'count_upd': 2, 'window': 10, 'factor_upd': 2}
10/10 done!

  Value: 95
{'verbose': False, 'max_epochs': 1000, 'batch': 1000, 'perc_hybrid': 95, 'thresh_upd': 1, 'count_upd': 2, 'window': 10, 'factor_upd': 2}
1/10 done!
{'verbose': False, 'max_epochs': 1000, 'batch': 1000, 'perc_hybrid': 95, 'thresh_upd': 1, 'count_upd': 2, 'window': 10, 'factor_upd': 2}
2/10 done!
{'verbose': False, 'max_epochs': 1000, 'batch': 1000, 'perc_hybrid': 95, 'thresh_upd': 1, 'count_upd': 2, 'window': 10, 'factor_upd': 2}
3/10 done!
{'verbose': False, 'max_epochs': 1000, 'batch': 1000, 'perc_hybrid': 95, 'thresh_upd': 1, 'count_upd': 2, 'window': 10, 'factor_upd': 2}
4/10 done!
{'verbose': False, 'max_epochs': 1000, 'batch': 1000, 'perc_hybrid': 95, 'thresh_upd': 1, 'count_upd': 2, 'window': 10, 'factor_upd': 2}
5/10 done!
{'verbose': False, 'max_epochs': 1000, 'batch': 1000, 'perc_hybrid': 95, 'thresh_upd': 1, 'count_upd': 2, 'window': 10, 'factor_upd': 2}
6/10 done!
{'verbose': False, 'max_epochs': 1000, 'batch': 1000, 'perc_hybrid': 95, 'thresh_upd': 1, 'count_upd': 2, 'window': 10, 'factor_upd': 2}
7/10 done!
{'verbose': False, 'max_epochs': 1000, 'batch': 1000, 'perc_hybrid': 95, 'thresh_upd': 1, 'count_upd': 2, 'window': 10, 'factor_upd': 2}
8/10 done!
{'verbose': False, 'max_epochs': 1000, 'batch': 1000, 'perc_hybrid': 95, 'thresh_upd': 1, 'count_upd': 2, 'window': 10, 'factor_upd': 2}
9/10 done!
{'verbose': False, 'max_epochs': 1000, 'batch': 1000, 'perc_hybrid': 95, 'thresh_upd': 1, 'count_upd': 2, 'window': 10, 'factor_upd': 2}
10/10 done!

  Value: 100
{'verbose': False, 'max_epochs': 1000, 'batch': 1000, 'perc_hybrid': 100, 'thresh_upd': 1, 'count_upd': 2, 'window': 10, 'factor_upd': 2}
1/10 done!
{'verbose': False, 'max_epochs': 1000, 'batch': 1000, 'perc_hybrid': 100, 'thresh_upd': 1, 'count_upd': 2, 'window': 10, 'factor_upd': 2}
2/10 done!
{'verbose': False, 'max_epochs': 1000, 'batch': 1000, 'perc_hybrid': 100, 'thresh_upd': 1, 'count_upd': 2, 'window': 10, 'factor_upd': 2}
3/10 done!
{'verbose': False, 'max_epochs': 1000, 'batch': 1000, 'perc_hybrid': 100, 'thresh_upd': 1, 'count_upd': 2, 'window': 10, 'factor_upd': 2}
4/10 done!
{'verbose': False, 'max_epochs': 1000, 'batch': 1000, 'perc_hybrid': 100, 'thresh_upd': 1, 'count_upd': 2, 'window': 10, 'factor_upd': 2}
5/10 done!
{'verbose': False, 'max_epochs': 1000, 'batch': 1000, 'perc_hybrid': 100, 'thresh_upd': 1, 'count_upd': 2, 'window': 10, 'factor_upd': 2}
6/10 done!
{'verbose': False, 'max_epochs': 1000, 'batch': 1000, 'perc_hybrid': 100, 'thresh_upd': 1, 'count_upd': 2, 'window': 10, 'factor_upd': 2}
7/10 done!
{'verbose': False, 'max_epochs': 1000, 'batch': 1000, 'perc_hybrid': 100, 'thresh_upd': 1, 'count_upd': 2, 'window': 10, 'factor_upd': 2}
8/10 done!
{'verbose': False, 'max_epochs': 1000, 'batch': 1000, 'perc_hybrid': 100, 'thresh_upd': 1, 'count_upd': 2, 'window': 10, 'factor_upd': 2}
9/10 done!
{'verbose': False, 'max_epochs': 1000, 'batch': 1000, 'perc_hybrid': 100, 'thresh_upd': 1, 'count_upd': 2, 'window': 10, 'factor_upd': 2}
10/10 done!

Finished at mer nov 27 17:35:39 CET 2019
