Starting to test different parameters for Hybrid at mer nov 27 17:20:11 CET 2019
Testing parameters for LPMC_Full_L
Start with perc_hybrid
  Value: 0
1/10 done!
2/10 done!
3/10 done!
4/10 done!
5/10 done!
6/10 done!
7/10 done!
8/10 done!
9/10 done!
10/10 done!

  Value: 5
1/10 done!
2/10 done!
3/10 done!
4/10 done!
5/10 done!
6/10 done!
7/10 done!
8/10 done!
9/10 done!
10/10 done!

  Value: 10
1/10 done!
2/10 done!
3/10 done!
4/10 done!
5/10 done!
6/10 done!
7/10 done!
8/10 done!
9/10 done!
10/10 done!

  Value: 15
1/10 done!
2/10 done!
3/10 done!
4/10 done!
5/10 done!
6/10 done!
7/10 done!
8/10 done!
9/10 done!
10/10 done!

  Value: 20
1/10 done!
2/10 done!
3/10 done!
4/10 done!
5/10 done!
6/10 done!
7/10 done!
8/10 done!
9/10 done!
10/10 done!

  Value: 25
1/10 done!
2/10 done!
3/10 done!
4/10 done!
5/10 done!
6/10 done!
7/10 done!
8/10 done!
9/10 done!
10/10 done!

  Value: 30
1/10 done!
2/10 done!
3/10 done!
4/10 done!
5/10 done!
6/10 done!
7/10 done!
8/10 done!
9/10 done!
10/10 done!

  Value: 35
1/10 done!
2/10 done!
3/10 done!
4/10 done!
5/10 done!
6/10 done!
7/10 done!
8/10 done!
9/10 done!
10/10 done!

  Value: 40
1/10 done!
2/10 done!
3/10 done!
4/10 done!
5/10 done!
6/10 done!
7/10 done!
8/10 done!
9/10 done!
10/10 done!

  Value: 45
1/10 done!
2/10 done!
3/10 done!
4/10 done!
5/10 done!
6/10 done!
7/10 done!
8/10 done!
9/10 done!
10/10 done!

  Value: 50
1/10 done!
2/10 done!
3/10 done!
4/10 done!
5/10 done!
6/10 done!
7/10 done!
8/10 done!
9/10 done!
10/10 done!

  Value: 55
1/10 done!
2/10 done!
3/10 done!
4/10 done!
5/10 done!
6/10 done!
7/10 done!
8/10 done!
9/10 done!
10/10 done!

  Value: 60
1/10 done!
2/10 done!
3/10 done!
4/10 done!
5/10 done!
6/10 done!
7/10 done!
8/10 done!
9/10 done!
10/10 done!

  Value: 65
1/10 done!
2/10 done!
3/10 done!
4/10 done!
5/10 done!
6/10 done!
7/10 done!
8/10 done!
9/10 done!
10/10 done!

  Value: 70
1/10 done!
2/10 done!
3/10 done!
4/10 done!
5/10 done!
6/10 done!
7/10 done!
8/10 done!
9/10 done!
10/10 done!

  Value: 75
1/10 done!
2/10 done!
3/10 done!
4/10 done!
5/10 done!
6/10 done!
7/10 done!
8/10 done!
9/10 done!
10/10 done!

  Value: 80
1/10 done!
2/10 done!
3/10 done!
4/10 done!
5/10 done!
6/10 done!
7/10 done!
8/10 done!
9/10 done!
10/10 done!

  Value: 85
1/10 done!
2/10 done!
3/10 done!
4/10 done!
5/10 done!
6/10 done!
7/10 done!
8/10 done!
9/10 done!
10/10 done!

  Value: 90
1/10 done!
2/10 done!
3/10 done!
4/10 done!
5/10 done!
6/10 done!
7/10 done!
8/10 done!
9/10 done!
10/10 done!

  Value: 95
1/10 done!
2/10 done!
3/10 done!
4/10 done!
5/10 done!
6/10 done!
7/10 done!
8/10 done!
9/10 done!
10/10 done!

  Value: 100
1/10 done!
2/10 done!
3/10 done!
4/10 done!
5/10 done!
6/10 done!
7/10 done!
8/10 done!
9/10 done!
10/10 done!

Could not inverse the Hessian...Could not inverse the Hessian...Finished at ven nov 29 07:31:41 CET 2019
