Starting to test different parameters for Hybrid at mer nov 6 18:53:20 CET 2019
Testing parameters for LPMC_Full_L
Start with factor_upd
  Value: 1.1
1/20 done!
2/20 done!
3/20 done!
4/20 done!
5/20 done!
6/20 done!
7/20 done!
8/20 done!
9/20 done!
10/20 done!
11/20 done!
12/20 done!
13/20 done!
14/20 done!
15/20 done!
16/20 done!
17/20 done!
18/20 done!
19/20 done!
20/20 done!

  Value: 1.2
1/20 done!
2/20 done!
3/20 done!
4/20 done!
5/20 done!
6/20 done!
7/20 done!
8/20 done!
9/20 done!
10/20 done!
11/20 done!
12/20 done!
13/20 done!
14/20 done!
15/20 done!
16/20 done!
17/20 done!
18/20 done!
19/20 done!
20/20 done!

  Value: 1.3
1/20 done!
2/20 done!
3/20 done!
4/20 done!
5/20 done!
6/20 done!
7/20 done!
8/20 done!
9/20 done!
10/20 done!
11/20 done!
12/20 done!
13/20 done!
14/20 done!
15/20 done!
16/20 done!
17/20 done!
18/20 done!
19/20 done!
20/20 done!

  Value: 1.4
1/20 done!
2/20 done!
3/20 done!
4/20 done!
5/20 done!
6/20 done!
7/20 done!
8/20 done!
9/20 done!
10/20 done!
11/20 done!
12/20 done!
13/20 done!
14/20 done!
15/20 done!
16/20 done!
17/20 done!
18/20 done!
19/20 done!
20/20 done!

  Value: 1.5
1/20 done!
2/20 done!
3/20 done!
4/20 done!
5/20 done!
6/20 done!
7/20 done!
8/20 done!
9/20 done!
10/20 done!
11/20 done!
12/20 done!
13/20 done!
14/20 done!
15/20 done!
16/20 done!
17/20 done!
18/20 done!
19/20 done!
20/20 done!

  Value: 2
1/20 done!
2/20 done!
3/20 done!
4/20 done!
5/20 done!
6/20 done!
7/20 done!
8/20 done!
9/20 done!
10/20 done!
11/20 done!
12/20 done!
13/20 done!
14/20 done!
15/20 done!
16/20 done!
17/20 done!
18/20 done!
19/20 done!
20/20 done!

  Value: 2.5
1/20 done!
2/20 done!
3/20 done!
4/20 done!
5/20 done!
6/20 done!
7/20 done!
8/20 done!
9/20 done!
10/20 done!
11/20 done!
12/20 done!
13/20 done!
14/20 done!
15/20 done!
16/20 done!
17/20 done!
18/20 done!
19/20 done!
20/20 done!

  Value: 3
1/20 done!
2/20 done!
3/20 done!
4/20 done!
5/20 done!
6/20 done!
7/20 done!
8/20 done!
9/20 done!
10/20 done!
11/20 done!
12/20 done!
13/20 done!
14/20 done!
15/20 done!
16/20 done!
17/20 done!
18/20 done!
19/20 done!
20/20 done!

  Value: 3.5
1/20 done!
2/20 done!
3/20 done!
4/20 done!
5/20 done!
6/20 done!
7/20 done!
8/20 done!
9/20 done!
10/20 done!
11/20 done!
12/20 done!
13/20 done!
14/20 done!
15/20 done!
16/20 done!
17/20 done!
18/20 done!
19/20 done!
20/20 done!

  Value: 4
1/20 done!
2/20 done!
3/20 done!
4/20 done!
5/20 done!
6/20 done!
7/20 done!
8/20 done!
9/20 done!
10/20 done!
11/20 done!
12/20 done!
13/20 done!
14/20 done!
15/20 done!
16/20 done!
17/20 done!
18/20 done!
19/20 done!
20/20 done!

  Value: 4.5
1/20 done!
2/20 done!
3/20 done!
4/20 done!
5/20 done!
6/20 done!
7/20 done!
8/20 done!
9/20 done!
10/20 done!
11/20 done!
12/20 done!
13/20 done!
14/20 done!
15/20 done!
16/20 done!
17/20 done!
18/20 done!
19/20 done!
20/20 done!

  Value: 5
1/20 done!
2/20 done!
3/20 done!
4/20 done!
5/20 done!
6/20 done!
7/20 done!
8/20 done!
9/20 done!
10/20 done!
11/20 done!
12/20 done!
13/20 done!
14/20 done!
15/20 done!
16/20 done!
17/20 done!
18/20 done!
19/20 done!
20/20 done!

  Value: 6
1/20 done!
2/20 done!
3/20 done!
4/20 done!
5/20 done!
6/20 done!
7/20 done!
8/20 done!
9/20 done!
10/20 done!
11/20 done!
12/20 done!
13/20 done!
14/20 done!
15/20 done!
16/20 done!
17/20 done!
18/20 done!
19/20 done!
20/20 done!

  Value: 7
1/20 done!
2/20 done!
3/20 done!
4/20 done!
5/20 done!
6/20 done!
7/20 done!
8/20 done!
9/20 done!
10/20 done!
11/20 done!
12/20 done!
13/20 done!
14/20 done!
15/20 done!
16/20 done!
17/20 done!
18/20 done!
19/20 done!
20/20 done!

  Value: 8
1/20 done!
2/20 done!
3/20 done!
4/20 done!
5/20 done!
6/20 done!
7/20 done!
8/20 done!
9/20 done!
10/20 done!
11/20 done!
12/20 done!
13/20 done!
14/20 done!
15/20 done!
16/20 done!
17/20 done!
18/20 done!
19/20 done!
20/20 done!

  Value: 9
1/20 done!
2/20 done!
3/20 done!
4/20 done!
5/20 done!
6/20 done!
7/20 done!
8/20 done!
9/20 done!
10/20 done!
11/20 done!
12/20 done!
13/20 done!
14/20 done!
15/20 done!
16/20 done!
17/20 done!
18/20 done!
19/20 done!
20/20 done!

  Value: 10
1/20 done!
2/20 done!
3/20 done!
4/20 done!
5/20 done!
6/20 done!
7/20 done!
8/20 done!
9/20 done!
10/20 done!
11/20 done!
12/20 done!
13/20 done!
14/20 done!
15/20 done!
16/20 done!
17/20 done!
18/20 done!
19/20 done!
20/20 done!

Start with perc_hybrid
  Value: 0
Traceback (most recent call last):
  File "parameters_Full2.py", line 86, in <module>
    tmp = model.optimize(ioa, **main_params)
  File "../../models/LPMC_Full.py", line 812, in optimize
    return algo.solve(maximize=True)
  File "../../algos/OptAlg.py", line 194, in solve
    gk, Bk = grad_hess(xk, Bk)
  File "../../algos/directions/Hybrid_INV.py", line 57, in grad_hess
    B = np.linalg.inv(B)
  File "/ssoft/spack/paien/v2/opt/spack/linux-rhel7-x86_E5v4_Mellanox/gcc-7.3.0/python-3.6.5-fuxsuhr3v4fh4gdkw6xrvnctzn2meygg/lib/python3.6/site-packages/numpy/linalg/linalg.py", line 528, in inv
    ainv = _umath_linalg.inv(a, signature=signature, extobj=extobj)
  File "/ssoft/spack/paien/v2/opt/spack/linux-rhel7-x86_E5v4_Mellanox/gcc-7.3.0/python-3.6.5-fuxsuhr3v4fh4gdkw6xrvnctzn2meygg/lib/python3.6/site-packages/numpy/linalg/linalg.py", line 89, in _raise_linalgerror_singular
    raise LinAlgError("Singular matrix")
numpy.linalg.linalg.LinAlgError: Singular matrix
srun: error: h285: task 0: Exited with exit code 1
srun: Terminating job step 371563.0
Finished at ven nov 8 14:04:11 CET 2019
