Starting optimization of LPMC_MNL_DC_M with biogeme at mer aoû 14 18:18:32 CEST 2019
Train LPMC_MNL_DC with current Biogeme optimization algorithm.
/home/glederre/pybio/lib/python3.6/site-packages/biogeme/biogeme.py:368: OptimizeWarning: Unknown solver options: ftol
  results =  minimize(f_and_grad,self.betaInitValues,bounds=None,jac=True,options=opts)
Optimization terminated successfully.
         Current function value: 45585.281446
         Iterations: 29
         Function evaluations: 32
         Gradient evaluations: 32
1/20 done!
Optimization terminated successfully.
         Current function value: 45585.281446
         Iterations: 29
         Function evaluations: 32
         Gradient evaluations: 32
2/20 done!
Optimization terminated successfully.
         Current function value: 45585.281446
         Iterations: 29
         Function evaluations: 32
         Gradient evaluations: 32
3/20 done!
Optimization terminated successfully.
         Current function value: 45585.281446
         Iterations: 29
         Function evaluations: 32
         Gradient evaluations: 32
4/20 done!
Optimization terminated successfully.
         Current function value: 45585.281446
         Iterations: 29
         Function evaluations: 32
         Gradient evaluations: 32
5/20 done!
Optimization terminated successfully.
         Current function value: 45585.281446
         Iterations: 29
         Function evaluations: 32
         Gradient evaluations: 32
6/20 done!
Optimization terminated successfully.
         Current function value: 45585.281446
         Iterations: 29
         Function evaluations: 32
         Gradient evaluations: 32
7/20 done!
Optimization terminated successfully.
         Current function value: 45585.281446
         Iterations: 29
         Function evaluations: 32
         Gradient evaluations: 32
8/20 done!
Optimization terminated successfully.
         Current function value: 45585.281446
         Iterations: 29
         Function evaluations: 32
         Gradient evaluations: 32
9/20 done!
Optimization terminated successfully.
         Current function value: 45585.281446
         Iterations: 29
         Function evaluations: 32
         Gradient evaluations: 32
10/20 done!
Optimization terminated successfully.
         Current function value: 45585.281446
         Iterations: 29
         Function evaluations: 32
         Gradient evaluations: 32
11/20 done!
Optimization terminated successfully.
         Current function value: 45585.281446
         Iterations: 29
         Function evaluations: 32
         Gradient evaluations: 32
12/20 done!
Optimization terminated successfully.
         Current function value: 45585.281446
         Iterations: 29
         Function evaluations: 32
         Gradient evaluations: 32
13/20 done!
Optimization terminated successfully.
         Current function value: 45585.281446
         Iterations: 29
         Function evaluations: 32
         Gradient evaluations: 32
14/20 done!
Optimization terminated successfully.
         Current function value: 45585.281446
         Iterations: 29
         Function evaluations: 32
         Gradient evaluations: 32
15/20 done!
Optimization terminated successfully.
         Current function value: 45585.281446
         Iterations: 29
         Function evaluations: 32
         Gradient evaluations: 32
16/20 done!
Optimization terminated successfully.
         Current function value: 45585.281446
         Iterations: 29
         Function evaluations: 32
         Gradient evaluations: 32
17/20 done!
Optimization terminated successfully.
         Current function value: 45585.281446
         Iterations: 29
         Function evaluations: 32
         Gradient evaluations: 32
18/20 done!
Optimization terminated successfully.
         Current function value: 45585.281446
         Iterations: 29
         Function evaluations: 32
         Gradient evaluations: 32
19/20 done!
Optimization terminated successfully.
         Current function value: 45585.281446
         Iterations: 29
         Function evaluations: 32
         Gradient evaluations: 32
20/20 done!
Finished at mer aoû 14 18:19:07 CEST 2019
