Optimizing LPMC_MNL_Full_M with best algo at lun aoû 12 22:48:45 CEST 2019
Maximizing the problem using a Line Search ABS IOA with the Hybrid direction.
Epoch 0:
  xk = [0.000, 0.000, 0.000, 0.000, 0.000, 0.000, 0.000, 0.000, 0.000, 0.000, 0.000, 0.000, 0.000, 0.000, 0.000, 0.000, 0.000, 0.000, 0.000, 0.000, 0.000, 0.000, 0.000, 0.000, 0.000, 0.000, 0.000, 0.000, 0.000, 0.000, 0.000, 0.000, 0.000, 0.000, 0.000, 0.000, 0.000, 0.000, 0.000, 0.000, 0.000, 0.000, 0.000, 0.000, 0.000, 0.000, 0.000, 0.000, 0.000, 0.000, 0.000, 0.000, 0.000, 0.000, 0.000, 0.000, 0.000, 0.000, 0.000, 0.000, 0.000, 0.000, 0.000, 0.000, 0.000, 0.000, 0.000, 0.000, 0.000, 0.000, 0.000, 0.000, 0.000, 0.000, 0.000, 0.000, 0.000, 0.000, 0.000, 0.000, 0.000, 0.000, 0.000, 0.000, 0.000, 0.000, 0.000, 0.000, 0.000, 0.000, 0.000, 0.000, 0.000, 0.000, 0.000, 0.000, 0.000, 0.000, 0.000, 0.000]
  f(xk) = 1386.294
  ||gk|| = 2.809E+03
  stop_crit = 0.000E+00
  ||dir|| = 3.893E-01
  alpha = 1.000E+00

Epoch 0.01825950407186941:
  xk = [-0.012, -0.001, 0.026, -0.010, 0.019, -0.000, 0.018, -0.009, -0.006, -0.004, 0.014, -0.005, 0.001, 0.004, 0.000, 0.000, 0.005, 0.001, -0.001, 0.005, 0.003, -0.001, -0.003, -0.064, 0.008, -0.005, 0.028, -0.018, 0.051, -0.013, 0.048, 0.024, -0.031, 0.033, 0.113, 0.082, -0.008, -0.003, 0.012, -0.006, 0.004, 0.018, -0.076, 0.078, 0.251, -0.079, -0.049, -0.048, 0.165, -0.001, 0.002, 0.004, -0.001, -0.000, 0.003, 0.000, -0.001, 0.002, 0.002, -0.002, -0.001, 0.001, -0.001, 0.020, 0.010, 0.000, 0.001, 0.000, -0.001, -0.004, 0.000, 0.001, 0.000, -0.003, -0.002, 0.002, 0.001, -0.000, -0.003, 0.004, -0.000, 0.001, -0.001, 0.001, 0.003, -0.004, 0.000, 0.001, 0.000, 0.008, -0.024, -0.045, 0.004, -0.002, -0.002, -0.006, 0.001, -0.002, -0.001, 0.008]
  f(xk) = 1060.970
  ||gk|| = 1.506E+03
  stop_crit = 1.211E-01
  ||dir|| = 1.266E-01
  alpha = 1.000E+00
  Curr. impr.: 1.56E+01
  # times under thresh: 0

Epoch 0.03651900814373882:
  xk = [-0.016, -0.002, 0.021, -0.001, 0.015, -0.002, 0.017, -0.009, -0.006, -0.001, 0.011, -0.007, 0.001, 0.003, -0.000, -0.000, 0.004, 0.000, -0.001, 0.005, 0.003, -0.001, -0.003, -0.091, 0.006, -0.004, 0.024, -0.024, 0.044, -0.015, 0.037, -0.012, -0.025, 0.060, 0.165, 0.079, -0.012, -0.004, 0.013, -0.004, 0.004, 0.016, -0.110, 0.068, 0.208, -0.074, -0.049, 0.032, 0.142, -0.001, 0.002, 0.002, 0.002, -0.000, 0.003, 0.001, -0.000, 0.002, 0.001, -0.002, -0.001, 0.002, -0.002, 0.018, 0.009, 0.000, 0.001, -0.000, -0.003, -0.004, 0.000, 0.002, -0.000, -0.002, 0.000, 0.002, 0.001, -0.000, -0.002, 0.005, -0.000, 0.000, -0.003, 0.001, 0.002, -0.004, 0.001, 0.001, 0.000, 0.010, -0.027, -0.047, 0.003, -0.002, -0.004, -0.007, -0.003, 0.006, -0.002, 0.007]
  f(xk) = 935.946
  ||gk|| = 1.176E+03
  stop_crit = 1.525E-01
  ||dir|| = 6.809E-02
  alpha = 1.000E+00
  Curr. impr.: 9.98E+00
  # times under thresh: 0

Epoch 0.05477851221560823:
  xk = [-0.018, -0.002, 0.025, -0.005, 0.014, -0.002, 0.019, -0.009, -0.006, -0.003, 0.009, -0.008, 0.001, 0.003, -0.000, -0.000, 0.003, -0.000, -0.001, 0.006, 0.004, -0.001, -0.003, -0.095, 0.009, -0.004, 0.021, -0.026, 0.042, -0.016, 0.039, 0.021, -0.025, 0.066, 0.140, 0.082, -0.013, -0.003, 0.013, -0.006, 0.005, 0.018, -0.124, 0.074, 0.248, -0.076, -0.050, 0.002, 0.134, -0.002, 0.003, 0.003, 0.002, -0.000, 0.003, 0.001, -0.001, 0.002, 0.001, -0.002, -0.002, 0.002, -0.002, 0.020, 0.009, 0.000, 0.001, -0.000, -0.002, -0.004, 0.000, 0.002, -0.000, -0.003, -0.001, 0.002, 0.001, -0.000, -0.003, 0.005, -0.001, 0.000, -0.002, 0.001, 0.002, -0.004, 0.001, 0.001, 0.000, 0.010, -0.028, -0.049, 0.003, -0.002, -0.004, -0.007, -0.002, 0.003, -0.002, 0.008]
  f(xk) = 870.779
  ||gk|| = 3.910E+02
  stop_crit = 3.336E-02
  ||dir|| = 8.209E-01
  alpha = 7.368E-01
  Curr. impr.: 6.91E+00
  # times under thresh: 0

Epoch 0.07303801628747764:
  xk = [-0.039, -0.028, -0.023, -0.045, -0.028, 0.017, 0.075, -0.023, -0.023, -0.000, -0.058, -0.016, 0.011, -0.010, -0.048, 0.003, -0.036, -0.019, -0.003, 0.020, 0.053, -0.006, -0.033, -0.214, 0.064, -0.010, -0.085, -0.032, 0.165, -0.027, 0.110, 0.217, 0.007, 0.284, 0.336, 0.264, -0.035, -0.059, 0.075, -0.031, 0.028, 0.039, -0.221, 0.069, 0.162, -0.161, -0.214, -0.100, 0.014, -0.001, 0.016, -0.024, 0.013, -0.000, 0.033, 0.010, -0.030, -0.004, -0.016, -0.019, -0.011, -0.003, -0.010, -0.010, -0.005, 0.008, 0.035, -0.008, -0.052, -0.020, -0.001, 0.017, -0.004, 0.009, -0.006, 0.002, 0.003, -0.004, -0.025, 0.019, -0.012, -0.007, -0.020, 0.010, 0.011, -0.005, -0.001, -0.000, 0.001, 0.048, -0.144, -0.170, -0.003, -0.009, -0.054, -0.053, -0.069, -0.026, -0.002, 0.021]
  f(xk) = 827.355
  ||gk|| = 2.227E+02
  stop_crit = 3.775E-02
  ||dir|| = 1.276E+00
  alpha = 6.534E-01
  Curr. impr.: 5.19E+00
  # times under thresh: 0

Epoch 0.09129752035934705:
  xk = [-0.067, -0.078, -0.069, -0.094, -0.073, 0.067, 0.132, -0.061, -0.026, 0.023, -0.100, -0.036, 0.023, -0.098, -0.091, -0.026, -0.065, 0.001, -0.012, 0.115, 0.134, -0.009, -0.076, -0.190, 0.156, 0.029, -0.253, -0.069, 0.413, -0.037, 0.380, 0.392, 0.145, 0.493, 0.539, 0.551, -0.103, -0.095, 0.016, 0.020, 0.061, 0.081, -0.318, -0.019, 0.107, -0.195, -0.206, -0.172, -0.067, 0.026, 0.125, -0.022, -0.017, 0.020, 0.022, 0.018, -0.024, 0.014, -0.086, -0.066, -0.008, 0.072, -0.008, 0.003, -0.025, 0.010, 0.097, -0.041, -0.117, -0.038, -0.006, 0.033, -0.005, -0.070, -0.017, 0.004, 0.001, -0.023, -0.060, 0.095, 0.013, -0.037, -0.066, 0.043, 0.032, 0.001, -0.013, -0.005, 0.003, 0.063, -0.349, -0.322, -0.016, -0.038, -0.141, -0.293, -0.170, 0.045, -0.001, 0.068]
  f(xk) = 836.231
  ||gk|| = 1.887E+02
  stop_crit = 3.922E-02
  ||dir|| = 2.375E+00
  alpha = 1.051E-01
  Curr. impr.: 2.85E+00
  # times under thresh: 0

Epoch 0.10955702443121645:
  xk = [-0.073, -0.090, -0.075, -0.109, -0.080, 0.080, 0.127, -0.070, -0.032, 0.018, -0.110, -0.037, 0.018, -0.087, -0.113, -0.024, -0.050, -0.015, -0.015, 0.155, 0.160, -0.005, -0.096, -0.193, 0.159, 0.036, -0.245, -0.054, 0.445, -0.019, 0.422, 0.417, 0.319, 0.529, 0.563, 0.523, -0.138, -0.098, 0.055, 0.033, 0.072, 0.052, -0.327, -0.027, 0.102, -0.229, -0.209, -0.182, -0.064, 0.022, 0.135, -0.027, -0.020, 0.030, 0.030, 0.019, -0.034, 0.031, -0.109, -0.076, -0.011, 0.093, 0.002, 0.005, -0.033, 0.010, 0.111, -0.056, -0.151, -0.052, 0.002, 0.030, -0.009, -0.074, -0.027, 0.003, -0.002, -0.023, -0.072, 0.108, 0.017, -0.042, -0.085, 0.045, 0.029, 0.006, -0.020, -0.007, 0.003, 0.066, -0.412, -0.344, -0.028, -0.054, -0.175, -0.353, -0.183, 0.065, 0.002, 0.084]
  f(xk) = 779.407
  ||gk|| = 2.815E+02
  stop_crit = 1.252E-01
  ||dir|| = 2.071E-01
  alpha = 1.000E+00
  Curr. impr.: 3.41E+00
  # times under thresh: 0

Epoch 0.12781652850308586:
  xk = [-0.076, -0.084, -0.084, -0.116, -0.083, 0.074, 0.135, -0.069, -0.042, 0.010, -0.115, -0.037, 0.016, -0.096, -0.128, -0.025, -0.055, -0.018, -0.014, 0.170, 0.180, -0.005, -0.108, -0.270, 0.140, 0.028, -0.247, -0.056, 0.443, 0.032, 0.440, 0.460, 0.403, 0.574, 0.609, 0.458, -0.154, -0.085, 0.056, 0.037, 0.080, 0.059, -0.333, -0.002, 0.113, -0.172, -0.277, -0.168, -0.048, 0.022, 0.148, -0.037, -0.006, 0.033, 0.029, 0.022, -0.027, 0.029, -0.114, -0.078, -0.011, 0.093, 0.002, 0.029, -0.037, 0.010, 0.117, -0.065, -0.162, -0.061, 0.001, 0.036, -0.011, -0.071, -0.026, 0.002, -0.002, -0.025, -0.078, 0.106, 0.015, -0.046, -0.086, 0.048, 0.020, 0.005, -0.021, -0.008, 0.002, 0.075, -0.444, -0.366, -0.038, -0.057, -0.196, -0.355, -0.210, 0.067, 0.001, 0.064]
  f(xk) = 745.924
  ||gk|| = 2.496E+02
  stop_crit = 5.968E-02
  ||dir|| = 5.719E-02
  alpha = 1.000E+00
  Curr. impr.: 3.21E+00
  # times under thresh: 0

Epoch 0.14607603257495527:
  xk = [-0.079, -0.087, -0.085, -0.117, -0.080, 0.074, 0.135, -0.071, -0.043, 0.009, -0.112, -0.038, 0.016, -0.096, -0.129, -0.026, -0.054, -0.020, -0.014, 0.173, 0.181, -0.005, -0.110, -0.274, 0.140, 0.029, -0.243, -0.057, 0.447, 0.032, 0.431, 0.470, 0.389, 0.592, 0.601, 0.483, -0.156, -0.085, 0.058, 0.034, 0.081, 0.058, -0.347, -0.002, 0.111, -0.194, -0.281, -0.168, -0.018, 0.022, 0.148, -0.036, -0.009, 0.033, 0.028, 0.023, -0.026, 0.029, -0.114, -0.078, -0.011, 0.095, 0.001, 0.028, -0.033, 0.010, 0.118, -0.066, -0.162, -0.062, 0.001, 0.036, -0.011, -0.070, -0.027, 0.003, -0.002, -0.025, -0.079, 0.108, 0.013, -0.047, -0.087, 0.048, 0.020, 0.004, -0.021, -0.008, 0.002, 0.077, -0.449, -0.368, -0.040, -0.059, -0.198, -0.359, -0.210, 0.066, 0.001, 0.064]
  f(xk) = 772.110
  ||gk|| = 1.633E+02
  stop_crit = 6.526E-02
  ||dir|| = 2.740E+00
  alpha = 1.000E+00
  Curr. impr.: 1.70E+00
  # times under thresh: 0

Epoch 0.16433553664682468:
  xk = [-0.210, -0.220, -0.213, -0.342, -0.287, 0.124, 0.022, -0.197, -0.063, -0.056, -0.269, -0.109, -0.135, -0.431, -0.362, -0.127, -0.157, 0.242, -0.104, 0.782, 0.422, -0.051, -0.591, -0.181, -0.008, 0.141, -0.264, 0.355, 0.863, 0.952, 0.910, 1.009, 0.992, 0.919, 1.148, 1.141, -0.398, 0.422, 0.155, -0.248, 0.290, -0.072, -0.410, -0.227, 0.049, -0.441, -0.365, -0.323, -0.208, -0.009, 0.335, 0.038, -0.064, 0.048, 0.104, 0.347, -0.009, -0.051, -0.194, -0.155, -0.062, 0.204, -0.132, -0.160, -0.064, 0.070, 0.134, -0.340, -0.492, -0.188, -0.011, 0.053, -0.070, -0.173, -0.148, 0.005, -0.058, -0.055, -0.365, 0.243, -0.117, -0.184, -0.365, 0.120, -0.086, 0.034, -0.100, -0.007, 0.019, 0.470, -1.293, -0.727, -0.328, -0.396, -0.757, -0.472, -0.720, 0.545, -0.004, 0.189]
  f(xk) = 707.268
  ||gk|| = 3.135E+02
  stop_crit = 1.674E-01
  ||dir|| = 1.611E-01
  alpha = 1.000E+00
  Curr. impr.: 2.68E+00
  # times under thresh: 0

Epoch 0.1825950407186941:
  xk = [-0.219, -0.212, -0.217, -0.349, -0.280, 0.127, 0.017, -0.195, -0.067, -0.062, -0.265, -0.115, -0.136, -0.422, -0.368, -0.128, -0.155, 0.240, -0.105, 0.787, 0.429, -0.051, -0.591, -0.246, -0.014, 0.137, -0.262, 0.366, 0.895, 0.920, 0.856, 0.997, 1.020, 0.976, 1.118, 1.162, -0.410, 0.422, 0.164, -0.243, 0.289, -0.078, -0.468, -0.214, 0.044, -0.406, -0.394, -0.344, -0.153, -0.013, 0.344, 0.030, -0.059, 0.046, 0.107, 0.347, -0.013, -0.045, -0.190, -0.157, -0.064, 0.201, -0.132, -0.172, -0.059, 0.069, 0.139, -0.341, -0.489, -0.192, -0.010, 0.053, -0.070, -0.169, -0.150, 0.006, -0.059, -0.055, -0.366, 0.245, -0.122, -0.185, -0.364, 0.118, -0.090, 0.034, -0.100, -0.008, 0.019, 0.473, -1.300, -0.725, -0.333, -0.398, -0.763, -0.463, -0.712, 0.532, -0.004, 0.187]
  f(xk) = 737.857
  ||gk|| = 2.161E+02
  stop_crit = 1.019E-01
  ||dir|| = 7.771E-02
  alpha = 1.000E+00
  Curr. impr.: 3.48E+00
  # times under thresh: 0

Epoch 0.2008545447905635:
  xk = [-0.215, -0.209, -0.216, -0.348, -0.287, 0.131, 0.014, -0.196, -0.067, -0.065, -0.271, -0.115, -0.137, -0.419, -0.367, -0.131, -0.158, 0.239, -0.106, 0.791, 0.431, -0.050, -0.593, -0.241, -0.017, 0.137, -0.268, 0.367, 0.916, 0.927, 0.867, 0.986, 1.027, 0.973, 1.117, 1.148, -0.410, 0.424, 0.164, -0.239, 0.290, -0.081, -0.431, -0.192, 0.047, -0.404, -0.396, -0.328, -0.202, -0.013, 0.347, 0.030, -0.053, 0.047, 0.108, 0.347, -0.015, -0.043, -0.189, -0.157, -0.063, 0.200, -0.133, -0.167, -0.059, 0.071, 0.144, -0.342, -0.489, -0.192, -0.010, 0.054, -0.070, -0.166, -0.151, 0.005, -0.059, -0.055, -0.366, 0.244, -0.124, -0.185, -0.364, 0.119, -0.091, 0.034, -0.101, -0.008, 0.019, 0.473, -1.302, -0.728, -0.336, -0.398, -0.765, -0.460, -0.708, 0.529, -0.004, 0.188]
  f(xk) = 710.779
  ||gk|| = 2.466E+02
  stop_crit = 1.155E-01
  ||dir|| = 7.213E-02
  alpha = 1.000E+00
  Curr. impr.: 2.72E+00
  # times under thresh: 0

Epoch 0.2191140488624329:
  xk = [-0.219, -0.208, -0.213, -0.346, -0.282, 0.132, 0.015, -0.198, -0.068, -0.066, -0.268, -0.116, -0.137, -0.416, -0.367, -0.133, -0.157, 0.238, -0.106, 0.793, 0.433, -0.050, -0.593, -0.250, -0.021, 0.137, -0.262, 0.368, 0.919, 0.918, 0.881, 0.986, 1.020, 0.964, 1.126, 1.169, -0.414, 0.424, 0.169, -0.236, 0.289, -0.081, -0.457, -0.169, 0.062, -0.416, -0.398, -0.307, -0.159, -0.014, 0.348, 0.033, -0.054, 0.048, 0.109, 0.347, -0.014, -0.043, -0.187, -0.157, -0.064, 0.200, -0.132, -0.165, -0.056, 0.072, 0.144, -0.342, -0.487, -0.193, -0.010, 0.055, -0.070, -0.165, -0.151, 0.006, -0.060, -0.055, -0.366, 0.246, -0.123, -0.184, -0.363, 0.119, -0.093, 0.033, -0.101, -0.008, 0.019, 0.474, -1.305, -0.731, -0.338, -0.398, -0.765, -0.459, -0.705, 0.529, -0.004, 0.189]
  f(xk) = 713.360
  ||gk|| = 3.474E+02
  stop_crit = 3.114E-01
  ||dir|| = 2.541E-02
  alpha = 1.000E+00
  Curr. impr.: 1.90E+00
  # times under thresh: 0

Epoch 0.23737355293430232:
  xk = [-0.219, -0.208, -0.213, -0.348, -0.282, 0.132, 0.015, -0.198, -0.067, -0.067, -0.268, -0.116, -0.137, -0.416, -0.367, -0.133, -0.157, 0.238, -0.106, 0.794, 0.434, -0.050, -0.593, -0.249, -0.020, 0.137, -0.263, 0.368, 0.923, 0.917, 0.881, 0.997, 1.021, 0.965, 1.112, 1.170, -0.414, 0.424, 0.169, -0.237, 0.289, -0.082, -0.456, -0.168, 0.069, -0.416, -0.396, -0.322, -0.159, -0.014, 0.349, 0.033, -0.055, 0.049, 0.108, 0.347, -0.014, -0.043, -0.187, -0.157, -0.064, 0.200, -0.132, -0.164, -0.056, 0.072, 0.145, -0.342, -0.487, -0.193, -0.010, 0.055, -0.070, -0.164, -0.152, 0.006, -0.060, -0.055, -0.366, 0.246, -0.124, -0.184, -0.363, 0.119, -0.093, 0.033, -0.101, -0.008, 0.019, 0.474, -1.305, -0.731, -0.338, -0.399, -0.765, -0.459, -0.703, 0.526, -0.004, 0.189]
  f(xk) = 719.806
  ||gk|| = 3.832E+02
  stop_crit = 2.908E-01
  ||dir|| = 2.634E-02
  alpha = 1.000E+00
  Curr. impr.: 1.23E+00
  # times under thresh: 0

Epoch 0.2556330570061717:
  xk = [-0.218, -0.208, -0.214, -0.347, -0.283, 0.132, 0.014, -0.199, -0.067, -0.066, -0.269, -0.116, -0.136, -0.416, -0.368, -0.133, -0.157, 0.238, -0.106, 0.794, 0.434, -0.050, -0.593, -0.251, -0.022, 0.137, -0.264, 0.368, 0.925, 0.916, 0.883, 0.982, 1.021, 0.963, 1.122, 1.171, -0.414, 0.425, 0.168, -0.237, 0.289, -0.082, -0.454, -0.167, 0.053, -0.416, -0.396, -0.313, -0.162, -0.014, 0.349, 0.033, -0.055, 0.049, 0.109, 0.347, -0.014, -0.043, -0.187, -0.157, -0.064, 0.200, -0.132, -0.165, -0.056, 0.072, 0.145, -0.342, -0.488, -0.193, -0.010, 0.055, -0.070, -0.164, -0.152, 0.006, -0.060, -0.056, -0.366, 0.246, -0.124, -0.184, -0.364, 0.119, -0.093, 0.033, -0.101, -0.008, 0.019, 0.474, -1.305, -0.730, -0.339, -0.399, -0.766, -0.459, -0.704, 0.526, -0.004, 0.189]
  f(xk) = 704.708
  ||gk|| = 3.157E+02
  stop_crit = 1.920E-01
  ||dir|| = 5.831E-02
  alpha = 1.000E+00
  Curr. impr.: 1.25E+00
  # times under thresh: 0

Epoch 0.27389256107804116:
  xk = [-0.217, -0.205, -0.216, -0.350, -0.285, 0.137, 0.014, -0.199, -0.068, -0.068, -0.272, -0.116, -0.136, -0.414, -0.368, -0.134, -0.158, 0.236, -0.106, 0.794, 0.436, -0.050, -0.593, -0.231, -0.023, 0.137, -0.276, 0.369, 0.945, 0.909, 0.901, 0.977, 1.036, 0.950, 1.114, 1.161, -0.416, 0.425, 0.168, -0.232, 0.288, -0.084, -0.437, -0.149, 0.054, -0.410, -0.404, -0.333, -0.178, -0.014, 0.350, 0.035, -0.056, 0.049, 0.108, 0.347, -0.014, -0.042, -0.188, -0.158, -0.064, 0.200, -0.131, -0.167, -0.056, 0.072, 0.147, -0.342, -0.489, -0.194, -0.010, 0.055, -0.070, -0.162, -0.153, 0.006, -0.060, -0.056, -0.367, 0.245, -0.125, -0.184, -0.364, 0.119, -0.094, 0.034, -0.102, -0.008, 0.018, 0.474, -1.306, -0.732, -0.340, -0.399, -0.767, -0.458, -0.703, 0.522, -0.004, 0.186]
  f(xk) = 712.287
  ||gk|| = 3.136E+02
  stop_crit = 1.627E-01
  ||dir|| = 5.957E-02
  alpha = 1.000E+00
  Curr. impr.: 7.63E-01
  # times under thresh: 1

Epoch 0.29215206514991054:
  xk = [-0.218, -0.209, -0.212, -0.349, -0.286, 0.137, 0.014, -0.201, -0.068, -0.070, -0.273, -0.116, -0.136, -0.414, -0.367, -0.134, -0.158, 0.236, -0.106, 0.794, 0.435, -0.050, -0.593, -0.239, -0.023, 0.138, -0.279, 0.368, 0.945, 0.906, 0.879, 0.980, 1.038, 0.973, 1.117, 1.160, -0.418, 0.422, 0.168, -0.233, 0.285, -0.084, -0.446, -0.183, 0.074, -0.405, -0.398, -0.312, -0.190, -0.014, 0.350, 0.036, -0.055, 0.050, 0.108, 0.347, -0.015, -0.042, -0.190, -0.158, -0.064, 0.201, -0.131, -0.166, -0.057, 0.072, 0.148, -0.343, -0.489, -0.194, -0.010, 0.055, -0.070, -0.161, -0.152, 0.005, -0.060, -0.055, -0.368, 0.245, -0.126, -0.185, -0.364, 0.119, -0.095, 0.034, -0.102, -0.009, 0.019, 0.476, -1.306, -0.734, -0.341, -0.401, -0.767, -0.460, -0.700, 0.522, -0.004, 0.184]
  f(xk) = 655.602
  ||gk|| = 2.471E+02
  stop_crit = 1.469E-01
  ||dir|| = 6.148E-02
  alpha = 1.000E+00
  Curr. impr.: 1.89E+00
  # times under thresh: 0

Epoch 0.3104115692217799:
  xk = [-0.222, -0.207, -0.213, -0.351, -0.283, 0.135, 0.013, -0.203, -0.067, -0.070, -0.271, -0.116, -0.136, -0.413, -0.367, -0.133, -0.157, 0.235, -0.106, 0.796, 0.438, -0.049, -0.593, -0.246, -0.023, 0.138, -0.276, 0.369, 0.936, 0.903, 0.893, 0.983, 1.032, 0.962, 1.129, 1.170, -0.420, 0.421, 0.171, -0.230, 0.287, -0.087, -0.475, -0.158, 0.059, -0.419, -0.392, -0.319, -0.160, -0.016, 0.351, 0.034, -0.051, 0.050, 0.108, 0.348, -0.016, -0.040, -0.190, -0.158, -0.064, 0.202, -0.131, -0.167, -0.054, 0.072, 0.148, -0.344, -0.491, -0.195, -0.010, 0.055, -0.071, -0.161, -0.153, 0.006, -0.060, -0.055, -0.368, 0.245, -0.127, -0.185, -0.365, 0.119, -0.095, 0.033, -0.103, -0.009, 0.019, 0.477, -1.307, -0.736, -0.342, -0.402, -0.769, -0.462, -0.698, 0.520, -0.005, 0.186]
  f(xk) = 723.845
  ||gk|| = 3.207E+02
  stop_crit = 1.895E-01
  ||dir|| = 1.472E-01
  alpha = 1.000E+00
  Curr. impr.: 1.51E-01
  # times under thresh: 1

Epoch 0.3286710732936493:
  xk = [-0.214, -0.221, -0.217, -0.359, -0.287, 0.146, 0.008, -0.211, -0.066, -0.077, -0.275, -0.113, -0.135, -0.409, -0.366, -0.133, -0.156, 0.230, -0.107, 0.798, 0.445, -0.050, -0.596, -0.235, -0.023, 0.139, -0.289, 0.374, 0.949, 0.907, 0.839, 0.972, 1.006, 1.024, 1.119, 1.187, -0.424, 0.415, 0.174, -0.232, 0.286, -0.096, -0.420, -0.197, 0.030, -0.484, -0.386, -0.348, -0.185, -0.016, 0.345, 0.032, -0.046, 0.053, 0.109, 0.348, -0.017, -0.042, -0.191, -0.160, -0.065, 0.205, -0.127, -0.176, -0.052, 0.071, 0.153, -0.346, -0.489, -0.197, -0.009, 0.054, -0.070, -0.149, -0.154, 0.006, -0.061, -0.054, -0.370, 0.246, -0.132, -0.188, -0.368, 0.118, -0.097, 0.032, -0.104, -0.009, 0.019, 0.481, -1.308, -0.734, -0.347, -0.409, -0.773, -0.465, -0.686, 0.501, -0.004, 0.180]
  f(xk) = 724.283
  ||gk|| = 3.383E+02
  stop_crit = 1.638E-01
  ||dir|| = 7.668E-02
  alpha = 1.000E+00
  Curr. impr.: 2.19E-01
  # times under thresh: 2
  -> New batch size of 2000 samples

Epoch 0.3651900814373881:
  xk = [-0.218, -0.216, -0.213, -0.361, -0.287, 0.146, 0.008, -0.209, -0.064, -0.077, -0.278, -0.114, -0.135, -0.406, -0.365, -0.133, -0.158, 0.229, -0.107, 0.800, 0.447, -0.049, -0.597, -0.241, -0.026, 0.140, -0.296, 0.377, 0.947, 0.900, 0.876, 0.972, 1.018, 0.986, 1.134, 1.186, -0.428, 0.418, 0.172, -0.227, 0.286, -0.097, -0.443, -0.169, 0.051, -0.470, -0.373, -0.358, -0.187, -0.017, 0.349, 0.035, -0.048, 0.053, 0.109, 0.348, -0.016, -0.042, -0.190, -0.160, -0.065, 0.204, -0.128, -0.174, -0.049, 0.072, 0.153, -0.347, -0.487, -0.197, -0.009, 0.055, -0.070, -0.145, -0.155, 0.006, -0.062, -0.055, -0.370, 0.245, -0.134, -0.187, -0.367, 0.118, -0.098, 0.033, -0.105, -0.009, 0.018, 0.481, -1.310, -0.737, -0.350, -0.408, -0.772, -0.464, -0.681, 0.497, -0.005, 0.177]
  f(xk) = 1418.588
  ||gk|| = 4.782E+02
  stop_crit = 9.287E-02
  ||dir|| = 4.542E-02
  alpha = 1.000E+00
  Curr. impr.: 4.32E-02
  # times under thresh: 1

Epoch 0.40170908958112694:
  xk = [-0.220, -0.218, -0.213, -0.358, -0.287, 0.145, 0.005, -0.209, -0.064, -0.078, -0.279, -0.114, -0.135, -0.406, -0.366, -0.133, -0.158, 0.228, -0.107, 0.801, 0.447, -0.049, -0.597, -0.243, -0.027, 0.141, -0.299, 0.377, 0.943, 0.897, 0.867, 0.985, 1.025, 0.999, 1.126, 1.185, -0.429, 0.417, 0.174, -0.223, 0.284, -0.099, -0.460, -0.189, 0.050, -0.464, -0.370, -0.332, -0.188, -0.018, 0.350, 0.034, -0.047, 0.053, 0.110, 0.349, -0.017, -0.041, -0.192, -0.160, -0.066, 0.204, -0.127, -0.175, -0.049, 0.072, 0.154, -0.347, -0.487, -0.198, -0.009, 0.056, -0.070, -0.143, -0.155, 0.006, -0.062, -0.054, -0.371, 0.245, -0.134, -0.187, -0.367, 0.118, -0.099, 0.033, -0.105, -0.009, 0.018, 0.481, -1.312, -0.737, -0.352, -0.409, -0.772, -0.464, -0.676, 0.497, -0.006, 0.177]
  f(xk) = 1507.497
  ||gk|| = 3.790E+02
  stop_crit = 9.350E-02
  ||dir|| = 1.873E-01
  alpha = 1.000E+00
  Curr. impr.: 1.09E+00
  # times under thresh: 0

Epoch 0.43822809772486576:
  xk = [-0.219, -0.211, -0.210, -0.359, -0.291, 0.158, -0.008, -0.198, -0.066, -0.092, -0.283, -0.120, -0.135, -0.402, -0.364, -0.137, -0.161, 0.225, -0.109, 0.811, 0.458, -0.042, -0.604, -0.261, -0.046, 0.139, -0.291, 0.401, 1.003, 0.872, 0.943, 0.985, 1.063, 0.924, 1.109, 1.182, -0.440, 0.410, 0.182, -0.208, 0.287, -0.115, -0.434, -0.215, 0.060, -0.365, -0.372, -0.310, -0.182, -0.022, 0.370, 0.038, -0.037, 0.060, 0.109, 0.348, -0.022, -0.042, -0.202, -0.163, -0.067, 0.196, -0.123, -0.160, -0.047, 0.072, 0.164, -0.356, -0.489, -0.202, -0.009, 0.065, -0.073, -0.138, -0.159, 0.003, -0.063, -0.054, -0.371, 0.251, -0.141, -0.188, -0.365, 0.120, -0.108, 0.034, -0.110, -0.009, 0.018, 0.479, -1.321, -0.749, -0.365, -0.411, -0.783, -0.470, -0.653, 0.490, -0.005, 0.168]
  f(xk) = 1454.036
  ||gk|| = 5.774E+02
  stop_crit = 1.989E-01
  ||dir|| = 6.110E-02
  alpha = 1.000E+00
  Curr. impr.: 3.62E-01
  # times under thresh: 1

Epoch 0.4747471058686046:
  xk = [-0.220, -0.212, -0.210, -0.360, -0.286, 0.158, -0.009, -0.201, -0.066, -0.094, -0.279, -0.120, -0.136, -0.400, -0.364, -0.138, -0.160, 0.225, -0.110, 0.813, 0.458, -0.042, -0.604, -0.249, -0.047, 0.139, -0.284, 0.403, 0.994, 0.869, 0.932, 0.982, 1.056, 0.937, 1.127, 1.195, -0.442, 0.409, 0.184, -0.205, 0.287, -0.116, -0.449, -0.205, 0.066, -0.385, -0.375, -0.308, -0.141, -0.022, 0.371, 0.037, -0.036, 0.060, 0.110, 0.349, -0.022, -0.041, -0.201, -0.164, -0.067, 0.196, -0.122, -0.164, -0.044, 0.072, 0.163, -0.356, -0.487, -0.203, -0.009, 0.066, -0.073, -0.136, -0.159, 0.003, -0.063, -0.054, -0.371, 0.252, -0.142, -0.188, -0.365, 0.119, -0.109, 0.033, -0.110, -0.009, 0.018, 0.480, -1.322, -0.751, -0.366, -0.413, -0.784, -0.470, -0.651, 0.488, -0.005, 0.170]
  f(xk) = 1494.576
  ||gk|| = 5.989E+02
  stop_crit = 2.373E-01
  ||dir|| = 5.503E-02
  alpha = 1.000E+00
  Curr. impr.: 8.32E-01
  # times under thresh: 2
  -> New batch size of 4000 samples

Epoch 0.5477851221560822:
  xk = [-0.220, -0.214, -0.211, -0.361, -0.289, 0.159, -0.009, -0.201, -0.066, -0.095, -0.281, -0.120, -0.135, -0.400, -0.363, -0.137, -0.161, 0.224, -0.110, 0.813, 0.459, -0.041, -0.605, -0.248, -0.048, 0.139, -0.285, 0.404, 0.996, 0.867, 0.912, 1.002, 1.062, 0.956, 1.106, 1.190, -0.443, 0.408, 0.183, -0.205, 0.285, -0.118, -0.445, -0.229, 0.057, -0.374, -0.371, -0.307, -0.162, -0.023, 0.372, 0.036, -0.035, 0.060, 0.110, 0.348, -0.022, -0.041, -0.203, -0.164, -0.068, 0.196, -0.122, -0.165, -0.046, 0.072, 0.164, -0.357, -0.487, -0.203, -0.009, 0.066, -0.073, -0.136, -0.159, 0.003, -0.063, -0.054, -0.371, 0.252, -0.143, -0.189, -0.365, 0.119, -0.109, 0.034, -0.111, -0.009, 0.018, 0.480, -1.322, -0.751, -0.368, -0.414, -0.784, -0.469, -0.649, 0.487, -0.005, 0.168]
  f(xk) = 2897.076
  ||gk|| = 3.772E+02
  stop_crit = 6.122E-02
  ||dir|| = 1.106E+00
  alpha = 1.000E+00
  Curr. impr.: 1.63E-01
  # times under thresh: 1

Epoch 0.6208231384435599:
  xk = [-0.254, -0.232, -0.231, -0.482, -0.339, 0.258, -0.096, -0.281, -0.078, -0.286, -0.347, -0.160, -0.115, -0.325, -0.470, -0.203, -0.151, 0.166, -0.130, 0.986, 0.696, -0.014, -0.693, -0.194, -0.176, 0.111, -0.386, 0.637, 1.165, 0.769, 0.953, 1.289, 1.129, 1.012, 1.376, 1.287, -0.648, 0.329, 0.171, 0.046, 0.284, -0.180, -0.441, -0.242, -0.027, -0.424, -0.454, -0.316, -0.196, -0.056, 0.417, 0.282, -0.059, 0.169, 0.118, 0.357, 0.018, -0.043, -0.152, -0.219, -0.088, 0.230, -0.110, -0.098, -0.040, 0.089, 0.263, -0.499, -0.397, -0.315, -0.012, 0.186, -0.103, 0.006, -0.240, -0.026, -0.078, -0.067, -0.428, 0.316, -0.235, -0.226, -0.382, 0.133, -0.216, -0.002, -0.159, -0.016, 0.012, 0.539, -1.419, -0.966, -0.577, -0.515, -0.966, -0.495, -0.310, 0.188, 0.091, 0.066]
  f(xk) = 2857.144
  ||gk|| = 4.841E+02
  stop_crit = 4.124E-02
  ||dir|| = 4.960E-01
  alpha = 8.433E-01
  Curr. impr.: 9.89E-02
  # times under thresh: 2
  -> New batch size of 8000 samples

Epoch 0.7668991710185151:
  xk = [-0.265, -0.244, -0.213, -0.513, -0.348, 0.254, 0.010, -0.314, -0.073, -0.258, -0.367, -0.136, -0.140, -0.301, -0.510, -0.181, -0.145, 0.135, -0.136, 1.005, 0.751, -0.009, -0.691, -0.218, -0.099, 0.133, -0.318, 0.650, 1.195, 0.811, 1.033, 1.220, 1.309, 1.080, 1.313, 1.199, -0.692, 0.313, 0.231, -0.018, 0.295, -0.134, -0.486, -0.225, -0.018, -0.499, -0.384, -0.303, -0.164, -0.052, 0.408, 0.224, 0.018, 0.173, 0.153, 0.361, 0.010, -0.046, -0.145, -0.222, -0.110, 0.175, -0.114, -0.045, -0.005, 0.098, 0.284, -0.534, -0.466, -0.342, -0.006, 0.209, -0.108, -0.008, -0.262, -0.023, -0.085, -0.066, -0.474, 0.318, -0.258, -0.229, -0.432, 0.131, -0.208, -0.001, -0.175, -0.019, 0.011, 0.552, -1.489, -0.947, -0.599, -0.554, -1.044, -0.484, -0.365, 0.177, 0.071, 0.030]
  f(xk) = 5742.499
  ||gk|| = 7.502E+02
  stop_crit = 6.838E-02
  ||dir|| = 1.786E-01
  alpha = 1.000E+00
  Curr. impr.: 3.46E-02
  # times under thresh: 1

Epoch 0.9129752035934704:
  xk = [-0.269, -0.240, -0.225, -0.528, -0.357, 0.258, 0.055, -0.315, -0.086, -0.246, -0.378, -0.130, -0.136, -0.296, -0.519, -0.181, -0.142, 0.127, -0.138, 1.011, 0.772, -0.004, -0.695, -0.219, -0.071, 0.139, -0.300, 0.677, 1.162, 0.847, 1.033, 1.229, 1.261, 1.091, 1.311, 1.259, -0.708, 0.317, 0.235, -0.023, 0.282, -0.118, -0.493, -0.238, -0.028, -0.462, -0.462, -0.316, -0.201, -0.033, 0.421, 0.190, 0.037, 0.172, 0.162, 0.364, 0.009, -0.038, -0.163, -0.227, -0.118, 0.185, -0.112, -0.058, -0.001, 0.099, 0.300, -0.544, -0.480, -0.360, -0.005, 0.208, -0.110, -0.004, -0.272, -0.024, -0.089, -0.068, -0.487, 0.314, -0.260, -0.230, -0.452, 0.126, -0.203, -0.008, -0.180, -0.021, 0.011, 0.562, -1.510, -0.943, -0.606, -0.569, -1.079, -0.494, -0.388, 0.179, 0.065, 0.042]
  f(xk) = 5704.788
  ||gk|| = 1.445E+03
  stop_crit = 1.756E-01
  ||dir|| = 1.130E-02
  alpha = 1.000E+00
  Curr. impr.: 1.67E-01
  # times under thresh: 2
  -> New batch size of 16000 samples

Epoch 1.205127268743381:
  xk = [-0.269, -0.240, -0.226, -0.527, -0.357, 0.259, 0.055, -0.315, -0.086, -0.245, -0.378, -0.130, -0.136, -0.296, -0.519, -0.181, -0.142, 0.127, -0.138, 1.011, 0.772, -0.004, -0.696, -0.219, -0.071, 0.139, -0.300, 0.678, 1.163, 0.847, 1.033, 1.223, 1.260, 1.091, 1.317, 1.260, -0.708, 0.317, 0.235, -0.023, 0.282, -0.118, -0.492, -0.239, -0.033, -0.463, -0.462, -0.312, -0.200, -0.033, 0.421, 0.189, 0.038, 0.172, 0.162, 0.364, 0.009, -0.038, -0.163, -0.227, -0.118, 0.185, -0.112, -0.058, -0.001, 0.099, 0.300, -0.544, -0.481, -0.360, -0.005, 0.208, -0.110, -0.004, -0.272, -0.024, -0.089, -0.068, -0.487, 0.314, -0.260, -0.230, -0.452, 0.126, -0.203, -0.008, -0.180, -0.021, 0.011, 0.562, -1.510, -0.943, -0.606, -0.569, -1.080, -0.494, -0.388, 0.179, 0.064, 0.042]
  f(xk) = 11245.314
  ||gk|| = 1.524E+03
  stop_crit = 4.034E-02
  ||dir|| = 1.785E-02
  alpha = 1.000E+00
  Curr. impr.: 5.69E-01
  # times under thresh: 1

Epoch 1.4972793338932915:
  xk = [-0.270, -0.239, -0.226, -0.529, -0.358, 0.258, 0.056, -0.316, -0.086, -0.245, -0.378, -0.130, -0.136, -0.295, -0.519, -0.181, -0.142, 0.126, -0.138, 1.011, 0.773, -0.004, -0.696, -0.217, -0.071, 0.139, -0.298, 0.679, 1.161, 0.848, 1.039, 1.221, 1.257, 1.086, 1.323, 1.264, -0.709, 0.318, 0.235, -0.023, 0.282, -0.118, -0.495, -0.230, -0.030, -0.465, -0.462, -0.319, -0.199, -0.033, 0.422, 0.189, 0.038, 0.172, 0.163, 0.364, 0.009, -0.038, -0.164, -0.227, -0.118, 0.185, -0.112, -0.058, -0.001, 0.099, 0.300, -0.544, -0.481, -0.360, -0.005, 0.208, -0.110, -0.004, -0.272, -0.024, -0.089, -0.068, -0.488, 0.314, -0.260, -0.229, -0.453, 0.125, -0.203, -0.008, -0.180, -0.021, 0.011, 0.562, -1.511, -0.943, -0.607, -0.570, -1.081, -0.493, -0.389, 0.179, 0.064, 0.043]
  f(xk) = 11257.653
  ||gk|| = 1.438E+03
  stop_crit = 7.342E-02
  ||dir|| = 2.677E+00
  alpha = 1.000E+00
  Curr. impr.: 5.00E-01
  # times under thresh: 2
  -> New batch size of 32000 samples
  Change from Newton step to BFGS!

Epoch 2.0815834641931126:
  xk = [-0.360, -0.270, -0.195, -0.991, -0.535, 0.318, 0.242, -0.794, -0.244, -0.173, -0.399, 0.109, -0.373, 0.039, -0.330, -0.280, -0.105, -0.237, -0.252, 1.271, 1.438, 0.087, -0.770, -0.187, -0.114, 0.331, -0.194, 1.370, 1.377, 1.504, 1.381, 1.401, 1.496, 1.415, 1.464, 1.497, -1.005, 0.284, 0.180, -0.134, -0.097, -0.262, -0.586, -0.314, -0.084, -0.416, -0.447, -0.340, -0.241, 0.021, 0.775, 0.042, 0.348, 0.342, 0.298, 0.410, 0.176, 0.140, -0.572, -0.441, -0.253, 0.332, 0.225, 0.168, 0.163, 0.318, 0.395, -0.758, -0.729, -0.790, 0.047, 0.337, -0.221, 0.047, -0.603, -0.115, -0.187, -0.040, -0.776, 0.197, -0.419, -0.207, -0.853, -0.054, -0.470, -0.133, -0.352, -0.073, -0.005, 0.834, -2.134, -1.195, -1.293, -1.217, -1.885, -0.389, -0.200, 0.337, -0.109, 0.339]
  f(xk) = 22107.589
  ||gk|| = 2.849E+03
  stop_crit = 6.751E-02
  ||dir|| = 6.498E+01
  alpha = 4.363E-01
  Curr. impr.: 7.73E-01
  # times under thresh: 1

Epoch 2.6658875944929337:
  xk = [-12.565, -8.854, -8.571, -14.245, -10.266, -0.338, 0.325, -1.669, -0.322, -0.193, -0.696, 0.909, -0.481, -0.244, -0.572, -0.186, -0.237, -0.285, -0.847, 1.441, 1.864, 0.896, -0.633, -0.128, -0.262, 1.166, -0.249, -1.514, -0.699, -1.497, 0.159, -0.328, 0.592, 0.096, -0.335, 0.451, -0.793, 0.344, 0.102, 0.120, -0.099, -0.080, 1.459, 1.072, 1.353, 1.009, 0.947, 1.751, 1.431, 0.396, 0.760, 0.297, 0.268, 0.720, 0.438, 0.876, 0.376, -0.151, -0.702, -1.050, -0.144, 0.281, 0.432, -0.281, -0.009, 1.645, 0.796, -1.000, -0.737, -1.052, 1.265, 0.252, -0.563, 0.217, -3.916, -6.575, -2.637, -2.496, -2.507, -1.930, -2.039, -2.558, -3.139, -2.733, -1.981, -4.384, -4.430, -2.662, -4.418, -1.092, -4.151, -4.732, -2.801, -1.198, -2.339, -0.356, -0.188, 0.425, -0.490, 0.168]
  f(xk) = 21343.194
  ||gk|| = 2.412E+03
  stop_crit = 9.439E-02
  ||dir|| = 3.156E+01
  alpha = 5.032E-01
  Curr. impr.: 1.34E+00
  # times under thresh: 0

Epoch 3.2501917247927548:
  xk = [-15.434, -15.332, -13.991, -22.202, -17.803, 0.657, 0.471, -1.483, -0.532, -0.290, -0.860, 0.970, -0.339, -0.306, -0.643, -0.098, -0.318, -0.294, -1.141, 1.591, 2.005, 0.785, -0.313, -0.109, -0.301, -0.169, -0.271, -1.703, -1.542, -1.755, -0.633, -1.229, -0.356, -0.727, -1.274, -0.461, -0.848, 0.391, 0.177, 0.211, -0.170, -0.129, 1.822, 2.130, 2.246, 2.035, 1.907, 2.991, 2.672, 0.345, 0.716, 0.414, 0.219, 0.989, 0.666, 1.025, 0.549, -0.339, -0.736, -1.341, -0.262, 0.268, 0.360, -0.479, 0.129, 1.440, 0.781, -1.286, -0.776, -1.239, 1.539, 0.421, -0.751, 0.374, -5.504, -7.822, -6.296, -3.209, -3.501, -2.306, -2.749, -3.758, -4.025, -4.057, -2.543, -4.033, -6.120, -4.085, -6.005, -1.899, -4.881, -6.440, -3.316, -1.466, -2.560, -0.404, -0.186, 0.507, -0.362, 0.123]
  f(xk) = 20976.294
  ||gk|| = 2.241E+03
  stop_crit = 2.022E-01
  ||dir|| = 1.468E+01
  alpha = 4.622E-01
  Curr. impr.: 1.43E+00
  # times under thresh: 0

Epoch 3.834495855092576:
  xk = [-15.268, -17.643, -15.085, -25.315, -21.092, 1.105, 0.527, -2.014, -1.061, -0.404, -0.915, 0.946, -0.405, -0.353, -0.616, -0.072, -0.337, -0.393, -1.587, 1.708, 2.206, 0.838, -0.169, -0.104, -0.383, 1.223, -0.307, -1.386, -1.523, -1.493, -0.902, -1.250, -0.612, -0.994, -1.337, -0.840, -0.912, 0.467, 0.312, 0.148, -0.202, -0.141, 1.714, 2.476, 2.380, 2.474, 2.058, 3.430, 3.168, 0.260, 0.691, 0.453, 0.189, 1.033, 0.785, 1.072, 0.491, -0.336, -0.779, -1.406, -0.448, 0.347, 0.649, -0.482, 0.270, 2.175, 0.770, -1.358, -0.787, -1.500, 1.697, 0.385, -0.964, 0.387, -6.293, -8.199, -7.570, -3.417, -4.231, -2.444, -3.389, -4.092, -4.622, -4.704, -2.733, -6.729, -7.162, -4.170, -6.257, -2.309, -5.441, -7.112, -3.308, -1.470, -2.506, -0.362, -0.176, 0.568, -0.472, 0.104]
  f(xk) = 20687.727
  ||gk|| = 1.736E+03
  stop_crit = 1.494E-01
  ||dir|| = 5.849E+00
  alpha = 3.820E-01
  Curr. impr.: 1.50E+00
  # times under thresh: 0

Epoch 4.418799985392397:
  xk = [-15.025, -18.741, -15.074, -25.799, -21.859, 1.194, 0.557, -1.866, -0.812, -0.443, -0.984, 0.843, -0.450, -0.349, -0.601, -0.111, -0.318, -0.439, -1.738, 1.805, 2.260, 0.718, -0.260, -0.114, -0.295, 1.308, -0.300, -1.105, -1.618, -1.105, -0.801, -1.380, -0.603, -0.885, -1.476, -0.806, -0.857, 0.541, 0.332, 0.153, -0.284, -0.108, 1.652, 2.625, 2.374, 2.629, 2.020, 3.491, 3.281, 0.319, 0.759, 0.399, 0.215, 1.014, 0.814, 1.155, 0.626, -0.387, -0.736, -1.346, -0.530, 0.425, 0.825, -0.464, 0.336, 1.696, 0.845, -1.349, -0.853, -1.642, 1.639, 0.301, -0.895, 0.377, -6.406, -7.796, -7.845, -3.405, -4.420, -2.298, -3.443, -4.433, -4.630, -4.673, -2.992, -6.760, -6.962, -4.380, -7.181, -2.302, -4.968, -7.636, -3.327, -1.515, -2.359, -0.359, -0.168, 0.581, -0.542, 0.115]
  f(xk) = 20597.186
  ||gk|| = 1.042E+03
  stop_crit = 1.167E-01
  ||dir|| = 5.395E+00
  alpha = 2.828E-01
  Curr. impr.: 1.33E+00
  # times under thresh: 0

Epoch 5.003104115692218:
  xk = [-14.494, -18.750, -14.914, -25.525, -21.616, 1.224, 0.582, -1.936, -0.882, -0.443, -0.914, 0.630, -0.400, -0.326, -0.570, -0.126, -0.300, -0.413, -1.587, 1.854, 2.280, 0.754, -0.317, -0.118, -0.313, 1.029, -0.304, -0.976, -1.648, -0.872, -0.726, -1.435, -0.606, -0.812, -1.526, -0.765, -0.797, 0.524, 0.320, 0.140, -0.330, -0.127, 1.561, 2.622, 2.344, 2.646, 2.009, 3.448, 3.226, 0.332, 0.753, 0.342, 0.199, 0.904, 0.793, 1.090, 0.601, -0.398, -0.766, -1.240, -0.575, 0.411, 0.693, -0.422, 0.329, 1.915, 0.786, -1.315, -0.844, -1.657, 1.478, 0.288, -0.812, 0.352, -6.251, -7.215, -7.383, -3.181, -4.459, -2.263, -3.369, -4.512, -4.529, -4.648, -2.810, -6.236, -6.930, -4.308, -6.556, -2.163, -4.878, -7.820, -3.306, -1.512, -2.233, -0.431, -0.166, 0.544, -0.411, 0.142]
  f(xk) = 20654.782
  ||gk|| = 6.863E+02
  stop_crit = 3.413E-02
  ||dir|| = 6.324E+00
  alpha = 1.000E+00
  Curr. impr.: 1.08E+00
  # times under thresh: 0

Epoch 5.587408245992039:
  xk = [-14.043, -17.492, -15.396, -24.586, -20.141, 1.047, 0.477, -2.230, 0.390, -0.558, -1.104, 0.230, -0.326, -0.268, -0.429, -0.185, -0.082, -0.500, -1.076, 1.577, 2.327, 0.649, -0.250, -0.110, -0.374, 0.783, -0.207, -0.713, -1.593, -0.677, -0.537, -1.423, -0.298, -0.654, -1.470, -0.431, -0.959, 0.362, 0.210, 0.174, -0.396, -0.008, 1.552, 2.448, 2.430, 2.488, 1.997, 3.313, 3.012, 0.288, 0.791, 0.339, 0.283, 0.802, 0.779, 1.075, 0.377, -0.245, -0.814, -1.483, -0.694, 0.269, 0.607, -0.353, 0.144, 0.981, 0.883, -1.282, -0.684, -1.603, 0.878, 0.367, -0.811, 0.310, -5.690, -6.834, -5.685, -3.523, -4.426, -2.671, -2.857, -4.420, -4.171, -4.261, -2.471, -5.620, -5.845, -5.790, -1.922, -2.318, -4.418, -7.271, -3.138, -1.764, -2.598, -0.305, -0.112, 0.653, -0.290, 0.150]
  f(xk) = 20611.747
  ||gk|| = 1.613E+03
  stop_crit = 1.219E-01
  ||dir|| = 5.216E+00
  alpha = 3.003E-01
  Curr. impr.: 9.45E-01
  # times under thresh: 1

Epoch 6.17171237629186:
  xk = [-14.445, -17.741, -15.330, -24.447, -20.255, 0.970, 0.492, -1.890, 0.166, -0.518, -0.995, 0.277, -0.343, -0.255, -0.426, -0.167, -0.083, -0.444, -1.110, 1.644, 2.266, 0.680, -0.266, -0.111, -0.302, 1.009, -0.223, -0.775, -1.699, -0.733, -0.544, -1.509, -0.310, -0.653, -1.555, -0.460, -0.886, 0.386, 0.214, 0.192, -0.345, -0.009, 1.621, 2.488, 2.423, 2.490, 2.002, 3.295, 3.012, 0.257, 0.784, 0.318, 0.290, 0.856, 0.736, 1.045, 0.393, -0.232, -0.789, -1.406, -0.706, 0.266, 0.647, -0.348, 0.203, 1.223, 0.860, -1.330, -0.731, -1.573, 1.340, 0.266, -0.778, 0.315, -5.478, -6.439, -5.387, -3.106, -4.295, -2.437, -2.827, -4.273, -3.929, -4.347, -2.603, -5.787, -5.981, -5.251, -1.216, -2.163, -4.296, -7.471, -3.157, -1.694, -2.589, -0.413, -0.136, 0.606, -0.268, 0.167]
  f(xk) = 20369.440
  ||gk|| = 1.277E+03
  stop_crit = 1.480E-01
  ||dir|| = 8.859E+00
  alpha = 4.784E-01
  Curr. impr.: 9.59E-01
  # times under thresh: 2
  -> New batch size of 54766 samples

Epoch 7.17171237629186:
  xk = [-13.289, -17.231, -14.163, -23.678, -19.558, 1.012, 0.525, -1.834, -0.685, -0.425, -0.955, 0.253, -0.331, -0.182, -0.542, -0.119, -0.128, -0.322, -1.050, 1.596, 2.181, 0.747, -0.343, -0.114, -0.251, 0.786, -0.263, -0.732, -1.400, -0.701, -0.579, -1.213, -0.345, -0.667, -1.272, -0.503, -0.939, 0.429, 0.230, 0.173, -0.265, -0.084, 1.424, 2.385, 2.236, 2.380, 1.901, 3.158, 2.890, 0.325, 0.758, 0.319, 0.275, 0.832, 0.593, 1.085, 0.550, -0.372, -0.746, -1.226, -0.519, 0.394, 0.781, -0.409, 0.244, 1.242, 0.735, -1.364, -0.831, -1.643, 1.291, 0.287, -0.839, 0.368, -5.415, -6.907, -6.458, -2.827, -4.268, -2.030, -2.946, -3.857, -3.824, -3.964, -2.491, -5.573, -6.221, -3.338, -3.685, -1.815, -4.717, -7.005, -3.350, -1.651, -2.441, -0.443, -0.189, 0.573, -0.380, 0.185]
  f(xk) = 35127.756
  ||gk|| = 1.454E+03
  stop_crit = 7.165E-02
  ||dir|| = 6.002E+00
  alpha = 2.924E-01

Epoch 8.171712376291861:
  xk = [-13.624, -17.372, -14.229, -23.852, -19.947, 1.081, 0.524, -1.858, -0.755, -0.371, -0.944, 0.470, -0.365, -0.256, -0.561, -0.121, -0.188, -0.362, -1.271, 1.652, 2.171, 0.717, -0.343, -0.117, -0.242, 0.923, -0.273, -0.933, -1.465, -0.835, -0.709, -1.275, -0.543, -0.784, -1.343, -0.696, -0.903, 0.457, 0.254, 0.151, -0.238, -0.121, 1.468, 2.407, 2.251, 2.426, 1.911, 3.196, 2.974, 0.305, 0.808, 0.368, 0.269, 0.887, 0.676, 1.035, 0.569, -0.338, -0.722, -1.262, -0.479, 0.386, 0.639, -0.428, 0.214, 1.397, 0.725, -1.345, -0.865, -1.672, 1.317, 0.315, -0.854, 0.355, -5.580, -6.919, -7.052, -2.806, -4.131, -2.070, -2.998, -3.730, -4.008, -3.830, -2.628, -5.583, -6.388, -3.908, -4.865, -1.841, -5.003, -7.115, -3.317, -1.657, -2.401, -0.380, -0.200, 0.542, -0.464, 0.169]
  f(xk) = 35090.885
  ||gk|| = 5.159E+02
  stop_crit = 3.252E-02
  ||dir|| = 4.048E+00
  alpha = 1.906E-01

Epoch 9.171712376291861:
  xk = [-13.530, -17.157, -14.078, -23.590, -19.678, 1.089, 0.527, -1.768, -0.735, -0.375, -0.935, 0.462, -0.370, -0.289, -0.547, -0.132, -0.210, -0.372, -1.231, 1.698, 2.182, 0.708, -0.343, -0.118, -0.253, 0.836, -0.273, -0.904, -1.463, -0.841, -0.700, -1.271, -0.543, -0.774, -1.340, -0.679, -0.862, 0.464, 0.264, 0.139, -0.254, -0.126, 1.448, 2.375, 2.223, 2.378, 1.880, 3.160, 2.930, 0.297, 0.819, 0.369, 0.261, 0.875, 0.721, 1.004, 0.544, -0.312, -0.724, -1.250, -0.494, 0.370, 0.597, -0.412, 0.194, 1.569, 0.725, -1.322, -0.858, -1.645, 1.322, 0.313, -0.838, 0.327, -5.616, -6.685, -6.734, -2.787, -4.073, -2.122, -2.976, -3.798, -4.099, -3.882, -2.658, -5.359, -6.421, -4.146, -4.945, -1.857, -5.028, -7.159, -3.273, -1.645, -2.360, -0.383, -0.195, 0.518, -0.450, 0.164]
  f(xk) = 35084.328
  ||gk|| = 1.788E+02
  stop_crit = 4.301E-03
  ||dir|| = 2.013E+00
  alpha = 2.692E-01

Epoch 10.171712376291861:
  xk = [-13.439, -16.904, -13.953, -23.345, -19.435, 1.094, 0.523, -1.747, -0.739, -0.378, -0.931, 0.448, -0.364, -0.291, -0.536, -0.138, -0.206, -0.370, -1.205, 1.700, 2.188, 0.700, -0.345, -0.118, -0.265, 0.839, -0.271, -0.902, -1.451, -0.823, -0.674, -1.256, -0.521, -0.753, -1.323, -0.661, -0.851, 0.461, 0.264, 0.137, -0.267, -0.126, 1.433, 2.337, 2.202, 2.336, 1.862, 3.124, 2.891, 0.292, 0.814, 0.363, 0.257, 0.865, 0.736, 0.995, 0.527, -0.302, -0.733, -1.240, -0.500, 0.360, 0.613, -0.403, 0.193, 1.508, 0.720, -1.312, -0.845, -1.626, 1.301, 0.320, -0.820, 0.312, -5.604, -6.578, -6.590, -2.811, -4.034, -2.141, -2.952, -3.876, -4.125, -3.959, -2.644, -5.377, -6.385, -4.119, -4.823, -1.865, -5.024, -7.137, -3.247, -1.628, -2.353, -0.390, -0.191, 0.510, -0.427, 0.162]
  f(xk) = 35083.058
  ||gk|| = 8.399E+01
  stop_crit = 3.847E-03
  ||dir|| = 7.370E-01
  alpha = 1.830E-01

Epoch 11.171712376291861:
  xk = [-13.483, -16.908, -13.985, -23.352, -19.437, 1.104, 0.522, -1.748, -0.742, -0.376, -0.923, 0.446, -0.364, -0.290, -0.534, -0.138, -0.206, -0.366, -1.205, 1.701, 2.187, 0.705, -0.344, -0.118, -0.267, 0.867, -0.272, -0.900, -1.467, -0.824, -0.679, -1.270, -0.523, -0.758, -1.337, -0.667, -0.850, 0.461, 0.264, 0.138, -0.268, -0.125, 1.439, 2.340, 2.208, 2.339, 1.868, 3.127, 2.892, 0.290, 0.809, 0.361, 0.256, 0.870, 0.737, 0.996, 0.524, -0.300, -0.737, -1.236, -0.499, 0.358, 0.624, -0.402, 0.196, 1.534, 0.722, -1.314, -0.843, -1.616, 1.325, 0.318, -0.815, 0.309, -5.598, -6.580, -6.566, -2.814, -4.018, -2.134, -2.950, -3.891, -4.126, -3.994, -2.645, -5.431, -6.387, -4.058, -4.777, -1.865, -5.019, -7.154, -3.240, -1.619, -2.354, -0.395, -0.191, 0.508, -0.420, 0.162]
  f(xk) = 35082.737
  ||gk|| = 3.373E+01
  stop_crit = 1.886E-03
  ||dir|| = 4.808E-01
  alpha = 2.664E-01

Epoch 12.171712376291861:
  xk = [-13.481, -16.866, -13.970, -23.305, -19.385, 1.101, 0.520, -1.753, -0.719, -0.375, -0.919, 0.454, -0.364, -0.287, -0.533, -0.137, -0.204, -0.364, -1.209, 1.697, 2.186, 0.705, -0.344, -0.118, -0.268, 0.855, -0.272, -0.900, -1.467, -0.822, -0.673, -1.270, -0.519, -0.753, -1.336, -0.660, -0.852, 0.460, 0.262, 0.140, -0.267, -0.123, 1.439, 2.334, 2.207, 2.333, 1.863, 3.120, 2.883, 0.288, 0.809, 0.359, 0.257, 0.872, 0.732, 0.997, 0.524, -0.300, -0.738, -1.234, -0.497, 0.356, 0.615, -0.401, 0.197, 1.552, 0.725, -1.317, -0.842, -1.605, 1.336, 0.316, -0.814, 0.311, -5.582, -6.577, -6.555, -2.807, -4.004, -2.126, -2.943, -3.882, -4.110, -3.993, -2.639, -5.393, -6.371, -4.050, -4.711, -1.861, -5.002, -7.147, -3.236, -1.624, -2.359, -0.397, -0.191, 0.509, -0.416, 0.162]
  f(xk) = 35082.638
  ||gk|| = 2.454E+01
  stop_crit = 1.503E-03
  ||dir|| = 1.583E-01
  alpha = 2.880E-01

Epoch 13.171712376291861:
  xk = [-13.471, -16.860, -13.967, -23.296, -19.374, 1.100, 0.520, -1.745, -0.721, -0.375, -0.919, 0.452, -0.363, -0.287, -0.533, -0.137, -0.203, -0.365, -1.209, 1.696, 2.185, 0.707, -0.344, -0.118, -0.268, 0.856, -0.271, -0.897, -1.466, -0.819, -0.671, -1.269, -0.516, -0.751, -1.335, -0.658, -0.853, 0.458, 0.261, 0.140, -0.265, -0.123, 1.438, 2.333, 2.206, 2.332, 1.863, 3.119, 2.882, 0.288, 0.809, 0.359, 0.257, 0.871, 0.729, 0.996, 0.523, -0.299, -0.737, -1.234, -0.495, 0.355, 0.609, -0.401, 0.196, 1.546, 0.723, -1.318, -0.842, -1.601, 1.335, 0.315, -0.815, 0.313, -5.576, -6.571, -6.548, -2.802, -4.001, -2.125, -2.942, -3.869, -4.102, -3.983, -2.633, -5.385, -6.367, -4.066, -4.688, -1.858, -4.996, -7.144, -3.236, -1.626, -2.362, -0.396, -0.191, 0.510, -0.415, 0.163]
  f(xk) = 35082.622
  ||gk|| = 1.178E+01
  stop_crit = 4.548E-04
  ||dir|| = 6.219E-02
  alpha = 3.179E-01

Epoch 14.171712376291861:
  xk = [-13.475, -16.862, -13.971, -23.295, -19.379, 1.100, 0.520, -1.747, -0.724, -0.374, -0.918, 0.452, -0.363, -0.287, -0.534, -0.137, -0.203, -0.365, -1.210, 1.695, 2.184, 0.706, -0.344, -0.118, -0.268, 0.852, -0.271, -0.897, -1.466, -0.819, -0.671, -1.270, -0.517, -0.751, -1.336, -0.658, -0.853, 0.458, 0.261, 0.140, -0.264, -0.123, 1.439, 2.333, 2.207, 2.332, 1.864, 3.119, 2.882, 0.288, 0.809, 0.360, 0.257, 0.871, 0.729, 0.995, 0.523, -0.299, -0.737, -1.234, -0.494, 0.355, 0.611, -0.401, 0.195, 1.545, 0.723, -1.318, -0.843, -1.598, 1.333, 0.315, -0.816, 0.313, -5.573, -6.565, -6.544, -2.799, -3.998, -2.124, -2.940, -3.863, -4.100, -3.977, -2.631, -5.375, -6.365, -4.066, -4.688, -1.856, -4.993, -7.145, -3.236, -1.626, -2.362, -0.396, -0.192, 0.510, -0.416, 0.163]
  f(xk) = 35082.619
  ||gk|| = 6.575E+00
  stop_crit = 3.421E-04
  ||dir|| = 2.381E-02
  alpha = 3.758E-01

Epoch 15.171712376291861:
  xk = [-13.475, -16.860, -13.971, -23.293, -19.378, 1.100, 0.520, -1.747, -0.721, -0.374, -0.918, 0.452, -0.363, -0.287, -0.534, -0.137, -0.203, -0.364, -1.211, 1.695, 2.184, 0.706, -0.344, -0.118, -0.268, 0.852, -0.271, -0.897, -1.466, -0.819, -0.671, -1.270, -0.517, -0.751, -1.336, -0.658, -0.853, 0.458, 0.261, 0.140, -0.264, -0.123, 1.439, 2.333, 2.207, 2.332, 1.864, 3.118, 2.882, 0.288, 0.809, 0.360, 0.257, 0.871, 0.729, 0.995, 0.523, -0.299, -0.737, -1.234, -0.493, 0.355, 0.611, -0.401, 0.195, 1.547, 0.724, -1.317, -0.842, -1.597, 1.332, 0.315, -0.816, 0.313, -5.572, -6.565, -6.547, -2.799, -3.997, -2.124, -2.940, -3.864, -4.100, -3.977, -2.631, -5.371, -6.364, -4.062, -4.692, -1.856, -4.993, -7.145, -3.236, -1.626, -2.362, -0.396, -0.191, 0.510, -0.417, 0.163]
  f(xk) = 35082.619
  ||gk|| = 2.304E+00
  stop_crit = 1.103E-04
  ||dir|| = 1.178E-02
  alpha = 2.813E-01

Epoch 16.17171237629186:
  xk = [-13.475, -16.860, -13.970, -23.292, -19.379, 1.100, 0.520, -1.747, -0.722, -0.374, -0.918, 0.452, -0.363, -0.287, -0.534, -0.137, -0.203, -0.364, -1.212, 1.695, 2.184, 0.706, -0.344, -0.118, -0.268, 0.852, -0.271, -0.897, -1.466, -0.819, -0.671, -1.270, -0.517, -0.751, -1.336, -0.658, -0.853, 0.458, 0.261, 0.140, -0.264, -0.124, 1.439, 2.333, 2.207, 2.332, 1.864, 3.118, 2.882, 0.288, 0.809, 0.360, 0.257, 0.871, 0.729, 0.995, 0.523, -0.299, -0.737, -1.234, -0.492, 0.355, 0.611, -0.401, 0.196, 1.546, 0.723, -1.317, -0.842, -1.596, 1.332, 0.315, -0.816, 0.313, -5.573, -6.565, -6.547, -2.799, -3.997, -2.123, -2.940, -3.864, -4.100, -3.977, -2.631, -5.370, -6.363, -4.062, -4.694, -1.856, -4.994, -7.144, -3.236, -1.625, -2.361, -0.396, -0.192, 0.510, -0.417, 0.163]
  f(xk) = 35082.618
  ||gk|| = 9.257E-01
  stop_crit = 2.768E-05
  ||dir|| = 4.994E-03
  alpha = 3.293E-01

Epoch 17.17171237629186:
  xk = [-13.474, -16.860, -13.970, -23.292, -19.378, 1.100, 0.520, -1.747, -0.722, -0.374, -0.918, 0.452, -0.363, -0.287, -0.534, -0.137, -0.203, -0.364, -1.212, 1.695, 2.184, 0.706, -0.344, -0.118, -0.268, 0.851, -0.271, -0.896, -1.466, -0.819, -0.671, -1.269, -0.517, -0.751, -1.335, -0.658, -0.853, 0.458, 0.261, 0.140, -0.264, -0.124, 1.439, 2.333, 2.206, 2.332, 1.864, 3.118, 2.882, 0.288, 0.809, 0.360, 0.257, 0.871, 0.729, 0.995, 0.523, -0.299, -0.737, -1.234, -0.492, 0.355, 0.611, -0.401, 0.196, 1.546, 0.723, -1.317, -0.842, -1.596, 1.332, 0.315, -0.816, 0.313, -5.573, -6.565, -6.547, -2.799, -3.997, -2.124, -2.940, -3.864, -4.100, -3.977, -2.631, -5.369, -6.363, -4.062, -4.694, -1.856, -4.994, -7.144, -3.236, -1.625, -2.361, -0.396, -0.192, 0.510, -0.417, 0.163]
  f(xk) = 35082.618
  ||gk|| = 5.997E-01
  stop_crit = 3.949E-05
  ||dir|| = 1.418E-03
  alpha = 3.866E-01

Epoch 18.17171237629186:
  xk = [-13.474, -16.860, -13.970, -23.292, -19.378, 1.100, 0.520, -1.747, -0.722, -0.374, -0.918, 0.452, -0.363, -0.287, -0.534, -0.137, -0.203, -0.364, -1.212, 1.695, 2.184, 0.706, -0.344, -0.118, -0.268, 0.851, -0.271, -0.896, -1.466, -0.819, -0.671, -1.269, -0.517, -0.751, -1.335, -0.658, -0.853, 0.458, 0.261, 0.140, -0.264, -0.124, 1.439, 2.333, 2.206, 2.332, 1.864, 3.118, 2.882, 0.288, 0.809, 0.360, 0.257, 0.871, 0.729, 0.995, 0.523, -0.299, -0.737, -1.234, -0.492, 0.355, 0.611, -0.401, 0.196, 1.546, 0.723, -1.317, -0.842, -1.596, 1.332, 0.315, -0.816, 0.313, -5.573, -6.565, -6.547, -2.799, -3.997, -2.124, -2.940, -3.864, -4.100, -3.977, -2.631, -5.369, -6.364, -4.062, -4.694, -1.856, -4.994, -7.144, -3.236, -1.625, -2.361, -0.396, -0.192, 0.510, -0.417, 0.163]
  f(xk) = 35082.618
  ||gk|| = 3.206E-01
  stop_crit = 1.670E-05
  ||dir|| = 4.953E-04
  alpha = 3.067E-01

Epoch 19.17171237629186:
  xk = [-13.474, -16.860, -13.970, -23.292, -19.378, 1.100, 0.520, -1.747, -0.722, -0.374, -0.918, 0.452, -0.363, -0.287, -0.534, -0.137, -0.203, -0.364, -1.212, 1.695, 2.184, 0.706, -0.344, -0.118, -0.268, 0.851, -0.271, -0.896, -1.466, -0.819, -0.671, -1.269, -0.517, -0.751, -1.335, -0.658, -0.853, 0.458, 0.261, 0.140, -0.264, -0.124, 1.439, 2.333, 2.206, 2.332, 1.864, 3.118, 2.882, 0.288, 0.809, 0.360, 0.257, 0.871, 0.729, 0.995, 0.523, -0.299, -0.737, -1.234, -0.492, 0.355, 0.611, -0.401, 0.196, 1.546, 0.723, -1.317, -0.842, -1.596, 1.332, 0.315, -0.816, 0.313, -5.573, -6.565, -6.547, -2.799, -3.997, -2.124, -2.940, -3.864, -4.100, -3.977, -2.631, -5.369, -6.364, -4.062, -4.694, -1.856, -4.994, -7.144, -3.236, -1.625, -2.361, -0.396, -0.192, 0.510, -0.417, 0.163]
  f(xk) = 35082.618
  ||gk|| = 4.193E-02
  stop_crit = 1.309E-06
  ||dir|| = 2.039E-04
  alpha = 3.884E-01

Algorithm Optimized!
  x* = [-13.474, -16.860, -13.970, -23.292, -19.378, 1.100, 0.520, -1.747, -0.722, -0.374, -0.918, 0.452, -0.363, -0.287, -0.534, -0.137, -0.203, -0.364, -1.212, 1.695, 2.184, 0.706, -0.344, -0.118, -0.268, 0.851, -0.271, -0.896, -1.466, -0.819, -0.671, -1.269, -0.517, -0.751, -1.335, -0.658, -0.853, 0.458, 0.261, 0.140, -0.264, -0.124, 1.439, 2.333, 2.206, 2.332, 1.864, 3.118, 2.882, 0.288, 0.809, 0.360, 0.257, 0.871, 0.729, 0.995, 0.523, -0.299, -0.737, -1.234, -0.492, 0.355, 0.611, -0.401, 0.196, 1.546, 0.723, -1.317, -0.842, -1.596, 1.332, 0.315, -0.816, 0.313, -5.573, -6.565, -6.547, -2.799, -3.997, -2.124, -2.940, -3.864, -4.100, -3.977, -2.631, -5.369, -6.364, -4.062, -4.694, -1.856, -4.994, -7.144, -3.236, -1.625, -2.361, -0.396, -0.192, 0.510, -0.417, 0.163]
  f(x*) = 35082.618
Finished at lun aoû 12 22:58:20 CEST 2019
