Optimizing MTMC_MNL with best algo at lun aoû 12 22:54:06 CEST 2019
Maximizing the problem using a Line Search ABS IOA with the Hybrid direction.
Epoch 0:
  xk = [0.000, 0.000, 0.000, 0.000, 0.000, 0.000, 0.000, 0.000, 0.000, 0.000, 0.000, 0.000, 0.000, 0.000, 0.000, 0.000, 0.000, 0.000, 0.000, 0.000, 0.000, 0.000, 0.000, 0.000, 0.000, 0.000, 0.000, 0.000, 0.000, 0.000, 0.000, 0.000, 0.000, 0.000, 0.000, 0.000, 0.000, 0.000, 0.000, 0.000, 0.000, 0.000, 0.000, 0.000, 0.000, 0.000, 0.000, 0.000, 0.000, 0.000, 0.000, 0.000, 0.000, 0.000, 0.000, 0.000, 0.000, 0.000, 0.000, 0.000, 0.000, 0.000, 0.000, 0.000, 0.000, 0.000, 0.000, 0.000, 0.000, 0.000, 0.000, 0.000, 0.000, 0.000, 0.000, 0.000, 0.000, 0.000, 0.000, 0.000, 0.000, 0.000, 0.000, 0.000, 0.000, 0.000, 0.000, 0.000, 0.000, 0.000, 0.000, 0.000, 0.000, 0.000, 0.000, 0.000, 0.000, 0.000, 0.000, 0.000, 0.000, 0.000, 0.000, 0.000, 0.000, 0.000, 0.000, 0.000, 0.000, 0.000, 0.000, 0.000, 0.000, 0.000, 0.000, 0.000, 0.000, 0.000, 0.000, 0.000, 0.000, 0.000, 0.000, 0.000, 0.000, 0.000, 0.000, 0.000, 0.000, 0.000, 0.000, 0.000, 0.000, 0.000, 0.000, 0.000, 0.000, 0.000, 0.000, 0.000, 0.000, 0.000, 0.000, 0.000, 0.000, 0.000, 0.000, 0.000, 0.000, 0.000, 0.000, 0.000, 0.000, 0.000, 0.000, 0.000, 0.000, 0.000, 0.000, 0.000, 0.000, 0.000, 0.000, 0.000, 0.000, 0.000, 0.000, 0.000, 0.000, 0.000, 0.000, 0.000, 0.000, 0.000, 0.000, 0.000, 0.000, 0.000, 0.000, 0.000, 0.000, 0.000, 0.000, 0.000, 0.000, 0.000, 0.000, 0.000, 0.000, 0.000, 0.000, 0.000, 0.000, 0.000, 0.000, 0.000, 0.000, 0.000, 0.000, 0.000, 0.000, 0.000, 0.000, 0.000, 0.000, 0.000, 0.000, 0.000, 0.000, 0.000, 0.000, 0.000, 0.000, 0.000, 0.000, 0.000, 0.000, 0.000, 0.000, 0.000, 0.000, 0.000, 0.000, 0.000, 0.000, 0.000, 0.000, 0.000, 0.000, 0.000, 0.000, 0.000, 0.000, 0.000, 0.000, 0.000, 0.000, 0.000, 0.000, 0.000, 0.000, 0.000, 0.000, 0.000, 0.000, 0.000, 0.000]
  f(xk) = 2140.597
  ||gk|| = 1.037E+04
  stop_crit = 0.000E+00
  ||dir|| = 9.451E-02
  alpha = 1.000E+00

Epoch 0.017570060616709127:
  xk = [0.002, -0.005, 0.001, -0.001, -0.001, -0.007, -0.000, -0.001, -0.001, 0.007, 0.002, -0.001, -0.002, -0.001, -0.001, -0.002, -0.002, 0.001, -0.000, 0.000, -0.000, -0.000, -0.000, -0.000, -0.000, -0.000, 0.000, -0.000, 0.000, -0.000, -0.000, -0.000, -0.000, -0.000, -0.000, 0.000, -0.000, 0.000, -0.000, -0.000, -0.000, -0.000, -0.000, -0.000, 0.000, -0.000, 0.000, -0.000, -0.000, -0.000, 0.000, -0.000, -0.000, 0.020, -0.005, 0.007, -0.005, -0.006, -0.006, -0.000, -0.004, -0.006, 0.001, -0.000, 0.000, -0.000, -0.000, -0.000, -0.000, -0.000, -0.000, 0.000, -0.000, 0.000, -0.000, -0.000, -0.000, 0.000, -0.000, -0.000, 0.000, -0.000, 0.000, -0.000, -0.000, -0.000, 0.000, -0.000, -0.000, 0.001, -0.000, 0.000, -0.000, -0.000, -0.000, -0.000, -0.000, -0.000, 0.001, -0.000, 0.000, -0.000, -0.000, -0.000, -0.000, -0.000, -0.000, 0.000, -0.000, 0.000, -0.000, -0.000, -0.000, -0.000, -0.000, -0.000, 0.000, -0.000, 0.000, 0.000, -0.000, -0.000, 0.000, -0.000, -0.000, -0.001, -0.001, -0.009, -0.001, -0.001, 0.002, -0.001, -0.000, -0.001, -0.001, 0.056, -0.014, -0.016, -0.002, 0.004, -0.000, -0.002, -0.002, -0.010, -0.008, -0.008, 0.053, -0.013, 0.023, -0.014, -0.016, -0.002, -0.004, -0.004, -0.004, 0.003, -0.002, 0.002, -0.001, -0.002, -0.001, 0.000, -0.001, -0.001, -0.010, -0.009, 0.001, -0.000, 0.000, -0.000, -0.000, -0.000, -0.000, -0.000, -0.000, 0.001, -0.000, 0.000, -0.000, -0.000, -0.000, -0.000, -0.000, -0.000, 0.001, -0.000, 0.000, -0.000, -0.000, -0.000, -0.000, -0.000, -0.000, 0.001, -0.000, 0.000, -0.000, -0.000, -0.000, 0.000, -0.000, -0.000, 0.001, -0.000, 0.000, -0.000, -0.000, -0.000, -0.000, -0.000, -0.000, 0.000, -0.000, 0.000, -0.000, -0.000, -0.000, 0.000, -0.000, -0.000, -0.000, -0.000, -0.000, -0.000, -0.000, -0.000, 0.000, -0.000, -0.000, 0.000, -0.000, 0.000, -0.000, -0.000, -0.000, -0.000, -0.000, -0.000, 0.000, -0.000, 0.000, -0.000, -0.000, -0.000, -0.000, -0.000, -0.000]
  f(xk) = 2109.514
  ||gk|| = 1.319E+04
  stop_crit = 2.300E-01
  ||dir|| = 6.173E-02
  alpha = 3.856E-01
  Curr. impr.: 9.68E-01
  # times under thresh: 1

Epoch 0.03514012123341825:
  xk = [0.002, -0.005, 0.001, -0.001, -0.001, -0.007, 0.000, -0.000, -0.001, 0.006, 0.003, -0.001, -0.002, -0.001, -0.001, -0.002, -0.002, 0.001, -0.000, 0.000, -0.000, -0.000, -0.000, -0.000, -0.000, -0.000, 0.000, -0.000, 0.000, -0.000, -0.000, -0.000, -0.000, -0.000, -0.000, 0.000, -0.000, 0.000, -0.000, -0.000, -0.000, 0.000, -0.000, -0.000, 0.000, -0.000, 0.000, -0.000, -0.000, -0.000, 0.000, -0.000, -0.000, 0.015, -0.005, 0.009, -0.005, -0.006, -0.006, 0.001, -0.004, -0.006, 0.001, -0.000, 0.001, -0.000, -0.000, -0.000, -0.000, -0.000, -0.000, 0.000, -0.000, 0.000, -0.000, -0.000, -0.000, 0.000, -0.000, -0.000, 0.000, -0.000, 0.000, -0.000, -0.000, -0.000, 0.000, -0.000, -0.000, 0.000, -0.000, 0.000, -0.000, -0.000, -0.000, -0.000, -0.000, -0.000, 0.001, -0.000, 0.000, -0.000, -0.000, -0.000, -0.000, -0.000, -0.000, 0.000, -0.000, 0.000, -0.000, -0.000, -0.000, 0.000, -0.000, -0.000, 0.000, -0.000, 0.000, 0.000, -0.000, -0.000, 0.000, 0.000, -0.000, -0.001, 0.000, -0.009, -0.001, -0.001, 0.002, -0.001, -0.000, -0.001, -0.001, 0.043, -0.014, -0.016, -0.002, 0.005, -0.000, -0.002, -0.002, -0.010, -0.007, -0.008, 0.036, -0.012, 0.031, -0.013, -0.016, 0.001, -0.004, -0.004, -0.004, 0.001, -0.002, 0.002, -0.001, -0.002, -0.001, 0.000, -0.001, -0.001, -0.010, -0.010, 0.001, -0.000, 0.000, -0.000, -0.000, -0.001, -0.000, -0.000, -0.000, 0.001, -0.000, 0.000, -0.000, -0.000, -0.000, 0.000, -0.000, -0.000, 0.000, -0.000, 0.000, -0.000, -0.000, -0.000, 0.000, -0.000, -0.000, 0.000, -0.000, 0.000, -0.000, -0.000, -0.000, 0.000, -0.000, -0.000, 0.001, -0.000, 0.000, -0.000, -0.000, -0.000, -0.000, -0.000, -0.000, 0.000, -0.000, 0.000, -0.000, -0.000, -0.000, 0.000, -0.000, -0.000, -0.000, -0.000, -0.000, -0.000, -0.000, -0.000, 0.000, -0.000, -0.000, 0.000, -0.000, 0.000, -0.000, -0.000, -0.000, -0.000, -0.000, -0.000, 0.000, -0.000, 0.000, -0.000, -0.000, -0.000, 0.000, -0.000, -0.000]
  f(xk) = 1756.729
  ||gk|| = 5.219E+03
  stop_crit = 7.690E-02
  ||dir|| = 5.748E-02
  alpha = 1.000E+00
  Curr. impr.: 8.57E+00
  # times under thresh: 0

Epoch 0.05271018185012738:
  xk = [0.002, -0.009, 0.001, -0.001, -0.001, -0.023, 0.000, -0.001, -0.002, 0.007, 0.005, -0.002, -0.001, -0.003, -0.002, -0.003, -0.004, 0.001, -0.000, 0.001, -0.001, -0.000, -0.000, -0.000, -0.000, -0.000, 0.000, 0.000, 0.001, -0.000, -0.000, -0.000, -0.000, -0.000, -0.000, 0.000, -0.000, 0.000, -0.000, -0.000, -0.002, 0.000, -0.000, -0.001, -0.000, -0.000, -0.000, -0.000, -0.000, -0.000, 0.000, 0.000, 0.000, 0.014, -0.009, 0.012, -0.009, -0.006, -0.020, 0.005, -0.008, -0.015, 0.002, -0.000, 0.001, -0.000, -0.000, -0.001, -0.001, -0.001, -0.001, 0.000, -0.000, 0.000, -0.000, -0.000, -0.000, 0.000, -0.000, -0.000, 0.001, -0.000, 0.000, -0.000, -0.000, -0.000, 0.000, -0.000, -0.001, 0.001, -0.000, 0.001, -0.000, -0.000, -0.000, -0.000, -0.000, -0.000, 0.001, -0.000, -0.000, -0.000, -0.000, -0.001, 0.000, -0.000, -0.000, -0.000, -0.000, 0.000, -0.000, -0.000, -0.000, 0.000, -0.000, -0.000, -0.000, -0.000, 0.000, 0.000, -0.000, -0.000, 0.000, 0.000, -0.000, -0.002, 0.008, -0.018, -0.001, -0.002, 0.003, -0.002, 0.001, -0.002, -0.001, 0.052, -0.027, -0.017, -0.004, 0.008, 0.002, -0.005, -0.004, -0.019, -0.016, -0.014, 0.013, -0.018, 0.044, -0.017, -0.014, 0.024, -0.006, -0.008, -0.007, -0.010, -0.002, -0.000, -0.000, -0.003, -0.000, 0.009, -0.002, -0.002, -0.028, -0.022, 0.002, -0.000, 0.000, -0.001, -0.000, -0.002, -0.000, -0.000, -0.001, 0.000, -0.000, 0.001, -0.000, -0.000, -0.000, 0.000, -0.000, -0.000, -0.000, -0.000, 0.000, -0.000, -0.000, -0.000, 0.001, -0.000, -0.000, 0.000, -0.000, 0.001, -0.000, -0.000, -0.000, -0.000, -0.000, 0.000, 0.002, -0.001, 0.000, -0.001, -0.000, -0.000, 0.000, -0.001, -0.001, 0.000, -0.000, 0.000, -0.000, 0.000, -0.000, 0.000, -0.000, -0.000, -0.000, 0.000, -0.000, -0.000, -0.000, -0.001, 0.000, 0.000, -0.001, 0.000, -0.000, 0.000, -0.000, -0.000, -0.000, -0.000, -0.000, -0.000, -0.000, 0.000, 0.000, -0.000, 0.000, -0.000, -0.000, -0.000, -0.000]
  f(xk) = 1682.792
  ||gk|| = 2.465E+03
  stop_crit = 2.574E-02
  ||dir|| = 1.059E-01
  alpha = 1.000E+00
  Curr. impr.: 5.27E+00
  # times under thresh: 0

Epoch 0.0702802424668365:
  xk = [0.002, -0.029, 0.001, -0.002, -0.002, -0.026, -0.001, -0.001, -0.005, 0.028, 0.006, -0.004, -0.003, -0.001, -0.019, -0.006, -0.008, 0.003, -0.002, 0.001, -0.001, -0.001, 0.000, -0.001, -0.001, -0.001, -0.000, 0.000, 0.004, -0.000, -0.000, 0.001, -0.001, -0.000, -0.001, -0.001, -0.001, -0.001, -0.001, -0.001, -0.004, -0.000, 0.000, -0.003, -0.001, -0.000, -0.000, 0.000, -0.000, 0.000, 0.000, 0.000, 0.000, -0.001, -0.027, 0.007, -0.019, -0.015, -0.019, -0.004, -0.007, -0.037, 0.005, -0.000, 0.001, -0.001, -0.001, -0.002, -0.004, -0.001, -0.003, -0.001, -0.000, 0.003, -0.001, -0.000, -0.001, 0.000, -0.000, -0.001, 0.000, -0.000, 0.001, -0.000, -0.000, 0.000, 0.001, -0.001, -0.001, 0.000, -0.001, 0.001, -0.000, -0.001, -0.000, -0.000, -0.001, -0.001, 0.003, -0.001, -0.001, -0.001, -0.001, -0.001, -0.001, -0.000, -0.000, -0.000, -0.000, -0.001, -0.000, -0.000, -0.000, -0.000, 0.001, -0.000, -0.002, -0.000, -0.000, 0.000, 0.000, 0.000, 0.000, 0.000, -0.001, 0.004, -0.019, -0.027, -0.002, -0.005, 0.003, 0.003, -0.002, -0.004, -0.002, 0.055, -0.051, -0.044, -0.011, 0.007, -0.003, -0.010, -0.007, 0.012, -0.029, -0.023, -0.007, -0.029, 0.018, -0.036, -0.038, 0.006, 0.018, -0.012, -0.009, -0.029, -0.000, -0.021, -0.002, -0.006, 0.007, 0.011, 0.002, 0.003, -0.013, -0.049, 0.004, -0.001, 0.001, -0.001, -0.001, -0.004, -0.002, -0.001, -0.003, -0.001, -0.001, 0.002, -0.001, -0.001, 0.001, -0.000, -0.001, -0.001, -0.002, -0.001, -0.002, -0.001, -0.001, 0.001, 0.001, -0.000, -0.000, -0.000, -0.000, 0.002, -0.001, -0.000, -0.000, 0.000, -0.000, 0.000, 0.005, -0.001, -0.001, -0.002, -0.001, -0.000, -0.001, -0.001, -0.001, 0.001, -0.000, -0.000, -0.000, -0.000, -0.000, -0.000, -0.000, -0.000, -0.001, -0.000, 0.000, -0.000, -0.000, -0.003, -0.000, 0.000, -0.003, -0.000, -0.000, 0.003, -0.000, -0.000, -0.000, -0.001, -0.001, -0.000, -0.000, -0.000, 0.001, -0.000, -0.000, -0.000, 0.000, -0.000, 0.000]
  f(xk) = 1830.175
  ||gk|| = 2.385E+03
  stop_crit = 1.635E-02
  ||dir|| = 5.794E-02
  alpha = 1.000E+00
  Curr. impr.: 1.08E-01
  # times under thresh: 1

Epoch 0.08785030308354563:
  xk = [0.001, -0.026, 0.001, -0.002, -0.002, -0.040, -0.001, -0.002, -0.004, 0.032, 0.007, -0.002, -0.002, -0.005, -0.021, -0.007, -0.006, 0.003, -0.002, 0.001, -0.001, -0.001, 0.000, -0.001, -0.001, -0.000, -0.001, 0.000, 0.004, -0.000, -0.000, 0.001, -0.001, -0.001, -0.001, -0.000, -0.001, -0.001, -0.001, -0.000, -0.005, -0.000, -0.000, -0.003, -0.001, -0.000, -0.000, 0.000, -0.000, 0.000, 0.000, 0.000, 0.000, -0.012, -0.024, 0.005, -0.013, -0.012, -0.031, -0.006, -0.008, -0.026, 0.006, -0.000, 0.001, -0.001, -0.001, -0.003, -0.004, -0.001, -0.002, -0.001, -0.000, 0.003, -0.001, -0.000, -0.001, 0.000, -0.000, -0.001, 0.000, -0.001, 0.001, -0.000, -0.000, -0.000, 0.001, -0.001, -0.001, 0.001, -0.001, 0.001, -0.000, -0.001, -0.000, -0.000, -0.001, -0.001, 0.003, -0.001, -0.001, -0.001, -0.000, -0.001, -0.001, -0.000, 0.000, -0.000, 0.000, -0.002, -0.000, -0.000, -0.000, -0.000, 0.001, 0.000, -0.003, -0.000, -0.000, 0.001, 0.000, 0.000, 0.000, 0.000, -0.001, 0.003, -0.022, -0.031, 0.001, -0.005, 0.002, 0.002, -0.002, -0.004, -0.000, 0.045, -0.037, -0.036, -0.010, 0.007, -0.004, -0.011, -0.003, -0.008, -0.029, -0.011, -0.006, -0.014, 0.007, -0.016, -0.030, 0.002, 0.010, -0.010, -0.002, -0.029, 0.001, -0.024, -0.001, -0.005, 0.005, 0.009, 0.005, 0.006, -0.030, -0.028, 0.004, -0.001, 0.001, -0.001, -0.001, -0.005, -0.002, -0.001, -0.003, -0.002, -0.001, 0.002, -0.000, -0.000, 0.000, -0.000, -0.001, -0.001, -0.002, -0.001, -0.003, -0.000, -0.001, 0.001, 0.001, -0.000, 0.000, -0.000, -0.000, 0.002, -0.000, -0.000, -0.000, 0.000, -0.000, 0.001, 0.005, -0.001, -0.001, -0.002, -0.001, -0.001, -0.001, -0.001, -0.001, 0.001, -0.000, -0.000, -0.000, -0.000, -0.000, -0.000, -0.000, -0.000, -0.002, -0.000, 0.000, -0.000, -0.000, -0.004, -0.000, -0.000, -0.003, -0.000, -0.000, 0.003, 0.000, -0.000, -0.000, -0.001, -0.001, -0.000, -0.001, -0.000, 0.001, 0.000, 0.000, -0.000, 0.000, -0.000, 0.000]
  f(xk) = 1720.907
  ||gk|| = 1.889E+03
  stop_crit = 2.279E-02
  ||dir|| = 1.933E-02
  alpha = 1.000E+00
  Curr. impr.: 1.76E+00
  # times under thresh: 0

Epoch 0.10542036370025476:
  xk = [0.002, -0.028, 0.002, -0.002, -0.002, -0.041, -0.001, -0.002, -0.004, 0.033, 0.008, -0.001, -0.002, -0.005, -0.022, -0.008, -0.007, 0.003, -0.002, 0.001, -0.001, -0.001, 0.000, -0.001, -0.001, -0.000, -0.001, 0.000, 0.005, -0.000, -0.000, 0.001, -0.001, -0.001, -0.001, -0.001, -0.001, -0.001, -0.001, -0.001, -0.005, -0.000, -0.000, -0.003, -0.001, -0.000, -0.000, 0.000, -0.000, 0.000, 0.000, 0.000, 0.000, -0.012, -0.026, 0.008, -0.013, -0.012, -0.031, -0.006, -0.008, -0.029, 0.006, -0.000, 0.002, -0.001, -0.001, -0.003, -0.005, -0.002, -0.002, -0.001, -0.000, 0.003, -0.001, -0.000, -0.001, 0.000, -0.000, -0.001, 0.000, -0.001, 0.001, -0.000, -0.000, -0.000, 0.001, -0.001, -0.001, 0.001, -0.001, 0.001, -0.000, -0.001, -0.000, -0.000, -0.001, -0.001, 0.003, -0.001, -0.001, -0.001, -0.000, -0.002, -0.001, -0.000, 0.000, -0.000, 0.000, -0.002, 0.000, -0.000, -0.000, -0.000, 0.001, 0.000, -0.003, -0.000, 0.000, 0.001, 0.000, 0.000, 0.000, 0.000, -0.001, 0.004, -0.022, -0.032, 0.000, -0.005, 0.003, 0.003, -0.002, -0.004, -0.001, 0.050, -0.038, -0.036, -0.011, 0.009, -0.005, -0.011, -0.004, -0.006, -0.029, -0.016, -0.000, -0.017, 0.021, -0.015, -0.030, 0.000, 0.011, -0.011, -0.004, -0.031, 0.000, -0.023, -0.001, -0.005, 0.005, 0.009, 0.005, 0.006, -0.029, -0.033, 0.004, -0.001, 0.001, -0.001, -0.001, -0.006, -0.002, -0.001, -0.003, -0.001, -0.001, 0.003, -0.000, -0.000, 0.000, -0.000, -0.001, -0.001, -0.002, -0.001, -0.003, -0.000, -0.001, 0.001, 0.002, -0.000, 0.000, -0.000, -0.000, 0.002, -0.000, -0.000, -0.000, 0.000, -0.001, 0.000, 0.006, -0.001, -0.001, -0.002, -0.001, -0.001, -0.001, -0.001, -0.001, 0.001, -0.000, -0.001, -0.000, -0.000, -0.000, -0.000, -0.000, -0.000, -0.002, -0.000, 0.000, -0.000, -0.000, -0.004, 0.000, -0.000, -0.003, -0.000, -0.000, 0.003, 0.000, -0.000, -0.000, -0.001, -0.001, -0.000, -0.001, -0.000, 0.001, 0.000, 0.000, -0.000, 0.000, -0.000, 0.000]
  f(xk) = 1744.078
  ||gk|| = 9.865E+02
  stop_crit = 7.659E-03
  ||dir|| = 4.432E-01
  alpha = 1.000E+00
  Curr. impr.: 8.01E-01
  # times under thresh: 1

Epoch 0.12299042431696389:
  xk = [-0.000, -0.114, -0.003, -0.005, -0.003, -0.101, -0.002, -0.004, -0.021, 0.177, 0.136, -0.039, -0.016, 0.015, -0.102, -0.031, -0.027, 0.022, -0.004, -0.008, 0.002, 0.002, 0.003, -0.016, -0.002, -0.000, -0.007, 0.006, 0.024, 0.001, -0.001, 0.018, -0.004, -0.005, 0.004, -0.022, -0.004, -0.004, -0.006, 0.000, -0.032, 0.007, 0.005, -0.026, -0.007, -0.000, -0.005, 0.001, 0.003, 0.001, -0.000, 0.003, 0.005, -0.208, -0.098, -0.107, -0.036, 0.019, -0.045, 0.003, 0.036, -0.090, 0.032, 0.009, 0.018, -0.008, -0.003, -0.004, -0.020, -0.007, -0.008, 0.001, -0.002, 0.019, 0.002, -0.001, -0.007, -0.006, -0.003, -0.008, 0.002, -0.002, -0.001, -0.003, -0.003, 0.002, 0.013, -0.007, -0.011, -0.005, -0.002, 0.005, -0.001, -0.009, -0.003, 0.011, -0.010, -0.010, 0.002, -0.003, -0.006, -0.004, 0.003, 0.003, -0.015, 0.005, 0.001, -0.012, 0.003, -0.005, 0.000, 0.005, 0.000, 0.001, 0.008, -0.001, -0.015, -0.001, -0.005, 0.002, 0.002, 0.002, 0.001, 0.005, 0.009, 0.043, -0.033, -0.081, 0.041, -0.022, -0.001, 0.042, -0.004, -0.017, 0.014, 0.077, -0.099, -0.057, -0.059, 0.036, -0.020, -0.042, 0.006, -0.022, -0.032, -0.005, 0.025, 0.046, 0.036, 0.032, -0.019, -0.001, -0.005, 0.080, -0.055, -0.112, -0.055, -0.075, -0.022, -0.045, 0.019, 0.088, -0.027, 0.000, 0.033, -0.001, 0.024, 0.002, 0.003, -0.006, -0.001, -0.029, -0.004, -0.002, -0.032, -0.003, -0.006, 0.009, 0.002, -0.000, 0.009, 0.004, -0.011, 0.006, -0.008, -0.010, -0.012, -0.003, -0.006, -0.002, 0.008, 0.006, 0.000, -0.016, -0.009, 0.022, 0.001, 0.000, 0.005, 0.014, -0.004, -0.004, 0.023, -0.001, -0.008, -0.003, -0.002, -0.001, -0.010, -0.010, 0.003, -0.001, -0.004, -0.007, -0.001, -0.002, -0.001, -0.002, 0.000, 0.010, -0.016, 0.000, -0.008, -0.003, -0.001, -0.019, 0.001, 0.003, -0.026, 0.010, -0.004, 0.005, 0.001, -0.002, -0.001, 0.000, -0.001, -0.001, -0.017, -0.002, 0.010, 0.000, 0.003, 0.007, 0.001, -0.000, -0.002]
  f(xk) = 1673.308
  ||gk|| = 1.565E+03
  stop_crit = 4.117E-02
  ||dir|| = 4.350E-02
  alpha = 1.000E+00
  Curr. impr.: 1.42E+00
  # times under thresh: 0

Epoch 0.140560484933673:
  xk = [0.000, -0.111, -0.002, -0.004, -0.003, -0.108, -0.002, -0.004, -0.023, 0.177, 0.133, -0.038, -0.016, 0.016, -0.102, -0.031, -0.028, 0.023, -0.004, -0.007, 0.002, 0.002, 0.003, -0.016, -0.002, -0.001, -0.008, 0.006, 0.025, 0.001, -0.001, 0.018, -0.004, -0.005, 0.003, -0.022, -0.004, -0.004, -0.005, 0.000, -0.033, 0.006, 0.005, -0.026, -0.007, -0.000, -0.005, 0.001, 0.003, 0.001, -0.000, 0.003, 0.005, -0.204, -0.094, -0.103, -0.031, 0.017, -0.050, 0.003, 0.039, -0.101, 0.032, 0.009, 0.018, -0.008, -0.003, -0.004, -0.020, -0.007, -0.008, 0.001, -0.002, 0.020, 0.003, -0.001, -0.007, -0.006, -0.003, -0.008, 0.003, -0.002, -0.001, -0.003, -0.003, 0.002, 0.013, -0.007, -0.012, -0.005, -0.002, 0.005, -0.001, -0.009, -0.002, 0.011, -0.010, -0.011, 0.003, -0.003, -0.007, -0.004, 0.003, 0.003, -0.015, 0.005, 0.001, -0.012, 0.003, -0.005, 0.001, 0.005, 0.000, 0.001, 0.008, -0.001, -0.016, -0.001, -0.005, 0.002, 0.002, 0.002, 0.001, 0.006, 0.009, 0.045, -0.032, -0.078, 0.039, -0.021, 0.001, 0.043, -0.004, -0.017, 0.012, 0.093, -0.086, -0.062, -0.058, 0.040, -0.018, -0.043, 0.000, -0.019, -0.035, -0.017, 0.019, 0.048, 0.045, 0.042, -0.014, 0.005, -0.003, 0.077, -0.055, -0.108, -0.056, -0.073, -0.024, -0.045, 0.019, 0.075, -0.025, -0.000, 0.028, -0.019, 0.024, 0.003, 0.002, -0.006, -0.001, -0.030, -0.004, -0.002, -0.033, -0.003, -0.006, 0.010, 0.002, -0.000, 0.010, 0.004, -0.011, 0.005, -0.008, -0.010, -0.012, -0.003, -0.006, -0.002, 0.007, 0.006, 0.000, -0.017, -0.009, 0.023, 0.002, 0.000, 0.005, 0.014, -0.004, -0.004, 0.025, -0.001, -0.009, -0.003, -0.002, -0.001, -0.010, -0.011, 0.003, -0.001, -0.004, -0.007, -0.001, -0.003, -0.001, -0.002, 0.000, 0.010, -0.016, 0.000, -0.008, -0.003, -0.001, -0.020, 0.001, 0.003, -0.026, 0.010, -0.004, 0.006, 0.001, -0.002, -0.001, 0.000, -0.001, -0.001, -0.018, -0.002, 0.011, 0.001, 0.003, 0.007, 0.001, 0.000, -0.002]
  f(xk) = 1678.092
  ||gk|| = 1.152E+03
  stop_crit = 1.500E-02
  ||dir|| = 5.906E-02
  alpha = 1.000E+00
  Curr. impr.: 9.53E-01
  # times under thresh: 1

Epoch 0.15813054555038214:
  xk = [0.000, -0.110, -0.002, -0.005, -0.002, -0.118, -0.002, -0.004, -0.021, 0.171, 0.132, -0.039, -0.013, 0.017, -0.101, -0.031, -0.026, 0.023, -0.004, -0.007, 0.001, 0.002, 0.003, -0.016, -0.002, -0.001, -0.008, 0.007, 0.027, 0.001, -0.001, 0.019, -0.004, -0.005, 0.003, -0.022, -0.004, -0.004, -0.005, 0.001, -0.034, 0.006, 0.006, -0.026, -0.007, -0.000, -0.005, 0.001, 0.003, 0.001, -0.000, 0.003, 0.005, -0.209, -0.093, -0.098, -0.035, 0.023, -0.058, -0.000, 0.044, -0.086, 0.031, 0.010, 0.018, -0.008, -0.003, -0.005, -0.020, -0.007, -0.008, 0.001, -0.002, 0.020, 0.003, -0.001, -0.007, -0.006, -0.003, -0.008, 0.002, -0.002, -0.000, -0.003, -0.003, 0.001, 0.013, -0.007, -0.012, -0.005, -0.002, 0.005, -0.001, -0.009, -0.002, 0.010, -0.010, -0.010, 0.003, -0.003, -0.007, -0.004, 0.004, 0.002, -0.016, 0.004, 0.002, -0.013, 0.003, -0.005, 0.001, 0.005, 0.000, 0.001, 0.008, -0.001, -0.016, -0.001, -0.004, 0.003, 0.002, 0.002, 0.001, 0.006, 0.009, 0.045, -0.039, -0.070, 0.041, -0.021, 0.002, 0.044, -0.004, -0.017, 0.014, 0.087, -0.098, -0.047, -0.058, 0.044, -0.018, -0.042, 0.005, -0.018, -0.035, -0.004, 0.024, 0.035, 0.044, 0.027, 0.012, 0.007, -0.001, 0.072, -0.048, -0.097, -0.060, -0.077, -0.027, -0.042, 0.018, 0.065, -0.027, 0.001, 0.019, 0.006, 0.024, 0.002, 0.003, -0.006, -0.001, -0.031, -0.005, -0.002, -0.032, -0.003, -0.006, 0.010, 0.002, -0.000, 0.010, 0.004, -0.011, 0.006, -0.007, -0.011, -0.013, -0.004, -0.005, -0.002, 0.007, 0.006, 0.001, -0.016, -0.009, 0.023, 0.002, 0.000, 0.005, 0.015, -0.004, -0.004, 0.025, -0.001, -0.008, -0.003, -0.002, -0.001, -0.010, -0.011, 0.003, -0.001, -0.004, -0.006, -0.001, -0.003, -0.001, -0.002, 0.001, 0.010, -0.016, 0.000, -0.008, -0.003, -0.001, -0.021, 0.001, 0.004, -0.026, 0.010, -0.004, 0.006, 0.001, -0.002, -0.001, 0.000, -0.001, -0.001, -0.018, -0.002, 0.011, 0.001, 0.003, 0.007, 0.001, 0.000, -0.002]
  f(xk) = 1671.201
  ||gk|| = 1.910E+03
  stop_crit = 4.928E-02
  ||dir|| = 3.351E-02
  alpha = 2.656E-01
  Curr. impr.: 7.71E-01
  # times under thresh: 2
  -> New batch size of 2000 samples

Epoch 0.1932706667838004:
  xk = [0.000, -0.109, -0.002, -0.005, -0.002, -0.117, -0.002, -0.004, -0.022, 0.171, 0.132, -0.039, -0.013, 0.018, -0.101, -0.032, -0.026, 0.023, -0.004, -0.007, 0.001, 0.002, 0.003, -0.016, -0.002, -0.001, -0.009, 0.007, 0.027, 0.001, -0.001, 0.019, -0.004, -0.005, 0.003, -0.022, -0.004, -0.004, -0.005, 0.001, -0.034, 0.006, 0.006, -0.026, -0.007, -0.000, -0.005, 0.001, 0.003, 0.001, -0.000, 0.003, 0.005, -0.208, -0.093, -0.098, -0.035, 0.022, -0.057, 0.000, 0.044, -0.088, 0.031, 0.010, 0.018, -0.008, -0.003, -0.004, -0.020, -0.007, -0.008, 0.001, -0.002, 0.020, 0.003, -0.001, -0.007, -0.006, -0.003, -0.008, 0.002, -0.002, -0.000, -0.003, -0.003, 0.001, 0.013, -0.007, -0.012, -0.005, -0.002, 0.005, -0.001, -0.010, -0.002, 0.010, -0.010, -0.010, 0.003, -0.003, -0.007, -0.004, 0.004, 0.002, -0.016, 0.004, 0.002, -0.013, 0.003, -0.005, 0.001, 0.005, 0.000, 0.001, 0.008, -0.001, -0.016, -0.001, -0.004, 0.003, 0.002, 0.002, 0.001, 0.006, 0.009, 0.045, -0.037, -0.071, 0.041, -0.021, 0.002, 0.044, -0.004, -0.017, 0.014, 0.089, -0.097, -0.051, -0.058, 0.044, -0.017, -0.043, 0.005, -0.016, -0.036, -0.005, 0.024, 0.038, 0.044, 0.027, 0.008, 0.009, -0.000, 0.072, -0.048, -0.097, -0.059, -0.077, -0.028, -0.042, 0.019, 0.064, -0.027, 0.001, 0.021, 0.004, 0.024, 0.003, 0.003, -0.006, -0.001, -0.031, -0.005, -0.002, -0.032, -0.003, -0.006, 0.010, 0.002, -0.000, 0.010, 0.004, -0.011, 0.005, -0.007, -0.011, -0.013, -0.004, -0.005, -0.002, 0.007, 0.006, 0.001, -0.016, -0.009, 0.023, 0.002, 0.000, 0.005, 0.015, -0.004, -0.004, 0.025, -0.001, -0.008, -0.003, -0.002, -0.001, -0.010, -0.011, 0.003, -0.001, -0.004, -0.006, -0.001, -0.003, -0.001, -0.002, 0.001, 0.010, -0.016, 0.000, -0.008, -0.003, -0.001, -0.021, 0.001, 0.004, -0.026, 0.010, -0.004, 0.006, 0.001, -0.002, -0.001, 0.000, -0.001, -0.001, -0.018, -0.002, 0.011, 0.001, 0.003, 0.007, 0.001, 0.000, -0.002]
  f(xk) = 3373.259
  ||gk|| = 2.131E+03
  stop_crit = 1.726E-02
  ||dir|| = 3.481E-02
  alpha = 1.000E+00
  Curr. impr.: 1.20E+00
  # times under thresh: 0

Epoch 0.22841078801721865:
  xk = [0.000, -0.107, -0.001, -0.005, -0.003, -0.112, -0.002, -0.004, -0.022, 0.169, 0.127, -0.037, -0.013, 0.019, -0.099, -0.032, -0.026, 0.024, -0.004, -0.008, 0.001, 0.002, 0.004, -0.016, -0.002, -0.001, -0.009, 0.007, 0.028, 0.001, -0.001, 0.019, -0.004, -0.005, 0.003, -0.022, -0.004, -0.004, -0.005, 0.000, -0.034, 0.006, 0.006, -0.026, -0.007, -0.000, -0.005, 0.001, 0.003, 0.001, -0.000, 0.004, 0.005, -0.209, -0.091, -0.100, -0.032, 0.015, -0.052, 0.002, 0.046, -0.092, 0.031, 0.010, 0.017, -0.008, -0.003, -0.004, -0.019, -0.007, -0.008, 0.001, -0.002, 0.021, 0.003, -0.001, -0.007, -0.006, -0.003, -0.008, 0.002, -0.002, 0.000, -0.003, -0.003, 0.001, 0.013, -0.007, -0.012, -0.005, -0.002, 0.005, -0.001, -0.010, -0.002, 0.010, -0.010, -0.011, 0.004, -0.003, -0.008, -0.004, 0.004, 0.002, -0.016, 0.004, 0.002, -0.013, 0.003, -0.005, 0.001, 0.005, 0.000, 0.001, 0.008, -0.001, -0.017, -0.001, -0.004, 0.003, 0.002, 0.002, 0.002, 0.006, 0.009, 0.047, -0.034, -0.071, 0.041, -0.021, 0.003, 0.046, -0.004, -0.017, 0.013, 0.093, -0.090, -0.069, -0.057, 0.045, -0.017, -0.043, 0.003, -0.005, -0.037, -0.007, 0.017, 0.036, 0.044, 0.037, -0.001, 0.005, 0.003, 0.069, -0.044, -0.095, -0.061, -0.078, -0.026, -0.042, 0.019, 0.057, -0.028, 0.002, 0.033, -0.002, 0.024, 0.003, 0.003, -0.006, -0.001, -0.031, -0.004, -0.002, -0.032, -0.003, -0.005, 0.011, 0.002, -0.000, 0.010, 0.004, -0.011, 0.006, -0.008, -0.011, -0.013, -0.004, -0.006, -0.002, 0.007, 0.006, 0.001, -0.016, -0.009, 0.024, 0.002, -0.000, 0.005, 0.015, -0.004, -0.004, 0.026, -0.001, -0.008, -0.003, -0.002, -0.001, -0.010, -0.011, 0.003, -0.001, -0.004, -0.007, -0.001, -0.003, -0.001, -0.002, 0.001, 0.010, -0.017, 0.001, -0.008, -0.003, -0.001, -0.021, 0.002, 0.004, -0.027, 0.010, -0.004, 0.006, 0.001, -0.003, -0.001, 0.000, -0.001, -0.001, -0.018, -0.002, 0.012, 0.001, 0.003, 0.007, 0.001, 0.000, -0.002]
  f(xk) = 3465.733
  ||gk|| = 1.752E+03
  stop_crit = 1.391E-02
  ||dir|| = 1.608E-01
  alpha = 1.000E+00
  Curr. impr.: 2.39E-01
  # times under thresh: 1

Epoch 0.2635509092506369:
  xk = [0.000, -0.079, -0.000, -0.003, -0.003, -0.149, -0.001, -0.003, -0.027, 0.126, 0.094, -0.021, -0.001, 0.006, -0.065, -0.035, -0.032, 0.030, -0.007, -0.007, 0.004, 0.002, 0.005, -0.012, -0.004, -0.000, -0.019, 0.014, 0.040, 0.002, 0.000, 0.021, -0.002, -0.004, -0.001, -0.021, -0.004, -0.008, -0.006, 0.000, -0.041, 0.004, 0.004, -0.029, -0.009, -0.000, -0.007, 0.002, 0.003, 0.002, -0.000, 0.004, 0.007, -0.238, -0.060, -0.113, -0.012, 0.029, -0.069, -0.003, 0.067, -0.104, 0.022, 0.018, 0.011, -0.005, -0.000, -0.008, -0.013, -0.007, -0.013, -0.004, -0.002, 0.030, 0.003, -0.003, -0.008, -0.004, -0.003, -0.012, 0.004, -0.002, 0.000, -0.004, -0.004, 0.001, 0.013, -0.008, -0.016, -0.004, 0.001, 0.003, -0.002, -0.012, -0.003, 0.016, -0.012, -0.014, 0.013, -0.003, -0.016, -0.004, 0.008, -0.001, -0.020, 0.003, 0.006, -0.017, 0.005, 0.000, 0.000, 0.005, 0.000, 0.002, 0.009, -0.003, -0.024, -0.002, -0.004, 0.006, 0.002, 0.005, 0.002, 0.010, 0.012, 0.059, -0.015, -0.058, 0.045, -0.015, 0.006, 0.057, -0.004, -0.016, 0.013, 0.107, -0.060, -0.064, -0.048, 0.057, -0.015, -0.042, -0.002, 0.028, -0.036, 0.018, 0.018, 0.025, 0.045, 0.012, -0.011, 0.017, 0.005, 0.043, -0.011, -0.074, -0.059, -0.069, -0.043, -0.046, -0.008, -0.012, -0.035, 0.012, 0.026, -0.014, 0.031, 0.007, 0.002, -0.006, 0.000, -0.037, -0.003, -0.006, -0.040, -0.004, -0.006, 0.019, 0.002, -0.001, 0.010, 0.003, -0.010, 0.005, -0.010, -0.013, -0.017, -0.005, -0.007, -0.003, 0.006, 0.004, 0.003, -0.015, -0.011, 0.029, 0.002, -0.001, 0.008, 0.017, -0.004, -0.003, 0.040, -0.003, -0.012, -0.005, -0.000, -0.000, -0.009, -0.011, 0.002, -0.002, -0.005, -0.008, 0.000, -0.003, -0.003, -0.003, 0.002, 0.012, -0.021, 0.003, -0.010, -0.003, -0.001, -0.027, 0.003, 0.004, -0.031, 0.010, -0.005, 0.012, 0.002, -0.003, -0.003, 0.001, -0.001, -0.002, -0.024, -0.000, 0.014, 0.002, 0.002, 0.010, 0.003, -0.000, -0.003]
  f(xk) = 3403.279
  ||gk|| = 2.054E+03
  stop_crit = 2.059E-02
  ||dir|| = 1.084E-01
  alpha = 1.000E+00
  Curr. impr.: 1.71E-01
  # times under thresh: 2
  -> New batch size of 4000 samples

Epoch 0.3338311517174734:
  xk = [0.000, -0.086, 0.004, -0.005, -0.003, -0.148, -0.002, -0.004, -0.028, 0.121, 0.089, -0.012, -0.002, 0.008, -0.062, -0.040, -0.031, 0.031, -0.007, -0.003, 0.002, 0.002, 0.004, -0.014, -0.003, -0.000, -0.022, 0.016, 0.048, 0.003, -0.000, 0.023, -0.003, -0.004, -0.003, -0.020, -0.005, -0.010, -0.006, 0.000, -0.043, 0.004, 0.003, -0.029, -0.008, -0.000, -0.008, 0.002, 0.003, 0.003, -0.001, 0.005, 0.007, -0.244, -0.070, -0.087, -0.023, 0.026, -0.050, -0.015, 0.066, -0.089, 0.021, 0.019, 0.011, -0.004, -0.001, -0.008, -0.012, -0.008, -0.013, -0.005, -0.003, 0.032, 0.003, -0.003, -0.009, -0.003, -0.002, -0.013, 0.004, -0.003, 0.004, -0.004, -0.005, 0.001, 0.014, -0.009, -0.017, -0.004, 0.002, 0.005, -0.002, -0.012, -0.002, 0.015, -0.013, -0.017, 0.016, -0.004, -0.016, -0.006, 0.008, -0.004, -0.022, 0.001, 0.009, -0.019, 0.007, -0.001, 0.001, 0.006, 0.000, 0.002, 0.010, -0.002, -0.027, -0.002, -0.004, 0.007, 0.002, 0.007, 0.002, 0.011, 0.012, 0.067, -0.026, -0.071, 0.046, -0.016, 0.015, 0.062, -0.005, -0.016, 0.012, 0.112, -0.086, -0.079, -0.051, 0.080, -0.017, -0.042, -0.009, -0.009, -0.037, -0.020, 0.016, 0.030, 0.041, 0.032, 0.006, 0.022, -0.000, 0.036, -0.026, -0.101, -0.064, -0.103, -0.036, -0.044, -0.001, -0.024, -0.036, 0.007, 0.052, 0.012, 0.035, 0.006, 0.005, -0.007, 0.000, -0.038, -0.005, -0.008, -0.041, -0.004, -0.005, 0.021, 0.002, -0.002, 0.010, 0.004, -0.010, 0.003, -0.013, -0.015, -0.021, -0.006, -0.006, -0.002, 0.010, 0.003, 0.003, -0.016, -0.010, 0.033, 0.002, -0.000, 0.010, 0.016, -0.003, -0.004, 0.047, -0.004, -0.013, -0.007, -0.001, -0.002, -0.007, -0.012, 0.002, -0.003, -0.005, -0.008, -0.000, -0.003, -0.003, -0.003, 0.001, 0.014, -0.024, 0.002, -0.010, -0.003, -0.002, -0.028, 0.003, 0.003, -0.030, 0.009, -0.006, 0.016, 0.002, -0.002, -0.003, 0.001, -0.000, -0.003, -0.026, 0.000, 0.018, 0.003, 0.002, 0.010, 0.003, -0.000, -0.004]
  f(xk) = 6633.840
  ||gk|| = 4.092E+03
  stop_crit = 4.128E-02
  ||dir|| = 9.073E-03
  alpha = 1.000E+00
  Curr. impr.: 5.73E-01
  # times under thresh: 1

Epoch 0.4041113941843099:
  xk = [0.000, -0.085, 0.004, -0.005, -0.004, -0.149, -0.002, -0.004, -0.028, 0.121, 0.088, -0.012, -0.002, 0.008, -0.062, -0.040, -0.032, 0.031, -0.007, -0.003, 0.002, 0.002, 0.004, -0.014, -0.003, -0.000, -0.023, 0.016, 0.049, 0.003, -0.000, 0.023, -0.003, -0.004, -0.003, -0.020, -0.005, -0.011, -0.006, 0.000, -0.043, 0.004, 0.003, -0.029, -0.009, -0.000, -0.008, 0.002, 0.003, 0.003, -0.001, 0.005, 0.007, -0.243, -0.069, -0.088, -0.022, 0.025, -0.051, -0.014, 0.066, -0.091, 0.021, 0.019, 0.011, -0.004, -0.001, -0.008, -0.012, -0.008, -0.013, -0.005, -0.003, 0.033, 0.003, -0.003, -0.009, -0.003, -0.002, -0.013, 0.004, -0.003, 0.004, -0.004, -0.005, 0.001, 0.014, -0.009, -0.017, -0.004, 0.002, 0.005, -0.002, -0.012, -0.002, 0.015, -0.013, -0.017, 0.017, -0.004, -0.017, -0.006, 0.008, -0.004, -0.022, 0.001, 0.009, -0.019, 0.007, -0.001, 0.001, 0.006, 0.000, 0.002, 0.011, -0.002, -0.027, -0.002, -0.004, 0.007, 0.002, 0.007, 0.002, 0.011, 0.012, 0.067, -0.023, -0.071, 0.046, -0.016, 0.015, 0.062, -0.005, -0.016, 0.012, 0.116, -0.085, -0.081, -0.051, 0.080, -0.017, -0.042, -0.009, -0.012, -0.036, -0.020, 0.018, 0.030, 0.041, 0.032, 0.006, 0.027, -0.001, 0.036, -0.025, -0.100, -0.065, -0.103, -0.036, -0.044, -0.002, -0.023, -0.036, 0.007, 0.051, 0.010, 0.035, 0.006, 0.005, -0.007, 0.000, -0.038, -0.005, -0.008, -0.041, -0.004, -0.005, 0.021, 0.002, -0.002, 0.010, 0.005, -0.010, 0.002, -0.013, -0.015, -0.021, -0.006, -0.006, -0.002, 0.010, 0.003, 0.003, -0.016, -0.010, 0.033, 0.001, -0.000, 0.010, 0.016, -0.003, -0.004, 0.048, -0.004, -0.013, -0.007, -0.001, -0.002, -0.007, -0.012, 0.002, -0.003, -0.005, -0.008, -0.000, -0.003, -0.003, -0.003, 0.001, 0.014, -0.024, 0.003, -0.010, -0.003, -0.002, -0.028, 0.003, 0.003, -0.030, 0.009, -0.006, 0.016, 0.002, -0.002, -0.003, 0.001, -0.000, -0.003, -0.027, 0.000, 0.018, 0.003, 0.002, 0.010, 0.003, -0.000, -0.004]
  f(xk) = 6732.899
  ||gk|| = 2.866E+03
  stop_crit = 1.333E-02
  ||dir|| = 1.216E-02
  alpha = 1.000E+00
  Curr. impr.: 2.85E-01
  # times under thresh: 2
  -> New batch size of 8000 samples

Epoch 0.544671879117983:
  xk = [0.000, -0.085, 0.004, -0.005, -0.003, -0.148, -0.002, -0.004, -0.028, 0.121, 0.087, -0.012, -0.002, 0.008, -0.062, -0.041, -0.032, 0.031, -0.007, -0.004, 0.002, 0.002, 0.004, -0.014, -0.003, -0.000, -0.023, 0.016, 0.049, 0.003, -0.000, 0.023, -0.003, -0.004, -0.003, -0.020, -0.005, -0.011, -0.006, 0.000, -0.043, 0.004, 0.003, -0.029, -0.009, -0.000, -0.008, 0.002, 0.003, 0.003, -0.001, 0.005, 0.008, -0.245, -0.069, -0.090, -0.022, 0.026, -0.050, -0.015, 0.067, -0.092, 0.021, 0.019, 0.010, -0.003, -0.001, -0.008, -0.012, -0.008, -0.013, -0.005, -0.003, 0.033, 0.003, -0.003, -0.009, -0.003, -0.002, -0.013, 0.004, -0.003, 0.004, -0.004, -0.005, 0.001, 0.014, -0.009, -0.017, -0.004, 0.002, 0.005, -0.002, -0.012, -0.002, 0.015, -0.013, -0.017, 0.017, -0.004, -0.017, -0.006, 0.009, -0.004, -0.022, 0.001, 0.009, -0.019, 0.007, -0.001, 0.001, 0.006, 0.000, 0.002, 0.011, -0.002, -0.027, -0.002, -0.003, 0.007, 0.003, 0.007, 0.002, 0.011, 0.012, 0.068, -0.025, -0.069, 0.046, -0.016, 0.014, 0.063, -0.005, -0.016, 0.012, 0.113, -0.085, -0.078, -0.050, 0.079, -0.017, -0.041, -0.010, -0.008, -0.035, -0.020, 0.016, 0.031, 0.035, 0.031, 0.008, 0.022, 0.001, 0.037, -0.026, -0.101, -0.065, -0.102, -0.037, -0.044, -0.001, -0.024, -0.035, 0.007, 0.054, 0.010, 0.035, 0.007, 0.005, -0.007, 0.000, -0.038, -0.005, -0.008, -0.042, -0.004, -0.005, 0.021, 0.002, -0.002, 0.010, 0.005, -0.010, 0.002, -0.013, -0.015, -0.021, -0.006, -0.006, -0.002, 0.010, 0.003, 0.003, -0.016, -0.010, 0.033, 0.002, -0.000, 0.010, 0.016, -0.003, -0.004, 0.048, -0.004, -0.013, -0.007, -0.001, -0.002, -0.008, -0.012, 0.002, -0.002, -0.005, -0.008, -0.000, -0.003, -0.003, -0.003, 0.001, 0.014, -0.024, 0.003, -0.010, -0.003, -0.002, -0.028, 0.003, 0.003, -0.030, 0.009, -0.006, 0.016, 0.002, -0.002, -0.003, 0.001, -0.000, -0.003, -0.027, 0.000, 0.018, 0.003, 0.002, 0.010, 0.003, -0.000, -0.004]
  f(xk) = 13294.653
  ||gk|| = 4.895E+03
  stop_crit = 1.742E-02
  ||dir|| = 6.412E-01
  alpha = 1.000E+00
  Curr. impr.: 3.57E-01
  # times under thresh: 1

Epoch 0.685232364051656:
  xk = [-0.004, -0.069, 0.033, -0.007, -0.006, -0.357, -0.001, -0.008, -0.076, 0.096, 0.006, 0.092, 0.069, -0.036, -0.062, -0.115, -0.082, 0.051, -0.015, 0.034, -0.009, 0.009, 0.022, 0.014, -0.009, -0.005, -0.078, 0.061, 0.159, 0.033, 0.006, 0.048, -0.019, 0.003, -0.026, -0.021, -0.015, -0.034, -0.015, -0.008, -0.099, -0.012, -0.016, -0.079, -0.017, -0.002, -0.021, 0.006, 0.006, 0.011, -0.002, 0.015, 0.021, -0.387, -0.071, -0.166, 0.012, 0.046, -0.098, -0.007, 0.168, -0.153, 0.021, 0.094, -0.002, 0.011, 0.004, -0.045, -0.010, -0.023, -0.057, -0.043, 0.002, 0.101, -0.005, -0.017, -0.014, 0.006, -0.003, -0.035, -0.007, -0.021, 0.064, -0.012, -0.021, -0.005, 0.033, -0.018, -0.061, -0.022, 0.026, 0.004, -0.012, -0.018, 0.013, 0.022, -0.013, -0.044, 0.078, -0.001, -0.087, -0.007, 0.031, -0.033, -0.054, -0.019, 0.063, -0.020, 0.012, -0.017, 0.009, 0.017, 0.001, -0.001, 0.014, -0.016, -0.080, -0.014, 0.022, 0.029, 0.002, 0.029, 0.012, 0.041, 0.014, 0.189, -0.002, -0.124, 0.101, -0.011, 0.079, 0.159, -0.000, -0.015, 0.016, 0.180, -0.102, -0.094, -0.027, 0.253, -0.048, -0.028, -0.055, -0.065, -0.006, -0.047, 0.009, 0.037, 0.038, 0.045, 0.014, 0.012, 0.039, 0.025, 0.041, -0.098, -0.157, -0.088, -0.136, -0.080, -0.006, -0.027, -0.062, -0.059, 0.254, 0.069, 0.086, 0.015, -0.007, -0.012, 0.010, -0.084, -0.028, -0.047, -0.096, -0.011, -0.012, 0.076, 0.012, -0.005, 0.006, 0.024, -0.013, -0.015, -0.029, -0.053, -0.063, -0.019, -0.024, -0.010, 0.034, -0.007, 0.014, -0.015, -0.024, 0.079, 0.002, 0.003, 0.017, 0.023, 0.005, 0.004, 0.192, -0.016, -0.044, -0.023, -0.005, -0.019, -0.011, -0.027, -0.005, -0.008, 0.000, -0.011, -0.002, -0.006, -0.009, -0.009, 0.012, 0.028, -0.077, 0.005, -0.020, -0.009, -0.002, -0.052, 0.013, 0.004, -0.079, -0.008, -0.008, 0.082, 0.008, -0.004, -0.007, -0.003, -0.000, -0.015, -0.061, 0.010, 0.057, 0.013, -0.001, 0.017, 0.008, 0.002, -0.004]
  f(xk) = 13063.500
  ||gk|| = 3.402E+03
  stop_crit = 2.160E-02
  ||dir|| = 1.114E-01
  alpha = 1.000E+00
  Curr. impr.: 6.07E-01
  # times under thresh: 2
  -> New batch size of 16000 samples

Epoch 0.966353333919002:
  xk = [-0.006, -0.081, 0.034, -0.007, -0.006, -0.387, -0.001, -0.008, -0.083, 0.083, 0.046, 0.086, 0.063, -0.024, -0.067, -0.121, -0.083, 0.055, -0.017, 0.034, -0.010, 0.009, 0.022, 0.018, -0.010, -0.005, -0.085, 0.066, 0.170, 0.036, 0.007, 0.052, -0.020, 0.004, -0.029, -0.022, -0.017, -0.034, -0.016, -0.009, -0.105, -0.015, -0.016, -0.085, -0.017, -0.002, -0.023, 0.006, 0.007, 0.012, -0.003, 0.015, 0.022, -0.366, -0.085, -0.197, 0.015, 0.054, -0.098, -0.028, 0.167, -0.164, 0.018, 0.098, 0.004, 0.010, 0.003, -0.045, -0.011, -0.025, -0.060, -0.048, 0.002, 0.106, -0.003, -0.019, -0.013, 0.008, -0.002, -0.040, -0.010, -0.022, 0.071, -0.014, -0.023, -0.007, 0.036, -0.019, -0.066, -0.022, 0.028, 0.003, -0.013, -0.020, 0.012, 0.025, -0.015, -0.048, 0.083, -0.002, -0.091, -0.009, 0.034, -0.036, -0.060, -0.022, 0.070, -0.022, 0.012, -0.020, 0.011, 0.018, 0.002, -0.002, 0.016, -0.015, -0.085, -0.016, 0.025, 0.029, 0.003, 0.031, 0.013, 0.044, 0.015, 0.198, -0.004, -0.127, 0.109, -0.012, 0.082, 0.167, -0.001, -0.017, 0.018, 0.166, -0.097, -0.085, -0.029, 0.253, -0.045, -0.032, -0.056, -0.038, -0.009, -0.035, 0.015, 0.036, 0.043, 0.032, 0.002, 0.025, 0.021, 0.027, 0.020, -0.105, -0.141, -0.093, -0.130, -0.096, -0.021, -0.052, -0.031, -0.051, 0.245, 0.071, 0.088, 0.013, -0.006, -0.012, 0.011, -0.091, -0.032, -0.048, -0.103, -0.014, -0.011, 0.083, 0.013, -0.005, 0.006, 0.026, -0.014, -0.017, -0.034, -0.055, -0.067, -0.021, -0.026, -0.013, 0.037, -0.007, 0.016, -0.019, -0.025, 0.085, 0.004, 0.004, 0.019, 0.025, 0.005, 0.004, 0.202, -0.018, -0.046, -0.023, -0.004, -0.022, -0.011, -0.030, -0.006, -0.007, -0.000, -0.012, -0.002, -0.007, -0.009, -0.008, 0.011, 0.028, -0.084, 0.005, -0.021, -0.009, -0.002, -0.056, 0.013, 0.005, -0.085, -0.004, -0.009, 0.088, 0.009, -0.004, -0.009, -0.004, -0.002, -0.016, -0.064, 0.012, 0.060, 0.013, -0.001, 0.018, 0.008, 0.001, -0.004]
  f(xk) = 26068.032
  ||gk|| = 3.694E+03
  stop_crit = 5.146E-03
  ||dir|| = 1.076E+00
  alpha = 1.000E+00
  Curr. impr.: 5.30E-01
  # times under thresh: 1

Epoch 1.247474303786348:
  xk = [-0.024, -0.006, 0.094, -0.013, -0.013, -0.706, 0.000, -0.012, -0.229, 0.114, 0.029, -0.004, 0.112, 0.072, -0.034, -0.027, -0.019, 0.120, -0.058, 0.099, -0.027, 0.035, 0.014, 0.020, -0.020, 0.000, -0.253, 0.231, 0.470, 0.118, 0.028, 0.093, -0.034, 0.013, -0.117, -0.026, -0.065, -0.036, -0.029, -0.033, -0.160, -0.052, -0.059, -0.214, -0.020, -0.011, -0.044, 0.011, 0.011, 0.036, -0.008, 0.027, 0.069, -0.347, -0.168, -0.279, 0.015, 0.045, 0.010, -0.117, 0.225, -0.203, 0.025, 0.215, -0.016, -0.018, 0.003, -0.054, 0.010, -0.001, -0.155, -0.170, -0.001, 0.313, -0.002, -0.051, -0.033, 0.058, 0.011, -0.111, 0.016, -0.033, 0.138, -0.039, -0.071, -0.042, 0.123, -0.038, -0.210, -0.028, 0.089, -0.016, -0.032, -0.056, 0.104, 0.036, -0.033, -0.160, 0.196, -0.011, -0.197, -0.046, 0.093, -0.110, -0.185, -0.095, 0.161, -0.171, 0.036, -0.034, 0.049, 0.051, -0.004, 0.015, 0.066, 0.024, -0.186, -0.050, 0.093, 0.081, 0.016, 0.091, 0.044, 0.103, 0.035, 0.328, 0.067, -0.145, 0.276, 0.029, 0.166, 0.252, -0.011, -0.010, 0.005, 0.163, -0.083, -0.072, 0.024, 0.412, -0.118, -0.041, -0.164, -0.074, -0.023, -0.029, 0.004, 0.018, 0.024, 0.025, -0.020, 0.012, 0.011, 0.001, -0.032, -0.082, -0.058, -0.054, -0.056, -0.041, 0.020, -0.018, -0.002, 0.058, 0.387, 0.130, 0.157, 0.028, 0.022, -0.026, 0.014, -0.164, -0.080, -0.155, -0.235, -0.049, 0.010, 0.227, 0.028, 0.024, 0.001, 0.052, -0.028, -0.085, -0.138, -0.135, -0.180, -0.077, -0.065, -0.024, 0.136, -0.035, 0.065, -0.043, -0.057, 0.180, 0.044, -0.004, 0.050, 0.053, 0.003, -0.004, 0.448, -0.072, -0.003, -0.053, 0.021, -0.121, -0.019, -0.047, -0.040, 0.011, -0.005, -0.038, 0.000, -0.013, -0.045, -0.034, 0.036, 0.048, -0.230, 0.018, -0.016, -0.016, -0.021, -0.039, 0.038, 0.017, -0.249, 0.060, -0.012, 0.173, 0.023, -0.006, -0.039, -0.004, -0.006, -0.058, -0.140, 0.051, 0.141, 0.040, -0.003, 0.051, 0.021, -0.002, -0.018]
  f(xk) = 25710.636
  ||gk|| = 3.903E+03
  stop_crit = 1.029E-02
  ||dir|| = 1.336E-01
  alpha = 1.000E+00
  Curr. impr.: 7.29E-01
  # times under thresh: 2
  -> New batch size of 32000 samples
  Change from Newton step to BFGS!

Epoch 1.80971624352104:
  xk = [-0.025, 0.013, 0.096, -0.013, -0.013, -0.704, -0.001, -0.011, -0.237, 0.122, 0.070, 0.021, 0.110, 0.033, -0.052, -0.035, -0.014, 0.107, -0.056, 0.112, -0.026, 0.037, 0.010, 0.023, -0.020, -0.001, -0.242, 0.239, 0.473, 0.123, 0.030, 0.095, -0.034, 0.014, -0.125, -0.026, -0.066, -0.033, -0.032, -0.035, -0.158, -0.059, -0.062, -0.217, -0.022, -0.011, -0.044, 0.011, 0.011, 0.036, -0.007, 0.028, 0.073, -0.363, -0.153, -0.267, 0.019, 0.044, 0.005, -0.094, 0.228, -0.177, 0.024, 0.222, -0.010, -0.014, 0.002, -0.062, 0.006, -0.003, -0.157, -0.167, -0.002, 0.319, -0.003, -0.055, -0.031, 0.062, 0.012, -0.117, 0.019, -0.034, 0.147, -0.040, -0.074, -0.043, 0.123, -0.040, -0.218, -0.036, 0.095, -0.017, -0.033, -0.058, 0.108, 0.035, -0.034, -0.162, 0.188, -0.012, -0.197, -0.047, 0.100, -0.114, -0.189, -0.099, 0.166, -0.169, 0.037, -0.040, 0.052, 0.053, -0.001, 0.015, 0.070, 0.024, -0.193, -0.049, 0.097, 0.084, 0.016, 0.092, 0.050, 0.107, 0.036, 0.329, 0.062, -0.133, 0.275, 0.032, 0.168, 0.247, -0.004, -0.012, -0.000, 0.180, -0.074, -0.067, 0.024, 0.399, -0.090, -0.053, -0.168, -0.075, -0.036, -0.006, -0.004, 0.008, 0.021, 0.010, -0.016, 0.007, 0.015, -0.001, -0.043, -0.091, -0.078, -0.074, -0.063, -0.049, -0.005, -0.029, 0.000, 0.001, 0.402, 0.114, 0.158, 0.029, 0.025, -0.028, 0.016, -0.166, -0.084, -0.158, -0.238, -0.033, 0.010, 0.223, 0.030, 0.025, -0.002, 0.053, -0.031, -0.091, -0.148, -0.142, -0.181, -0.080, -0.069, -0.025, 0.137, -0.038, 0.066, -0.043, -0.058, 0.180, 0.044, -0.003, 0.054, 0.059, 0.003, -0.001, 0.451, -0.074, -0.001, -0.054, 0.022, -0.126, -0.018, -0.048, -0.042, 0.010, -0.005, -0.039, 0.001, -0.013, -0.046, -0.037, 0.036, 0.048, -0.240, 0.021, -0.016, -0.018, -0.022, -0.032, 0.035, 0.020, -0.255, 0.065, -0.010, 0.179, 0.025, -0.006, -0.042, -0.005, -0.008, -0.059, -0.143, 0.052, 0.144, 0.042, -0.004, 0.054, 0.024, -0.001, -0.020]
  f(xk) = 51416.298
  ||gk|| = 6.079E+03
  stop_crit = 1.072E-02
  ||dir|| = 3.689E+01
  alpha = 4.756E-01
  Curr. impr.: 6.57E-01
  # times under thresh: 1

Epoch 2.371958183255732:
  xk = [-1.053, -0.361, -0.119, -3.806, -1.551, -1.103, -7.304, -10.632, -5.677, 0.162, 0.133, 0.147, 0.176, 0.093, -0.031, -0.015, 0.025, 0.636, 1.084, 1.159, 1.014, 0.926, 0.644, 0.504, 0.314, -0.089, 0.781, 2.016, 1.962, 1.947, 1.457, 1.257, 0.837, 0.816, -0.154, 0.460, 0.845, 0.970, 0.867, 0.653, 0.556, 0.375, 0.094, -0.034, -0.460, -1.187, -0.922, -0.081, 0.061, 1.366, -0.247, 1.296, 4.131, -0.244, -0.024, -0.180, 0.089, 0.128, 0.036, 0.021, 0.206, 0.097, -0.326, 0.541, -0.481, -0.687, -0.658, -0.398, -0.030, -0.387, -0.267, -0.320, 0.680, 1.154, 0.837, -0.518, 0.970, 1.131, 1.169, -0.508, -0.320, 0.495, 0.883, 0.450, -0.603, 0.767, 0.930, 0.799, -0.819, -0.297, 0.941, 0.688, 0.432, -0.346, 1.093, 0.728, 0.785, -0.445, -0.182, 0.474, 0.408, 0.222, 0.514, 0.502, 0.309, 0.552, -0.066, -0.437, 0.715, 0.658, 0.982, 0.168, 0.969, 0.827, 1.337, -0.092, -0.367, 0.681, 1.069, 1.327, 0.317, 1.158, 1.063, 1.297, -0.423, 0.660, 0.346, 0.461, 0.428, 0.556, -0.308, -0.008, -0.319, -0.366, -0.395, 0.167, -0.001, -0.071, -0.082, 0.148, 0.020, -0.091, -0.136, -0.058, -0.007, -0.016, 0.007, 0.035, 0.032, 0.019, 0.000, 0.009, 0.017, 0.003, -0.006, -0.068, -0.050, -0.059, -0.032, -0.039, 0.008, -0.021, 0.009, -0.012, 0.532, 0.327, -0.097, -0.582, -0.483, -0.814, -0.095, -0.979, -0.539, -0.956, -0.271, -0.086, -0.318, -0.150, -0.361, 0.056, -0.554, -0.279, -0.488, -0.262, -0.791, -1.006, -0.575, -0.872, -1.158, -0.368, -0.012, -0.663, -0.459, -0.178, -0.229, 0.124, 0.046, -0.382, 0.245, 0.424, -0.028, 0.037, 0.376, -0.002, 0.073, -0.116, 0.225, -0.341, -0.047, -0.176, -0.030, -0.145, -0.288, -0.402, -0.431, -0.244, -0.766, -0.420, -0.544, -0.102, -0.441, 0.860, -0.122, 0.594, 0.230, 1.049, 0.744, 0.729, 0.139, 0.418, 0.213, 0.599, 0.546, 0.442, -0.015, 0.237, 0.203, -0.007, 0.230, 0.619, 0.692, 0.898, 0.414, 0.581, 0.599, 0.394, 0.111]
  f(xk) = 49531.939
  ||gk|| = 1.561E+04
  stop_crit = 4.158E-02
  ||dir|| = 1.382E+01
  alpha = 3.657E-01
  Curr. impr.: 1.24E+00
  # times under thresh: 0

Epoch 2.934200122990424:
  xk = [-0.328, -0.376, -0.919, -3.718, -1.290, -1.213, -8.054, -10.929, -6.850, 0.176, 0.137, 0.092, 0.193, 0.095, -0.000, 0.001, 0.033, 0.526, 1.226, 1.220, 1.074, 0.860, 0.698, 0.393, 0.265, -0.032, 0.849, 2.306, 2.169, 2.344, 1.415, 1.504, 0.870, 0.933, 0.015, 0.384, 1.028, 1.023, 0.958, 0.563, 0.610, 0.241, 0.073, -0.011, -0.043, -0.613, -0.485, 1.752, 0.347, 2.385, 0.008, 1.971, 0.455, -0.245, -0.036, -0.197, 0.011, 0.132, 0.025, 0.011, 0.184, 0.152, -0.364, 0.577, -0.509, -0.318, -0.680, -0.415, -0.187, -0.448, -0.282, -0.450, 0.742, 1.267, 0.913, -0.775, 1.234, 1.253, 1.178, -0.653, -0.414, 0.531, 1.007, 0.528, -0.884, 1.046, 1.104, 0.739, -0.977, -0.412, 1.042, 0.836, 0.532, -0.588, 1.437, 0.949, 0.849, -0.532, -0.331, 0.460, 0.479, 0.191, 0.294, 0.637, 0.505, 0.543, -0.168, -0.521, 0.812, 0.790, 1.142, 0.059, 1.255, 1.080, 1.412, -0.185, -0.510, 0.765, 1.272, 1.423, 0.152, 1.338, 1.342, 1.494, -0.524, 0.636, 0.392, 0.498, 0.442, 0.336, 0.002, -0.016, -0.385, -0.443, -0.446, 0.144, 0.002, -0.080, -0.021, 0.166, 0.031, -0.107, -0.145, -0.051, 0.000, -0.014, 0.010, 0.041, 0.036, 0.033, 0.003, 0.010, 0.026, 0.002, -0.012, -0.069, -0.059, -0.064, -0.045, -0.042, 0.002, -0.028, 0.003, -0.004, 0.584, 0.376, -0.148, -0.691, -0.600, -0.885, -0.015, -1.080, -0.655, -1.146, -0.367, -0.055, -0.297, -0.158, -0.392, 0.045, -0.608, -0.252, -0.506, -0.363, -0.854, -1.029, -0.605, -0.965, -1.194, -0.377, 0.026, -0.709, -0.354, -0.203, -0.080, 0.125, 0.043, -0.223, 0.379, 0.462, 0.041, 0.218, 0.377, -0.079, 0.105, -0.122, 0.230, -0.390, -0.065, -0.127, -0.057, -0.102, -0.294, -0.429, -0.355, 0.069, -0.835, -0.499, -0.610, -0.292, -0.572, 0.991, -0.010, 0.788, 0.165, 1.274, 0.861, 0.819, 0.342, 0.482, 0.254, 0.624, 0.589, 0.406, -0.130, 0.291, 0.185, 0.013, 0.335, 0.770, 0.898, 0.909, 0.398, 0.704, 0.742, 0.474, 0.105]
  f(xk) = 49581.085
  ||gk|| = 5.356E+03
  stop_crit = 1.802E-02
  ||dir|| = 7.650E+00
  alpha = 4.899E-01
  Curr. impr.: 1.09E+00
  # times under thresh: 0

Epoch 3.4964420627251163:
  xk = [0.059, -0.361, -0.041, -4.746, -1.269, -1.289, -10.092, -8.973, -7.137, 0.179, 0.155, 0.125, 0.180, 0.122, -0.016, 0.016, 0.033, 0.345, 1.201, 1.134, 0.961, 0.721, 0.568, 0.235, 0.366, -0.194, 0.717, 2.395, 2.155, 2.182, 1.216, 1.380, 0.784, 1.025, -0.106, 0.215, 0.988, 0.963, 0.960, 0.499, 0.445, 0.072, 0.171, -0.108, 0.175, -0.723, -0.592, 1.569, 0.312, 2.036, 0.014, 2.305, 1.368, -0.257, -0.025, -0.200, 0.035, 0.090, 0.052, 0.005, 0.169, 0.150, -0.360, 0.604, -0.553, -0.430, -0.554, -0.456, -0.127, -0.482, -0.255, -0.514, 0.732, 1.287, 0.903, -0.771, 1.384, 1.374, 1.076, -0.725, -0.403, 0.605, 1.115, 0.699, -0.916, 1.229, 1.292, 0.689, -0.977, -0.411, 1.053, 0.895, 0.814, -0.536, 1.635, 1.166, 0.780, -0.553, -0.341, 0.568, 0.576, 0.436, 0.342, 0.910, 0.749, 0.600, -0.295, -0.472, 0.954, 0.929, 1.376, 0.243, 1.512, 1.387, 1.275, -0.207, -0.501, 0.826, 1.353, 1.564, 0.307, 1.506, 1.510, 1.476, -0.497, 0.469, 0.532, 0.391, 0.439, 0.213, -0.515, 0.036, -0.576, -0.290, -0.361, 0.139, 0.031, -0.060, -0.031, 0.217, -0.007, -0.148, -0.166, -0.052, -0.006, -0.013, 0.010, 0.041, 0.034, 0.027, 0.000, 0.015, 0.016, 0.013, -0.012, -0.059, -0.049, -0.049, -0.022, -0.025, 0.014, -0.012, -0.001, 0.002, 0.622, 0.401, -0.122, -0.665, -0.623, -0.869, -0.095, -0.883, -0.630, -1.227, -0.381, 0.068, -0.255, -0.073, -0.270, 0.033, -0.384, -0.216, -0.447, -0.318, -0.967, -1.194, -0.768, -1.118, -1.217, -0.460, -0.172, -0.830, -0.507, -0.253, -0.151, 0.079, 0.047, -0.156, 0.267, 0.343, -0.003, 0.240, 0.410, -0.127, 0.071, -0.105, 0.210, -0.393, 0.003, -0.088, -0.101, -0.017, -0.304, -0.389, -0.493, 0.164, -0.539, -0.543, -0.490, -0.234, -0.684, 1.012, -0.067, 0.941, 0.231, 1.015, 0.617, 0.819, 0.352, 0.488, 0.167, 0.509, 0.340, 0.395, -0.261, 0.227, 0.124, -0.144, 0.466, 0.747, 0.983, 0.921, 0.599, 0.804, 0.897, 0.554, 0.226]
  f(xk) = 49459.372
  ||gk|| = 7.343E+03
  stop_crit = 2.469E-02
  ||dir|| = 5.487E+00
  alpha = 5.627E-01
  Curr. impr.: 9.32E-01
  # times under thresh: 1

Epoch 4.058684002459808:
  xk = [-0.025, -0.324, -1.142, -4.489, -1.555, -1.351, -9.816, -10.134, -7.065, 0.151, 0.125, 0.119, 0.218, 0.099, -0.056, -0.009, 0.032, 0.459, 1.378, 1.284, 1.225, 0.838, 0.628, 0.385, 0.508, 0.070, 0.745, 2.533, 2.238, 2.341, 1.210, 1.422, 0.868, 1.059, 0.086, 0.283, 1.219, 1.036, 1.031, 0.703, 0.441, 0.241, 0.228, 0.084, 0.165, -0.169, -0.117, 1.246, 0.807, 1.317, 0.531, 1.567, 2.273, -0.271, -0.079, -0.206, 0.026, 0.087, 0.070, 0.014, 0.207, 0.133, -0.214, 0.634, -0.434, -0.310, -0.827, -0.409, 0.118, -0.336, -0.347, -0.401, 0.899, 1.458, 1.066, -0.399, 1.727, 1.437, 1.230, -0.891, -0.267, 0.561, 1.177, 0.647, -0.702, 1.399, 1.396, 0.807, -0.999, -0.334, 1.242, 1.009, 0.766, -0.302, 1.879, 1.307, 0.937, -0.672, -0.205, 0.742, 0.656, 0.379, 0.623, 1.208, 0.782, 0.701, -0.334, -0.428, 1.104, 0.972, 1.161, 0.588, 1.828, 1.384, 1.363, -0.289, -0.326, 1.066, 1.443, 1.481, 0.453, 1.913, 1.559, 1.564, -0.545, 0.463, 0.487, 0.417, 0.328, 0.280, 0.091, -0.026, -0.537, -0.235, -0.276, 0.141, 0.022, -0.059, -0.114, 0.162, -0.003, -0.166, -0.213, -0.051, -0.003, -0.002, 0.009, 0.045, 0.037, 0.025, 0.002, 0.019, 0.023, 0.009, -0.023, -0.063, -0.060, -0.056, -0.032, -0.037, 0.012, -0.023, 0.010, -0.008, 0.643, 0.406, -0.160, -0.665, -0.655, -1.041, -0.174, -0.945, -0.594, -1.138, -0.373, 0.048, -0.241, -0.090, -0.185, -0.042, -0.460, -0.109, -0.543, -0.219, -0.882, -1.100, -0.644, -0.951, -1.198, -0.506, -0.149, -0.666, -0.251, -0.192, -0.166, 0.145, 0.040, -0.285, 0.363, 0.427, 0.236, 0.206, 0.391, -0.090, 0.019, -0.094, 0.228, -0.311, -0.021, -0.127, -0.127, -0.023, -0.347, -0.480, -0.398, 0.088, -0.686, -0.497, -0.419, -0.266, -0.801, 0.556, -0.286, 0.951, 0.249, 1.001, 0.640, 0.845, 0.242, 0.500, 0.213, 0.581, 0.262, 0.458, -0.178, 0.225, 0.091, -0.197, 0.517, 0.941, 1.015, 1.032, 0.485, 1.023, 0.964, 0.714, 0.093]
  f(xk) = 49596.189
  ||gk|| = 3.528E+03
  stop_crit = 1.633E-02
  ||dir|| = 5.335E+00
  alpha = 1.000E+00
  Curr. impr.: 7.14E-01
  # times under thresh: 2
  -> New batch size of 56915 samples

Epoch 5.058684002459808:
  xk = [-0.409, -0.396, -1.169, -1.910, -1.411, -1.213, -10.425, -9.674, -8.201, 0.140, 0.162, 0.142, 0.205, 0.106, 0.072, -0.000, 0.013, 0.500, 1.571, 1.193, 1.371, 1.086, 0.857, 0.380, 0.054, -0.104, 0.939, 2.665, 2.349, 2.397, 1.474, 1.786, 1.082, 0.926, 0.063, 0.389, 1.469, 0.978, 0.994, 0.665, 0.661, 0.256, -0.060, -0.010, 0.439, 0.036, -0.049, 2.425, -0.445, 2.384, 0.532, 2.064, 1.851, -0.265, -0.068, -0.188, 0.007, 0.185, 0.003, 0.026, 0.188, 0.150, -0.076, 0.503, -0.656, -0.483, -0.655, -0.376, -0.526, -0.340, -0.191, -0.165, 1.472, 1.644, 0.890, -0.621, 2.000, 1.751, 1.749, -0.274, -0.120, 1.301, 1.302, 0.626, -0.781, 1.910, 1.536, 1.280, -0.553, -0.096, 1.938, 1.328, 0.933, -0.355, 2.234, 1.676, 1.455, 0.051, 0.012, 1.351, 0.995, 0.588, 0.698, 1.518, 1.119, 1.052, 0.305, -0.204, 1.777, 1.340, 1.244, 0.401, 2.138, 1.690, 1.785, 0.149, -0.216, 1.540, 1.682, 1.509, 0.488, 2.198, 1.785, 1.823, 0.177, 0.627, 0.513, 0.416, 0.369, 0.256, 0.091, -0.187, -0.504, -0.738, -0.282, 0.138, -0.091, -0.107, -0.096, 0.099, -0.023, -0.053, -0.167, -0.062, -0.011, -0.022, 0.011, 0.041, 0.038, 0.031, 0.001, 0.010, 0.037, 0.017, 0.010, -0.063, -0.073, -0.059, -0.049, -0.041, 0.002, -0.028, -0.009, -0.023, 0.569, 0.435, -0.281, -0.792, -0.710, -0.950, -0.327, -1.284, -0.836, -1.063, -0.562, -0.133, -0.483, -0.350, -0.470, -0.043, -0.775, -0.412, -0.526, -0.742, -0.808, -0.948, -0.767, -0.909, -1.181, -0.423, -0.079, -0.666, -0.544, -0.156, -0.041, -0.018, 0.177, -0.308, 0.353, 0.375, 0.029, 0.020, 0.596, 0.086, 0.243, 0.040, 0.431, -0.187, 0.172, 0.201, 0.201, -0.179, -0.684, -0.513, -0.857, -0.334, -1.165, -0.704, -0.745, -0.459, -0.707, 1.018, 0.023, 0.416, 0.349, 1.043, 0.764, 0.600, 0.533, 0.495, 0.269, 0.761, 0.585, 0.367, -0.093, 0.418, 0.298, -0.022, 0.720, 1.408, 1.126, 0.474, 0.727, 0.926, 1.147, 1.357, 0.747]
  f(xk) = 88324.788
  ||gk|| = 1.140E+04
  stop_crit = 2.200E-02
  ||dir|| = 9.150E+00
  alpha = 4.551E-01

Epoch 6.058684002459808:
  xk = [-0.137, -0.354, -0.204, -3.530, -0.663, -1.301, -8.696, -8.946, -8.004, 0.161, 0.143, 0.131, 0.188, 0.106, 0.007, -0.002, 0.025, 0.448, 1.417, 1.107, 1.278, 0.704, 0.638, 0.345, 0.241, -0.194, 0.836, 2.497, 2.126, 2.428, 1.316, 1.508, 0.936, 0.931, -0.114, 0.287, 1.191, 0.870, 1.012, 0.417, 0.520, 0.175, 0.014, -0.123, 0.339, 0.057, 0.127, 1.801, 0.655, 2.090, 0.662, 1.794, 1.939, -0.255, -0.065, -0.203, 0.014, 0.123, 0.049, -0.002, 0.207, 0.168, -0.229, 0.476, -0.522, -0.523, -0.667, -0.453, -0.217, -0.397, -0.274, -0.272, 1.183, 1.462, 1.067, -0.816, 1.806, 1.567, 1.464, -0.568, -0.297, 0.885, 1.125, 0.697, -0.949, 1.599, 1.418, 0.953, -0.908, -0.234, 1.402, 1.052, 0.812, -0.506, 1.953, 1.341, 1.145, -0.300, -0.186, 0.913, 0.700, 0.474, 0.218, 1.268, 0.861, 0.736, -0.028, -0.348, 1.320, 0.991, 1.436, 0.102, 1.889, 1.434, 1.627, 0.023, -0.372, 1.185, 1.414, 1.655, 0.075, 1.959, 1.663, 1.669, -0.231, 0.498, 0.442, 0.372, 0.422, 0.124, -0.410, -0.113, -0.512, -0.559, -0.521, 0.135, -0.018, -0.094, -0.044, 0.188, -0.004, -0.095, -0.135, -0.057, -0.009, -0.015, 0.012, 0.043, 0.036, 0.029, 0.001, 0.011, 0.033, 0.017, -0.008, -0.074, -0.066, -0.063, -0.049, -0.050, -0.009, -0.032, -0.008, -0.022, 0.627, 0.445, -0.203, -0.666, -0.617, -0.922, -0.197, -1.111, -0.782, -1.073, -0.391, -0.057, -0.242, -0.135, -0.349, 0.043, -0.574, -0.285, -0.474, -0.460, -0.824, -1.044, -0.672, -1.033, -1.140, -0.416, -0.000, -0.742, -0.386, -0.168, -0.115, 0.113, -0.008, -0.238, 0.337, 0.462, 0.078, 0.168, 0.474, -0.032, 0.118, -0.004, 0.252, -0.254, 0.045, -0.083, 0.058, -0.203, -0.450, -0.557, -0.624, -0.107, -0.871, -0.614, -0.665, -0.289, -0.709, 0.930, -0.038, 0.640, 0.332, 1.001, 0.719, 0.622, 0.319, 0.483, 0.203, 0.639, 0.596, 0.459, -0.078, 0.308, 0.186, -0.061, 0.585, 1.041, 1.150, 1.236, 0.574, 1.044, 0.989, 0.903, 0.381]
  f(xk) = 87947.263
  ||gk|| = 4.798E+03
  stop_crit = 5.623E-03
  ||dir|| = 5.459E+00
  alpha = 2.339E-01

Epoch 7.058684002459808:
  xk = [-0.240, -0.367, -0.655, -4.172, -0.868, -1.319, -8.676, -9.374, -7.927, 0.166, 0.143, 0.134, 0.186, 0.107, -0.010, 0.001, 0.027, 0.470, 1.424, 1.140, 1.272, 0.710, 0.624, 0.366, 0.303, -0.135, 0.838, 2.542, 2.144, 2.407, 1.303, 1.467, 0.924, 0.962, -0.060, 0.310, 1.191, 0.916, 1.072, 0.441, 0.510, 0.202, 0.063, -0.073, 0.300, -0.172, -0.011, 1.625, 0.730, 2.030, 0.558, 1.919, 2.010, -0.252, -0.053, -0.200, 0.027, 0.112, 0.055, 0.002, 0.201, 0.164, -0.279, 0.529, -0.520, -0.543, -0.676, -0.459, -0.139, -0.428, -0.289, -0.319, 1.066, 1.399, 1.119, -0.734, 1.723, 1.492, 1.385, -0.638, -0.318, 0.793, 1.094, 0.742, -0.839, 1.505, 1.352, 0.896, -0.971, -0.276, 1.327, 0.974, 0.816, -0.417, 1.879, 1.245, 1.055, -0.403, -0.220, 0.806, 0.629, 0.484, 0.375, 1.198, 0.783, 0.695, -0.125, -0.377, 1.209, 0.931, 1.426, 0.211, 1.808, 1.368, 1.567, -0.039, -0.388, 1.094, 1.366, 1.637, 0.201, 1.880, 1.581, 1.641, -0.323, 0.515, 0.440, 0.398, 0.395, 0.213, -0.086, -0.096, -0.512, -0.481, -0.487, 0.139, 0.002, -0.085, -0.060, 0.150, -0.006, -0.115, -0.140, -0.055, -0.007, -0.013, 0.011, 0.043, 0.036, 0.028, 0.002, 0.013, 0.028, 0.015, -0.010, -0.070, -0.058, -0.059, -0.040, -0.044, -0.002, -0.025, -0.002, -0.015, 0.634, 0.444, -0.181, -0.670, -0.614, -0.896, -0.136, -1.044, -0.724, -1.107, -0.381, -0.029, -0.241, -0.113, -0.315, 0.067, -0.518, -0.248, -0.476, -0.384, -0.872, -1.123, -0.696, -1.048, -1.211, -0.448, -0.060, -0.785, -0.419, -0.181, -0.140, 0.117, 0.006, -0.254, 0.322, 0.445, 0.072, 0.186, 0.440, -0.056, 0.091, -0.026, 0.241, -0.290, 0.012, -0.120, 0.002, -0.168, -0.402, -0.516, -0.539, -0.024, -0.778, -0.566, -0.607, -0.264, -0.677, 0.950, -0.092, 0.765, 0.307, 1.024, 0.696, 0.710, 0.310, 0.486, 0.194, 0.613, 0.527, 0.468, -0.095, 0.280, 0.174, -0.073, 0.570, 1.049, 1.117, 1.230, 0.582, 1.006, 0.980, 0.834, 0.311]
  f(xk) = 87917.757
  ||gk|| = 1.107E+03
  stop_crit = 1.991E-03
  ||dir|| = 1.896E+00
  alpha = 2.002E-01

Epoch 8.058684002459808:
  xk = [-0.243, -0.365, -0.415, -4.291, -0.946, -1.324, -8.669, -9.432, -7.948, 0.166, 0.142, 0.132, 0.190, 0.105, -0.013, 0.000, 0.028, 0.474, 1.425, 1.156, 1.278, 0.724, 0.630, 0.370, 0.310, -0.115, 0.837, 2.545, 2.160, 2.423, 1.295, 1.469, 0.919, 0.965, -0.045, 0.316, 1.201, 0.932, 1.088, 0.465, 0.513, 0.210, 0.074, -0.056, 0.296, -0.185, -0.041, 1.674, 0.732, 2.030, 0.550, 1.931, 2.022, -0.253, -0.054, -0.199, 0.025, 0.112, 0.054, 0.004, 0.200, 0.163, -0.282, 0.544, -0.521, -0.521, -0.682, -0.451, -0.124, -0.424, -0.294, -0.330, 1.033, 1.389, 1.143, -0.707, 1.708, 1.466, 1.370, -0.655, -0.315, 0.764, 1.089, 0.762, -0.807, 1.486, 1.331, 0.890, -0.982, -0.285, 1.310, 0.963, 0.829, -0.402, 1.869, 1.225, 1.042, -0.427, -0.221, 0.783, 0.617, 0.495, 0.385, 1.181, 0.760, 0.695, -0.138, -0.385, 1.182, 0.922, 1.424, 0.240, 1.796, 1.347, 1.552, -0.059, -0.386, 1.075, 1.361, 1.652, 0.226, 1.868, 1.557, 1.638, -0.344, 0.519, 0.438, 0.399, 0.390, 0.220, -0.239, -0.084, -0.504, -0.450, -0.471, 0.140, 0.007, -0.083, -0.063, 0.162, -0.004, -0.120, -0.143, -0.054, -0.006, -0.013, 0.011, 0.043, 0.036, 0.028, 0.002, 0.013, 0.027, 0.014, -0.011, -0.069, -0.058, -0.059, -0.039, -0.043, -0.000, -0.025, -0.000, -0.014, 0.636, 0.444, -0.178, -0.675, -0.618, -0.903, -0.134, -1.042, -0.709, -1.111, -0.380, -0.024, -0.248, -0.117, -0.310, 0.058, -0.524, -0.238, -0.481, -0.367, -0.872, -1.120, -0.689, -1.036, -1.202, -0.447, -0.062, -0.775, -0.404, -0.184, -0.135, 0.116, 0.014, -0.253, 0.331, 0.445, 0.081, 0.188, 0.434, -0.058, 0.089, -0.034, 0.238, -0.298, 0.006, -0.118, -0.008, -0.150, -0.399, -0.502, -0.508, -0.014, -0.776, -0.551, -0.586, -0.267, -0.674, 0.907, -0.092, 0.796, 0.301, 1.049, 0.706, 0.737, 0.323, 0.488, 0.202, 0.615, 0.518, 0.456, -0.104, 0.279, 0.173, -0.071, 0.567, 1.045, 1.106, 1.182, 0.585, 0.998, 0.980, 0.829, 0.292]
  f(xk) = 87914.286
  ||gk|| = 5.505E+02
  stop_crit = 8.135E-04
  ||dir|| = 7.212E-01
  alpha = 2.126E-01

Epoch 9.058684002459808:
  xk = [-0.222, -0.364, -0.492, -4.336, -0.955, -1.326, -8.732, -9.461, -7.975, 0.166, 0.143, 0.131, 0.191, 0.105, -0.013, 0.001, 0.029, 0.467, 1.420, 1.157, 1.273, 0.726, 0.627, 0.363, 0.311, -0.122, 0.831, 2.542, 2.162, 2.424, 1.292, 1.467, 0.914, 0.967, -0.054, 0.310, 1.198, 0.933, 1.088, 0.473, 0.509, 0.204, 0.077, -0.060, 0.299, -0.182, -0.050, 1.683, 0.724, 2.028, 0.550, 1.935, 2.081, -0.254, -0.055, -0.199, 0.024, 0.112, 0.054, 0.005, 0.200, 0.164, -0.281, 0.548, -0.523, -0.511, -0.684, -0.450, -0.122, -0.423, -0.295, -0.334, 1.022, 1.388, 1.155, -0.713, 1.701, 1.459, 1.366, -0.659, -0.313, 0.755, 1.091, 0.779, -0.813, 1.480, 1.327, 0.890, -0.982, -0.287, 1.299, 0.964, 0.848, -0.414, 1.864, 1.223, 1.039, -0.431, -0.221, 0.777, 0.618, 0.512, 0.369, 1.175, 0.755, 0.700, -0.139, -0.386, 1.176, 0.925, 1.441, 0.236, 1.792, 1.344, 1.546, -0.065, -0.384, 1.069, 1.365, 1.673, 0.220, 1.863, 1.554, 1.637, -0.348, 0.513, 0.442, 0.401, 0.393, 0.220, -0.214, -0.079, -0.507, -0.442, -0.469, 0.140, 0.008, -0.082, -0.063, 0.167, -0.003, -0.121, -0.144, -0.054, -0.006, -0.013, 0.011, 0.043, 0.036, 0.028, 0.002, 0.013, 0.027, 0.014, -0.011, -0.069, -0.058, -0.059, -0.039, -0.043, -0.000, -0.025, -0.001, -0.014, 0.638, 0.446, -0.177, -0.676, -0.620, -0.910, -0.142, -1.040, -0.708, -1.113, -0.380, -0.022, -0.251, -0.119, -0.308, 0.052, -0.525, -0.238, -0.481, -0.364, -0.872, -1.116, -0.688, -1.036, -1.194, -0.446, -0.061, -0.771, -0.399, -0.186, -0.133, 0.114, 0.015, -0.249, 0.332, 0.444, 0.083, 0.189, 0.434, -0.058, 0.089, -0.036, 0.237, -0.299, 0.007, -0.114, -0.009, -0.143, -0.400, -0.499, -0.505, -0.013, -0.775, -0.552, -0.580, -0.269, -0.677, 0.911, -0.084, 0.804, 0.303, 1.051, 0.709, 0.742, 0.329, 0.490, 0.205, 0.615, 0.516, 0.453, -0.109, 0.279, 0.171, -0.071, 0.566, 1.030, 1.104, 1.178, 0.589, 0.998, 0.979, 0.826, 0.288]
  f(xk) = 87913.802
  ||gk|| = 1.648E+02
  stop_crit = 3.700E-04
  ||dir|| = 2.623E-01
  alpha = 2.849E-01

Epoch 10.058684002459808:
  xk = [-0.212, -0.364, -0.473, -4.354, -0.953, -1.328, -8.749, -9.479, -7.997, 0.166, 0.143, 0.131, 0.192, 0.106, -0.013, 0.000, 0.030, 0.466, 1.420, 1.160, 1.274, 0.729, 0.627, 0.364, 0.315, -0.121, 0.830, 2.543, 2.164, 2.423, 1.296, 1.467, 0.915, 0.970, -0.054, 0.308, 1.198, 0.935, 1.087, 0.480, 0.507, 0.203, 0.080, -0.059, 0.303, -0.175, -0.041, 1.662, 0.733, 2.015, 0.562, 1.928, 2.076, -0.254, -0.055, -0.199, 0.025, 0.111, 0.055, 0.005, 0.200, 0.164, -0.278, 0.548, -0.521, -0.508, -0.688, -0.451, -0.119, -0.419, -0.296, -0.333, 1.020, 1.393, 1.169, -0.715, 1.699, 1.457, 1.369, -0.660, -0.312, 0.750, 1.095, 0.793, -0.816, 1.475, 1.326, 0.893, -0.981, -0.286, 1.295, 0.968, 0.866, -0.420, 1.860, 1.223, 1.043, -0.431, -0.219, 0.777, 0.622, 0.529, 0.369, 1.172, 0.753, 0.705, -0.140, -0.385, 1.176, 0.928, 1.458, 0.234, 1.791, 1.343, 1.548, -0.066, -0.381, 1.070, 1.369, 1.690, 0.216, 1.863, 1.554, 1.639, -0.347, 0.508, 0.443, 0.401, 0.391, 0.222, -0.217, -0.078, -0.509, -0.441, -0.467, 0.139, 0.008, -0.082, -0.064, 0.163, -0.003, -0.122, -0.146, -0.054, -0.006, -0.012, 0.011, 0.043, 0.036, 0.028, 0.002, 0.013, 0.027, 0.014, -0.011, -0.069, -0.058, -0.059, -0.039, -0.043, -0.000, -0.025, -0.001, -0.014, 0.640, 0.447, -0.178, -0.677, -0.621, -0.914, -0.147, -1.040, -0.709, -1.113, -0.380, -0.021, -0.251, -0.118, -0.307, 0.048, -0.525, -0.238, -0.482, -0.361, -0.872, -1.115, -0.688, -1.037, -1.193, -0.448, -0.061, -0.770, -0.396, -0.186, -0.135, 0.115, 0.014, -0.251, 0.331, 0.445, 0.086, 0.189, 0.435, -0.058, 0.088, -0.037, 0.237, -0.297, 0.008, -0.115, -0.009, -0.144, -0.401, -0.503, -0.509, -0.015, -0.775, -0.554, -0.580, -0.269, -0.681, 0.914, -0.091, 0.804, 0.305, 1.047, 0.709, 0.741, 0.326, 0.491, 0.205, 0.615, 0.514, 0.457, -0.109, 0.279, 0.169, -0.071, 0.564, 1.025, 1.103, 1.185, 0.587, 1.001, 0.976, 0.823, 0.287]
  f(xk) = 87913.694
  ||gk|| = 1.027E+02
  stop_crit = 2.433E-04
  ||dir|| = 1.388E-01
  alpha = 3.156E-01

Epoch 11.058684002459808:
  xk = [-0.213, -0.363, -0.471, -4.360, -0.952, -1.329, -8.736, -9.461, -8.014, 0.166, 0.142, 0.131, 0.192, 0.106, -0.013, 0.000, 0.030, 0.467, 1.421, 1.161, 1.276, 0.729, 0.628, 0.365, 0.316, -0.120, 0.831, 2.545, 2.165, 2.423, 1.297, 1.468, 0.916, 0.970, -0.053, 0.309, 1.198, 0.935, 1.086, 0.479, 0.508, 0.204, 0.081, -0.059, 0.305, -0.171, -0.035, 1.664, 0.740, 2.012, 0.564, 1.927, 2.082, -0.254, -0.055, -0.199, 0.025, 0.111, 0.055, 0.005, 0.201, 0.165, -0.278, 0.547, -0.520, -0.510, -0.689, -0.452, -0.119, -0.419, -0.296, -0.333, 1.021, 1.395, 1.179, -0.712, 1.697, 1.456, 1.372, -0.661, -0.313, 0.750, 1.097, 0.802, -0.815, 1.472, 1.325, 0.895, -0.982, -0.286, 1.296, 0.970, 0.876, -0.418, 1.857, 1.222, 1.045, -0.432, -0.220, 0.777, 0.624, 0.539, 0.370, 1.170, 0.752, 0.707, -0.142, -0.385, 1.176, 0.930, 1.467, 0.237, 1.789, 1.341, 1.551, -0.066, -0.382, 1.070, 1.371, 1.699, 0.218, 1.861, 1.553, 1.642, -0.348, 0.508, 0.442, 0.399, 0.389, 0.220, -0.227, -0.079, -0.510, -0.441, -0.467, 0.139, 0.008, -0.082, -0.064, 0.166, -0.003, -0.122, -0.146, -0.054, -0.006, -0.012, 0.011, 0.043, 0.036, 0.028, 0.002, 0.013, 0.027, 0.014, -0.011, -0.069, -0.058, -0.059, -0.039, -0.043, -0.000, -0.025, -0.001, -0.014, 0.640, 0.449, -0.179, -0.677, -0.621, -0.915, -0.147, -1.040, -0.710, -1.112, -0.380, -0.021, -0.250, -0.118, -0.307, 0.048, -0.524, -0.238, -0.483, -0.361, -0.872, -1.117, -0.689, -1.037, -1.195, -0.449, -0.062, -0.771, -0.397, -0.186, -0.136, 0.116, 0.014, -0.251, 0.331, 0.445, 0.086, 0.190, 0.435, -0.058, 0.087, -0.037, 0.236, -0.297, 0.008, -0.116, -0.009, -0.145, -0.402, -0.505, -0.512, -0.016, -0.776, -0.555, -0.581, -0.268, -0.682, 0.909, -0.089, 0.804, 0.305, 1.047, 0.708, 0.740, 0.324, 0.491, 0.204, 0.615, 0.514, 0.459, -0.109, 0.279, 0.169, -0.071, 0.563, 1.027, 1.103, 1.182, 0.586, 1.001, 0.976, 0.822, 0.286]
  f(xk) = 87913.667
  ||gk|| = 5.750E+01
  stop_crit = 1.094E-04
  ||dir|| = 1.050E-01
  alpha = 3.350E-01

Epoch 12.058684002459808:
  xk = [-0.216, -0.363, -0.466, -4.369, -0.951, -1.329, -8.722, -9.439, -8.025, 0.166, 0.142, 0.131, 0.192, 0.106, -0.013, 0.000, 0.030, 0.467, 1.421, 1.160, 1.276, 0.727, 0.627, 0.364, 0.316, -0.120, 0.830, 2.544, 2.164, 2.424, 1.295, 1.467, 0.915, 0.970, -0.054, 0.308, 1.198, 0.935, 1.086, 0.477, 0.507, 0.204, 0.080, -0.060, 0.307, -0.168, -0.033, 1.672, 0.743, 2.014, 0.565, 1.930, 2.084, -0.254, -0.055, -0.199, 0.025, 0.111, 0.055, 0.005, 0.200, 0.165, -0.278, 0.547, -0.520, -0.511, -0.688, -0.452, -0.119, -0.420, -0.297, -0.333, 1.021, 1.396, 1.184, -0.711, 1.696, 1.456, 1.372, -0.663, -0.313, 0.750, 1.097, 0.807, -0.815, 1.470, 1.325, 0.895, -0.983, -0.286, 1.295, 0.971, 0.880, -0.417, 1.856, 1.221, 1.046, -0.433, -0.220, 0.776, 0.625, 0.543, 0.369, 1.168, 0.751, 0.707, -0.143, -0.385, 1.175, 0.931, 1.472, 0.237, 1.787, 1.341, 1.552, -0.067, -0.382, 1.070, 1.371, 1.704, 0.218, 1.859, 1.552, 1.643, -0.349, 0.508, 0.441, 0.398, 0.388, 0.219, -0.226, -0.079, -0.510, -0.440, -0.468, 0.139, 0.008, -0.082, -0.063, 0.165, -0.003, -0.122, -0.146, -0.054, -0.006, -0.012, 0.011, 0.043, 0.036, 0.028, 0.002, 0.013, 0.027, 0.014, -0.011, -0.069, -0.058, -0.059, -0.039, -0.043, -0.000, -0.025, -0.001, -0.014, 0.641, 0.449, -0.178, -0.676, -0.621, -0.914, -0.146, -1.040, -0.709, -1.112, -0.379, -0.021, -0.249, -0.117, -0.306, 0.049, -0.524, -0.237, -0.482, -0.361, -0.872, -1.117, -0.688, -1.038, -1.195, -0.448, -0.062, -0.771, -0.397, -0.185, -0.136, 0.116, 0.013, -0.250, 0.331, 0.445, 0.086, 0.190, 0.434, -0.058, 0.087, -0.036, 0.236, -0.297, 0.008, -0.116, -0.009, -0.145, -0.401, -0.504, -0.511, -0.016, -0.775, -0.554, -0.581, -0.268, -0.682, 0.908, -0.090, 0.804, 0.305, 1.047, 0.707, 0.740, 0.324, 0.491, 0.204, 0.615, 0.515, 0.458, -0.108, 0.279, 0.169, -0.071, 0.563, 1.026, 1.103, 1.182, 0.585, 1.001, 0.976, 0.822, 0.286]
  f(xk) = 87913.659
  ||gk|| = 3.432E+01
  stop_crit = 4.287E-05
  ||dir|| = 3.682E-02
  alpha = 2.982E-01

Epoch 13.058684002459808:
  xk = [-0.217, -0.363, -0.464, -4.372, -0.951, -1.329, -8.719, -9.440, -8.030, 0.166, 0.142, 0.131, 0.192, 0.106, -0.013, 0.000, 0.030, 0.467, 1.421, 1.160, 1.276, 0.727, 0.627, 0.364, 0.316, -0.120, 0.831, 2.544, 2.165, 2.425, 1.295, 1.467, 0.915, 0.970, -0.053, 0.309, 1.198, 0.935, 1.087, 0.477, 0.508, 0.204, 0.080, -0.060, 0.307, -0.169, -0.033, 1.670, 0.744, 2.017, 0.566, 1.931, 2.082, -0.254, -0.055, -0.199, 0.025, 0.111, 0.055, 0.005, 0.200, 0.165, -0.279, 0.547, -0.520, -0.511, -0.688, -0.452, -0.119, -0.420, -0.297, -0.333, 1.021, 1.396, 1.185, -0.713, 1.695, 1.456, 1.372, -0.663, -0.313, 0.750, 1.097, 0.808, -0.816, 1.469, 1.324, 0.895, -0.983, -0.286, 1.295, 0.970, 0.880, -0.418, 1.855, 1.220, 1.045, -0.433, -0.220, 0.776, 0.625, 0.544, 0.368, 1.167, 0.751, 0.707, -0.143, -0.385, 1.175, 0.930, 1.473, 0.236, 1.786, 1.340, 1.552, -0.066, -0.382, 1.070, 1.371, 1.705, 0.217, 1.858, 1.552, 1.642, -0.349, 0.508, 0.441, 0.398, 0.388, 0.220, -0.229, -0.079, -0.509, -0.440, -0.468, 0.139, 0.008, -0.082, -0.063, 0.165, -0.003, -0.122, -0.146, -0.054, -0.006, -0.012, 0.011, 0.043, 0.036, 0.028, 0.002, 0.013, 0.027, 0.014, -0.011, -0.069, -0.058, -0.059, -0.039, -0.043, -0.000, -0.025, -0.001, -0.014, 0.641, 0.449, -0.178, -0.676, -0.621, -0.914, -0.145, -1.040, -0.709, -1.112, -0.379, -0.021, -0.249, -0.117, -0.307, 0.049, -0.524, -0.237, -0.482, -0.361, -0.872, -1.116, -0.688, -1.038, -1.195, -0.448, -0.062, -0.771, -0.397, -0.186, -0.136, 0.116, 0.013, -0.251, 0.331, 0.446, 0.086, 0.190, 0.434, -0.058, 0.087, -0.036, 0.236, -0.297, 0.008, -0.116, -0.009, -0.145, -0.401, -0.504, -0.511, -0.015, -0.775, -0.554, -0.581, -0.268, -0.682, 0.909, -0.089, 0.804, 0.305, 1.048, 0.708, 0.741, 0.325, 0.491, 0.205, 0.615, 0.515, 0.458, -0.108, 0.279, 0.170, -0.071, 0.563, 1.026, 1.103, 1.183, 0.585, 1.001, 0.976, 0.822, 0.286]
  f(xk) = 87913.657
  ||gk|| = 1.140E+01
  stop_crit = 2.847E-05
  ||dir|| = 1.618E-02
  alpha = 3.017E-01

Epoch 14.058684002459808:
  xk = [-0.216, -0.363, -0.464, -4.372, -0.951, -1.329, -8.718, -9.443, -8.030, 0.166, 0.142, 0.131, 0.192, 0.106, -0.013, 0.000, 0.030, 0.467, 1.421, 1.160, 1.276, 0.727, 0.627, 0.364, 0.316, -0.121, 0.830, 2.544, 2.164, 2.425, 1.296, 1.467, 0.915, 0.970, -0.054, 0.309, 1.198, 0.935, 1.087, 0.477, 0.508, 0.204, 0.080, -0.060, 0.307, -0.169, -0.034, 1.670, 0.743, 2.017, 0.566, 1.931, 2.081, -0.254, -0.055, -0.199, 0.025, 0.111, 0.055, 0.005, 0.200, 0.165, -0.279, 0.547, -0.520, -0.511, -0.688, -0.452, -0.119, -0.420, -0.297, -0.333, 1.020, 1.395, 1.185, -0.713, 1.694, 1.455, 1.371, -0.663, -0.313, 0.749, 1.097, 0.808, -0.816, 1.469, 1.324, 0.894, -0.984, -0.286, 1.295, 0.970, 0.880, -0.418, 1.854, 1.220, 1.045, -0.433, -0.220, 0.776, 0.624, 0.543, 0.368, 1.166, 0.750, 0.706, -0.143, -0.386, 1.174, 0.930, 1.473, 0.235, 1.785, 1.340, 1.551, -0.066, -0.383, 1.069, 1.371, 1.705, 0.217, 1.857, 1.552, 1.642, -0.349, 0.508, 0.441, 0.399, 0.388, 0.220, -0.228, -0.079, -0.509, -0.440, -0.468, 0.139, 0.008, -0.082, -0.063, 0.165, -0.003, -0.122, -0.146, -0.054, -0.006, -0.012, 0.011, 0.043, 0.036, 0.028, 0.002, 0.013, 0.027, 0.014, -0.011, -0.069, -0.058, -0.059, -0.039, -0.043, -0.000, -0.025, -0.001, -0.014, 0.641, 0.450, -0.178, -0.676, -0.621, -0.914, -0.146, -1.040, -0.709, -1.113, -0.379, -0.021, -0.249, -0.117, -0.307, 0.049, -0.524, -0.237, -0.482, -0.361, -0.872, -1.117, -0.688, -1.038, -1.195, -0.448, -0.062, -0.771, -0.397, -0.186, -0.136, 0.116, 0.013, -0.251, 0.331, 0.446, 0.086, 0.190, 0.434, -0.058, 0.087, -0.037, 0.236, -0.297, 0.008, -0.116, -0.009, -0.145, -0.401, -0.504, -0.510, -0.015, -0.775, -0.554, -0.581, -0.268, -0.682, 0.909, -0.089, 0.804, 0.305, 1.048, 0.708, 0.741, 0.325, 0.491, 0.205, 0.615, 0.515, 0.458, -0.108, 0.279, 0.170, -0.071, 0.563, 1.026, 1.103, 1.183, 0.586, 1.001, 0.976, 0.822, 0.286]
  f(xk) = 87913.657
  ||gk|| = 6.106E+00
  stop_crit = 5.879E-06
  ||dir|| = 5.308E-03
  alpha = 3.262E-01

Epoch 15.058684002459808:
  xk = [-0.216, -0.363, -0.463, -4.371, -0.951, -1.329, -8.718, -9.444, -8.030, 0.166, 0.142, 0.131, 0.192, 0.106, -0.013, 0.000, 0.030, 0.467, 1.421, 1.160, 1.276, 0.727, 0.627, 0.364, 0.316, -0.121, 0.830, 2.544, 2.164, 2.425, 1.296, 1.467, 0.915, 0.970, -0.054, 0.309, 1.197, 0.935, 1.087, 0.478, 0.508, 0.204, 0.080, -0.060, 0.307, -0.169, -0.034, 1.671, 0.743, 2.017, 0.566, 1.930, 2.081, -0.254, -0.055, -0.199, 0.025, 0.111, 0.055, 0.005, 0.200, 0.165, -0.279, 0.547, -0.520, -0.511, -0.688, -0.452, -0.119, -0.420, -0.297, -0.333, 1.020, 1.395, 1.184, -0.713, 1.694, 1.455, 1.371, -0.663, -0.313, 0.749, 1.096, 0.808, -0.816, 1.469, 1.324, 0.894, -0.984, -0.286, 1.295, 0.970, 0.880, -0.418, 1.854, 1.220, 1.045, -0.433, -0.220, 0.776, 0.624, 0.543, 0.368, 1.166, 0.750, 0.706, -0.143, -0.386, 1.174, 0.930, 1.473, 0.236, 1.785, 1.340, 1.551, -0.067, -0.383, 1.069, 1.371, 1.705, 0.217, 1.857, 1.552, 1.642, -0.349, 0.508, 0.441, 0.399, 0.388, 0.220, -0.229, -0.079, -0.509, -0.440, -0.468, 0.139, 0.008, -0.082, -0.063, 0.165, -0.003, -0.122, -0.146, -0.054, -0.006, -0.012, 0.011, 0.043, 0.036, 0.028, 0.002, 0.013, 0.027, 0.014, -0.011, -0.069, -0.058, -0.059, -0.039, -0.043, -0.000, -0.025, -0.001, -0.014, 0.641, 0.449, -0.178, -0.676, -0.621, -0.914, -0.146, -1.040, -0.709, -1.113, -0.379, -0.021, -0.249, -0.117, -0.307, 0.049, -0.524, -0.237, -0.482, -0.361, -0.872, -1.117, -0.688, -1.038, -1.194, -0.448, -0.062, -0.771, -0.397, -0.186, -0.136, 0.116, 0.013, -0.251, 0.331, 0.446, 0.086, 0.190, 0.434, -0.058, 0.087, -0.037, 0.236, -0.297, 0.008, -0.116, -0.009, -0.145, -0.401, -0.504, -0.510, -0.015, -0.775, -0.554, -0.581, -0.268, -0.682, 0.909, -0.089, 0.804, 0.305, 1.048, 0.708, 0.741, 0.325, 0.491, 0.205, 0.615, 0.515, 0.458, -0.108, 0.279, 0.169, -0.071, 0.563, 1.026, 1.103, 1.183, 0.586, 1.001, 0.976, 0.822, 0.286]
  f(xk) = 87913.657
  ||gk|| = 2.005E+00
  stop_crit = 2.369E-06
  ||dir|| = 2.270E-03
  alpha = 3.764E-01

Epoch 16.058684002459806:
  xk = [-0.216, -0.363, -0.463, -4.371, -0.951, -1.329, -8.718, -9.444, -8.030, 0.166, 0.142, 0.131, 0.192, 0.106, -0.013, 0.000, 0.030, 0.467, 1.421, 1.160, 1.276, 0.727, 0.627, 0.364, 0.316, -0.121, 0.830, 2.544, 2.164, 2.425, 1.296, 1.467, 0.915, 0.970, -0.054, 0.309, 1.197, 0.935, 1.087, 0.478, 0.508, 0.204, 0.080, -0.060, 0.307, -0.169, -0.034, 1.670, 0.744, 2.017, 0.566, 1.930, 2.081, -0.254, -0.055, -0.199, 0.025, 0.111, 0.055, 0.005, 0.200, 0.165, -0.279, 0.547, -0.520, -0.511, -0.688, -0.452, -0.119, -0.420, -0.297, -0.333, 1.020, 1.395, 1.184, -0.713, 1.694, 1.455, 1.371, -0.663, -0.313, 0.749, 1.096, 0.807, -0.816, 1.468, 1.324, 0.894, -0.984, -0.286, 1.295, 0.970, 0.880, -0.418, 1.854, 1.220, 1.045, -0.433, -0.220, 0.776, 0.624, 0.543, 0.368, 1.166, 0.751, 0.706, -0.143, -0.386, 1.174, 0.930, 1.473, 0.235, 1.785, 1.340, 1.551, -0.067, -0.383, 1.069, 1.371, 1.705, 0.217, 1.857, 1.552, 1.642, -0.349, 0.508, 0.441, 0.399, 0.388, 0.220, -0.229, -0.079, -0.509, -0.440, -0.468, 0.139, 0.008, -0.082, -0.063, 0.165, -0.003, -0.122, -0.146, -0.054, -0.006, -0.012, 0.011, 0.043, 0.036, 0.028, 0.002, 0.013, 0.027, 0.014, -0.011, -0.069, -0.058, -0.059, -0.039, -0.043, -0.000, -0.025, -0.001, -0.014, 0.641, 0.449, -0.178, -0.676, -0.621, -0.914, -0.146, -1.040, -0.709, -1.113, -0.379, -0.021, -0.249, -0.117, -0.307, 0.049, -0.524, -0.237, -0.482, -0.361, -0.872, -1.117, -0.688, -1.038, -1.194, -0.448, -0.062, -0.771, -0.397, -0.186, -0.136, 0.116, 0.013, -0.251, 0.331, 0.446, 0.086, 0.190, 0.434, -0.058, 0.087, -0.037, 0.236, -0.297, 0.008, -0.116, -0.009, -0.145, -0.401, -0.504, -0.511, -0.015, -0.775, -0.554, -0.581, -0.268, -0.682, 0.909, -0.089, 0.804, 0.305, 1.048, 0.708, 0.741, 0.325, 0.491, 0.205, 0.615, 0.515, 0.458, -0.108, 0.279, 0.169, -0.071, 0.563, 1.026, 1.103, 1.183, 0.586, 1.001, 0.976, 0.822, 0.285]
  f(xk) = 87913.657
  ||gk|| = 9.091E-01
  stop_crit = 1.290E-06
  ||dir|| = 1.393E-03
  alpha = 3.418E-01

Epoch 17.058684002459806:
  xk = [-0.216, -0.363, -0.463, -4.371, -0.951, -1.329, -8.718, -9.443, -8.030, 0.166, 0.142, 0.131, 0.192, 0.106, -0.013, 0.000, 0.030, 0.467, 1.421, 1.160, 1.276, 0.727, 0.627, 0.364, 0.316, -0.121, 0.830, 2.544, 2.164, 2.425, 1.296, 1.467, 0.915, 0.970, -0.054, 0.309, 1.197, 0.935, 1.087, 0.477, 0.508, 0.204, 0.080, -0.060, 0.307, -0.169, -0.034, 1.670, 0.743, 2.017, 0.566, 1.930, 2.081, -0.254, -0.055, -0.199, 0.025, 0.111, 0.055, 0.005, 0.200, 0.165, -0.279, 0.547, -0.520, -0.511, -0.688, -0.452, -0.119, -0.420, -0.297, -0.333, 1.020, 1.395, 1.184, -0.713, 1.693, 1.455, 1.371, -0.663, -0.313, 0.749, 1.096, 0.807, -0.816, 1.468, 1.324, 0.894, -0.984, -0.286, 1.295, 0.970, 0.880, -0.418, 1.854, 1.220, 1.045, -0.433, -0.220, 0.776, 0.624, 0.543, 0.368, 1.166, 0.751, 0.706, -0.143, -0.386, 1.174, 0.930, 1.473, 0.235, 1.785, 1.340, 1.551, -0.067, -0.383, 1.069, 1.371, 1.705, 0.217, 1.857, 1.552, 1.642, -0.349, 0.508, 0.441, 0.399, 0.388, 0.220, -0.229, -0.079, -0.509, -0.440, -0.468, 0.139, 0.008, -0.082, -0.063, 0.165, -0.003, -0.122, -0.146, -0.054, -0.006, -0.012, 0.011, 0.043, 0.036, 0.028, 0.002, 0.013, 0.027, 0.014, -0.011, -0.069, -0.058, -0.059, -0.039, -0.043, -0.000, -0.025, -0.001, -0.014, 0.641, 0.449, -0.178, -0.676, -0.621, -0.914, -0.146, -1.040, -0.709, -1.113, -0.379, -0.021, -0.249, -0.117, -0.307, 0.049, -0.524, -0.237, -0.482, -0.361, -0.872, -1.117, -0.688, -1.038, -1.194, -0.448, -0.062, -0.771, -0.397, -0.186, -0.136, 0.116, 0.013, -0.251, 0.331, 0.446, 0.086, 0.190, 0.434, -0.058, 0.087, -0.037, 0.236, -0.297, 0.008, -0.116, -0.009, -0.145, -0.401, -0.504, -0.511, -0.015, -0.775, -0.554, -0.581, -0.268, -0.682, 0.909, -0.089, 0.804, 0.305, 1.048, 0.708, 0.741, 0.325, 0.491, 0.205, 0.615, 0.515, 0.458, -0.108, 0.279, 0.169, -0.071, 0.563, 1.026, 1.103, 1.183, 0.586, 1.001, 0.976, 0.822, 0.285]
  f(xk) = 87913.657
  ||gk|| = 4.317E-01
  stop_crit = 1.407E-06
  ||dir|| = 3.685E-04
  alpha = 3.274E-01

Algorithm Optimized!
  x* = [-0.216, -0.363, -0.463, -4.371, -0.951, -1.329, -8.718, -9.443, -8.030, 0.166, 0.142, 0.131, 0.192, 0.106, -0.013, 0.000, 0.030, 0.467, 1.421, 1.160, 1.276, 0.727, 0.627, 0.364, 0.316, -0.121, 0.830, 2.544, 2.164, 2.425, 1.296, 1.467, 0.915, 0.970, -0.054, 0.309, 1.197, 0.935, 1.087, 0.477, 0.508, 0.204, 0.080, -0.060, 0.307, -0.169, -0.034, 1.670, 0.743, 2.017, 0.566, 1.930, 2.081, -0.254, -0.055, -0.199, 0.025, 0.111, 0.055, 0.005, 0.200, 0.165, -0.279, 0.547, -0.520, -0.511, -0.688, -0.452, -0.119, -0.420, -0.297, -0.333, 1.020, 1.395, 1.184, -0.713, 1.693, 1.455, 1.371, -0.663, -0.313, 0.749, 1.096, 0.807, -0.816, 1.468, 1.324, 0.894, -0.984, -0.286, 1.295, 0.970, 0.880, -0.418, 1.854, 1.220, 1.045, -0.433, -0.220, 0.776, 0.624, 0.543, 0.368, 1.166, 0.751, 0.706, -0.143, -0.386, 1.174, 0.930, 1.473, 0.235, 1.785, 1.340, 1.551, -0.067, -0.383, 1.069, 1.371, 1.705, 0.217, 1.857, 1.552, 1.642, -0.349, 0.508, 0.441, 0.399, 0.388, 0.220, -0.229, -0.079, -0.509, -0.440, -0.468, 0.139, 0.008, -0.082, -0.063, 0.165, -0.003, -0.122, -0.146, -0.054, -0.006, -0.012, 0.011, 0.043, 0.036, 0.028, 0.002, 0.013, 0.027, 0.014, -0.011, -0.069, -0.058, -0.059, -0.039, -0.043, -0.000, -0.025, -0.001, -0.014, 0.641, 0.449, -0.178, -0.676, -0.621, -0.914, -0.146, -1.040, -0.709, -1.113, -0.379, -0.021, -0.249, -0.117, -0.307, 0.049, -0.524, -0.237, -0.482, -0.361, -0.872, -1.117, -0.688, -1.038, -1.194, -0.448, -0.062, -0.771, -0.397, -0.186, -0.136, 0.116, 0.013, -0.251, 0.331, 0.446, 0.086, 0.190, 0.434, -0.058, 0.087, -0.037, 0.236, -0.297, 0.008, -0.116, -0.009, -0.145, -0.401, -0.504, -0.510, -0.015, -0.775, -0.554, -0.581, -0.268, -0.682, 0.909, -0.089, 0.804, 0.305, 1.048, 0.708, 0.741, 0.325, 0.491, 0.205, 0.615, 0.515, 0.458, -0.108, 0.279, 0.169, -0.071, 0.563, 1.026, 1.103, 1.183, 0.586, 1.001, 0.976, 0.822, 0.285]
  f(x*) = 87913.657
Finished at lun aoû 12 23:29:32 CEST 2019
