Optimizing LPMC_MNL_Full_S with best algo at mer aoû 14 16:40:09 CEST 2019
Maximizing the problem using a Line Search ABS IOA with the Hybrid direction.
Epoch 0:
  xk = [0.000, 0.000, 0.000, 0.000, 0.000, 0.000, 0.000, 0.000, 0.000, 0.000, 0.000, 0.000, 0.000, 0.000, 0.000, 0.000, 0.000, 0.000, 0.000, 0.000, 0.000, 0.000, 0.000, 0.000, 0.000, 0.000, 0.000, 0.000, 0.000, 0.000, 0.000, 0.000, 0.000, 0.000, 0.000, 0.000, 0.000, 0.000, 0.000, 0.000, 0.000, 0.000, 0.000, 0.000, 0.000, 0.000, 0.000, 0.000, 0.000, 0.000, 0.000, 0.000, 0.000, 0.000, 0.000, 0.000, 0.000, 0.000, 0.000, 0.000, 0.000, 0.000, 0.000, 0.000, 0.000, 0.000, 0.000, 0.000, 0.000, 0.000, 0.000, 0.000, 0.000, 0.000, 0.000, 0.000, 0.000, 0.000, 0.000, 0.000, 0.000, 0.000, 0.000, 0.000, 0.000, 0.000, 0.000, 0.000, 0.000, 0.000, 0.000, 0.000, 0.000, 0.000, 0.000, 0.000, 0.000, 0.000, 0.000, 0.000]
  f(xk) = 1386.294
  ||gk|| = 3.043E+03
  stop_crit = 0.000E+00
  ||dir|| = 2.027E-01
  alpha = 1.000E+00

Epoch 0.03639275056408763:
  xk = [-0.015, -0.000, 0.013, -0.000, 0.007, -0.008, 0.007, -0.002, -0.001, -0.000, 0.006, -0.003, -0.002, 0.000, 0.001, 0.001, 0.002, 0.001, -0.000, 0.001, 0.001, -0.000, -0.000, -0.005, 0.006, -0.001, 0.013, -0.012, -0.047, -0.010, 0.005, 0.061, -0.007, 0.016, 0.034, 0.024, -0.008, -0.000, 0.003, -0.000, 0.001, 0.005, -0.119, 0.015, 0.116, -0.015, -0.012, 0.004, 0.058, -0.003, 0.001, 0.004, -0.000, -0.001, 0.001, 0.000, 0.000, 0.001, 0.000, -0.000, -0.000, 0.001, -0.002, 0.007, 0.002, -0.001, -0.002, -0.000, 0.001, -0.001, 0.000, 0.000, -0.000, -0.001, 0.000, 0.001, 0.000, 0.000, -0.000, 0.001, 0.000, 0.000, 0.002, 0.000, 0.002, -0.001, 0.000, 0.000, 0.000, 0.002, -0.004, -0.011, 0.002, -0.000, 0.001, -0.001, 0.004, 0.001, -0.002, 0.003]
  f(xk) = 1033.709
  ||gk|| = 9.850E+02
  stop_crit = 4.082E-02
  ||dir|| = 2.043E-01
  alpha = 1.000E+00
  Curr. impr.: 1.70E+01
  # times under thresh: 0

Epoch 0.07278550112817526:
  xk = [-0.025, 0.001, 0.019, -0.002, 0.015, -0.011, 0.014, -0.007, -0.005, 0.001, 0.012, -0.007, -0.003, 0.002, -0.001, -0.000, 0.005, 0.001, -0.001, 0.003, 0.003, -0.000, -0.001, -0.059, 0.009, -0.004, 0.026, -0.026, -0.054, -0.016, 0.027, 0.026, -0.024, 0.046, 0.134, 0.070, -0.015, 0.002, 0.006, -0.001, 0.003, 0.011, -0.193, 0.068, 0.190, -0.056, -0.040, 0.014, 0.133, -0.004, 0.004, 0.005, -0.000, -0.001, 0.001, 0.000, 0.001, 0.001, 0.000, -0.002, -0.001, 0.002, -0.004, 0.015, 0.006, -0.001, -0.002, 0.000, -0.002, -0.003, 0.000, 0.001, -0.000, -0.002, 0.000, 0.002, 0.001, -0.000, -0.001, 0.004, 0.001, 0.001, -0.001, 0.001, 0.003, -0.004, 0.001, 0.001, 0.000, 0.008, -0.018, -0.026, 0.003, -0.001, -0.002, -0.005, 0.001, 0.003, -0.003, 0.007]
  f(xk) = 923.811
  ||gk|| = 4.089E+02
  stop_crit = 5.493E-02
  ||dir|| = 9.001E-01
  alpha = 1.000E+00
  Curr. impr.: 9.88E+00
  # times under thresh: 0

Epoch 0.10917825169226289:
  xk = [-0.050, -0.059, -0.044, -0.055, -0.068, 0.046, 0.021, -0.045, -0.038, -0.037, -0.078, -0.042, 0.009, -0.047, -0.059, -0.031, -0.052, -0.027, -0.009, 0.039, 0.071, -0.007, -0.025, -0.213, -0.012, -0.024, -0.092, 0.005, 0.133, -0.103, 0.247, 0.227, 0.128, 0.272, 0.375, 0.424, -0.068, -0.026, 0.046, -0.056, 0.067, 0.003, -0.291, -0.040, 0.164, -0.241, -0.301, -0.106, -0.081, -0.022, 0.083, -0.038, -0.043, 0.005, 0.021, 0.010, -0.001, -0.014, -0.043, -0.028, -0.006, -0.022, 0.031, -0.005, 0.039, -0.003, 0.015, -0.020, -0.037, -0.031, 0.011, 0.021, -0.006, -0.052, -0.010, 0.002, -0.007, -0.001, -0.030, 0.053, -0.023, -0.001, -0.005, 0.006, -0.020, -0.009, -0.005, 0.004, -0.002, 0.053, -0.229, -0.170, -0.046, -0.036, -0.054, -0.143, -0.098, 0.055, -0.016, 0.030]
  f(xk) = 840.812
  ||gk|| = 3.352E+02
  stop_crit = 6.210E-02
  ||dir|| = 3.049E-01
  alpha = 1.000E+00
  Curr. impr.: 7.58E+00
  # times under thresh: 0

Epoch 0.14557100225635053:
  xk = [-0.043, -0.048, -0.057, -0.068, -0.072, 0.060, 0.050, -0.048, -0.036, -0.034, -0.088, -0.044, 0.007, -0.041, -0.073, -0.024, -0.067, -0.026, -0.010, 0.056, 0.078, -0.009, -0.041, -0.303, 0.021, -0.025, -0.072, -0.005, 0.184, -0.068, 0.244, 0.349, 0.193, 0.431, 0.423, 0.414, -0.083, -0.014, 0.042, -0.047, 0.067, 0.021, -0.215, 0.040, 0.117, -0.192, -0.293, -0.121, -0.046, -0.016, 0.096, -0.019, -0.052, 0.010, 0.024, 0.013, 0.010, -0.012, -0.054, -0.033, -0.007, -0.008, 0.035, -0.005, 0.035, -0.005, 0.020, -0.023, -0.044, -0.031, 0.012, 0.020, -0.003, -0.061, -0.014, -0.003, -0.005, 0.004, -0.039, 0.053, -0.022, -0.000, -0.018, 0.004, -0.012, -0.006, -0.005, 0.004, -0.002, 0.065, -0.287, -0.224, -0.046, -0.039, -0.081, -0.151, -0.132, 0.070, -0.005, 0.047]
  f(xk) = 849.462
  ||gk|| = 3.458E+02
  stop_crit = 1.131E-01
  ||dir|| = 5.473E-01
  alpha = 1.000E+00
  Curr. impr.: 3.80E+00
  # times under thresh: 0

Epoch 0.18196375282043817:
  xk = [-0.060, -0.079, -0.025, -0.090, -0.085, 0.084, 0.090, -0.067, -0.012, -0.031, -0.091, -0.050, 0.001, -0.044, -0.111, -0.005, -0.052, -0.041, -0.010, 0.097, 0.122, -0.009, -0.058, -0.096, 0.048, 0.006, -0.102, -0.000, 0.335, -0.095, 0.429, 0.348, 0.229, 0.415, 0.533, 0.573, -0.124, -0.011, 0.053, -0.082, 0.078, 0.067, -0.274, -0.100, 0.122, -0.196, 0.000, -0.160, -0.038, -0.013, 0.141, -0.026, -0.049, 0.017, 0.029, 0.015, 0.015, -0.016, -0.076, -0.045, -0.015, 0.034, 0.033, 0.009, 0.031, 0.002, 0.035, -0.045, -0.077, -0.037, 0.012, 0.019, -0.001, -0.105, -0.015, -0.002, -0.007, 0.004, -0.052, 0.075, -0.033, -0.003, -0.045, 0.009, -0.004, 0.005, -0.007, 0.002, -0.002, 0.077, -0.368, -0.287, -0.039, -0.056, -0.100, -0.199, -0.178, 0.121, -0.001, 0.038]
  f(xk) = 844.599
  ||gk|| = 3.261E+02
  stop_crit = 4.862E-02
  ||dir|| = 3.095E-01
  alpha = 1.010E-01
  Curr. impr.: 2.41E+00
  # times under thresh: 0

Epoch 0.2183565033845258:
  xk = [-0.060, -0.077, -0.028, -0.090, -0.086, 0.084, 0.090, -0.066, -0.015, -0.031, -0.093, -0.050, 0.001, -0.044, -0.111, -0.006, -0.054, -0.041, -0.010, 0.098, 0.123, -0.009, -0.059, -0.107, 0.049, 0.005, -0.104, -0.001, 0.337, -0.094, 0.428, 0.350, 0.236, 0.423, 0.531, 0.566, -0.125, -0.010, 0.052, -0.082, 0.078, 0.067, -0.277, -0.093, 0.122, -0.192, -0.022, -0.160, -0.044, -0.013, 0.143, -0.025, -0.050, 0.017, 0.030, 0.015, 0.015, -0.016, -0.075, -0.045, -0.014, 0.034, 0.033, 0.010, 0.030, 0.002, 0.036, -0.046, -0.078, -0.037, 0.012, 0.019, -0.001, -0.106, -0.015, -0.003, -0.007, 0.004, -0.052, 0.075, -0.034, -0.003, -0.045, 0.009, -0.004, 0.005, -0.007, 0.002, -0.002, 0.078, -0.369, -0.288, -0.039, -0.056, -0.103, -0.199, -0.181, 0.122, -0.001, 0.038]
  f(xk) = 842.885
  ||gk|| = 4.451E+02
  stop_crit = 7.899E-02
  ||dir|| = 2.309E-01
  alpha = 2.460E-01
  Curr. impr.: 1.59E+00
  # times under thresh: 0

Epoch 0.2547492539486134:
  xk = [-0.061, -0.075, -0.035, -0.091, -0.085, 0.084, 0.092, -0.066, -0.019, -0.032, -0.092, -0.050, 0.001, -0.044, -0.114, -0.008, -0.055, -0.041, -0.011, 0.100, 0.126, -0.009, -0.059, -0.133, 0.051, 0.002, -0.103, 0.003, 0.335, -0.095, 0.422, 0.356, 0.246, 0.439, 0.531, 0.562, -0.127, -0.007, 0.051, -0.082, 0.080, 0.068, -0.278, -0.080, 0.115, -0.187, -0.060, -0.164, -0.032, -0.012, 0.143, -0.025, -0.050, 0.017, 0.031, 0.015, 0.015, -0.017, -0.076, -0.046, -0.015, 0.035, 0.033, 0.011, 0.029, 0.002, 0.037, -0.048, -0.081, -0.038, 0.012, 0.019, -0.002, -0.106, -0.016, -0.003, -0.006, 0.004, -0.053, 0.075, -0.035, -0.004, -0.046, 0.010, -0.003, 0.004, -0.007, 0.002, -0.002, 0.079, -0.374, -0.288, -0.040, -0.056, -0.107, -0.202, -0.188, 0.122, -0.002, 0.039]
  f(xk) = 774.602
  ||gk|| = 3.172E+02
  stop_crit = 6.573E-02
  ||dir|| = 2.528E-01
  alpha = 1.000E+00
  Curr. impr.: 2.79E+00
  # times under thresh: 0

Epoch 0.29114200451270106:
  xk = [-0.065, -0.079, -0.062, -0.096, -0.092, 0.086, 0.099, -0.072, -0.037, -0.025, -0.105, -0.049, 0.007, -0.051, -0.129, -0.018, -0.068, -0.042, -0.011, 0.106, 0.139, -0.008, -0.069, -0.266, 0.071, -0.009, -0.104, 0.001, 0.334, -0.089, 0.431, 0.410, 0.272, 0.515, 0.555, 0.547, -0.139, 0.003, 0.038, -0.072, 0.084, 0.064, -0.301, -0.058, 0.129, -0.200, -0.219, -0.149, -0.042, -0.009, 0.153, -0.027, -0.053, 0.019, 0.032, 0.017, 0.015, -0.023, -0.085, -0.049, -0.016, 0.049, 0.034, 0.013, 0.012, 0.007, 0.037, -0.056, -0.086, -0.041, 0.014, 0.016, -0.001, -0.108, -0.018, -0.004, -0.004, 0.005, -0.062, 0.075, -0.033, -0.007, -0.052, 0.011, 0.001, 0.001, -0.011, 0.002, -0.002, 0.086, -0.398, -0.306, -0.046, -0.062, -0.130, -0.226, -0.232, 0.140, -0.007, 0.034]
  f(xk) = 798.820
  ||gk|| = 2.217E+02
  stop_crit = 3.240E-02
  ||dir|| = 2.138E+00
  alpha = 1.000E+00
  Curr. impr.: 1.45E+00
  # times under thresh: 0

Epoch 0.3275347550767887:
  xk = [-0.153, -0.190, -0.196, -0.318, -0.139, 0.063, 0.233, -0.159, -0.095, -0.135, -0.186, 0.010, -0.152, -0.216, -0.507, 0.025, 0.032, -0.130, -0.022, 0.346, 0.345, 0.002, -0.255, -0.255, 0.091, 0.139, -0.978, 0.558, 0.862, -0.038, 0.748, 0.825, 0.824, 0.829, 0.965, 0.974, -0.357, -0.087, 0.445, 0.119, 0.234, 0.120, -0.474, -0.140, -0.012, -0.286, -0.333, -0.307, -0.064, -0.001, 0.356, -0.033, 0.091, 0.017, 0.085, 0.170, 0.069, 0.100, -0.159, -0.059, -0.084, 0.183, 0.009, -0.110, 0.061, 0.010, 0.361, -0.336, -0.196, -0.144, 0.028, 0.136, -0.040, -0.041, -0.091, 0.021, -0.076, -0.082, -0.183, 0.227, -0.173, -0.068, -0.195, 0.074, -0.023, 0.047, -0.068, -0.007, -0.002, 0.267, -0.945, -0.631, -0.179, -0.195, -0.499, -0.536, -0.506, 0.210, -0.052, 0.146]
  f(xk) = 746.377
  ||gk|| = 4.348E+02
  stop_crit = 1.548E-01
  ||dir|| = 1.044E-01
  alpha = 1.000E+00
  Curr. impr.: 2.19E+00
  # times under thresh: 0

Epoch 0.36392750564087634:
  xk = [-0.155, -0.191, -0.193, -0.322, -0.137, 0.062, 0.232, -0.162, -0.098, -0.137, -0.183, 0.010, -0.154, -0.215, -0.505, 0.024, 0.030, -0.126, -0.022, 0.348, 0.346, 0.002, -0.255, -0.267, 0.091, 0.134, -0.947, 0.555, 0.841, -0.036, 0.751, 0.812, 0.803, 0.835, 1.010, 0.990, -0.358, -0.086, 0.441, 0.117, 0.235, 0.118, -0.490, -0.126, 0.041, -0.310, -0.361, -0.327, -0.033, -0.002, 0.357, -0.029, 0.088, 0.017, 0.085, 0.170, 0.069, 0.101, -0.159, -0.059, -0.085, 0.182, 0.009, -0.106, 0.060, 0.010, 0.360, -0.337, -0.195, -0.146, 0.028, 0.136, -0.041, -0.040, -0.092, 0.021, -0.076, -0.082, -0.184, 0.228, -0.173, -0.069, -0.195, 0.074, -0.023, 0.044, -0.068, -0.006, -0.002, 0.270, -0.946, -0.634, -0.181, -0.196, -0.500, -0.538, -0.501, 0.208, -0.053, 0.147]
  f(xk) = 769.985
  ||gk|| = 3.002E+02
  stop_crit = 1.754E-01
  ||dir|| = 7.515E-01
  alpha = 1.000E+00
  Curr. impr.: 2.94E+00
  # times under thresh: 0

Epoch 0.400320256204964:
  xk = [-0.145, -0.196, -0.234, -0.334, -0.197, 0.032, 0.197, -0.201, -0.135, -0.249, -0.170, 0.024, -0.174, -0.211, -0.468, -0.046, -0.029, -0.057, -0.022, 0.393, 0.408, 0.007, -0.289, -0.199, 0.081, 0.093, -0.500, 0.501, 0.776, 0.126, 0.894, 1.006, 0.689, 0.891, 1.104, 1.004, -0.392, -0.017, 0.284, 0.136, 0.211, 0.028, -0.351, -0.191, -0.003, -0.271, -0.562, -0.310, -0.214, 0.015, 0.369, -0.022, 0.054, 0.042, 0.066, 0.178, 0.086, 0.135, -0.193, -0.072, -0.078, 0.176, 0.018, -0.119, -0.067, 0.015, 0.394, -0.350, -0.206, -0.194, 0.028, 0.114, -0.046, -0.006, -0.108, 0.000, -0.062, -0.078, -0.200, 0.223, -0.198, -0.055, -0.184, 0.062, -0.037, 0.020, -0.089, -0.002, -0.003, 0.299, -0.992, -0.692, -0.241, -0.229, -0.529, -0.552, -0.414, 0.222, -0.041, 0.071]
  f(xk) = 701.444
  ||gk|| = 4.858E+02
  stop_crit = 2.864E-01
  ||dir|| = 1.128E-01
  alpha = 1.000E+00
  Curr. impr.: 3.18E+00
  # times under thresh: 0

Epoch 0.4367130067690516:
  xk = [-0.151, -0.197, -0.230, -0.335, -0.187, 0.031, 0.198, -0.205, -0.133, -0.249, -0.161, 0.022, -0.176, -0.209, -0.468, -0.044, -0.026, -0.057, -0.023, 0.397, 0.409, 0.007, -0.291, -0.233, 0.081, 0.096, -0.487, 0.497, 0.784, 0.124, 0.887, 0.994, 0.678, 0.905, 1.121, 1.028, -0.395, -0.015, 0.287, 0.134, 0.211, 0.030, -0.387, -0.169, 0.003, -0.301, -0.548, -0.309, -0.132, 0.014, 0.368, -0.021, 0.055, 0.042, 0.066, 0.178, 0.087, 0.135, -0.191, -0.072, -0.079, 0.175, 0.017, -0.114, -0.061, 0.015, 0.395, -0.352, -0.208, -0.194, 0.029, 0.115, -0.046, -0.006, -0.109, 0.001, -0.062, -0.078, -0.200, 0.225, -0.198, -0.055, -0.186, 0.062, -0.037, 0.019, -0.089, -0.002, -0.003, 0.301, -0.996, -0.695, -0.242, -0.231, -0.531, -0.554, -0.413, 0.222, -0.041, 0.072]
  f(xk) = 720.108
  ||gk|| = 2.055E+02
  stop_crit = 7.746E-02
  ||dir|| = 7.261E-01
  alpha = 3.488E-01
  Curr. impr.: 2.08E+00
  # times under thresh: 0

Epoch 0.47310575733313925:
  xk = [-0.157, -0.201, -0.207, -0.349, -0.189, 0.040, 0.211, -0.218, -0.113, -0.263, -0.164, 0.014, -0.163, -0.210, -0.468, -0.045, -0.012, -0.068, -0.024, 0.420, 0.428, 0.008, -0.294, -0.218, 0.057, 0.124, -0.531, 0.485, 0.858, 0.133, 0.918, 0.985, 0.703, 0.934, 1.124, 1.035, -0.408, -0.010, 0.312, 0.080, 0.222, 0.040, -0.408, -0.171, -0.004, -0.336, -0.356, -0.316, -0.145, 0.011, 0.380, -0.004, 0.049, 0.051, 0.075, 0.177, 0.074, 0.120, -0.202, -0.077, -0.075, 0.181, 0.014, -0.087, -0.058, 0.022, 0.404, -0.364, -0.237, -0.200, 0.028, 0.113, -0.049, 0.009, -0.111, 0.001, -0.066, -0.079, -0.208, 0.229, -0.208, -0.057, -0.199, 0.062, -0.047, 0.028, -0.091, -0.003, -0.002, 0.308, -1.019, -0.713, -0.251, -0.249, -0.545, -0.562, -0.428, 0.212, -0.046, 0.082]
  f(xk) = 689.706
  ||gk|| = 1.487E+02
  stop_crit = 8.571E-02
  ||dir|| = 2.028E+00
  alpha = 3.307E-01
  Curr. impr.: 2.36E+00
  # times under thresh: 0

Epoch 0.5094985078972268:
  xk = [-0.178, -0.227, -0.231, -0.398, -0.216, 0.126, 0.183, -0.246, -0.114, -0.326, -0.119, -0.019, -0.240, -0.238, -0.443, -0.069, -0.153, -0.092, -0.032, 0.440, 0.544, 0.049, -0.310, -0.241, -0.130, 0.174, -0.471, 0.781, 0.968, 0.114, 0.910, 1.085, 0.883, 0.933, 1.202, 1.163, -0.439, 0.042, 0.277, 0.080, 0.297, -0.026, -0.446, -0.171, -0.009, -0.375, -0.389, -0.328, -0.184, 0.000, 0.450, -0.082, 0.116, 0.075, 0.140, 0.162, 0.095, 0.151, -0.274, -0.105, -0.101, 0.203, 0.057, -0.070, -0.059, 0.094, 0.407, -0.427, -0.234, -0.215, 0.028, 0.169, -0.072, -0.010, -0.130, -0.011, -0.075, -0.085, -0.276, 0.275, -0.290, -0.075, -0.218, 0.065, -0.123, 0.038, -0.088, -0.007, -0.003, 0.405, -1.148, -0.798, -0.351, -0.317, -0.639, -0.700, -0.393, 0.286, -0.058, -0.011]
  f(xk) = 737.093
  ||gk|| = 1.741E+02
  stop_crit = 8.303E-02
  ||dir|| = 2.430E-01
  alpha = 1.000E+00
  Curr. impr.: 8.95E-01
  # times under thresh: 1

Epoch 0.5458912584613145:
  xk = [-0.184, -0.208, -0.247, -0.401, -0.218, 0.133, 0.192, -0.244, -0.127, -0.328, -0.123, -0.028, -0.236, -0.227, -0.466, -0.087, -0.168, -0.097, -0.033, 0.453, 0.552, 0.054, -0.320, -0.216, -0.109, 0.158, -0.481, 0.754, 1.015, 0.125, 0.870, 1.072, 0.971, 1.020, 1.179, 1.085, -0.440, 0.058, 0.265, 0.081, 0.291, -0.007, -0.478, -0.114, -0.008, -0.294, -0.502, -0.318, -0.200, 0.014, 0.464, -0.082, 0.107, 0.074, 0.151, 0.160, 0.088, 0.150, -0.286, -0.109, -0.104, 0.211, 0.052, -0.084, -0.054, 0.093, 0.414, -0.434, -0.240, -0.220, 0.028, 0.179, -0.068, -0.001, -0.133, -0.016, -0.076, -0.084, -0.283, 0.276, -0.290, -0.074, -0.225, 0.061, -0.116, 0.037, -0.092, -0.008, -0.003, 0.407, -1.158, -0.800, -0.354, -0.323, -0.657, -0.673, -0.397, 0.278, -0.062, 0.014]
  f(xk) = 728.396
  ||gk|| = 2.663E+02
  stop_crit = 1.289E-01
  ||dir|| = 6.074E-02
  alpha = 1.000E+00
  Curr. impr.: 8.40E-01
  # times under thresh: 2
  -> New batch size of 2000 samples

Epoch 0.6186767595894898:
  xk = [-0.184, -0.213, -0.247, -0.402, -0.214, 0.134, 0.192, -0.248, -0.127, -0.329, -0.119, -0.028, -0.236, -0.227, -0.467, -0.087, -0.165, -0.097, -0.033, 0.454, 0.552, 0.053, -0.320, -0.229, -0.109, 0.158, -0.471, 0.754, 1.016, 0.125, 0.880, 1.069, 0.953, 1.012, 1.183, 1.105, -0.440, 0.056, 0.265, 0.082, 0.290, -0.008, -0.481, -0.117, -0.006, -0.325, -0.499, -0.324, -0.162, 0.014, 0.464, -0.080, 0.105, 0.074, 0.151, 0.160, 0.089, 0.151, -0.288, -0.110, -0.105, 0.212, 0.051, -0.085, -0.052, 0.093, 0.414, -0.433, -0.240, -0.221, 0.028, 0.178, -0.069, -0.000, -0.133, -0.015, -0.076, -0.084, -0.283, 0.276, -0.291, -0.074, -0.226, 0.061, -0.116, 0.036, -0.092, -0.008, -0.003, 0.408, -1.159, -0.800, -0.355, -0.325, -0.658, -0.674, -0.396, 0.277, -0.063, 0.014]
  f(xk) = 1439.285
  ||gk|| = 1.979E+02
  stop_crit = 8.726E-02
  ||dir|| = 2.323E+00
  alpha = 1.000E+00
  Curr. impr.: 7.76E-01
  # times under thresh: 1

Epoch 0.691462260717665:
  xk = [-0.254, -0.255, -0.306, -0.609, -0.341, 0.060, -0.108, -0.390, -0.098, -0.351, -0.438, 0.102, -0.477, 0.082, -0.659, -0.073, -0.020, -0.155, -0.005, 1.064, 0.746, 0.063, -0.653, -0.235, 0.293, 0.034, -0.198, 0.849, 1.257, 0.596, 1.421, 1.386, 1.296, 1.459, 1.519, 1.224, -0.599, 0.268, 0.065, 0.164, -0.078, -0.241, -0.426, -0.319, -0.101, -0.480, -0.447, -0.365, -0.204, -0.110, 0.701, 0.396, -0.030, 0.113, 0.179, 0.367, 0.005, -0.038, -0.544, -0.149, -0.250, 0.510, -0.067, 0.282, -0.211, 0.127, 0.700, -0.506, -0.808, -0.365, 0.024, 0.100, -0.117, 0.058, -0.279, -0.106, -0.054, 0.001, -0.588, 0.228, -0.195, 0.059, -0.532, -0.060, -0.088, -0.066, -0.192, -0.014, -0.016, 0.583, -1.662, -1.027, -0.665, -0.740, -1.086, -0.509, 0.093, 0.197, -0.162, 0.186]
  f(xk) = 1389.250
  ||gk|| = 4.363E+02
  stop_crit = 1.345E-01
  ||dir|| = 1.057E-01
  alpha = 1.000E+00
  Curr. impr.: 1.10E+00
  # times under thresh: 0

Epoch 0.7642477618458403:
  xk = [-0.263, -0.251, -0.304, -0.610, -0.346, 0.056, -0.095, -0.391, -0.097, -0.347, -0.445, 0.101, -0.480, 0.083, -0.659, -0.070, -0.024, -0.158, -0.005, 1.068, 0.753, 0.064, -0.654, -0.214, 0.288, 0.040, -0.211, 0.849, 1.235, 0.595, 1.402, 1.397, 1.272, 1.483, 1.525, 1.253, -0.603, 0.268, 0.069, 0.157, -0.076, -0.235, -0.496, -0.298, -0.100, -0.481, -0.431, -0.352, -0.234, -0.110, 0.700, 0.396, -0.027, 0.112, 0.181, 0.368, 0.006, -0.038, -0.540, -0.150, -0.251, 0.504, -0.066, 0.274, -0.209, 0.127, 0.699, -0.509, -0.804, -0.367, 0.024, 0.098, -0.118, 0.058, -0.281, -0.107, -0.055, 0.000, -0.590, 0.229, -0.195, 0.058, -0.534, -0.060, -0.090, -0.066, -0.192, -0.015, -0.016, 0.586, -1.664, -1.026, -0.666, -0.742, -1.092, -0.510, 0.085, 0.197, -0.163, 0.189]
  f(xk) = 1405.998
  ||gk|| = 4.011E+02
  stop_crit = 1.998E-01
  ||dir|| = 1.015E-01
  alpha = 1.000E+00
  Curr. impr.: 6.98E-01
  # times under thresh: 1

Epoch 0.8370332629740156:
  xk = [-0.257, -0.255, -0.306, -0.614, -0.343, 0.062, -0.089, -0.394, -0.098, -0.349, -0.443, 0.101, -0.475, 0.079, -0.657, -0.072, -0.022, -0.161, -0.005, 1.068, 0.756, 0.064, -0.654, -0.234, 0.289, 0.039, -0.211, 0.854, 1.280, 0.595, 1.388, 1.374, 1.262, 1.497, 1.499, 1.272, -0.602, 0.264, 0.076, 0.153, -0.074, -0.232, -0.438, -0.318, -0.100, -0.498, -0.444, -0.372, -0.211, -0.108, 0.698, 0.390, -0.023, 0.113, 0.181, 0.369, 0.005, -0.039, -0.541, -0.151, -0.252, 0.504, -0.066, 0.270, -0.205, 0.128, 0.703, -0.510, -0.805, -0.368, 0.024, 0.098, -0.118, 0.057, -0.283, -0.106, -0.056, -0.000, -0.591, 0.231, -0.198, 0.056, -0.536, -0.059, -0.090, -0.068, -0.193, -0.015, -0.016, 0.586, -1.667, -1.025, -0.667, -0.746, -1.097, -0.513, 0.079, 0.195, -0.163, 0.189]
  f(xk) = 1417.558
  ||gk|| = 4.930E+02
  stop_crit = 2.113E-01
  ||dir|| = 6.395E-02
  alpha = 1.000E+00
  Curr. impr.: 3.12E-01
  # times under thresh: 2
  -> New batch size of 4000 samples

Epoch 0.9826042652303661:
  xk = [-0.260, -0.251, -0.306, -0.615, -0.344, 0.060, -0.086, -0.395, -0.099, -0.346, -0.445, 0.100, -0.475, 0.080, -0.657, -0.072, -0.023, -0.162, -0.005, 1.068, 0.759, 0.064, -0.654, -0.230, 0.288, 0.040, -0.214, 0.853, 1.273, 0.596, 1.417, 1.371, 1.269, 1.470, 1.507, 1.266, -0.604, 0.265, 0.076, 0.152, -0.072, -0.231, -0.466, -0.283, -0.096, -0.494, -0.449, -0.375, -0.222, -0.108, 0.698, 0.389, -0.022, 0.113, 0.182, 0.369, 0.006, -0.039, -0.539, -0.151, -0.252, 0.503, -0.066, 0.269, -0.205, 0.128, 0.701, -0.510, -0.805, -0.369, 0.024, 0.097, -0.118, 0.057, -0.283, -0.106, -0.056, -0.001, -0.592, 0.231, -0.198, 0.057, -0.537, -0.058, -0.091, -0.068, -0.193, -0.015, -0.016, 0.587, -1.668, -1.024, -0.667, -0.746, -1.099, -0.512, 0.075, 0.196, -0.165, 0.190]
  f(xk) = 2823.806
  ||gk|| = 3.243E+02
  stop_crit = 6.233E-02
  ||dir|| = 1.247E+00
  alpha = 1.000E+00
  Curr. impr.: 2.89E-01
  # times under thresh: 1

Epoch 1.1281752674867167:
  xk = [-0.297, -0.241, -0.290, -0.716, -0.358, 0.135, 0.126, -0.484, -0.126, -0.305, -0.447, 0.093, -0.483, -0.146, -0.626, -0.102, -0.021, -0.262, -0.024, 1.051, 0.931, 0.094, -0.630, -0.223, -0.038, 0.120, -0.586, 1.004, 1.342, 0.810, 1.282, 1.402, 1.410, 1.315, 1.496, 1.446, -0.754, 0.485, 0.071, 0.056, 0.041, -0.047, -0.533, -0.285, -0.064, -0.547, -0.477, -0.365, -0.211, -0.052, 0.618, 0.073, 0.315, 0.157, 0.261, 0.372, 0.041, -0.092, -0.424, -0.162, -0.280, 0.340, -0.021, -0.081, 0.024, 0.172, 0.657, -0.624, -0.595, -0.431, 0.041, 0.116, -0.123, 0.009, -0.359, -0.097, -0.103, -0.047, -0.638, 0.251, -0.216, 0.005, -0.567, -0.032, -0.215, -0.081, -0.246, -0.037, -0.024, 0.619, -1.777, -1.056, -0.809, -0.870, -1.301, -0.626, -0.306, 0.326, -0.220, 0.268]
  f(xk) = 2731.526
  ||gk|| = 4.395E+02
  stop_crit = 6.738E-02
  ||dir|| = 6.596E-02
  alpha = 1.000E+00
  Curr. impr.: 7.17E-01
  # times under thresh: 2
  -> New batch size of 8000 samples

Epoch 1.4193172719994178:
  xk = [-0.299, -0.239, -0.290, -0.722, -0.355, 0.138, 0.127, -0.483, -0.128, -0.308, -0.443, 0.091, -0.482, -0.145, -0.622, -0.104, -0.024, -0.260, -0.024, 1.054, 0.934, 0.095, -0.630, -0.234, -0.042, 0.121, -0.566, 0.996, 1.343, 0.814, 1.272, 1.392, 1.428, 1.337, 1.507, 1.434, -0.755, 0.482, 0.073, 0.054, 0.039, -0.048, -0.546, -0.289, -0.053, -0.523, -0.489, -0.380, -0.184, -0.049, 0.617, 0.079, 0.308, 0.158, 0.265, 0.372, 0.043, -0.092, -0.424, -0.161, -0.281, 0.336, -0.021, -0.083, 0.026, 0.174, 0.658, -0.624, -0.591, -0.433, 0.042, 0.118, -0.123, 0.010, -0.361, -0.097, -0.104, -0.047, -0.640, 0.251, -0.217, 0.004, -0.568, -0.033, -0.217, -0.081, -0.247, -0.037, -0.024, 0.621, -1.781, -1.058, -0.813, -0.872, -1.305, -0.623, -0.301, 0.320, -0.220, 0.266]
  f(xk) = 5491.805
  ||gk|| = 5.157E+02
  stop_crit = 4.722E-02
  ||dir|| = 6.390E-01
  alpha = 1.000E+00
  Curr. impr.: 5.82E-01
  # times under thresh: 1

Epoch 1.710459276512119:
  xk = [-0.310, -0.240, -0.263, -0.787, -0.391, 0.166, 0.120, -0.540, -0.141, -0.356, -0.457, 0.111, -0.477, -0.141, -0.585, -0.115, -0.156, -0.263, -0.034, 1.080, 1.040, 0.134, -0.618, -0.221, -0.142, 0.142, -0.138, 0.951, 1.400, 0.946, 1.336, 1.421, 1.466, 1.378, 1.530, 1.432, -0.757, 0.413, 0.146, 0.040, -0.002, -0.109, -0.553, -0.304, -0.064, -0.489, -0.421, -0.367, -0.259, -0.025, 0.653, 0.237, 0.194, 0.163, 0.296, 0.369, 0.097, -0.067, -0.404, -0.176, -0.275, 0.255, 0.002, -0.089, 0.047, 0.208, 0.639, -0.662, -0.603, -0.513, 0.048, 0.113, -0.126, 0.039, -0.394, -0.124, -0.113, -0.061, -0.672, 0.252, -0.264, -0.016, -0.605, -0.033, -0.270, -0.101, -0.291, -0.038, -0.028, 0.670, -1.832, -1.096, -0.901, -0.957, -1.414, -0.631, -0.283, 0.293, -0.224, 0.259]
  f(xk) = 5324.075
  ||gk|| = 6.399E+02
  stop_crit = 5.090E-02
  ||dir|| = 1.441E-01
  alpha = 1.000E+00
  Curr. impr.: 1.04E+00
  # times under thresh: 0

Epoch 2.00160128102482:
  xk = [-0.307, -0.235, -0.266, -0.800, -0.394, 0.178, 0.146, -0.551, -0.150, -0.334, -0.464, 0.112, -0.470, -0.150, -0.592, -0.114, -0.153, -0.277, -0.037, 1.077, 1.062, 0.136, -0.619, -0.243, -0.121, 0.152, -0.190, 0.968, 1.366, 0.948, 1.319, 1.459, 1.463, 1.389, 1.555, 1.470, -0.761, 0.415, 0.151, 0.042, 0.004, -0.097, -0.527, -0.268, -0.058, -0.496, -0.458, -0.350, -0.253, -0.009, 0.654, 0.223, 0.205, 0.165, 0.306, 0.370, 0.096, -0.070, -0.404, -0.185, -0.277, 0.257, 0.008, -0.090, 0.044, 0.211, 0.644, -0.674, -0.615, -0.525, 0.048, 0.112, -0.128, 0.044, -0.403, -0.126, -0.117, -0.065, -0.681, 0.253, -0.269, -0.022, -0.625, -0.033, -0.267, -0.104, -0.296, -0.040, -0.029, 0.682, -1.843, -1.105, -0.906, -0.975, -1.450, -0.635, -0.302, 0.288, -0.223, 0.235]
  f(xk) = 5521.931
  ||gk|| = 4.896E+02
  stop_crit = 4.028E-02
  ||dir|| = 1.026E+00
  alpha = 1.000E+00
  Curr. impr.: 3.41E-01
  # times under thresh: 1

Epoch 2.292743285537521:
  xk = [-0.341, -0.220, -0.229, -0.967, -0.426, 0.325, 0.256, -0.709, -0.192, -0.299, -0.516, 0.072, -0.416, -0.172, -0.463, -0.046, -0.024, -0.453, -0.075, 1.070, 1.328, 0.130, -0.595, -0.235, -0.132, 0.281, -0.503, 1.137, 1.369, 1.224, 1.300, 1.428, 1.468, 1.309, 1.505, 1.553, -0.933, 0.428, 0.053, 0.124, -0.027, -0.170, -0.580, -0.289, -0.058, -0.406, -0.499, -0.310, -0.200, 0.214, 0.632, 0.092, 0.265, 0.219, 0.347, 0.377, 0.189, -0.016, -0.498, -0.279, -0.315, 0.253, 0.016, -0.111, 0.116, 0.287, 0.727, -0.726, -0.676, -0.577, 0.073, 0.103, -0.138, 0.137, -0.489, -0.167, -0.160, -0.084, -0.811, 0.270, -0.372, -0.076, -0.775, -0.039, -0.300, -0.134, -0.384, -0.055, -0.038, 0.770, -1.932, -1.107, -1.089, -1.216, -1.731, -0.741, -0.230, 0.076, -0.250, 0.044]
  f(xk) = 5379.239
  ||gk|| = 7.886E+02
  stop_crit = 9.386E-02
  ||dir|| = 1.125E-01
  alpha = 1.000E+00
  Curr. impr.: 6.88E-01
  # times under thresh: 2
  -> New batch size of 16000 samples
  Change from Newton step to BFGS!

Epoch 2.875027294562923:
  xk = [-0.342, -0.219, -0.229, -0.972, -0.432, 0.330, 0.258, -0.717, -0.196, -0.304, -0.517, 0.070, -0.416, -0.166, -0.464, -0.049, -0.035, -0.452, -0.076, 1.075, 1.330, 0.134, -0.596, -0.185, -0.140, 0.277, -0.446, 1.129, 1.367, 1.218, 1.282, 1.441, 1.489, 1.353, 1.512, 1.535, -0.931, 0.424, 0.050, 0.126, -0.032, -0.168, -0.591, -0.258, -0.054, -0.423, -0.512, -0.308, -0.216, 0.215, 0.637, 0.102, 0.257, 0.222, 0.348, 0.378, 0.193, -0.017, -0.501, -0.282, -0.316, 0.254, 0.019, -0.112, 0.103, 0.289, 0.728, -0.728, -0.682, -0.583, 0.073, 0.106, -0.140, 0.134, -0.494, -0.170, -0.160, -0.083, -0.815, 0.265, -0.375, -0.077, -0.775, -0.040, -0.304, -0.138, -0.387, -0.055, -0.039, 0.777, -1.936, -1.114, -1.097, -1.222, -1.741, -0.735, -0.244, 0.082, -0.247, 0.051]
  f(xk) = 10841.782
  ||gk|| = 1.373E+03
  stop_crit = 8.291E-02
  ||dir|| = 7.143E+01
  alpha = 3.401E-01
  Curr. impr.: 4.06E-01
  # times under thresh: 1

Epoch 3.4573113035883254:
  xk = [-7.257, -9.172, -7.754, -12.685, -10.065, 0.861, 0.406, -1.255, -0.920, -0.380, -0.630, 0.203, -0.559, -0.283, -0.503, -0.161, -0.069, -0.521, -0.735, 1.282, 1.691, 0.595, -0.419, -0.151, -0.365, 0.659, -0.316, 0.057, -0.229, 0.093, 0.228, -0.081, 0.448, 0.211, -0.081, 0.380, -0.883, 0.471, 0.126, 0.100, -0.236, -0.158, 0.500, 1.162, 1.213, 1.077, 0.883, 1.514, 1.399, 0.312, 0.796, 0.322, 0.327, 0.721, 0.677, 0.586, 0.521, -0.301, -0.595, -0.860, -0.175, 0.348, 0.449, -0.355, 0.175, 1.566, 0.615, -1.182, -0.855, -1.052, 0.836, 0.256, -0.400, 0.319, -3.001, -5.459, -4.058, -1.701, -2.537, -0.999, -1.687, -1.852, -2.829, -2.073, -1.042, -3.301, -2.770, -3.106, -5.295, -0.860, -3.233, -4.112, -2.652, -1.801, -2.140, -0.548, -0.181, 0.314, -0.162, 0.061]
  f(xk) = 10120.736
  ||gk|| = 1.086E+03
  stop_crit = 9.246E-02
  ||dir|| = 1.668E+01
  alpha = 1.000E+00
  Curr. impr.: 1.50E+00
  # times under thresh: 0

Epoch 4.039595312613727:
  xk = [-10.934, -14.029, -10.819, -20.080, -17.327, 1.319, 0.429, -1.341, -1.351, -0.521, -0.912, 0.676, -0.702, -0.310, -0.689, 0.210, -0.400, -0.524, -1.109, 1.817, 1.977, 0.178, -0.551, -0.137, -0.763, 0.035, -0.380, -0.581, -1.296, -0.355, -0.249, -1.006, -0.055, -0.322, -1.120, -0.186, -0.964, 0.467, 0.364, 0.253, -0.081, -0.085, 0.947, 1.876, 1.667, 1.756, 1.331, 2.569, 2.520, 0.550, 0.734, 0.387, 0.222, 0.871, 0.584, 0.955, 0.589, -0.818, -0.776, -0.560, -0.256, 0.470, 0.570, -0.576, -0.064, 0.646, 0.871, -1.468, -0.873, -1.044, 0.199, 0.855, -0.202, 0.066, -5.721, -5.126, -8.080, -2.688, -3.789, -2.125, -2.662, -4.557, -5.286, -5.328, -2.122, -3.793, -6.666, -2.723, -9.508, -1.561, -5.049, -8.540, -3.017, -2.071, -2.027, -0.424, -0.325, 0.288, -0.475, 0.066]
  f(xk) = 10127.978
  ||gk|| = 1.506E+03
  stop_crit = 2.069E-01
  ||dir|| = 1.387E+01
  alpha = 1.000E+00
  Curr. impr.: 1.34E+00
  # times under thresh: 0

Epoch 4.621879321639129:
  xk = [-12.698, -18.024, -15.601, -24.843, -19.539, 1.385, 0.388, -1.611, -0.651, -0.291, -0.753, 0.830, -0.374, -0.432, -0.444, -0.009, -0.197, -0.703, -1.765, 1.465, 2.110, 0.424, -0.349, -0.147, -0.459, 0.986, -0.302, -1.224, -1.456, -1.197, -0.975, -1.276, -0.862, -1.082, -1.367, -1.053, -0.780, 0.566, 0.340, 0.307, -0.556, -0.112, 1.307, 2.499, 2.486, 2.475, 2.103, 3.334, 2.943, 0.331, 0.804, 0.255, 0.184, 1.021, 1.066, 1.096, 0.746, -0.542, -0.812, -0.814, -0.409, 0.304, 0.436, -0.511, -0.100, 1.204, 0.947, -1.331, -1.004, -1.104, 1.369, 0.400, -0.625, 0.089, -5.483, -8.381, -7.355, -2.883, -3.723, -1.683, -2.938, -3.386, -4.410, -3.541, -2.565, -6.574, -6.370, -3.640, -0.606, -1.436, -6.134, -6.586, -3.235, -2.026, -2.566, -0.278, -0.185, 0.426, -0.336, 0.197]
  f(xk) = 10219.450
  ||gk|| = 1.465E+03
  stop_crit = 2.391E-01
  ||dir|| = 1.012E+01
  alpha = 1.000E+00
  Curr. impr.: 1.01E+00
  # times under thresh: 0

Epoch 5.204163330664532:
  xk = [-11.605, -14.897, -11.969, -21.723, -17.804, 1.199, 0.646, -1.824, -1.027, -0.436, -1.012, 0.337, -0.150, -0.484, -0.572, -0.273, -0.168, -0.408, -1.292, 1.751, 2.020, 0.859, -0.104, -0.125, -0.679, 1.153, -0.229, -0.618, -0.614, -0.624, -0.441, -0.407, -0.226, -0.496, -0.502, -0.424, -0.829, 0.326, 0.177, 0.159, -0.341, 0.098, 1.115, 2.013, 1.854, 2.006, 1.603, 2.826, 2.602, 0.509, 0.898, 0.637, 0.477, 0.766, 1.060, 0.990, 0.684, -0.095, -0.532, -1.544, -0.515, 0.406, 0.356, -0.445, 0.237, 1.987, 0.573, -0.884, -1.000, -1.582, 0.064, 0.365, -1.080, 0.238, -4.865, -7.033, -5.349, -2.882, -4.041, -1.658, -2.164, -2.448, -4.145, -3.241, -1.603, -6.355, -6.605, -6.944, -6.022, -1.591, -5.075, -4.930, -3.839, -2.116, -2.563, -0.367, 0.023, 0.390, -0.568, 0.075]
  f(xk) = 10041.414
  ||gk|| = 1.132E+03
  stop_crit = 1.848E-01
  ||dir|| = 7.485E+00
  alpha = 1.000E+00
  Curr. impr.: 1.13E+00
  # times under thresh: 0

Epoch 5.786447339689934:
  xk = [-10.809, -15.095, -10.880, -20.600, -17.414, 1.297, 0.806, -1.403, -1.100, -0.462, -0.733, 0.558, -0.758, -0.228, -0.664, -0.171, -0.043, -0.339, -1.507, 1.479, 1.769, 0.632, -0.350, -0.157, -0.862, 0.997, -0.295, -0.743, -0.944, -0.679, -0.451, -0.708, -0.165, -0.612, -0.827, -0.440, -0.874, 0.588, 0.303, 0.085, -0.283, -0.434, 0.960, 1.999, 1.686, 1.894, 1.407, 2.638, 2.504, 0.261, 1.006, 0.475, 0.265, 1.315, 0.918, 1.356, 0.438, -0.498, -0.563, -1.696, 0.218, 0.494, 0.759, -0.508, 0.210, 0.301, 0.515, -1.631, -0.916, -1.510, 1.763, 0.651, -0.839, 0.350, -5.341, -8.162, -7.384, -1.917, -4.446, -1.907, -2.505, -5.525, -4.508, -4.377, -1.158, -7.013, -4.390, -4.461, -8.678, -1.434, -5.819, -6.850, -2.992, -1.401, -2.167, -0.434, -0.105, 0.533, 0.087, 0.008]
  f(xk) = 10083.353
  ||gk|| = 1.240E+03
  stop_crit = 1.495E-01
  ||dir|| = 8.361E+00
  alpha = 1.000E+00
  Curr. impr.: 8.53E-01
  # times under thresh: 1

Epoch 6.368731348715336:
  xk = [-11.937, -16.658, -13.814, -22.866, -18.915, 1.233, 0.584, -1.718, -0.181, -0.643, -0.904, 0.375, -0.771, -0.396, -0.386, -0.005, -0.091, -0.647, -1.242, 1.780, 1.973, 1.035, -0.163, -0.097, -0.037, -0.171, -0.413, -1.005, -1.456, -0.796, -0.617, -1.298, -0.454, -0.797, -1.333, -0.419, -0.787, 0.630, 0.121, 0.387, -0.286, -0.265, 1.187, 2.322, 2.230, 2.216, 1.758, 3.061, 2.821, 0.254, 0.660, 0.236, -0.029, 1.254, 0.752, 0.725, 0.715, -0.854, -0.774, -1.193, -0.197, 0.418, 0.999, -0.597, -0.138, 2.383, 0.907, -1.591, -1.007, -1.337, -0.098, 0.613, -0.531, 0.336, -5.630, -8.309, -5.943, -2.957, -3.949, -2.883, -2.593, -5.302, -4.704, -5.507, -2.863, -2.641, -5.833, -4.241, -7.350, -1.491, -5.841, -7.075, -3.643, -2.805, -1.794, -0.516, -0.414, 0.407, -0.230, 0.013]
  f(xk) = 10366.301
  ||gk|| = 2.051E+03
  stop_crit = 2.055E-01
  ||dir|| = 7.510E+00
  alpha = 1.000E+00
  Curr. impr.: 2.13E-01
  # times under thresh: 2
  -> New batch size of 27478 samples

Epoch 7.368731348715336:
  xk = [-13.979, -17.138, -15.142, -23.911, -20.670, 1.225, 0.408, -1.842, -0.111, -0.573, -0.907, 0.533, -0.692, -0.302, -0.609, -0.047, -0.347, -0.583, -1.448, 1.483, 1.798, 1.277, -0.375, -0.132, -1.201, -0.072, -0.336, -1.088, -1.215, -1.036, -0.810, -0.957, -0.610, -0.880, -1.085, -0.761, -0.818, 0.412, 0.220, 0.174, -0.455, -0.345, 1.549, 2.421, 2.421, 2.365, 2.004, 3.233, 3.121, 0.361, 0.974, 0.326, 0.269, 0.676, 1.093, 0.907, 0.650, -0.522, -0.651, -1.108, -0.210, 0.560, -0.735, -0.505, 0.094, 2.326, 0.657, -1.264, -0.480, -1.184, 0.736, 0.718, -0.948, 0.220, -5.471, -6.929, -8.194, -3.408, -4.193, -2.611, -2.640, -3.516, -5.319, -3.903, -1.137, -4.437, -5.880, -3.553, -3.884, -1.920, -4.885, -5.758, -2.349, -2.200, -2.709, -0.320, -0.364, 0.413, -0.131, 0.065]
  f(xk) = 17488.654
  ||gk|| = 2.306E+03
  stop_crit = 2.510E-01
  ||dir|| = 1.270E+01
  alpha = 3.680E-01

Epoch 8.368731348715336:
  xk = [-13.229, -16.506, -13.966, -22.913, -19.267, 1.169, 0.420, -1.856, -1.157, -0.460, -0.944, 0.510, -0.504, -0.372, -0.609, -0.101, -0.301, -0.563, -1.538, 1.563, 1.999, 0.719, -0.339, -0.137, -0.827, 0.480, -0.275, -0.723, -0.969, -0.672, -0.513, -0.749, -0.301, -0.554, -0.847, -0.449, -0.827, 0.407, 0.211, 0.139, -0.473, -0.103, 1.397, 2.302, 2.213, 2.278, 1.930, 3.055, 2.872, 0.385, 0.905, 0.428, 0.344, 0.656, 1.043, 1.001, 0.694, -0.324, -0.703, -1.075, -0.338, 0.480, -0.008, -0.481, 0.148, 0.367, 0.670, -1.201, -0.742, -1.356, 0.834, 0.395, -0.889, 0.258, -5.291, -6.737, -6.847, -3.239, -3.881, -2.028, -2.604, -2.875, -4.740, -3.465, -1.606, -5.290, -6.269, -4.880, -5.021, -1.887, -4.305, -5.368, -3.213, -2.129, -2.592, -0.413, -0.237, 0.417, -0.430, 0.101]
  f(xk) = 17350.173
  ||gk|| = 6.802E+02
  stop_crit = 2.764E-02
  ||dir|| = 8.833E+00
  alpha = 2.358E-01

Epoch 9.368731348715336:
  xk = [-13.047, -16.799, -13.842, -22.936, -18.981, 1.246, 0.481, -1.659, -1.260, -0.422, -0.896, 0.557, -0.516, -0.362, -0.592, -0.077, -0.243, -0.546, -1.626, 1.580, 2.039, 0.555, -0.337, -0.141, -0.623, 0.794, -0.282, -0.745, -1.065, -0.660, -0.525, -0.855, -0.275, -0.592, -0.944, -0.452, -0.828, 0.477, 0.243, 0.158, -0.442, -0.110, 1.349, 2.332, 2.188, 2.280, 1.904, 3.048, 2.815, 0.346, 0.862, 0.423, 0.295, 0.870, 0.968, 1.068, 0.655, -0.371, -0.732, -1.045, -0.280, 0.426, 0.543, -0.485, 0.106, 1.335, 0.722, -1.311, -0.886, -1.432, 1.145, 0.413, -0.777, 0.260, -5.337, -6.917, -6.507, -2.859, -3.792, -1.853, -2.606, -3.417, -4.515, -3.643, -1.921, -5.906, -6.035, -4.599, -5.843, -1.670, -4.568, -5.789, -3.308, -2.012, -2.391, -0.446, -0.201, 0.434, -0.371, 0.101]
  f(xk) = 17310.674
  ||gk|| = 4.061E+02
  stop_crit = 2.004E-02
  ||dir|| = 4.078E+00
  alpha = 3.235E-01

Epoch 10.368731348715336:
  xk = [-13.339, -17.142, -14.008, -23.252, -19.247, 1.252, 0.538, -1.715, -1.030, -0.449, -0.908, 0.521, -0.529, -0.363, -0.581, -0.085, -0.215, -0.535, -1.634, 1.612, 2.027, 0.686, -0.306, -0.134, -0.548, 0.791, -0.283, -0.805, -1.176, -0.719, -0.571, -0.968, -0.339, -0.654, -1.053, -0.498, -0.838, 0.482, 0.231, 0.170, -0.399, -0.133, 1.399, 2.389, 2.219, 2.343, 1.906, 3.102, 2.862, 0.341, 0.847, 0.437, 0.274, 0.915, 0.931, 1.018, 0.646, -0.415, -0.709, -1.096, -0.243, 0.424, 0.511, -0.495, 0.104, 1.406, 0.710, -1.333, -0.899, -1.502, 1.043, 0.459, -0.745, 0.280, -5.364, -7.079, -6.402, -2.759, -3.832, -1.919, -2.557, -3.695, -4.477, -3.885, -2.030, -5.677, -5.948, -4.734, -6.723, -1.632, -4.654, -6.030, -3.313, -2.072, -2.317, -0.444, -0.196, 0.438, -0.309, 0.078]
  f(xk) = 17305.642
  ||gk|| = 1.614E+02
  stop_crit = 1.637E-02
  ||dir|| = 1.518E+00
  alpha = 2.986E-01

Epoch 11.368731348715336:
  xk = [-13.152, -17.016, -13.912, -23.168, -19.123, 1.259, 0.535, -1.716, -1.106, -0.458, -0.907, 0.523, -0.530, -0.366, -0.567, -0.089, -0.208, -0.547, -1.686, 1.604, 2.023, 0.717, -0.292, -0.132, -0.521, 0.760, -0.285, -0.791, -1.146, -0.708, -0.554, -0.942, -0.333, -0.642, -1.025, -0.485, -0.829, 0.488, 0.227, 0.179, -0.411, -0.146, 1.369, 2.367, 2.204, 2.321, 1.902, 3.087, 2.842, 0.333, 0.846, 0.423, 0.262, 0.909, 0.940, 1.002, 0.657, -0.433, -0.707, -1.101, -0.236, 0.428, 0.512, -0.499, 0.101, 1.535, 0.714, -1.336, -0.892, -1.515, 1.014, 0.454, -0.751, 0.282, -5.359, -7.200, -6.462, -2.775, -3.853, -1.956, -2.578, -3.721, -4.457, -3.907, -2.060, -5.582, -5.888, -4.703, -6.516, -1.644, -4.708, -6.002, -3.313, -2.106, -2.327, -0.439, -0.209, 0.439, -0.301, 0.078]
  f(xk) = 17304.707
  ||gk|| = 1.149E+02
  stop_crit = 1.279E-02
  ||dir|| = 7.353E-01
  alpha = 3.254E-01

Epoch 12.368731348715336:
  xk = [-13.242, -17.062, -13.995, -23.241, -19.227, 1.266, 0.532, -1.682, -1.102, -0.462, -0.907, 0.519, -0.534, -0.363, -0.568, -0.088, -0.213, -0.545, -1.726, 1.605, 2.014, 0.702, -0.293, -0.133, -0.530, 0.743, -0.287, -0.806, -1.175, -0.721, -0.568, -0.970, -0.344, -0.656, -1.053, -0.498, -0.829, 0.486, 0.224, 0.179, -0.410, -0.148, 1.385, 2.376, 2.219, 2.325, 1.916, 3.101, 2.860, 0.334, 0.848, 0.420, 0.261, 0.906, 0.942, 1.002, 0.660, -0.438, -0.707, -1.101, -0.231, 0.431, 0.537, -0.501, 0.100, 1.599, 0.712, -1.332, -0.887, -1.516, 0.975, 0.459, -0.755, 0.280, -5.352, -7.143, -6.465, -2.785, -3.863, -1.970, -2.568, -3.716, -4.468, -3.906, -2.037, -5.538, -5.879, -4.670, -6.531, -1.650, -4.702, -6.043, -3.306, -2.107, -2.323, -0.442, -0.213, 0.436, -0.310, 0.077]
  f(xk) = 17304.381
  ||gk|| = 6.335E+01
  stop_crit = 6.244E-03
  ||dir|| = 3.162E-01
  alpha = 3.131E-01

Epoch 13.368731348715336:
  xk = [-13.228, -17.055, -14.001, -23.231, -19.214, 1.263, 0.531, -1.693, -1.053, -0.462, -0.904, 0.523, -0.537, -0.360, -0.570, -0.085, -0.214, -0.544, -1.757, 1.602, 2.013, 0.707, -0.298, -0.133, -0.536, 0.752, -0.287, -0.810, -1.172, -0.723, -0.573, -0.966, -0.344, -0.661, -1.049, -0.501, -0.830, 0.487, 0.227, 0.178, -0.411, -0.149, 1.382, 2.375, 2.219, 2.324, 1.909, 3.099, 2.857, 0.333, 0.848, 0.418, 0.261, 0.914, 0.942, 1.007, 0.657, -0.438, -0.708, -1.099, -0.231, 0.431, 0.532, -0.500, 0.098, 1.632, 0.715, -1.335, -0.888, -1.510, 0.986, 0.464, -0.754, 0.277, -5.354, -7.136, -6.471, -2.780, -3.858, -1.965, -2.568, -3.719, -4.478, -3.896, -2.037, -5.561, -5.884, -4.635, -6.496, -1.643, -4.718, -6.041, -3.290, -2.101, -2.320, -0.441, -0.212, 0.436, -0.304, 0.078]
  f(xk) = 17304.299
  ||gk|| = 1.895E+01
  stop_crit = 1.803E-03
  ||dir|| = 2.229E-01
  alpha = 2.923E-01

Epoch 14.368731348715336:
  xk = [-13.248, -17.081, -14.015, -23.245, -19.233, 1.263, 0.531, -1.693, -1.076, -0.461, -0.902, 0.524, -0.539, -0.360, -0.570, -0.084, -0.215, -0.543, -1.772, 1.601, 2.013, 0.715, -0.300, -0.133, -0.539, 0.747, -0.288, -0.816, -1.174, -0.728, -0.578, -0.968, -0.350, -0.666, -1.052, -0.506, -0.830, 0.488, 0.228, 0.178, -0.409, -0.150, 1.386, 2.379, 2.222, 2.328, 1.914, 3.101, 2.861, 0.333, 0.848, 0.418, 0.260, 0.915, 0.940, 1.007, 0.654, -0.438, -0.708, -1.099, -0.231, 0.430, 0.526, -0.499, 0.097, 1.634, 0.715, -1.336, -0.887, -1.506, 0.996, 0.468, -0.753, 0.276, -5.357, -7.133, -6.478, -2.774, -3.855, -1.963, -2.568, -3.730, -4.479, -3.901, -2.035, -5.562, -5.883, -4.612, -6.490, -1.637, -4.724, -6.042, -3.279, -2.097, -2.320, -0.440, -0.212, 0.436, -0.299, 0.078]
  f(xk) = 17304.281
  ||gk|| = 5.987E+00
  stop_crit = 3.068E-04
  ||dir|| = 6.643E-02
  alpha = 3.984E-01

Epoch 15.368731348715336:
  xk = [-13.250, -17.079, -14.015, -23.246, -19.236, 1.264, 0.531, -1.691, -1.068, -0.461, -0.903, 0.523, -0.539, -0.360, -0.570, -0.084, -0.214, -0.544, -1.784, 1.600, 2.012, 0.717, -0.300, -0.133, -0.541, 0.747, -0.288, -0.815, -1.173, -0.729, -0.577, -0.966, -0.350, -0.665, -1.051, -0.506, -0.830, 0.488, 0.229, 0.178, -0.409, -0.151, 1.386, 2.379, 2.222, 2.328, 1.914, 3.101, 2.861, 0.333, 0.849, 0.419, 0.261, 0.912, 0.940, 1.006, 0.654, -0.438, -0.708, -1.099, -0.231, 0.430, 0.525, -0.499, 0.097, 1.626, 0.714, -1.337, -0.885, -1.505, 1.002, 0.468, -0.754, 0.277, -5.357, -7.138, -6.485, -2.775, -3.855, -1.966, -2.569, -3.732, -4.479, -3.903, -2.029, -5.562, -5.879, -4.614, -6.480, -1.638, -4.722, -6.036, -3.276, -2.096, -2.323, -0.439, -0.212, 0.436, -0.298, 0.078]
  f(xk) = 17304.276
  ||gk|| = 2.650E+00
  stop_crit = 2.010E-04
  ||dir|| = 4.044E-02
  alpha = 4.170E-01

Epoch 16.368731348715336:
  xk = [-13.253, -17.077, -14.015, -23.247, -19.240, 1.263, 0.531, -1.693, -1.069, -0.461, -0.903, 0.523, -0.539, -0.360, -0.570, -0.084, -0.214, -0.544, -1.792, 1.600, 2.012, 0.715, -0.299, -0.133, -0.543, 0.745, -0.288, -0.815, -1.173, -0.728, -0.577, -0.967, -0.350, -0.665, -1.051, -0.506, -0.830, 0.487, 0.228, 0.178, -0.410, -0.152, 1.387, 2.379, 2.222, 2.328, 1.914, 3.102, 2.862, 0.333, 0.849, 0.419, 0.261, 0.912, 0.941, 1.006, 0.654, -0.438, -0.708, -1.098, -0.231, 0.431, 0.522, -0.499, 0.098, 1.626, 0.713, -1.337, -0.885, -1.504, 1.002, 0.467, -0.754, 0.277, -5.357, -7.137, -6.488, -2.778, -3.856, -1.967, -2.569, -3.730, -4.480, -3.903, -2.025, -5.554, -5.877, -4.617, -6.484, -1.640, -4.719, -6.037, -3.278, -2.097, -2.324, -0.439, -0.212, 0.437, -0.298, 0.078]
  f(xk) = 17304.275
  ||gk|| = 1.371E+00
  stop_crit = 1.422E-04
  ||dir|| = 1.880E-02
  alpha = 4.228E-01

Epoch 17.368731348715336:
  xk = [-13.253, -17.078, -14.017, -23.248, -19.241, 1.263, 0.531, -1.693, -1.069, -0.461, -0.903, 0.523, -0.539, -0.360, -0.570, -0.084, -0.215, -0.544, -1.797, 1.601, 2.012, 0.717, -0.299, -0.133, -0.543, 0.744, -0.288, -0.815, -1.173, -0.729, -0.577, -0.967, -0.350, -0.665, -1.051, -0.506, -0.830, 0.487, 0.228, 0.178, -0.410, -0.151, 1.387, 2.379, 2.222, 2.328, 1.914, 3.102, 2.862, 0.333, 0.849, 0.418, 0.261, 0.912, 0.941, 1.006, 0.654, -0.438, -0.708, -1.098, -0.231, 0.431, 0.522, -0.499, 0.098, 1.625, 0.713, -1.336, -0.885, -1.504, 0.999, 0.468, -0.754, 0.277, -5.356, -7.136, -6.488, -2.779, -3.856, -1.967, -2.569, -3.727, -4.481, -3.902, -2.026, -5.552, -5.879, -4.618, -6.484, -1.640, -4.720, -6.037, -3.277, -2.097, -2.324, -0.439, -0.212, 0.437, -0.299, 0.078]
  f(xk) = 17304.275
  ||gk|| = 1.056E+00
  stop_crit = 9.239E-05
  ||dir|| = 7.927E-03
  alpha = 4.220E-01

Epoch 18.368731348715336:
  xk = [-13.253, -17.077, -14.017, -23.248, -19.240, 1.263, 0.531, -1.693, -1.069, -0.461, -0.903, 0.523, -0.539, -0.360, -0.570, -0.084, -0.215, -0.544, -1.799, 1.601, 2.012, 0.716, -0.299, -0.133, -0.542, 0.744, -0.288, -0.815, -1.173, -0.729, -0.577, -0.967, -0.350, -0.665, -1.051, -0.506, -0.830, 0.487, 0.228, 0.178, -0.410, -0.151, 1.387, 2.379, 2.222, 2.328, 1.914, 3.102, 2.862, 0.333, 0.849, 0.418, 0.261, 0.912, 0.941, 1.006, 0.654, -0.438, -0.708, -1.098, -0.231, 0.431, 0.522, -0.499, 0.098, 1.626, 0.713, -1.336, -0.885, -1.504, 0.998, 0.468, -0.754, 0.277, -5.356, -7.135, -6.487, -2.779, -3.856, -1.967, -2.569, -3.727, -4.481, -3.901, -2.027, -5.552, -5.880, -4.617, -6.483, -1.640, -4.719, -6.036, -3.277, -2.098, -2.324, -0.439, -0.212, 0.436, -0.299, 0.078]
  f(xk) = 17304.275
  ||gk|| = 1.918E-01
  stop_crit = 1.972E-05
  ||dir|| = 4.136E-03
  alpha = 4.817E-01

Epoch 19.368731348715336:
  xk = [-13.253, -17.077, -14.016, -23.247, -19.240, 1.263, 0.531, -1.693, -1.069, -0.461, -0.903, 0.523, -0.539, -0.360, -0.570, -0.084, -0.215, -0.544, -1.801, 1.601, 2.012, 0.716, -0.299, -0.133, -0.542, 0.744, -0.288, -0.815, -1.173, -0.728, -0.577, -0.967, -0.350, -0.665, -1.051, -0.506, -0.830, 0.487, 0.228, 0.178, -0.410, -0.151, 1.387, 2.379, 2.222, 2.328, 1.914, 3.102, 2.862, 0.333, 0.849, 0.419, 0.261, 0.912, 0.941, 1.006, 0.654, -0.438, -0.708, -1.098, -0.231, 0.431, 0.522, -0.499, 0.098, 1.626, 0.713, -1.336, -0.885, -1.504, 0.998, 0.468, -0.754, 0.277, -5.356, -7.135, -6.487, -2.779, -3.856, -1.967, -2.569, -3.727, -4.480, -3.901, -2.027, -5.552, -5.880, -4.618, -6.482, -1.640, -4.719, -6.036, -3.277, -2.097, -2.324, -0.439, -0.212, 0.436, -0.299, 0.078]
  f(xk) = 17304.275
  ||gk|| = 2.350E-01
  stop_crit = 1.604E-05
  ||dir|| = 3.114E-03
  alpha = 4.594E-01

Epoch 20.368731348715336:
  xk = [-13.253, -17.077, -14.016, -23.247, -19.240, 1.263, 0.531, -1.693, -1.069, -0.461, -0.903, 0.523, -0.539, -0.360, -0.570, -0.084, -0.215, -0.544, -1.802, 1.601, 2.012, 0.716, -0.299, -0.133, -0.542, 0.744, -0.288, -0.815, -1.173, -0.728, -0.577, -0.967, -0.350, -0.665, -1.051, -0.506, -0.830, 0.487, 0.228, 0.178, -0.410, -0.151, 1.387, 2.379, 2.222, 2.328, 1.914, 3.102, 2.862, 0.333, 0.849, 0.419, 0.261, 0.912, 0.941, 1.006, 0.654, -0.438, -0.708, -1.098, -0.231, 0.431, 0.522, -0.499, 0.098, 1.626, 0.713, -1.336, -0.885, -1.504, 0.999, 0.468, -0.754, 0.277, -5.356, -7.135, -6.487, -2.779, -3.856, -1.967, -2.569, -3.727, -4.480, -3.901, -2.026, -5.552, -5.880, -4.618, -6.482, -1.640, -4.719, -6.036, -3.278, -2.097, -2.324, -0.439, -0.212, 0.436, -0.299, 0.078]
  f(xk) = 17304.275
  ||gk|| = 9.933E-02
  stop_crit = 1.037E-05
  ||dir|| = 1.644E-03
  alpha = 3.531E-01

Epoch 21.368731348715336:
  xk = [-13.253, -17.077, -14.016, -23.247, -19.240, 1.263, 0.531, -1.693, -1.069, -0.461, -0.903, 0.523, -0.539, -0.360, -0.570, -0.084, -0.215, -0.544, -1.802, 1.601, 2.012, 0.716, -0.299, -0.133, -0.542, 0.744, -0.288, -0.815, -1.173, -0.728, -0.577, -0.967, -0.350, -0.665, -1.051, -0.506, -0.830, 0.487, 0.228, 0.178, -0.410, -0.151, 1.387, 2.379, 2.222, 2.328, 1.914, 3.102, 2.862, 0.333, 0.849, 0.419, 0.261, 0.912, 0.941, 1.006, 0.654, -0.438, -0.708, -1.098, -0.231, 0.431, 0.522, -0.499, 0.098, 1.626, 0.713, -1.336, -0.885, -1.504, 0.999, 0.468, -0.754, 0.277, -5.356, -7.135, -6.487, -2.779, -3.856, -1.967, -2.569, -3.727, -4.480, -3.901, -2.027, -5.553, -5.880, -4.618, -6.483, -1.640, -4.719, -6.036, -3.277, -2.097, -2.324, -0.439, -0.212, 0.436, -0.299, 0.078]
  f(xk) = 17304.275
  ||gk|| = 2.662E-02
  stop_crit = 1.878E-06
  ||dir|| = 5.110E-04
  alpha = 2.867E-01

Algorithm Optimized!
  x* = [-13.253, -17.077, -14.016, -23.247, -19.240, 1.263, 0.531, -1.693, -1.069, -0.461, -0.903, 0.523, -0.539, -0.360, -0.570, -0.084, -0.215, -0.544, -1.802, 1.601, 2.012, 0.716, -0.299, -0.133, -0.542, 0.744, -0.288, -0.815, -1.173, -0.728, -0.577, -0.967, -0.350, -0.665, -1.051, -0.506, -0.830, 0.487, 0.228, 0.178, -0.410, -0.151, 1.387, 2.379, 2.222, 2.328, 1.914, 3.102, 2.862, 0.333, 0.849, 0.419, 0.261, 0.912, 0.941, 1.006, 0.654, -0.438, -0.708, -1.098, -0.231, 0.431, 0.522, -0.499, 0.098, 1.626, 0.713, -1.336, -0.885, -1.504, 0.999, 0.468, -0.754, 0.277, -5.356, -7.135, -6.487, -2.779, -3.856, -1.967, -2.569, -3.727, -4.480, -3.901, -2.027, -5.553, -5.880, -4.618, -6.483, -1.640, -4.719, -6.036, -3.277, -2.097, -2.324, -0.439, -0.212, 0.436, -0.299, 0.078]
  f(x*) = 17304.275
Finished at mer aoû 14 16:46:11 CEST 2019
