Optimizing LPMC_MNL_RR_L with best algo at mer aoû 14 16:40:03 CEST 2019
Maximizing the problem using a Line Search ABS IOA with the Hybrid direction.
Epoch 0:
  xk = [0.000, 0.000, 0.000, 0.000, 0.000, 0.000, 0.000, 0.000, 0.000, 0.000, 0.000, 0.000, 0.000, 0.000, 0.000, 0.000, 0.000, 0.000, 0.000, 0.000, 0.000, 0.000, 0.000, 0.000, 0.000, 0.000, 0.000, 0.000, 0.000, 0.000, 0.000, 0.000, 0.000, 0.000, 0.000, 0.000, 0.000, 0.000, 0.000, 0.000, 0.000, 0.000, 0.000, 0.000, 0.000, 0.000, 0.000, 0.000, 0.000, 0.000, 0.000, 0.000, 0.000, 0.000]
  f(xk) = 1386.294
  ||gk|| = 1.910E+03
  stop_crit = 0.000E+00
  ||dir|| = 1.861E-01
  alpha = 1.000E+00

Epoch 0.012332585156500505:
  xk = [-0.022, 0.017, 0.011, 0.002, 0.002, -0.003, 0.002, 0.001, 0.011, 0.028, -0.003, 0.001, 0.012, 0.010, -0.018, 0.015, -0.007, 0.007, 0.004, -0.103, 0.077, 0.116, -0.013, 0.017, 0.001, -0.012, 0.010, 0.007, -0.001, 0.002, 0.001, 0.001, 0.002, -0.012, 0.003, -0.003, 0.001, 0.005, -0.008, 0.004, 0.002, 0.001, 0.001, 0.000, 0.004, -0.022, 0.003, 0.011, 0.002, 0.012, -0.003, -0.015, -0.003, 0.002]
  f(xk) = 1177.007
  ||gk|| = 6.787E+02
  stop_crit = 3.181E-02
  ||dir|| = 2.294E-01
  alpha = 1.000E+00
  Curr. impr.: 1.01E+01
  # times under thresh: 0

Epoch 0.02466517031300101:
  xk = [-0.059, 0.057, 0.010, 0.008, 0.004, -0.010, 0.007, 0.006, -0.015, 0.046, -0.010, -0.001, 0.028, 0.019, -0.049, 0.042, -0.015, 0.017, 0.005, -0.179, 0.207, 0.231, -0.035, 0.065, -0.019, -0.036, 0.029, 0.009, -0.002, 0.003, 0.004, 0.001, 0.004, -0.036, -0.008, -0.005, -0.003, 0.014, -0.015, 0.008, 0.001, -0.000, 0.001, 0.000, 0.009, -0.062, 0.006, 0.040, -0.007, 0.049, -0.021, -0.043, -0.011, 0.016]
  f(xk) = 1065.639
  ||gk|| = 3.683E+02
  stop_crit = 5.478E-02
  ||dir|| = 2.244E+00
  alpha = 5.399E-01
  Curr. impr.: 7.26E+00
  # times under thresh: 0

Epoch 0.036997755469501514:
  xk = [-0.298, -0.157, -0.128, 0.025, -0.052, -0.069, -0.027, 0.024, -0.068, 0.016, -0.013, -0.055, -0.292, 0.069, -0.259, -0.137, -0.061, 0.073, -0.029, -0.018, 0.362, 0.409, -0.165, 0.376, -0.417, -0.262, -0.110, 0.014, -0.008, 0.015, 0.006, -0.175, 0.049, -0.189, -0.113, 0.031, -0.076, 0.058, -0.004, -0.086, -0.053, -0.060, -0.011, 0.001, 0.057, -0.179, -0.255, 0.238, -0.243, 0.500, -0.483, -0.217, -0.037, 0.008]
  f(xk) = 890.120
  ||gk|| = 2.052E+02
  stop_crit = 4.052E-02
  ||dir|| = 2.239E+00
  alpha = 1.000E+00
  Curr. impr.: 9.21E+00
  # times under thresh: 0

Epoch 0.04933034062600202:
  xk = [-0.796, -0.472, -0.229, 0.303, -0.181, -0.191, -0.059, 0.091, -0.215, -0.088, -0.109, 0.130, -0.623, 0.050, -0.622, -0.484, -0.130, -0.145, -0.180, 0.645, 0.726, 0.785, -0.199, 0.608, -0.858, -0.662, -0.321, 0.105, 0.028, 0.057, 0.015, -0.138, -0.022, -0.500, -0.184, 0.118, -0.428, 0.287, 0.024, -0.283, -0.098, -0.142, -0.048, -0.005, 0.110, -0.514, -0.723, 1.070, -0.961, 1.267, -1.001, -0.529, -0.164, 0.035]
  f(xk) = 830.504
  ||gk|| = 2.616E+02
  stop_crit = 1.797E-01
  ||dir|| = 7.508E-02
  alpha = 1.000E+00
  Curr. impr.: 6.96E+00
  # times under thresh: 0

Epoch 0.06166292578250253:
  xk = [-0.806, -0.478, -0.233, 0.306, -0.184, -0.192, -0.061, 0.093, -0.201, -0.084, -0.110, 0.131, -0.623, 0.047, -0.626, -0.487, -0.130, -0.142, -0.181, 0.589, 0.744, 0.820, -0.205, 0.598, -0.849, -0.670, -0.316, 0.097, 0.026, 0.057, 0.015, -0.139, -0.022, -0.500, -0.185, 0.116, -0.429, 0.288, 0.020, -0.284, -0.099, -0.142, -0.048, -0.005, 0.112, -0.513, -0.729, 1.070, -0.962, 1.273, -1.002, -0.535, -0.166, 0.033]
  f(xk) = 763.254
  ||gk|| = 1.851E+02
  stop_crit = 1.379E-01
  ||dir|| = 6.541E-01
  alpha = 1.000E+00
  Curr. impr.: 6.24E+00
  # times under thresh: 0

Epoch 0.07399551093900303:
  xk = [-0.946, -0.679, -0.367, 0.413, -0.258, -0.195, -0.074, 0.115, -0.286, 0.004, -0.114, 0.086, -0.696, -0.084, -0.702, -0.607, -0.134, -0.092, -0.222, 0.554, 0.825, 0.827, -0.249, 0.334, -0.733, -0.784, -0.245, -0.045, 0.018, 0.025, 0.076, -0.127, -0.051, -0.507, -0.302, 0.130, -0.485, 0.292, 0.016, -0.352, -0.147, -0.162, -0.059, -0.007, 0.133, -0.526, -0.931, 1.194, -1.035, 1.419, -1.115, -0.634, -0.190, 0.023]
  f(xk) = 757.921
  ||gk|| = 1.657E+02
  stop_crit = 1.423E-01
  ||dir|| = 1.527E+00
  alpha = 1.403E-01
  Curr. impr.: 4.31E+00
  # times under thresh: 0

Epoch 0.08632809609550353:
  xk = [-0.988, -0.751, -0.389, 0.354, -0.264, -0.207, -0.071, 0.134, -0.293, -0.018, -0.121, 0.112, -0.676, -0.118, -0.724, -0.582, -0.101, -0.110, -0.214, 0.592, 0.853, 0.862, -0.263, 0.372, -0.726, -0.842, -0.206, -0.051, 0.009, 0.065, 0.055, -0.175, -0.044, -0.501, -0.265, 0.116, -0.500, 0.300, 0.020, -0.372, -0.162, -0.189, -0.072, -0.009, 0.150, -0.552, -1.001, 1.198, -1.038, 1.479, -1.138, -0.648, -0.186, -0.006]
  f(xk) = 747.166
  ||gk|| = 1.457E+02
  stop_crit = 1.209E-01
  ||dir|| = 7.496E-01
  alpha = 3.328E-01
  Curr. impr.: 3.27E+00
  # times under thresh: 0

Epoch 0.09866068125200403:
  xk = [-1.030, -0.794, -0.354, 0.309, -0.223, -0.213, -0.036, 0.127, -0.232, -0.109, -0.119, 0.139, -0.680, -0.074, -0.753, -0.565, -0.109, -0.069, -0.224, 0.661, 0.884, 0.923, -0.254, 0.417, -0.710, -0.871, -0.156, -0.063, 0.016, 0.058, 0.069, -0.255, -0.000, -0.506, -0.250, 0.129, -0.479, 0.271, 0.025, -0.400, -0.163, -0.190, -0.076, -0.010, 0.157, -0.589, -1.047, 1.220, -1.011, 1.526, -1.131, -0.678, -0.205, 0.007]
  f(xk) = 762.341
  ||gk|| = 1.640E+02
  stop_crit = 1.207E-01
  ||dir|| = 1.196E+00
  alpha = 1.000E+00
  Curr. impr.: 2.01E+00
  # times under thresh: 0

Epoch 0.11099326640850453:
  xk = [-1.208, -1.272, -0.504, -0.004, -0.100, -0.260, -0.106, 0.365, -0.183, -0.014, -0.136, 0.216, -0.821, -0.255, -0.807, -0.638, -0.163, 0.225, -0.294, 0.674, 0.962, 1.006, -0.157, 0.577, -0.993, -1.051, -0.050, -0.230, 0.022, 0.109, 0.077, -0.663, 0.069, -0.603, -0.123, 0.214, -0.442, 0.036, 0.019, -0.597, -0.228, -0.323, -0.095, -0.007, 0.248, -0.628, -1.438, 1.401, -1.088, 1.525, -1.368, -0.607, -0.202, -0.095]
  f(xk) = 746.686
  ||gk|| = 1.004E+02
  stop_crit = 9.826E-02
  ||dir|| = 1.675E+00
  alpha = 3.754E-01
  Curr. impr.: 1.84E+00
  # times under thresh: 0

Epoch 0.12332585156500503:
  xk = [-1.291, -1.368, -0.611, 0.217, -0.271, -0.264, -0.004, 0.345, -0.183, -0.165, -0.184, 0.241, -0.755, -0.186, -0.756, -0.534, -0.075, 0.112, -0.331, 0.710, 1.029, 1.094, -0.133, 0.505, -0.870, -1.125, -0.092, -0.033, 0.073, 0.043, 0.154, -0.527, 0.038, -0.544, -0.226, 0.154, -0.479, 0.082, 0.020, -0.648, -0.275, -0.377, -0.116, -0.014, 0.283, -0.678, -1.636, 1.459, -1.023, 1.627, -1.323, -0.625, -0.249, -0.066]
  f(xk) = 749.257
  ||gk|| = 6.389E+01
  stop_crit = 4.888E-02
  ||dir|| = 1.954E+00
  alpha = 1.000E+00
  Curr. impr.: 3.64E+00
  # times under thresh: 0

Epoch 0.13565843672150554:
  xk = [-1.526, -2.094, -1.224, -0.051, -0.209, -0.400, 0.190, 0.477, -0.162, -0.032, 0.079, -0.055, -0.163, -0.235, -0.984, -0.531, -0.342, 0.143, -0.057, 0.991, 1.363, 1.381, -0.434, 0.327, -0.902, -1.268, -0.269, -0.441, 0.099, -0.043, 0.287, -0.657, 0.110, -0.360, -0.289, 0.317, -0.494, -0.098, 0.041, -0.906, -0.471, -0.276, -0.184, -0.021, 0.072, -0.880, -2.337, 1.235, -0.815, 1.970, -0.963, -0.671, -0.298, 0.361]
  f(xk) = 725.158
  ||gk|| = 8.309E+01
  stop_crit = 1.033E-01
  ||dir|| = 1.049E+00
  alpha = 1.000E+00
  Curr. impr.: 2.87E+00
  # times under thresh: 0

Epoch 0.14799102187800606:
  xk = [-1.864, -2.088, -1.299, 0.185, -0.390, -0.453, 0.203, 0.425, -0.119, -0.265, -0.004, -0.060, -0.362, -0.078, -0.918, -0.497, -0.235, 0.136, 0.005, 1.054, 1.347, 1.377, -0.391, 0.231, -0.621, -1.474, -0.026, 0.015, 0.135, 0.032, 0.222, -0.422, 0.036, -0.426, -0.134, 0.343, -0.658, 0.093, 0.042, -0.972, -0.567, -0.205, -0.259, -0.038, 0.071, -0.940, -2.432, 1.515, -0.967, 2.056, -0.929, -0.664, -0.383, 0.251]
  f(xk) = 720.865
  ||gk|| = 1.098E+02
  stop_crit = 1.307E-01
  ||dir|| = 5.971E-01
  alpha = 3.245E-01
  Curr. impr.: 1.98E+00
  # times under thresh: 0

Epoch 0.16032360703450657:
  xk = [-1.898, -2.094, -1.280, 0.178, -0.341, -0.448, 0.243, 0.431, -0.108, -0.218, 0.006, -0.056, -0.361, -0.050, -0.932, -0.457, -0.242, 0.188, -0.003, 1.064, 1.328, 1.363, -0.365, 0.328, -0.687, -1.495, -0.047, -0.002, 0.116, 0.031, 0.248, -0.430, 0.051, -0.385, -0.127, 0.327, -0.637, 0.083, 0.041, -0.983, -0.583, -0.198, -0.266, -0.039, 0.063, -0.945, -2.453, 1.521, -0.936, 2.075, -0.954, -0.645, -0.392, 0.232]
  f(xk) = 711.217
  ||gk|| = 3.361E+02
  stop_crit = 4.111E-01
  ||dir|| = 2.391E-02
  alpha = 1.000E+00
  Curr. impr.: 1.41E+00
  # times under thresh: 0

Epoch 0.17265619219100709:
  xk = [-1.898, -2.095, -1.279, 0.178, -0.341, -0.448, 0.244, 0.430, -0.116, -0.211, 0.006, -0.056, -0.362, -0.050, -0.931, -0.457, -0.242, 0.187, -0.003, 1.064, 1.313, 1.378, -0.365, 0.327, -0.687, -1.495, -0.047, -0.001, 0.116, 0.031, 0.248, -0.429, 0.051, -0.385, -0.127, 0.327, -0.638, 0.084, 0.041, -0.984, -0.583, -0.198, -0.266, -0.039, 0.063, -0.945, -2.454, 1.521, -0.935, 2.075, -0.954, -0.645, -0.392, 0.232]
  f(xk) = 703.565
  ||gk|| = 4.593E+02
  stop_crit = 5.869E-01
  ||dir|| = 3.592E-02
  alpha = 9.370E-01
  Curr. impr.: 1.18E+00
  # times under thresh: 0

Epoch 0.1849887773475076:
  xk = [-1.898, -2.092, -1.282, 0.179, -0.341, -0.448, 0.244, 0.430, -0.110, -0.215, 0.006, -0.057, -0.360, -0.052, -0.931, -0.454, -0.241, 0.190, -0.004, 1.064, 1.336, 1.357, -0.365, 0.330, -0.689, -1.495, -0.046, -0.002, 0.116, 0.031, 0.248, -0.429, 0.051, -0.385, -0.128, 0.327, -0.638, 0.083, 0.041, -0.983, -0.583, -0.199, -0.266, -0.039, 0.063, -0.946, -2.453, 1.523, -0.937, 2.076, -0.955, -0.645, -0.392, 0.232]
  f(xk) = 754.932
  ||gk|| = 2.754E+02
  stop_crit = 3.340E-01
  ||dir|| = 2.074E-02
  alpha = 1.000E+00
  Curr. impr.: 4.04E-01
  # times under thresh: 1

Epoch 0.1973213625040081:
  xk = [-1.898, -2.093, -1.282, 0.179, -0.341, -0.448, 0.244, 0.430, -0.117, -0.213, 0.006, -0.057, -0.361, -0.052, -0.931, -0.455, -0.241, 0.189, -0.005, 1.065, 1.322, 1.369, -0.364, 0.328, -0.688, -1.495, -0.047, -0.002, 0.116, 0.031, 0.248, -0.429, 0.051, -0.384, -0.127, 0.327, -0.638, 0.083, 0.042, -0.984, -0.583, -0.199, -0.266, -0.039, 0.063, -0.945, -2.454, 1.522, -0.935, 2.076, -0.955, -0.645, -0.392, 0.231]
  f(xk) = 746.334
  ||gk|| = 1.105E+02
  stop_crit = 1.111E-01
  ||dir|| = 6.339E-01
  alpha = 4.988E-01
  Curr. impr.: 2.09E-01
  # times under thresh: 2
  -> New batch size of 2000 samples

Epoch 0.2219865328170091:
  xk = [-1.896, -2.097, -1.328, 0.158, -0.364, -0.445, 0.233, 0.452, -0.139, -0.093, 0.034, -0.077, -0.418, 0.022, -0.879, -0.465, -0.203, 0.205, -0.100, 1.101, 1.313, 1.329, -0.334, 0.402, -0.720, -1.509, -0.132, 0.099, 0.147, 0.023, 0.231, -0.421, 0.082, -0.338, -0.155, 0.312, -0.550, 0.034, 0.044, -1.015, -0.611, -0.214, -0.267, -0.040, 0.069, -0.943, -2.459, 1.606, -0.971, 2.045, -0.945, -0.646, -0.401, 0.177]
  f(xk) = 1420.273
  ||gk|| = 2.298E+02
  stop_crit = 1.206E-01
  ||dir|| = 1.912E-01
  alpha = 1.000E+00
  Curr. impr.: 6.60E-01
  # times under thresh: 1

Epoch 0.2466517031300101:
  xk = [-1.909, -2.061, -1.380, 0.162, -0.353, -0.447, 0.243, 0.440, -0.234, -0.116, 0.029, -0.075, -0.382, -0.027, -0.869, -0.411, -0.201, 0.223, -0.123, 1.034, 1.339, 1.362, -0.326, 0.421, -0.729, -1.514, -0.083, 0.050, 0.146, 0.023, 0.231, -0.428, 0.080, -0.337, -0.156, 0.314, -0.543, 0.024, 0.038, -1.019, -0.623, -0.234, -0.274, -0.040, 0.079, -0.942, -2.464, 1.608, -0.952, 2.083, -0.967, -0.656, -0.406, 0.181]
  f(xk) = 1426.484
  ||gk|| = 1.951E+02
  stop_crit = 1.253E-01
  ||dir|| = 1.112E-01
  alpha = 1.000E+00
  Curr. impr.: 4.94E-01
  # times under thresh: 2
  -> New batch size of 4000 samples

Epoch 0.2959820437560121:
  xk = [-1.909, -2.098, -1.372, 0.149, -0.337, -0.447, 0.248, 0.444, -0.183, -0.160, 0.031, -0.061, -0.408, -0.012, -0.856, -0.426, -0.190, 0.223, -0.130, 1.071, 1.321, 1.342, -0.316, 0.410, -0.721, -1.508, -0.102, 0.053, 0.151, 0.024, 0.232, -0.445, 0.095, -0.330, -0.154, 0.316, -0.546, 0.026, 0.041, -1.026, -0.626, -0.241, -0.277, -0.041, 0.081, -0.941, -2.482, 1.595, -0.937, 2.070, -0.961, -0.652, -0.402, 0.181]
  f(xk) = 2762.374
  ||gk|| = 4.213E+02
  stop_crit = 1.613E-01
  ||dir|| = 4.941E-02
  alpha = 1.000E+00
  Curr. impr.: 9.42E-01
  # times under thresh: 1

Epoch 0.3453123843820141:
  xk = [-1.914, -2.095, -1.374, 0.150, -0.335, -0.448, 0.253, 0.443, -0.182, -0.150, 0.031, -0.056, -0.399, -0.013, -0.854, -0.424, -0.189, 0.223, -0.130, 1.045, 1.336, 1.367, -0.314, 0.421, -0.729, -1.508, -0.094, 0.050, 0.150, 0.027, 0.229, -0.442, 0.098, -0.325, -0.151, 0.316, -0.550, 0.028, 0.039, -1.028, -0.628, -0.243, -0.279, -0.041, 0.081, -0.946, -2.485, 1.595, -0.931, 2.084, -0.968, -0.654, -0.404, 0.179]
  f(xk) = 2811.111
  ||gk|| = 3.634E+02
  stop_crit = 1.230E-01
  ||dir|| = 6.570E-03
  alpha = 1.000E+00
  Curr. impr.: 5.00E-01
  # times under thresh: 2
  -> New batch size of 8000 samples

Epoch 0.44397306563401817:
  xk = [-1.914, -2.095, -1.374, 0.150, -0.335, -0.448, 0.253, 0.443, -0.181, -0.150, 0.031, -0.056, -0.399, -0.013, -0.853, -0.423, -0.189, 0.223, -0.130, 1.046, 1.340, 1.362, -0.314, 0.421, -0.730, -1.508, -0.093, 0.050, 0.150, 0.027, 0.229, -0.442, 0.098, -0.325, -0.151, 0.317, -0.550, 0.028, 0.039, -1.028, -0.629, -0.243, -0.279, -0.041, 0.081, -0.946, -2.485, 1.595, -0.931, 2.084, -0.968, -0.654, -0.404, 0.179]
  f(xk) = 5793.517
  ||gk|| = 6.622E+02
  stop_crit = 1.141E-01
  ||dir|| = 5.866E-02
  alpha = 1.000E+00
  Curr. impr.: 1.61E-01
  # times under thresh: 1

Epoch 0.5426337468860222:
  xk = [-1.911, -2.102, -1.393, 0.156, -0.341, -0.447, 0.257, 0.442, -0.188, -0.150, 0.033, -0.060, -0.403, -0.017, -0.840, -0.420, -0.181, 0.214, -0.123, 1.068, 1.317, 1.349, -0.302, 0.423, -0.737, -1.502, -0.086, 0.037, 0.150, 0.028, 0.230, -0.442, 0.099, -0.311, -0.162, 0.316, -0.557, 0.035, 0.041, -1.033, -0.634, -0.254, -0.282, -0.041, 0.084, -0.943, -2.494, 1.601, -0.931, 2.084, -0.971, -0.647, -0.404, 0.173]
  f(xk) = 5814.866
  ||gk|| = 2.951E+02
  stop_crit = 4.072E-02
  ||dir|| = 2.614E+00
  alpha = 1.000E+00
  Curr. impr.: 2.31E-01
  # times under thresh: 2
  -> New batch size of 16000 samples

Epoch 0.7399551093900303:
  xk = [-2.971, -2.813, -1.967, 0.662, -0.254, -0.304, 0.383, 0.500, -0.148, -0.164, 0.149, 0.225, -0.177, 0.261, -0.698, -0.283, 0.013, 0.287, -0.032, 1.064, 1.354, 1.356, 0.270, 0.800, -0.648, -0.990, -0.121, -0.089, 0.079, 0.288, 0.390, -0.477, 0.418, 0.257, 0.166, 0.375, -0.777, 0.016, -0.019, -1.564, -1.321, -1.023, -0.596, -0.075, 0.387, -1.051, -3.171, 1.938, -0.440, 2.469, -0.573, -0.465, -0.455, -0.153]
  f(xk) = 11227.318
  ||gk|| = 7.756E+02
  stop_crit = 7.256E-02
  ||dir|| = 3.557E-01
  alpha = 1.000E+00
  Curr. impr.: 4.23E-01
  # times under thresh: 1

Epoch 0.9372764718940384:
  xk = [-3.000, -2.893, -2.051, 0.608, -0.242, -0.317, 0.369, 0.511, -0.126, -0.091, 0.131, 0.168, -0.290, 0.268, -0.653, -0.293, 0.055, 0.303, -0.054, 1.078, 1.408, 1.392, 0.271, 0.767, -0.617, -1.026, -0.090, -0.080, 0.094, 0.235, 0.431, -0.497, 0.396, 0.243, 0.110, 0.379, -0.781, 0.041, -0.018, -1.594, -1.372, -1.035, -0.621, -0.078, 0.376, -1.082, -3.173, 2.070, -0.545, 2.358, -0.606, -0.421, -0.449, -0.035]
  f(xk) = 11075.374
  ||gk|| = 8.029E+02
  stop_crit = 6.895E-02
  ||dir|| = 1.901E-01
  alpha = 1.000E+00
  Curr. impr.: 6.42E-01
  # times under thresh: 2
  -> New batch size of 32000 samples
  Change from Newton step to BFGS!

Epoch 1.3319191969020545:
  xk = [-3.051, -2.901, -2.061, 0.598, -0.216, -0.324, 0.370, 0.531, -0.150, -0.195, 0.117, 0.196, -0.264, 0.246, -0.672, -0.324, 0.057, 0.290, -0.024, 1.082, 1.428, 1.437, 0.269, 0.767, -0.616, -1.056, -0.044, -0.063, 0.107, 0.224, 0.427, -0.468, 0.383, 0.213, 0.149, 0.390, -0.774, 0.039, -0.018, -1.604, -1.390, -1.028, -0.636, -0.081, 0.365, -1.106, -3.160, 2.058, -0.522, 2.398, -0.633, -0.433, -0.449, 0.007]
  f(xk) = 22474.660
  ||gk|| = 8.632E+02
  stop_crit = 4.093E-02
  ||dir|| = 1.621E+01
  alpha = 1.000E+00
  Curr. impr.: 3.58E-01
  # times under thresh: 1

Epoch 1.7265619219100707:
  xk = [-5.744, -4.761, -3.606, 0.520, 0.364, -0.299, 0.681, 1.140, -0.086, 0.060, -0.078, 0.302, -0.148, 0.464, 0.128, -0.017, 0.354, 0.540, 0.226, 0.059, 0.140, 0.156, 0.568, 1.046, -0.126, -0.633, 0.361, 0.508, 2.255, 0.471, 1.157, -0.549, 0.580, 0.579, 0.527, 1.222, -0.688, 0.416, -4.979, -6.009, -6.829, -2.386, -9.712, -4.379, -2.560, -8.058, -1.731, 2.317, -0.313, 2.771, -0.621, 0.124, -0.151, 0.262]
  f(xk) = 22482.635
  ||gk|| = 1.740E+03
  stop_crit = 3.474E-02
  ||dir|| = 6.653E+00
  alpha = 1.000E+00
  Curr. impr.: 2.17E-01
  # times under thresh: 2
  -> New batch size of 64000 samples

Epoch 2.515847371926103:
  xk = [-5.054, -4.286, -3.278, 0.566, 0.110, -0.048, 0.470, 0.792, -0.124, -0.079, -0.190, 0.232, -0.225, 0.315, -0.215, -0.177, 0.407, 0.532, 0.257, -0.099, 0.287, 0.279, 0.493, 0.891, -0.417, -0.889, 0.217, 0.219, -0.362, 0.579, 0.885, -0.629, 0.531, 0.457, 0.401, 0.880, -0.687, 0.380, -1.916, -5.186, -5.528, -2.265, -5.378, -6.201, -1.815, -7.880, -2.656, 2.264, -0.302, 2.831, -0.332, 0.027, -0.324, 0.002]
  f(xk) = 44308.288
  ||gk|| = 1.911E+03
  stop_crit = 2.214E-02
  ||dir|| = 1.046E+01
  alpha = 3.615E-01
  Curr. impr.: 3.70E-01
  # times under thresh: 1

Epoch 3.3051328219421356:
  xk = [-4.616, -3.996, -2.954, 0.776, 0.191, -0.306, 0.555, 0.765, -0.141, -0.121, -0.082, 0.253, -0.202, 0.377, -0.191, -0.210, 0.222, 0.400, 0.134, 0.339, 0.659, 0.672, 0.434, 0.935, -0.418, -0.922, 0.136, 0.136, 0.375, 0.385, 0.721, -0.619, 0.439, 0.371, 0.293, 0.715, -0.739, 0.230, -1.567, -4.084, -4.241, -1.968, -4.329, -4.299, -1.456, -5.774, -2.703, 2.227, -0.354, 2.626, -0.525, -0.162, -0.279, 0.122]
  f(xk) = 44094.832
  ||gk|| = 2.025E+03
  stop_crit = 2.419E-02
  ||dir|| = 5.105E+00
  alpha = 3.644E-01
  Curr. impr.: 4.11E-01
  # times under thresh: 2
  -> New batch size of 81086 samples

Epoch 4.305132821942136:
  xk = [-4.653, -3.921, -2.869, 0.664, 0.138, -0.446, 0.504, 0.792, -0.136, -0.094, -0.037, 0.199, -0.255, 0.280, -0.196, -0.183, 0.182, 0.406, 0.106, 0.422, 0.702, 0.709, 0.466, 0.932, -0.385, -0.883, 0.160, 0.205, 0.981, 0.452, 0.888, -0.480, 0.506, 0.485, 0.343, 0.919, -0.663, 0.320, -1.971, -4.136, -4.303, -1.849, -5.022, -2.908, -1.364, -5.302, -2.517, 2.217, -0.370, 2.625, -0.572, -0.160, -0.348, 0.114]
  f(xk) = 55731.066
  ||gk|| = 5.377E+02
  stop_crit = 9.298E-03
  ||dir|| = 2.179E+00
  alpha = 2.404E-01

Epoch 5.305132821942136:
  xk = [-4.710, -4.012, -2.936, 0.685, 0.155, -0.365, 0.540, 0.809, -0.126, -0.094, -0.043, 0.237, -0.210, 0.344, -0.207, -0.167, 0.271, 0.413, 0.121, 0.463, 0.723, 0.724, 0.465, 0.933, -0.369, -0.854, 0.167, 0.203, 1.085, 0.410, 0.821, -0.533, 0.495, 0.453, 0.341, 0.858, -0.698, 0.300, -2.252, -4.266, -4.425, -1.879, -4.966, -3.194, -1.302, -5.279, -2.504, 2.227, -0.370, 2.605, -0.588, -0.138, -0.352, 0.143]
  f(xk) = 55715.015
  ||gk|| = 1.568E+02
  stop_crit = 1.540E-03
  ||dir|| = 1.030E+00
  alpha = 3.326E-01

Epoch 6.305132821942136:
  xk = [-4.736, -4.039, -2.963, 0.690, 0.169, -0.328, 0.547, 0.816, -0.124, -0.093, -0.050, 0.243, -0.208, 0.351, -0.193, -0.166, 0.277, 0.417, 0.126, 0.451, 0.704, 0.705, 0.465, 0.938, -0.362, -0.850, 0.172, 0.208, 1.007, 0.404, 0.823, -0.542, 0.493, 0.434, 0.344, 0.846, -0.700, 0.301, -2.349, -4.322, -4.500, -1.900, -5.040, -3.447, -1.350, -5.395, -2.488, 2.232, -0.358, 2.616, -0.577, -0.121, -0.337, 0.144]
  f(xk) = 55713.600
  ||gk|| = 1.031E+02
  stop_crit = 1.195E-03
  ||dir|| = 5.794E-01
  alpha = 3.057E-01

Epoch 7.305132821942136:
  xk = [-4.744, -4.046, -2.974, 0.687, 0.164, -0.309, 0.545, 0.813, -0.125, -0.093, -0.056, 0.242, -0.209, 0.350, -0.192, -0.168, 0.278, 0.421, 0.132, 0.426, 0.686, 0.687, 0.466, 0.936, -0.367, -0.853, 0.173, 0.207, 1.018, 0.410, 0.821, -0.547, 0.493, 0.429, 0.344, 0.840, -0.699, 0.303, -2.303, -4.338, -4.516, -1.914, -5.014, -3.563, -1.366, -5.502, -2.504, 2.233, -0.357, 2.624, -0.566, -0.117, -0.334, 0.137]
  f(xk) = 55713.053
  ||gk|| = 2.709E+01
  stop_crit = 3.765E-04
  ||dir|| = 1.337E-01
  alpha = 2.515E-01

Epoch 8.305132821942136:
  xk = [-4.744, -4.047, -2.974, 0.686, 0.163, -0.313, 0.544, 0.813, -0.125, -0.093, -0.056, 0.242, -0.207, 0.350, -0.196, -0.167, 0.282, 0.421, 0.132, 0.423, 0.684, 0.685, 0.465, 0.935, -0.367, -0.853, 0.173, 0.206, 1.008, 0.412, 0.820, -0.548, 0.493, 0.434, 0.344, 0.842, -0.700, 0.302, -2.298, -4.343, -4.521, -1.914, -5.014, -3.537, -1.361, -5.510, -2.504, 2.232, -0.359, 2.621, -0.569, -0.119, -0.339, 0.138]
  f(xk) = 55712.994
  ||gk|| = 5.508E+00
  stop_crit = 1.084E-04
  ||dir|| = 3.850E-02
  alpha = 2.492E-01

Epoch 9.305132821942136:
  xk = [-4.744, -4.046, -2.973, 0.686, 0.163, -0.314, 0.543, 0.812, -0.125, -0.093, -0.056, 0.242, -0.208, 0.350, -0.197, -0.167, 0.282, 0.421, 0.132, 0.425, 0.686, 0.687, 0.465, 0.935, -0.367, -0.853, 0.173, 0.206, 1.008, 0.412, 0.820, -0.548, 0.493, 0.435, 0.344, 0.842, -0.700, 0.302, -2.299, -4.344, -4.522, -1.914, -5.013, -3.540, -1.359, -5.503, -2.505, 2.232, -0.359, 2.622, -0.568, -0.118, -0.338, 0.137]
  f(xk) = 55712.992
  ||gk|| = 1.822E+00
  stop_crit = 2.746E-05
  ||dir|| = 9.449E-03
  alpha = 4.559E-01

Epoch 10.305132821942136:
  xk = [-4.744, -4.046, -2.974, 0.686, 0.163, -0.314, 0.544, 0.812, -0.125, -0.093, -0.056, 0.242, -0.207, 0.351, -0.197, -0.167, 0.282, 0.421, 0.132, 0.425, 0.687, 0.687, 0.465, 0.935, -0.367, -0.853, 0.173, 0.206, 1.008, 0.412, 0.819, -0.548, 0.493, 0.435, 0.344, 0.842, -0.700, 0.302, -2.298, -4.344, -4.522, -1.914, -5.012, -3.543, -1.360, -5.501, -2.505, 2.232, -0.359, 2.622, -0.568, -0.118, -0.338, 0.137]
  f(xk) = 55712.992
  ||gk|| = 2.212E+00
  stop_crit = 3.093E-05
  ||dir|| = 3.296E-03
  alpha = 4.248E-01

Epoch 11.305132821942136:
  xk = [-4.744, -4.047, -2.974, 0.686, 0.163, -0.314, 0.544, 0.812, -0.125, -0.093, -0.056, 0.243, -0.207, 0.351, -0.197, -0.167, 0.282, 0.421, 0.132, 0.425, 0.686, 0.687, 0.465, 0.935, -0.367, -0.853, 0.173, 0.206, 1.008, 0.411, 0.819, -0.548, 0.493, 0.435, 0.344, 0.842, -0.700, 0.302, -2.299, -4.344, -4.522, -1.914, -5.012, -3.543, -1.359, -5.501, -2.505, 2.232, -0.359, 2.622, -0.568, -0.118, -0.338, 0.138]
  f(xk) = 55712.991
  ||gk|| = 7.453E-01
  stop_crit = 6.717E-06
  ||dir|| = 2.640E-03
  alpha = 2.560E-01

Epoch 12.305132821942136:
  xk = [-4.744, -4.047, -2.974, 0.686, 0.163, -0.314, 0.544, 0.812, -0.125, -0.093, -0.056, 0.243, -0.207, 0.351, -0.197, -0.167, 0.282, 0.421, 0.132, 0.425, 0.686, 0.687, 0.465, 0.935, -0.367, -0.853, 0.173, 0.206, 1.008, 0.411, 0.819, -0.548, 0.493, 0.435, 0.344, 0.842, -0.700, 0.302, -2.299, -4.344, -4.522, -1.914, -5.012, -3.543, -1.359, -5.502, -2.505, 2.232, -0.359, 2.622, -0.568, -0.118, -0.338, 0.138]
  f(xk) = 55712.991
  ||gk|| = 3.203E-01
  stop_crit = 2.952E-06
  ||dir|| = 2.312E-04
  alpha = 4.554E-01

Algorithm Optimized!
  x* = [-4.744, -4.047, -2.974, 0.686, 0.163, -0.314, 0.544, 0.812, -0.125, -0.093, -0.056, 0.243, -0.207, 0.351, -0.197, -0.167, 0.282, 0.421, 0.132, 0.425, 0.686, 0.687, 0.465, 0.935, -0.367, -0.853, 0.173, 0.206, 1.008, 0.411, 0.819, -0.548, 0.493, 0.435, 0.344, 0.842, -0.700, 0.302, -2.299, -4.344, -4.522, -1.914, -5.012, -3.543, -1.359, -5.502, -2.505, 2.232, -0.359, 2.622, -0.568, -0.118, -0.338, 0.138]
  f(x*) = 55712.991
Finished at mer aoû 14 16:41:14 CEST 2019
