Optimizing LPMC_MNL_DC_S with best algo at mer aoû 14 16:39:58 CEST 2019
Maximizing the problem using a Line Search ABS IOA with the Hybrid direction.
Epoch 0:
  xk = [0.000, 0.000, 0.000, 0.000, 0.000, 0.000, 0.000, 0.000, 0.000, 0.000, 0.000, 0.000, 0.000]
  f(xk) = 1386.294
  ||gk|| = 4.896E+02
  stop_crit = 0.000E+00
  ||dir|| = 1.526E+00
  alpha = 1.000E+00

Epoch 0.03639275056408763:
  xk = [-0.935, 0.923, 0.094, -0.226, 0.073, -0.351, 0.188, 0.025, 0.013, 0.004, 0.108, -0.591, 0.135]
  f(xk) = 1078.176
  ||gk|| = 9.938E+01
  stop_crit = 3.785E-02
  ||dir|| = 3.920E+00
  alpha = 1.000E+00
  Curr. impr.: 1.48E+01
  # times under thresh: 0

Epoch 0.07278550112817526:
  xk = [-2.995, -0.261, -1.153, -0.250, -0.197, -1.552, 0.083, -0.309, -0.296, -0.089, 0.753, -2.316, -1.606]
  f(xk) = 932.571
  ||gk|| = 1.111E+02
  stop_crit = 1.376E-01
  ||dir|| = 3.002E-01
  alpha = 1.000E+00
  Curr. impr.: 1.05E+01
  # times under thresh: 0

Epoch 0.10917825169226289:
  xk = [-3.022, -0.202, -1.051, -0.105, -0.053, -1.564, 0.098, -0.317, -0.272, -0.091, 0.756, -2.497, -1.615]
  f(xk) = 880.757
  ||gk|| = 1.529E+02
  stop_crit = 7.450E-02
  ||dir|| = 5.766E-02
  alpha = 1.000E+00
  Curr. impr.: 6.66E+00
  # times under thresh: 0

Epoch 0.14557100225635053:
  xk = [-3.026, -0.206, -1.045, -0.155, -0.031, -1.566, 0.093, -0.316, -0.271, -0.091, 0.760, -2.507, -1.621]
  f(xk) = 932.773
  ||gk|| = 8.405E+01
  stop_crit = 6.878E-02
  ||dir|| = 5.061E-02
  alpha = 1.000E+00
  Curr. impr.: 1.81E+00
  # times under thresh: 0

Epoch 0.18196375282043817:
  xk = [-3.027, -0.195, -1.059, -0.126, -0.064, -1.566, 0.098, -0.320, -0.273, -0.092, 0.758, -2.522, -1.622]
  f(xk) = 906.478
  ||gk|| = 4.226E+01
  stop_crit = 8.905E-02
  ||dir|| = 3.348E+00
  alpha = 5.023E-01
  Curr. impr.: 1.83E+00
  # times under thresh: 0

Epoch 0.2183565033845258:
  xk = [-3.353, -0.296, -1.518, -0.092, -0.150, -1.598, -0.460, -0.477, -0.125, -0.100, 1.051, -3.598, -2.566]
  f(xk) = 869.172
  ||gk|| = 5.282E+01
  stop_crit = 8.643E-02
  ||dir|| = 5.590E-01
  alpha = 1.000E+00
  Curr. impr.: 2.15E+00
  # times under thresh: 0

Epoch 0.2547492539486134:
  xk = [-3.610, -0.136, -1.342, -0.150, -0.255, -1.727, -0.368, -0.456, -0.075, -0.151, 1.028, -3.977, -2.556]
  f(xk) = 831.755
  ||gk|| = 1.085E+02
  stop_crit = 5.470E-02
  ||dir|| = 4.642E-02
  alpha = 1.000E+00
  Curr. impr.: 2.36E+00
  # times under thresh: 0

Epoch 0.29114200451270106:
  xk = [-3.614, -0.150, -1.335, -0.187, -0.236, -1.728, -0.372, -0.457, -0.074, -0.151, 1.030, -3.978, -2.564]
  f(xk) = 921.210
  ||gk|| = 5.305E+01
  stop_crit = 4.082E-02
  ||dir|| = 3.574E-01
  alpha = 1.000E+00
  Curr. impr.: 2.81E-01
  # times under thresh: 1

Epoch 0.3275347550767887:
  xk = [-3.507, -0.430, -1.261, -0.129, -0.322, -1.727, -0.403, -0.473, -0.085, -0.171, 1.024, -4.088, -2.653]
  f(xk) = 884.964
  ||gk|| = 5.866E+01
  stop_crit = 6.847E-02
  ||dir|| = 2.759E-01
  alpha = 1.000E+00
  Curr. impr.: 5.20E-01
  # times under thresh: 2
  -> New batch size of 2000 samples

Epoch 0.400320256204964:
  xk = [-3.528, -0.233, -1.383, -0.126, -0.222, -1.748, -0.370, -0.498, -0.119, -0.184, 1.029, -4.178, -2.635]
  f(xk) = 1693.383
  ||gk|| = 1.653E+02
  stop_crit = 4.518E-02
  ||dir|| = 3.558E-02
  alpha = 1.000E+00
  Curr. impr.: 2.32E+00
  # times under thresh: 0

Epoch 0.47310575733313925:
  xk = [-3.530, -0.243, -1.379, -0.155, -0.206, -1.749, -0.373, -0.498, -0.119, -0.184, 1.031, -4.182, -2.640]
  f(xk) = 1725.772
  ||gk|| = 8.443E+01
  stop_crit = 3.399E-02
  ||dir|| = 3.086E+00
  alpha = 1.000E+00
  Curr. impr.: 9.36E-01
  # times under thresh: 1

Epoch 0.5458912584613145:
  xk = [-4.967, -0.973, -2.285, -0.132, -0.331, -2.407, -1.072, -1.195, -0.388, -0.547, 1.110, -6.086, -3.560]
  f(xk) = 1700.448
  ||gk|| = 8.682E+01
  stop_crit = 9.436E-02
  ||dir|| = 2.676E-01
  alpha = 1.000E+00
  Curr. impr.: 7.61E-01
  # times under thresh: 2
  -> New batch size of 4000 samples

Epoch 0.691462260717665:
  xk = [-4.880, -0.813, -2.289, -0.107, -0.227, -2.402, -1.027, -1.232, -0.431, -0.567, 1.086, -6.218, -3.505]
  f(xk) = 3393.292
  ||gk|| = 2.107E+02
  stop_crit = 5.028E-02
  ||dir|| = 2.091E-01
  alpha = 1.000E+00
  Curr. impr.: 6.34E-01
  # times under thresh: 1

Epoch 0.8370332629740156:
  xk = [-4.817, -0.982, -2.226, -0.103, -0.278, -2.379, -1.052, -1.242, -0.412, -0.577, 1.068, -6.245, -3.547]
  f(xk) = 3363.890
  ||gk|| = 1.696E+02
  stop_crit = 6.669E-02
  ||dir|| = 1.067E-01
  alpha = 1.000E+00
  Curr. impr.: 7.25E-01
  # times under thresh: 2
  -> New batch size of 8000 samples

Epoch 1.1281752674867167:
  xk = [-4.790, -0.919, -2.268, -0.141, -0.312, -2.375, -1.035, -1.256, -0.430, -0.586, 1.058, -6.278, -3.534]
  f(xk) = 6826.984
  ||gk|| = 1.495E+02
  stop_crit = 4.064E-02
  ||dir|| = 6.221E-01
  alpha = 1.000E+00
  Curr. impr.: 2.73E-01
  # times under thresh: 1

Epoch 1.4193172719994178:
  xk = [-4.399, -1.053, -2.358, -0.131, -0.248, -2.292, -0.999, -1.450, -0.507, -0.702, 0.898, -6.603, -3.453]
  f(xk) = 6665.261
  ||gk|| = 1.623E+02
  stop_crit = 3.993E-02
  ||dir|| = 1.973E-01
  alpha = 1.000E+00
  Curr. impr.: 5.90E-01
  # times under thresh: 2
  -> New batch size of 16000 samples
  Change from Newton step to BFGS!

Epoch 2.00160128102482:
  xk = [-4.534, -1.005, -2.319, -0.132, -0.225, -2.363, -0.970, -1.495, -0.519, -0.731, 0.880, -6.686, -3.433]
  f(xk) = 13386.839
  ||gk|| = 1.665E+02
  stop_crit = 1.074E-02
  ||dir|| = 1.327E+01
  alpha = 1.000E+00
  Curr. impr.: 4.42E-01
  # times under thresh: 1

Epoch 2.583885290050222:
  xk = [-5.400, -2.052, -2.624, -0.092, -0.198, -6.568, -6.306, -7.045, -2.778, -8.492, -3.616, -10.060, -2.859]
  f(xk) = 13281.207
  ||gk|| = 2.324E+02
  stop_crit = 3.176E-02
  ||dir|| = 4.408E+00
  alpha = 1.000E+00
  Curr. impr.: 5.96E-01
  # times under thresh: 2
  -> New batch size of 27478 samples

Epoch 3.583885290050222:
  xk = [-4.977, -1.534, -2.470, -0.109, -0.264, -5.661, -4.742, -5.078, -2.076, -5.848, -1.893, -8.968, -3.276]
  f(xk) = 22666.837
  ||gk|| = 2.202E+02
  stop_crit = 6.766E-03
  ||dir|| = 3.375E+00
  alpha = 3.803E-01

Epoch 4.5838852900502225:
  xk = [-4.916, -1.556, -2.450, -0.111, -0.238, -5.213, -4.155, -4.682, -1.890, -4.969, -1.680, -8.709, -3.138]
  f(xk) = 22652.179
  ||gk|| = 2.879E+01
  stop_crit = 1.526E-03
  ||dir|| = 3.136E-01
  alpha = 3.895E-01

Epoch 5.5838852900502225:
  xk = [-4.941, -1.563, -2.470, -0.110, -0.236, -5.131, -4.103, -4.660, -1.859, -4.946, -1.645, -8.725, -3.168]
  f(xk) = 22651.964
  ||gk|| = 4.931E+00
  stop_crit = 3.855E-04
  ||dir|| = 6.958E-02
  alpha = 4.351E-01

Epoch 6.5838852900502225:
  xk = [-4.946, -1.563, -2.466, -0.110, -0.237, -5.104, -4.103, -4.669, -1.860, -4.954, -1.642, -8.726, -3.164]
  f(xk) = 22651.943
  ||gk|| = 1.993E+00
  stop_crit = 1.118E-04
  ||dir|| = 1.287E-02
  alpha = 4.020E-01

Epoch 7.5838852900502225:
  xk = [-4.946, -1.563, -2.466, -0.110, -0.237, -5.103, -4.105, -4.666, -1.861, -4.952, -1.644, -8.726, -3.162]
  f(xk) = 22651.943
  ||gk|| = 8.783E-01
  stop_crit = 4.066E-05
  ||dir|| = 3.135E-03
  alpha = 1.000E+00

Epoch 8.583885290050222:
  xk = [-4.946, -1.563, -2.466, -0.110, -0.237, -5.103, -4.104, -4.666, -1.861, -4.950, -1.644, -8.724, -3.162]
  f(xk) = 22651.943
  ||gk|| = 1.057E+00
  stop_crit = 3.691E-05
  ||dir|| = 1.332E-03
  alpha = 8.203E-01

Epoch 9.583885290050222:
  xk = [-4.946, -1.563, -2.466, -0.110, -0.237, -5.103, -4.103, -4.666, -1.861, -4.949, -1.644, -8.725, -3.162]
  f(xk) = 22651.943
  ||gk|| = 4.276E-01
  stop_crit = 9.833E-06
  ||dir|| = 1.002E-03
  alpha = 1.000E+00

Epoch 10.583885290050222:
  xk = [-4.946, -1.563, -2.466, -0.110, -0.237, -5.103, -4.104, -4.666, -1.861, -4.950, -1.644, -8.725, -3.162]
  f(xk) = 22651.943
  ||gk|| = 2.428E-01
  stop_crit = 7.606E-06
  ||dir|| = 4.197E-04
  alpha = 1.000E+00

Epoch 11.583885290050222:
  xk = [-4.946, -1.563, -2.466, -0.110, -0.237, -5.103, -4.104, -4.666, -1.861, -4.950, -1.644, -8.725, -3.162]
  f(xk) = 22651.943
  ||gk|| = 9.783E-02
  stop_crit = 4.445E-06
  ||dir|| = 4.210E-04
  alpha = 1.000E+00

Epoch 12.583885290050222:
  xk = [-4.946, -1.563, -2.466, -0.110, -0.237, -5.103, -4.104, -4.666, -1.861, -4.950, -1.644, -8.725, -3.162]
  f(xk) = 22651.943
  ||gk|| = 2.989E-02
  stop_crit = 2.427E-06
  ||dir|| = 1.847E-04
  alpha = 1.000E+00

Epoch 13.583885290050222:
  xk = [-4.946, -1.563, -2.466, -0.110, -0.237, -5.103, -4.104, -4.666, -1.861, -4.950, -1.644, -8.725, -3.162]
  f(xk) = 22651.943
  ||gk|| = 3.603E-02
  stop_crit = 2.602E-06
  ||dir|| = 8.623E-05
  alpha = 1.000E+00

Algorithm Optimized!
  x* = [-4.946, -1.563, -2.466, -0.110, -0.237, -5.103, -4.104, -4.666, -1.861, -4.950, -1.644, -8.725, -3.162]
  f(x*) = 22651.943
Finished at mer aoû 14 16:40:15 CEST 2019
