Optimizing LPMC_Nested_Full_M with best algo at lun aoû 12 21:08:03 CEST 2019
Optimize LPMC_Nested_Full_L with LS-ABS and hybrid-inv
Maximizing the problem using a Line Search ABS IOA with the Hybrid direction.
Epoch 0:
  xk = [0.000, 0.000, 0.000, 0.000, 0.000, 0.000, 0.000, 0.000, 0.000, 0.000, 0.000, 0.000, 0.000, 0.000, 0.000, 0.000, 0.000, 0.000, 0.000, 0.000, 0.000, 0.000, 0.000, 0.000, 0.000, 0.000, 0.000, 0.000, 0.000, 0.000, 0.000, 0.000, 0.000, 0.000, 0.000, 0.000, 0.000, 0.000, 0.000, 0.000, 0.000, 0.000, 0.000, 0.000, 0.000, 0.000, 0.000, 0.000, 0.000, 0.000, 0.000, 0.000, 0.000, 0.000, 0.000, 0.000, 0.000, 0.000, 0.000, 0.000, 0.000, 0.000, 0.000, 0.000, 0.000, 0.000, 0.000, 0.000, 0.000, 0.000, 0.000, 0.000, 0.000, 0.000, 0.000, 0.000, 0.000, 0.000, 0.000, 0.000, 0.000, 0.000, 0.000, 0.000, 0.000, 0.000, 0.000, 0.000, 0.000, 0.000, 0.000, 0.000, 0.000, 0.000, 0.000, 0.000, 0.000, 0.000, 0.000, 0.000, 2.050]
  f(xk) = 1411.909
  ||gk|| = 3.786E+03
  stop_crit = 2.774E-02
  ||dir|| = 1.580E-01
  alpha = 1.000E+00

Epoch 0.01825950407186941:
  xk = [-0.011, -0.000, 0.007, 0.003, 0.007, -0.006, 0.004, -0.001, -0.001, 0.001, 0.006, -0.003, -0.001, 0.000, 0.001, 0.000, 0.002, 0.001, -0.000, 0.000, 0.001, -0.000, 0.000, -0.005, 0.003, -0.001, 0.011, -0.009, -0.036, -0.008, 0.003, 0.027, -0.006, 0.019, 0.062, 0.031, -0.006, -0.000, 0.004, 0.002, 0.000, 0.003, -0.088, 0.009, 0.061, -0.013, -0.007, 0.038, 0.059, -0.002, 0.000, 0.002, 0.001, -0.001, 0.000, 0.000, 0.000, 0.000, 0.000, -0.000, -0.000, 0.001, -0.002, 0.004, 0.002, -0.000, -0.001, -0.000, 0.001, -0.001, 0.000, 0.001, -0.000, 0.000, 0.001, 0.001, 0.000, 0.000, -0.000, 0.001, 0.001, 0.000, 0.001, 0.000, 0.001, -0.001, 0.000, 0.000, 0.000, 0.003, -0.007, -0.013, 0.001, -0.001, 0.000, -0.001, 0.002, 0.003, -0.001, 0.001, 2.049]
  f(xk) = 1086.274
  ||gk|| = 1.449E+03
  stop_crit = 5.474E-02
  ||dir|| = 1.882E-01
  alpha = 1.000E+00
  Curr. impr.: 1.54E+01
  # times under thresh: 0

Epoch 0.03651900814373882:
  xk = [-0.025, -0.004, 0.015, -0.005, 0.007, -0.011, 0.011, -0.007, -0.005, -0.002, 0.005, -0.007, -0.003, 0.001, 0.002, -0.001, 0.003, -0.001, -0.001, 0.002, 0.002, -0.001, 0.000, -0.049, 0.006, -0.004, 0.015, -0.025, -0.053, -0.013, 0.005, 0.031, -0.024, 0.070, 0.115, 0.062, -0.015, -0.002, 0.007, -0.003, 0.002, 0.008, -0.192, 0.029, 0.159, -0.056, -0.039, 0.007, 0.082, -0.005, 0.001, 0.006, -0.002, -0.001, 0.002, 0.001, -0.001, 0.001, 0.000, -0.002, -0.001, 0.003, -0.004, 0.013, 0.004, -0.001, -0.002, -0.001, -0.000, -0.002, 0.000, 0.002, -0.000, -0.002, 0.000, 0.002, 0.000, 0.001, -0.001, 0.004, 0.000, -0.000, 0.000, 0.000, 0.002, -0.003, 0.001, 0.001, 0.000, 0.008, -0.018, -0.022, 0.001, -0.003, -0.002, -0.005, 0.001, 0.000, -0.002, 0.004, 2.049]
  f(xk) = 913.652
  ||gk|| = 5.787E+02
  stop_crit = 4.435E-02
  ||dir|| = 8.819E-01
  alpha = 1.000E+00
  Curr. impr.: 1.18E+01
  # times under thresh: 0

Epoch 0.05477851221560823:
  xk = [-0.048, -0.056, -0.068, -0.061, -0.063, 0.023, 0.042, -0.036, -0.052, -0.032, -0.096, -0.025, 0.003, -0.027, -0.032, -0.012, -0.048, -0.034, -0.005, 0.037, 0.052, -0.006, -0.029, -0.241, 0.036, -0.032, -0.128, -0.042, 0.086, -0.039, 0.205, 0.251, 0.166, 0.195, 0.311, 0.356, -0.058, -0.019, 0.039, -0.087, 0.038, 0.043, -0.304, -0.051, 0.116, -0.223, -0.440, -0.080, -0.086, 0.000, 0.019, -0.012, -0.013, 0.001, 0.012, -0.010, -0.003, -0.006, -0.032, -0.025, -0.004, 0.005, -0.011, 0.021, 0.006, 0.002, 0.041, -0.009, -0.014, -0.024, 0.000, 0.020, -0.000, 0.001, 0.009, 0.004, -0.002, -0.001, -0.021, 0.037, -0.022, -0.004, -0.009, 0.010, 0.005, -0.009, -0.005, 0.002, -0.000, 0.045, -0.205, -0.159, -0.010, -0.025, -0.056, -0.114, -0.123, 0.004, -0.010, 0.025, 2.239]
  f(xk) = 860.417
  ||gk|| = 5.750E+02
  stop_crit = 7.528E-02
  ||dir|| = 2.307E-01
  alpha = 1.000E+00
  Curr. impr.: 7.35E+00
  # times under thresh: 0

Epoch 0.07303801628747764:
  xk = [-0.042, -0.041, -0.065, -0.070, -0.060, 0.041, 0.055, -0.032, -0.045, -0.041, -0.095, -0.029, 0.004, -0.030, -0.038, -0.006, -0.054, -0.032, -0.006, 0.047, 0.064, -0.002, -0.037, -0.246, 0.044, -0.023, -0.136, -0.030, 0.196, -0.042, 0.211, 0.245, 0.223, 0.283, 0.313, 0.355, -0.066, 0.001, 0.037, -0.090, 0.041, 0.055, -0.224, 0.030, 0.085, -0.169, -0.377, -0.080, -0.047, 0.005, 0.032, -0.004, -0.014, 0.004, 0.014, -0.008, -0.004, -0.009, -0.039, -0.027, -0.008, 0.030, -0.011, 0.033, -0.002, 0.006, 0.051, -0.012, -0.027, -0.027, 0.001, 0.020, -0.001, -0.008, 0.010, 0.004, -0.003, -0.001, -0.026, 0.041, -0.028, -0.005, -0.019, 0.011, 0.005, -0.004, -0.007, 0.001, -0.000, 0.051, -0.244, -0.185, -0.012, -0.024, -0.067, -0.118, -0.134, 0.012, -0.009, 0.020, 2.271]
  f(xk) = 815.621
  ||gk|| = 4.768E+02
  stop_crit = 7.242E-02
  ||dir|| = 1.307E-01
  alpha = 1.000E+00
  Curr. impr.: 5.50E+00
  # times under thresh: 0

Epoch 0.09129752035934705:
  xk = [-0.054, -0.052, -0.057, -0.074, -0.065, 0.037, 0.060, -0.039, -0.041, -0.041, -0.103, -0.032, 0.002, -0.028, -0.041, -0.003, -0.059, -0.029, -0.006, 0.052, 0.067, -0.002, -0.039, -0.248, 0.048, -0.020, -0.143, -0.030, 0.190, -0.044, 0.206, 0.238, 0.206, 0.319, 0.351, 0.367, -0.072, -0.005, 0.042, -0.096, 0.040, 0.058, -0.302, 0.009, 0.120, -0.228, -0.346, -0.083, -0.060, 0.004, 0.032, -0.000, -0.012, 0.004, 0.016, -0.008, -0.004, -0.008, -0.043, -0.027, -0.011, 0.032, -0.013, 0.039, -0.005, 0.006, 0.053, -0.015, -0.032, -0.029, 0.001, 0.017, -0.002, -0.007, 0.010, 0.003, -0.003, 0.001, -0.030, 0.043, -0.029, -0.005, -0.022, 0.010, 0.006, -0.004, -0.007, 0.001, -0.000, 0.055, -0.250, -0.191, -0.013, -0.029, -0.069, -0.131, -0.134, 0.009, -0.009, 0.013, 2.281]
  f(xk) = 821.830
  ||gk|| = 2.771E+02
  stop_crit = 5.596E-02
  ||dir|| = 1.364E+00
  alpha = 1.000E+00
  Curr. impr.: 3.13E+00
  # times under thresh: 0

Epoch 0.10955702443121645:
  xk = [-0.096, -0.131, -0.080, -0.164, -0.153, 0.072, 0.254, -0.123, -0.022, -0.017, -0.336, -0.002, -0.022, -0.127, -0.119, -0.010, -0.238, -0.096, -0.014, 0.174, 0.161, 0.067, -0.212, -0.240, 0.116, 0.093, -0.238, -0.067, 0.621, 0.055, 0.488, 0.452, 0.734, 0.575, 0.524, 0.545, -0.241, -0.150, 0.110, 0.144, 0.055, 0.043, -0.423, -0.053, 0.049, -0.387, -0.113, -0.147, -0.046, -0.058, 0.197, 0.171, -0.097, -0.002, 0.057, -0.021, -0.076, 0.008, -0.108, -0.072, -0.032, -0.106, -0.015, -0.020, 0.004, 0.033, 0.138, -0.079, -0.175, -0.163, 0.005, 0.002, -0.028, -0.030, -0.046, 0.004, -0.037, -0.025, -0.105, 0.105, -0.079, -0.013, -0.164, 0.026, 0.015, 0.045, -0.033, -0.016, 0.003, 0.127, -0.555, -0.386, -0.065, -0.083, -0.248, -0.266, -0.334, 0.174, -0.021, -0.028, 2.716]
  f(xk) = 750.458
  ||gk|| = 7.033E+02
  stop_crit = 1.934E-01
  ||dir|| = 7.245E-02
  alpha = 1.000E+00
  Curr. impr.: 4.02E+00
  # times under thresh: 0

Epoch 0.12781652850308586:
  xk = [-0.098, -0.132, -0.081, -0.168, -0.150, 0.070, 0.254, -0.124, -0.025, -0.018, -0.333, -0.001, -0.022, -0.128, -0.119, -0.012, -0.236, -0.094, -0.014, 0.174, 0.162, 0.067, -0.212, -0.240, 0.116, 0.092, -0.228, -0.067, 0.598, 0.056, 0.493, 0.442, 0.715, 0.570, 0.553, 0.568, -0.242, -0.149, 0.110, 0.144, 0.056, 0.043, -0.438, -0.049, 0.061, -0.400, -0.135, -0.169, -0.011, -0.058, 0.197, 0.170, -0.097, -0.002, 0.057, -0.021, -0.076, 0.009, -0.109, -0.072, -0.032, -0.105, -0.015, -0.019, 0.005, 0.033, 0.138, -0.080, -0.175, -0.164, 0.005, 0.002, -0.028, -0.031, -0.046, 0.005, -0.036, -0.025, -0.105, 0.105, -0.079, -0.013, -0.164, 0.026, 0.014, 0.043, -0.033, -0.016, 0.003, 0.128, -0.556, -0.385, -0.065, -0.084, -0.249, -0.268, -0.335, 0.172, -0.021, -0.028, 2.717]
  f(xk) = 749.299
  ||gk|| = 2.580E+02
  stop_crit = 8.762E-02
  ||dir|| = 2.910E-01
  alpha = 2.304E-01
  Curr. impr.: 2.82E+00
  # times under thresh: 0

Epoch 0.14607603257495527:
  xk = [-0.096, -0.131, -0.089, -0.169, -0.153, 0.074, 0.253, -0.124, -0.031, -0.024, -0.329, -0.003, -0.021, -0.126, -0.120, -0.017, -0.227, -0.093, -0.014, 0.180, 0.168, 0.067, -0.213, -0.236, 0.114, 0.090, -0.210, -0.070, 0.587, 0.058, 0.499, 0.460, 0.704, 0.570, 0.559, 0.580, -0.245, -0.148, 0.110, 0.130, 0.060, 0.036, -0.429, -0.051, 0.058, -0.394, -0.178, -0.168, -0.019, -0.056, 0.206, 0.160, -0.087, -0.003, 0.058, -0.020, -0.077, 0.008, -0.112, -0.073, -0.033, -0.098, -0.016, -0.023, -0.001, 0.033, 0.141, -0.083, -0.175, -0.167, 0.005, 0.001, -0.029, -0.035, -0.049, 0.005, -0.036, -0.026, -0.106, 0.108, -0.083, -0.014, -0.165, 0.026, 0.013, 0.041, -0.034, -0.016, 0.002, 0.131, -0.558, -0.388, -0.068, -0.087, -0.256, -0.276, -0.338, 0.177, -0.021, -0.026, 2.720]
  f(xk) = 720.810
  ||gk|| = 2.878E+02
  stop_crit = 6.550E-02
  ||dir|| = 2.077E-01
  alpha = 1.000E+00
  Curr. impr.: 2.71E+00
  # times under thresh: 0

Epoch 0.16433553664682468:
  xk = [-0.090, -0.140, -0.110, -0.175, -0.163, 0.077, 0.252, -0.131, -0.047, -0.034, -0.326, 0.003, -0.024, -0.140, -0.127, -0.021, -0.217, -0.098, -0.015, 0.192, 0.176, 0.070, -0.224, -0.270, 0.118, 0.080, -0.188, -0.049, 0.532, 0.074, 0.540, 0.493, 0.677, 0.552, 0.584, 0.598, -0.244, -0.152, 0.110, 0.103, 0.068, 0.041, -0.376, -0.102, 0.069, -0.395, -0.315, -0.176, -0.056, -0.057, 0.224, 0.144, -0.086, -0.003, 0.061, -0.016, -0.073, 0.006, -0.127, -0.078, -0.032, -0.074, -0.016, -0.008, 0.008, 0.032, 0.154, -0.094, -0.193, -0.178, 0.005, 0.002, -0.031, -0.025, -0.051, 0.001, -0.035, -0.028, -0.110, 0.109, -0.091, -0.016, -0.168, 0.028, 0.014, 0.034, -0.037, -0.016, 0.002, 0.140, -0.569, -0.389, -0.073, -0.091, -0.275, -0.294, -0.366, 0.185, -0.024, -0.022, 2.735]
  f(xk) = 754.768
  ||gk|| = 4.005E+02
  stop_crit = 9.356E-02
  ||dir|| = 4.504E-02
  alpha = 1.000E+00
  Curr. impr.: 1.27E+00
  # times under thresh: 0

Epoch 0.1825950407186941:
  xk = [-0.091, -0.139, -0.113, -0.176, -0.167, 0.076, 0.251, -0.131, -0.047, -0.036, -0.329, 0.004, -0.024, -0.140, -0.126, -0.022, -0.218, -0.098, -0.015, 0.194, 0.178, 0.070, -0.224, -0.266, 0.117, 0.080, -0.188, -0.049, 0.524, 0.079, 0.529, 0.488, 0.675, 0.567, 0.590, 0.593, -0.245, -0.151, 0.107, 0.100, 0.068, 0.039, -0.379, -0.103, 0.048, -0.392, -0.318, -0.177, -0.085, -0.057, 0.226, 0.140, -0.083, -0.003, 0.061, -0.016, -0.072, 0.007, -0.128, -0.078, -0.033, -0.073, -0.016, -0.008, 0.006, 0.032, 0.155, -0.094, -0.194, -0.179, 0.005, 0.002, -0.031, -0.026, -0.051, 0.000, -0.036, -0.028, -0.110, 0.109, -0.092, -0.017, -0.169, 0.028, 0.014, 0.033, -0.038, -0.016, 0.002, 0.141, -0.569, -0.387, -0.074, -0.092, -0.277, -0.295, -0.368, 0.187, -0.024, -0.022, 2.736]
  f(xk) = 714.873
  ||gk|| = 5.557E+02
  stop_crit = 1.324E-01
  ||dir|| = 4.191E-02
  alpha = 1.000E+00
  Curr. impr.: 3.94E+00
  # times under thresh: 0

Epoch 0.2008545447905635:
  xk = [-0.091, -0.139, -0.113, -0.178, -0.163, 0.076, 0.251, -0.132, -0.048, -0.037, -0.324, 0.004, -0.024, -0.139, -0.127, -0.022, -0.216, -0.098, -0.015, 0.195, 0.178, 0.069, -0.225, -0.265, 0.117, 0.080, -0.183, -0.048, 0.522, 0.080, 0.532, 0.491, 0.667, 0.567, 0.588, 0.605, -0.246, -0.150, 0.110, 0.099, 0.069, 0.039, -0.384, -0.094, 0.056, -0.399, -0.321, -0.191, -0.053, -0.057, 0.226, 0.141, -0.083, -0.003, 0.061, -0.016, -0.072, 0.007, -0.127, -0.079, -0.033, -0.073, -0.016, -0.007, 0.008, 0.032, 0.155, -0.094, -0.194, -0.180, 0.005, 0.002, -0.031, -0.026, -0.052, 0.000, -0.036, -0.028, -0.110, 0.110, -0.093, -0.017, -0.169, 0.028, 0.014, 0.033, -0.038, -0.016, 0.002, 0.141, -0.571, -0.387, -0.075, -0.092, -0.277, -0.296, -0.368, 0.185, -0.024, -0.022, 2.736]
  f(xk) = 751.124
  ||gk|| = 1.565E+02
  stop_crit = 4.248E-02
  ||dir|| = 2.763E-01
  alpha = 1.000E+00
  Curr. impr.: 1.60E+00
  # times under thresh: 0

Epoch 0.2191140488624329:
  xk = [-0.096, -0.124, -0.120, -0.178, -0.172, 0.082, 0.238, -0.134, -0.047, -0.041, -0.284, 0.011, -0.032, -0.141, -0.129, -0.020, -0.174, -0.122, -0.020, 0.209, 0.223, 0.082, -0.243, -0.170, 0.111, 0.104, -0.195, -0.019, 0.541, 0.090, 0.442, 0.574, 0.634, 0.522, 0.662, 0.662, -0.249, -0.117, 0.108, 0.108, 0.068, 0.033, -0.379, -0.043, 0.045, -0.320, -0.291, -0.184, -0.074, -0.046, 0.250, 0.132, -0.056, -0.006, 0.075, -0.018, -0.047, 0.023, -0.147, -0.086, -0.025, -0.079, -0.022, -0.041, 0.052, 0.036, 0.174, -0.105, -0.202, -0.194, 0.011, 0.015, -0.036, -0.057, -0.085, 0.003, -0.038, -0.049, -0.122, 0.104, -0.115, -0.021, -0.182, 0.027, 0.005, 0.031, -0.040, -0.017, 0.000, 0.176, -0.550, -0.433, -0.092, -0.105, -0.295, -0.340, -0.375, 0.187, -0.032, 0.027, 2.733]
  f(xk) = 728.992
  ||gk|| = 3.805E+02
  stop_crit = 9.834E-02
  ||dir|| = 1.374E-01
  alpha = 1.000E+00
  Curr. impr.: 1.35E+00
  # times under thresh: 0

Epoch 0.23737355293430232:
  xk = [-0.095, -0.129, -0.125, -0.181, -0.173, 0.086, 0.234, -0.139, -0.052, -0.065, -0.274, 0.011, -0.034, -0.145, -0.129, -0.026, -0.162, -0.123, -0.020, 0.217, 0.229, 0.082, -0.238, -0.231, 0.104, 0.099, -0.188, -0.008, 0.561, 0.088, 0.425, 0.539, 0.617, 0.591, 0.633, 0.680, -0.251, -0.112, 0.126, 0.092, 0.071, 0.030, -0.359, -0.042, 0.049, -0.360, -0.331, -0.185, -0.066, -0.045, 0.255, 0.126, -0.046, -0.004, 0.076, -0.018, -0.050, 0.022, -0.153, -0.088, -0.025, -0.059, -0.024, -0.039, 0.054, 0.036, 0.179, -0.108, -0.200, -0.195, 0.011, 0.014, -0.036, -0.057, -0.087, 0.002, -0.038, -0.049, -0.125, 0.109, -0.118, -0.023, -0.183, 0.028, 0.003, 0.028, -0.040, -0.017, 0.000, 0.180, -0.565, -0.422, -0.097, -0.108, -0.301, -0.350, -0.378, 0.184, -0.034, 0.035, 2.734]
  f(xk) = 755.746
  ||gk|| = 2.743E+02
  stop_crit = 7.509E-02
  ||dir|| = 2.037E-01
  alpha = 1.000E+00
  Curr. impr.: 2.70E-01
  # times under thresh: 1

Epoch 0.2556330570061717:
  xk = [-0.106, -0.138, -0.129, -0.180, -0.175, 0.078, 0.235, -0.140, -0.052, -0.049, -0.276, 0.013, -0.032, -0.152, -0.136, -0.037, -0.134, -0.128, -0.021, 0.235, 0.242, 0.082, -0.256, -0.246, 0.111, 0.099, -0.185, 0.013, 0.561, 0.090, 0.518, 0.537, 0.659, 0.473, 0.624, 0.668, -0.259, -0.111, 0.136, 0.082, 0.071, 0.022, -0.416, -0.118, 0.045, -0.318, -0.336, -0.168, -0.075, -0.043, 0.262, 0.113, -0.038, -0.003, 0.069, -0.018, -0.043, 0.022, -0.161, -0.094, -0.027, -0.067, -0.023, -0.025, 0.062, 0.039, 0.176, -0.110, -0.209, -0.201, 0.012, 0.013, -0.034, -0.059, -0.091, 0.003, -0.041, -0.048, -0.134, 0.105, -0.117, -0.021, -0.190, 0.028, 0.003, 0.030, -0.043, -0.018, 0.000, 0.178, -0.571, -0.422, -0.102, -0.111, -0.313, -0.360, -0.392, 0.198, -0.038, 0.048, 2.740]
  f(xk) = 679.015
  ||gk|| = 1.922E+02
  stop_crit = 6.789E-02
  ||dir|| = 2.306E-01
  alpha = 1.000E+00
  Curr. impr.: 1.89E+00
  # times under thresh: 0

Epoch 0.27389256107804116:
  xk = [-0.110, -0.146, -0.130, -0.190, -0.176, 0.083, 0.248, -0.152, -0.051, -0.087, -0.267, 0.013, -0.033, -0.152, -0.145, -0.026, -0.117, -0.124, -0.023, 0.246, 0.264, 0.078, -0.261, -0.260, 0.097, 0.108, -0.264, 0.011, 0.556, 0.093, 0.536, 0.490, 0.708, 0.594, 0.606, 0.668, -0.276, -0.108, 0.166, 0.061, 0.078, 0.027, -0.433, -0.069, 0.077, -0.400, -0.325, -0.169, -0.068, -0.044, 0.277, 0.117, -0.055, -0.008, 0.081, -0.017, -0.042, 0.027, -0.168, -0.104, -0.028, -0.005, -0.009, -0.015, 0.036, 0.041, 0.184, -0.121, -0.216, -0.210, 0.015, 0.013, -0.037, -0.048, -0.097, 0.005, -0.046, -0.048, -0.144, 0.117, -0.143, -0.025, -0.199, 0.031, -0.002, 0.032, -0.044, -0.020, 0.000, 0.187, -0.621, -0.406, -0.108, -0.119, -0.324, -0.363, -0.396, 0.193, -0.038, 0.057, 2.761]
  f(xk) = 718.018
  ||gk|| = 2.677E+02
  stop_crit = 4.282E-02
  ||dir|| = 7.740E-02
  alpha = 1.000E+00
  Curr. impr.: 6.14E-01
  # times under thresh: 1

Epoch 0.29215206514991054:
  xk = [-0.106, -0.145, -0.135, -0.187, -0.175, 0.091, 0.252, -0.151, -0.053, -0.084, -0.265, 0.012, -0.032, -0.152, -0.155, -0.029, -0.120, -0.129, -0.023, 0.251, 0.268, 0.079, -0.268, -0.231, 0.103, 0.108, -0.249, 0.011, 0.560, 0.090, 0.557, 0.511, 0.706, 0.586, 0.580, 0.679, -0.276, -0.104, 0.166, 0.067, 0.080, 0.027, -0.402, -0.066, 0.064, -0.391, -0.339, -0.145, -0.049, -0.038, 0.280, 0.117, -0.060, -0.006, 0.085, -0.016, -0.047, 0.029, -0.172, -0.103, -0.029, -0.006, -0.006, -0.021, 0.034, 0.041, 0.187, -0.124, -0.220, -0.212, 0.015, 0.013, -0.037, -0.040, -0.099, 0.005, -0.046, -0.047, -0.146, 0.118, -0.142, -0.025, -0.202, 0.030, -0.001, 0.032, -0.045, -0.020, 0.000, 0.188, -0.625, -0.406, -0.109, -0.121, -0.330, -0.366, -0.399, 0.191, -0.038, 0.056, 2.763]
  f(xk) = 699.860
  ||gk|| = 5.612E+02
  stop_crit = 9.840E-02
  ||dir|| = 3.036E-02
  alpha = 1.000E+00
  Curr. impr.: 8.12E-01
  # times under thresh: 2
  -> New batch size of 2000 samples

Epoch 0.32867107329364936:
  xk = [-0.107, -0.145, -0.134, -0.190, -0.177, 0.091, 0.252, -0.151, -0.053, -0.085, -0.267, 0.012, -0.032, -0.152, -0.155, -0.029, -0.121, -0.128, -0.023, 0.251, 0.269, 0.079, -0.268, -0.233, 0.103, 0.108, -0.251, 0.012, 0.558, 0.090, 0.558, 0.519, 0.706, 0.583, 0.576, 0.676, -0.277, -0.104, 0.164, 0.067, 0.080, 0.026, -0.405, -0.064, 0.073, -0.391, -0.338, -0.166, -0.065, -0.038, 0.281, 0.117, -0.060, -0.006, 0.085, -0.017, -0.047, 0.029, -0.172, -0.103, -0.029, -0.007, -0.006, -0.021, 0.033, 0.041, 0.187, -0.124, -0.220, -0.212, 0.015, 0.013, -0.037, -0.041, -0.100, 0.004, -0.046, -0.047, -0.146, 0.118, -0.143, -0.025, -0.201, 0.030, -0.001, 0.032, -0.045, -0.020, 0.000, 0.188, -0.624, -0.406, -0.109, -0.121, -0.330, -0.366, -0.398, 0.189, -0.038, 0.056, 2.762]
  f(xk) = 1459.926
  ||gk|| = 9.871E+02
  stop_crit = 2.187E-01
  ||dir|| = 2.674E-02
  alpha = 1.000E+00
  Curr. impr.: 6.84E-02
  # times under thresh: 1

Epoch 0.3651900814373882:
  xk = [-0.107, -0.145, -0.135, -0.188, -0.177, 0.091, 0.252, -0.151, -0.053, -0.084, -0.267, 0.012, -0.032, -0.152, -0.155, -0.029, -0.121, -0.128, -0.023, 0.251, 0.269, 0.079, -0.268, -0.236, 0.102, 0.108, -0.251, 0.012, 0.554, 0.090, 0.555, 0.508, 0.706, 0.585, 0.591, 0.675, -0.277, -0.103, 0.163, 0.067, 0.080, 0.026, -0.409, -0.067, 0.062, -0.389, -0.338, -0.153, -0.069, -0.038, 0.281, 0.116, -0.058, -0.006, 0.085, -0.016, -0.047, 0.029, -0.172, -0.103, -0.029, -0.007, -0.006, -0.021, 0.032, 0.041, 0.187, -0.124, -0.220, -0.212, 0.015, 0.013, -0.037, -0.040, -0.100, 0.004, -0.046, -0.047, -0.146, 0.118, -0.143, -0.025, -0.202, 0.030, -0.001, 0.032, -0.045, -0.020, 0.000, 0.188, -0.623, -0.406, -0.109, -0.122, -0.331, -0.366, -0.399, 0.190, -0.038, 0.055, 2.763]
  f(xk) = 1477.749
  ||gk|| = 6.035E+02
  stop_crit = 5.031E-02
  ||dir|| = 7.170E-02
  alpha = 1.000E+00
  Curr. impr.: 3.42E-01
  # times under thresh: 2
  -> New batch size of 4000 samples

Epoch 0.4382280977248658:
  xk = [-0.107, -0.147, -0.135, -0.194, -0.181, 0.091, 0.249, -0.152, -0.055, -0.092, -0.271, 0.013, -0.033, -0.154, -0.156, -0.030, -0.122, -0.127, -0.023, 0.255, 0.272, 0.079, -0.271, -0.229, 0.096, 0.107, -0.239, 0.014, 0.537, 0.100, 0.538, 0.494, 0.703, 0.594, 0.626, 0.667, -0.278, -0.101, 0.157, 0.066, 0.082, 0.020, -0.403, -0.087, 0.074, -0.383, -0.348, -0.183, -0.093, -0.038, 0.281, 0.112, -0.053, -0.006, 0.086, -0.015, -0.046, 0.030, -0.173, -0.104, -0.030, -0.003, -0.005, -0.022, 0.029, 0.041, 0.188, -0.126, -0.221, -0.215, 0.016, 0.013, -0.037, -0.041, -0.101, 0.003, -0.046, -0.048, -0.146, 0.119, -0.145, -0.026, -0.202, 0.030, -0.003, 0.030, -0.045, -0.020, 0.000, 0.191, -0.622, -0.407, -0.112, -0.125, -0.333, -0.371, -0.399, 0.188, -0.038, 0.057, 2.764]
  f(xk) = 2932.347
  ||gk|| = 1.153E+03
  stop_crit = 4.463E-02
  ||dir|| = 5.268E-02
  alpha = 1.000E+00
  Curr. impr.: 1.50E-01
  # times under thresh: 1

Epoch 0.5112661140123435:
  xk = [-0.106, -0.147, -0.139, -0.191, -0.178, 0.093, 0.247, -0.153, -0.055, -0.096, -0.269, 0.013, -0.033, -0.155, -0.156, -0.030, -0.123, -0.124, -0.023, 0.259, 0.277, 0.079, -0.273, -0.235, 0.094, 0.107, -0.229, 0.016, 0.540, 0.101, 0.542, 0.520, 0.698, 0.600, 0.607, 0.666, -0.281, -0.098, 0.156, 0.064, 0.084, 0.017, -0.392, -0.080, 0.059, -0.388, -0.348, -0.165, -0.071, -0.038, 0.283, 0.112, -0.052, -0.006, 0.087, -0.015, -0.045, 0.031, -0.176, -0.105, -0.031, 0.001, -0.005, -0.025, 0.027, 0.041, 0.192, -0.128, -0.224, -0.216, 0.016, 0.013, -0.038, -0.039, -0.102, 0.002, -0.046, -0.048, -0.148, 0.119, -0.147, -0.027, -0.202, 0.030, -0.004, 0.030, -0.046, -0.020, 0.000, 0.192, -0.624, -0.410, -0.115, -0.126, -0.336, -0.376, -0.399, 0.191, -0.037, 0.058, 2.764]
  f(xk) = 2997.891
  ||gk|| = 5.540E+02
  stop_crit = 3.375E-02
  ||dir|| = 2.599E+00
  alpha = 1.533E-01
  Curr. impr.: 6.15E-01
  # times under thresh: 2
  -> New batch size of 8000 samples

Epoch 0.6573421465872987:
  xk = [-0.125, -0.147, -0.162, -0.201, -0.186, 0.095, 0.237, -0.202, -0.058, -0.067, -0.226, 0.021, -0.039, -0.149, -0.175, -0.040, -0.102, -0.095, -0.030, 0.339, 0.362, 0.074, -0.284, -0.236, 0.036, 0.133, -0.226, 0.173, 0.535, 0.276, 0.506, 0.511, 0.644, 0.566, 0.591, 0.615, -0.365, -0.063, 0.163, 0.031, 0.117, -0.011, -0.399, -0.075, 0.068, -0.360, -0.342, -0.161, -0.069, -0.007, 0.325, 0.097, 0.018, 0.024, 0.102, 0.009, -0.043, 0.060, -0.203, -0.112, -0.047, 0.003, -0.005, -0.025, 0.010, 0.048, 0.242, -0.173, -0.265, -0.253, 0.021, 0.034, -0.050, 0.006, -0.135, -0.014, -0.046, -0.062, -0.204, 0.114, -0.209, -0.046, -0.231, 0.036, -0.035, 0.025, -0.071, -0.028, -0.002, 0.251, -0.661, -0.407, -0.170, -0.184, -0.403, -0.458, -0.380, 0.167, -0.041, 0.062, 2.762]
  f(xk) = 5837.194
  ||gk|| = 1.616E+03
  stop_crit = 4.537E-02
  ||dir|| = 2.133E-02
  alpha = 1.000E+00
  Curr. impr.: 3.08E-02
  # times under thresh: 1

Epoch 0.803418179162254:
  xk = [-0.126, -0.146, -0.164, -0.202, -0.187, 0.095, 0.236, -0.202, -0.058, -0.067, -0.226, 0.021, -0.039, -0.149, -0.176, -0.040, -0.103, -0.095, -0.030, 0.340, 0.363, 0.074, -0.285, -0.236, 0.035, 0.134, -0.225, 0.174, 0.530, 0.277, 0.514, 0.513, 0.644, 0.556, 0.596, 0.613, -0.366, -0.062, 0.160, 0.032, 0.117, -0.012, -0.404, -0.073, 0.063, -0.360, -0.342, -0.172, -0.075, -0.007, 0.327, 0.095, 0.019, 0.025, 0.103, 0.009, -0.042, 0.060, -0.203, -0.112, -0.048, 0.003, -0.005, -0.025, 0.010, 0.048, 0.242, -0.174, -0.266, -0.253, 0.021, 0.035, -0.050, 0.006, -0.136, -0.015, -0.046, -0.062, -0.204, 0.114, -0.209, -0.046, -0.231, 0.036, -0.036, 0.025, -0.071, -0.028, -0.002, 0.251, -0.661, -0.407, -0.171, -0.184, -0.405, -0.459, -0.380, 0.166, -0.041, 0.062, 2.762]
  f(xk) = 5653.683
  ||gk|| = 1.622E+03
  stop_crit = 6.125E-02
  ||dir|| = 1.779E-02
  alpha = 1.000E+00
  Curr. impr.: 4.88E-01
  # times under thresh: 2
  -> New batch size of 16000 samples

Epoch 1.0955702443121647:
  xk = [-0.127, -0.147, -0.164, -0.203, -0.186, 0.095, 0.236, -0.202, -0.059, -0.068, -0.224, 0.021, -0.039, -0.150, -0.176, -0.041, -0.102, -0.095, -0.030, 0.341, 0.364, 0.074, -0.285, -0.237, 0.034, 0.134, -0.223, 0.175, 0.528, 0.277, 0.512, 0.511, 0.645, 0.559, 0.600, 0.614, -0.367, -0.062, 0.161, 0.031, 0.117, -0.012, -0.410, -0.078, 0.064, -0.359, -0.342, -0.170, -0.062, -0.008, 0.327, 0.095, 0.020, 0.025, 0.103, 0.009, -0.041, 0.060, -0.204, -0.112, -0.048, 0.003, -0.005, -0.025, 0.010, 0.048, 0.242, -0.174, -0.266, -0.254, 0.021, 0.034, -0.050, 0.007, -0.136, -0.015, -0.046, -0.062, -0.205, 0.114, -0.210, -0.047, -0.231, 0.036, -0.036, 0.025, -0.071, -0.028, -0.002, 0.252, -0.662, -0.407, -0.172, -0.185, -0.405, -0.460, -0.381, 0.166, -0.041, 0.063, 2.763]
  f(xk) = 11481.518
  ||gk|| = 2.069E+03
  stop_crit = 1.100E-02
  ||dir|| = 2.194E+00
  alpha = 1.000E+00
  Curr. impr.: 1.61E-01
  # times under thresh: 1

Epoch 1.3877223094620752:
  xk = [-0.234, -0.273, -0.409, -0.378, -0.305, 0.395, 0.281, -0.373, -0.119, -0.161, -0.288, 0.004, 0.025, -0.050, -0.518, -0.159, -0.181, -0.321, -0.099, 0.974, 0.859, 0.163, -0.418, -0.234, -0.140, 0.260, -0.240, 0.325, 0.653, 0.554, 0.716, 0.729, 0.809, 0.729, 0.781, 0.820, -0.768, 0.155, 0.004, 0.059, 0.186, -0.194, -0.435, -0.146, 0.079, -0.306, -0.330, -0.210, -0.080, 0.022, 0.758, 0.080, 0.155, 0.151, 0.245, 0.090, 0.115, 0.124, -0.554, -0.302, -0.227, 0.142, 0.108, 0.089, 0.055, 0.167, 0.649, -0.488, -0.646, -0.432, 0.093, -0.025, -0.128, 0.312, -0.516, -0.171, -0.125, -0.157, -0.586, 0.086, -0.519, -0.161, -0.544, 0.045, -0.236, -0.005, -0.205, -0.076, -0.004, 0.607, -0.907, -0.589, -0.675, -0.616, -1.077, -0.826, -0.463, 0.366, -0.135, 0.213, 2.859]
  f(xk) = 11208.846
  ||gk|| = 2.076E+03
  stop_crit = 4.279E-02
  ||dir|| = 1.790E-01
  alpha = 1.000E+00
  Curr. impr.: 4.94E-01
  # times under thresh: 2
  -> New batch size of 32000 samples
  Change from Newton step to BFGS!

Epoch 1.9720264397618963:
  xk = [-0.241, -0.282, -0.418, -0.378, -0.306, 0.396, 0.267, -0.391, -0.120, -0.167, -0.267, 0.010, 0.022, -0.050, -0.517, -0.162, -0.188, -0.301, -0.102, 0.989, 0.875, 0.166, -0.415, -0.154, -0.159, 0.261, -0.177, 0.348, 0.662, 0.563, 0.705, 0.707, 0.801, 0.728, 0.762, 0.750, -0.783, 0.150, 0.037, 0.073, 0.179, -0.207, -0.457, -0.136, 0.080, -0.355, -0.349, -0.216, -0.083, 0.023, 0.745, 0.095, 0.147, 0.153, 0.249, 0.091, 0.121, 0.128, -0.548, -0.306, -0.231, 0.132, 0.119, 0.061, 0.047, 0.169, 0.652, -0.494, -0.629, -0.441, 0.095, -0.017, -0.131, 0.308, -0.528, -0.182, -0.125, -0.159, -0.595, 0.077, -0.528, -0.161, -0.547, 0.042, -0.247, -0.009, -0.214, -0.078, -0.005, 0.615, -0.892, -0.584, -0.697, -0.631, -1.088, -0.815, -0.443, 0.369, -0.137, 0.206, 2.805]
  f(xk) = 22355.994
  ||gk|| = 2.696E+03
  stop_crit = 3.122E-02
  ||dir|| = 3.985E+01
  alpha = 4.803E-01
  Curr. impr.: 5.99E-01
  # times under thresh: 1

Epoch 2.5563305700617174:
  xk = [-5.797, -8.346, -6.648, -7.442, -6.106, 0.980, 0.408, -1.355, -0.573, -0.237, -0.452, 0.343, -0.294, -0.223, -0.437, -0.116, -0.201, -0.273, -0.436, 1.421, 1.841, 0.524, -0.405, -0.148, -0.248, 0.700, -0.257, -0.089, -0.459, -0.232, -0.057, -0.289, 0.035, -0.002, -0.260, -0.032, -0.824, 0.256, 0.054, 0.084, -0.186, -0.220, 0.315, 1.081, 1.097, 1.035, 0.751, 0.875, 0.871, 0.231, 0.760, 0.293, 0.200, 0.782, 0.520, 0.541, 0.199, -0.102, -0.695, -1.000, -0.295, 0.173, 0.530, -0.245, 0.095, 1.789, 0.666, -1.083, -0.685, -1.193, 0.668, 0.084, -0.650, 0.319, -3.153, -2.365, -3.449, -1.499, -2.616, -1.018, -1.939, -2.448, -3.460, -2.780, -2.505, -4.146, -3.455, -2.376, -2.640, -1.178, -2.892, -3.718, -2.800, -1.449, -2.400, -0.423, -0.262, 0.419, -0.434, 0.157, 1.573]
  f(xk) = 21033.645
  ||gk|| = 2.912E+03
  stop_crit = 7.314E-02
  ||dir|| = 9.878E+00
  alpha = 5.966E-02
  Curr. impr.: 1.60E+00
  # times under thresh: 0

Epoch 3.1406347003615385:
  xk = [-5.834, -8.149, -6.406, -7.483, -6.058, 0.937, 0.415, -1.388, -0.562, -0.248, -0.477, 0.403, -0.312, -0.229, -0.447, -0.127, -0.209, -0.295, -0.547, 1.418, 1.885, 0.564, -0.429, -0.144, -0.235, 0.712, -0.270, -0.181, -0.419, -0.206, 0.000, -0.234, 0.097, 0.050, -0.207, 0.029, -0.828, 0.261, 0.054, 0.089, -0.207, -0.208, 0.315, 1.038, 1.051, 0.997, 0.704, 0.863, 0.854, 0.230, 0.763, 0.303, 0.209, 0.778, 0.535, 0.573, 0.208, -0.111, -0.697, -1.019, -0.300, 0.183, 0.534, -0.253, 0.098, 1.667, 0.673, -1.119, -0.690, -1.222, 0.696, 0.093, -0.674, 0.325, -3.265, -2.430, -3.513, -1.576, -2.670, -1.076, -1.981, -2.531, -3.494, -2.838, -2.552, -4.223, -3.614, -2.324, -2.776, -1.216, -3.015, -3.820, -2.891, -1.497, -2.444, -0.404, -0.260, 0.430, -0.443, 0.158, 1.436]
  f(xk) = 20995.152
  ||gk|| = 3.997E+03
  stop_crit = 1.185E-01
/ssoft/spack/paien/v2/opt/spack/linux-rhel7-x86_E5v4_Mellanox/gcc-7.3.0/python-3.6.5-fuxsuhr3v4fh4gdkw6xrvnctzn2meygg/lib/python3.6/site-packages/scipy/optimize/linesearch.py:313: LineSearchWarning: The line search algorithm did not converge
  warn('The line search algorithm did not converge', LineSearchWarning)
  ||dir|| = 1.133E+01
  alpha = 9.313E-09
  Curr. impr.: 1.55E+00
  # times under thresh: 0

Epoch 3.7249388306613596:
  xk = [-5.834, -8.149, -6.406, -7.483, -6.058, 0.937, 0.415, -1.388, -0.562, -0.248, -0.477, 0.403, -0.312, -0.229, -0.447, -0.127, -0.209, -0.295, -0.547, 1.418, 1.885, 0.564, -0.429, -0.144, -0.235, 0.712, -0.270, -0.181, -0.419, -0.206, 0.000, -0.234, 0.097, 0.050, -0.207, 0.029, -0.828, 0.261, 0.054, 0.089, -0.207, -0.208, 0.315, 1.038, 1.051, 0.997, 0.704, 0.863, 0.854, 0.230, 0.763, 0.303, 0.209, 0.778, 0.535, 0.573, 0.208, -0.111, -0.697, -1.019, -0.300, 0.183, 0.534, -0.253, 0.098, 1.667, 0.673, -1.119, -0.690, -1.222, 0.696, 0.093, -0.674, 0.325, -3.265, -2.430, -3.513, -1.576, -2.670, -1.076, -1.981, -2.531, -3.494, -2.838, -2.552, -4.223, -3.614, -2.324, -2.776, -1.216, -3.015, -3.820, -2.891, -1.497, -2.444, -0.404, -0.260, 0.430, -0.443, 0.158, 1.436]
  f(xk) = 20987.875
  ||gk|| = 3.174E+03
  stop_crit = 1.034E-01
  ||dir|| = 9.452E+00
  alpha = 1.749E-01
  Curr. impr.: 1.39E+00
  # times under thresh: 0

Epoch 4.30924296096118:
  xk = [-6.543, -8.974, -7.043, -8.104, -6.505, 0.925, 0.420, -1.402, -0.387, -0.256, -0.469, 0.374, -0.333, -0.294, -0.445, -0.121, -0.212, -0.276, -0.551, 1.486, 1.908, 0.643, -0.405, -0.138, -0.257, 0.725, -0.271, -0.293, -0.500, -0.294, -0.101, -0.308, 0.015, -0.044, -0.279, -0.037, -0.810, 0.273, 0.068, 0.105, -0.264, -0.183, 0.431, 1.173, 1.152, 1.118, 0.778, 0.969, 0.928, 0.214, 0.780, 0.309, 0.205, 0.825, 0.591, 0.523, 0.240, -0.134, -0.733, -1.007, -0.339, 0.177, 0.478, -0.255, 0.105, 1.432, 0.674, -1.167, -0.688, -1.210, 0.749, 0.114, -0.669, 0.308, -3.459, -2.569, -3.463, -1.566, -2.723, -1.102, -1.971, -2.590, -3.527, -2.792, -2.553, -4.155, -3.883, -2.038, -2.961, -1.222, -3.082, -3.848, -2.932, -1.523, -2.426, -0.389, -0.273, 0.417, -0.527, 0.151, 1.486]
  f(xk) = 20900.684
  ||gk|| = 3.255E+03
  stop_crit = 1.069E-01
  ||dir|| = 1.336E+01
  alpha = 2.871E-01
  Curr. impr.: 1.26E+00
  # times under thresh: 0

Epoch 4.893547091261001:
  xk = [-7.769, -10.613, -8.513, -9.696, -7.628, 0.890, 0.468, -1.428, -0.512, -0.278, -0.449, 0.323, -0.302, -0.347, -0.459, -0.082, -0.220, -0.222, -0.737, 1.607, 1.957, 0.681, -0.328, -0.122, -0.241, 0.845, -0.266, -0.539, -0.634, -0.428, -0.298, -0.448, -0.125, -0.262, -0.422, -0.187, -0.813, 0.339, 0.120, 0.130, -0.289, -0.168, 0.623, 1.429, 1.390, 1.353, 1.022, 1.226, 1.103, 0.217, 0.816, 0.315, 0.209, 0.848, 0.651, 0.448, 0.320, -0.183, -0.752, -0.998, -0.415, 0.176, 0.490, -0.310, 0.135, 1.947, 0.659, -1.166, -0.737, -1.240, 0.739, 0.212, -0.727, 0.266, -3.944, -3.125, -3.567, -1.707, -2.821, -1.217, -2.022, -3.242, -3.744, -3.383, -2.666, -4.662, -4.308, -1.862, -4.153, -1.181, -3.388, -4.019, -3.155, -1.544, -2.486, -0.406, -0.275, 0.396, -0.515, 0.141, 1.580]
  f(xk) = 20790.193
  ||gk|| = 2.383E+03
  stop_crit = 9.818E-02
  ||dir|| = 1.565E+01
  alpha = 4.255E-01
  Curr. impr.: 1.15E+00
  # times under thresh: 0

Epoch 5.477851221560822:
  xk = [-10.183, -13.348, -11.204, -12.690, -10.199, 0.859, 0.590, -1.471, -0.444, -0.281, -0.453, 0.345, -0.237, -0.272, -0.494, -0.069, -0.210, -0.175, -0.955, 1.663, 2.072, 0.626, -0.153, -0.129, -0.277, 0.837, -0.235, -0.995, -0.977, -0.873, -0.708, -0.804, -0.511, -0.681, -0.784, -0.570, -0.799, 0.396, 0.181, 0.144, -0.289, -0.178, 1.013, 1.875, 1.817, 1.801, 1.439, 1.717, 1.527, 0.229, 0.805, 0.327, 0.197, 0.825, 0.687, 0.494, 0.405, -0.211, -0.795, -1.084, -0.455, 0.181, 0.647, -0.329, 0.158, 1.031, 0.603, -1.287, -0.831, -1.369, 0.718, 0.257, -0.829, 0.207, -4.527, -3.992, -3.949, -1.790, -3.108, -1.503, -2.171, -3.505, -3.883, -3.481, -2.640, -4.896, -5.067, -3.140, -3.686, -1.196, -3.756, -4.331, -3.210, -1.730, -2.431, -0.442, -0.152, 0.384, -0.441, 0.140, 1.770]
  f(xk) = 20507.515
  ||gk|| = 2.407E+03
  stop_crit = 1.328E-01
  ||dir|| = 5.310E+00
  alpha = 1.000E+00
  Curr. impr.: 1.13E+00
  # times under thresh: 0

Epoch 6.0621553518606435:
  xk = [-11.634, -14.603, -10.801, -14.364, -11.528, 0.908, 0.394, -1.739, 0.175, -0.252, -0.501, 0.493, -0.413, -0.498, -0.618, -0.089, -0.215, -0.279, -1.149, 1.810, 2.115, 0.962, -0.190, -0.136, -0.328, 1.169, -0.236, -0.986, -1.071, -0.976, -0.650, -0.818, -0.557, -0.609, -0.788, -0.577, -0.782, 0.448, 0.188, 0.171, -0.109, -0.150, 1.190, 2.006, 1.751, 1.977, 1.246, 1.920, 1.713, 0.335, 0.715, 0.288, 0.198, 0.634, 0.960, 0.679, 0.462, -0.368, -0.817, -1.590, -0.574, 0.224, 0.391, -0.231, 0.136, 1.257, 0.810, -1.744, -0.811, -1.465, 1.062, 0.168, -0.557, 0.237, -5.554, -4.915, -5.337, -2.091, -3.829, -1.742, -2.652, -3.114, -3.627, -3.814, -1.955, -4.694, -6.654, -2.015, -1.127, -1.707, -4.396, -5.098, -3.733, -1.752, -2.525, -0.217, -0.251, 0.445, -0.266, 0.212, 1.805]
  f(xk) = 20713.769
  ||gk|| = 1.997E+03
  stop_crit = 7.954E-02
  ||dir|| = 6.474E+00
  alpha = 1.000E+00
  Curr. impr.: 7.25E-01
  # times under thresh: 1

Epoch 6.646459482160465:
  xk = [-11.972, -14.107, -12.119, -15.824, -12.589, 1.116, 0.342, -1.032, 0.177, -0.271, -0.454, 0.643, -0.569, -0.342, -0.503, -0.042, -0.225, -0.266, -1.341, 1.892, 2.253, 0.875, -0.273, -0.097, 0.210, 0.716, -0.230, -0.923, -1.307, -0.843, -0.584, -1.093, -0.501, -0.570, -1.070, -0.539, -1.043, 0.461, 0.158, 0.105, -0.239, -0.145, 1.272, 1.951, 1.979, 1.848, 1.506, 2.152, 1.889, 0.076, 0.765, 0.399, 0.199, 1.028, 0.722, 0.560, 0.363, -0.237, -0.686, -1.176, -0.408, 0.255, 0.488, -0.392, 0.144, 1.340, 0.792, -1.493, -0.726, -1.626, 0.948, 0.076, -0.754, 0.278, -5.121, -4.944, -5.091, -2.895, -3.811, -1.858, -2.644, -2.787, -3.958, -3.491, -4.219, -4.256, -6.083, -2.985, -6.117, -1.833, -3.592, -5.528, -3.126, -1.663, -2.450, -0.451, -0.348, 0.448, -0.382, 0.171, 1.732]
  f(xk) = 20548.600
  ||gk|| = 1.048E+03
  stop_crit = 3.961E-02
  ||dir|| = 3.475E+00
  alpha = 1.000E+00
  Curr. impr.: 7.09E-01
  # times under thresh: 2
  -> New batch size of 54766 samples

Epoch 7.646459482160465:
  xk = [-11.837, -15.262, -12.131, -16.160, -12.851, 0.965, 0.583, -1.116, -0.477, -0.371, -0.409, 0.242, -0.377, -0.134, -0.401, -0.233, -0.178, -0.264, -0.787, 1.770, 2.294, 0.824, -0.221, -0.138, -0.196, 0.784, -0.272, -0.900, -1.177, -0.842, -0.646, -0.958, -0.555, -0.656, -0.977, -0.590, -0.761, 0.326, 0.160, 0.084, -0.371, -0.145, 1.231, 2.136, 1.938, 2.075, 1.577, 2.188, 1.925, 0.239, 0.803, 0.381, 0.207, 0.621, 0.671, 0.660, 0.420, -0.098, -0.842, -1.258, -0.370, 0.229, 0.162, -0.366, 0.182, 1.683, 0.817, -1.175, -0.777, -1.544, 0.396, 0.078, -1.075, 0.339, -4.738, -5.037, -5.232, -2.024, -3.949, -1.629, -2.624, -4.268, -3.882, -3.443, -2.813, -5.414, -5.508, -3.064, -6.953, -1.388, -3.681, -5.192, -3.152, -1.634, -2.439, -0.433, -0.153, 0.500, -0.289, 0.142, 1.655]
  f(xk) = 35197.305
  ||gk|| = 2.300E+03
  stop_crit = 7.827E-02
  ||dir|| = 6.420E+00
  alpha = 4.653E-01

Epoch 8.646459482160465:
  xk = [-12.086, -14.966, -12.426, -16.441, -13.219, 1.058, 0.529, -1.436, -0.455, -0.332, -0.461, 0.446, -0.312, -0.298, -0.509, -0.148, -0.187, -0.261, -1.102, 1.711, 2.137, 0.669, -0.249, -0.119, -0.278, 1.002, -0.262, -0.956, -1.253, -0.862, -0.674, -1.037, -0.528, -0.699, -1.051, -0.631, -0.838, 0.364, 0.162, 0.100, -0.336, -0.105, 1.264, 2.111, 2.003, 2.058, 1.625, 2.234, 1.984, 0.289, 0.784, 0.289, 0.200, 0.813, 0.684, 0.693, 0.428, -0.233, -0.814, -1.229, -0.420, 0.237, 0.665, -0.347, 0.158, 1.535, 0.730, -1.264, -0.813, -1.554, 0.712, 0.251, -0.969, 0.302, -4.952, -5.119, -5.088, -2.309, -3.763, -1.753, -2.551, -4.254, -4.171, -4.104, -2.779, -5.885, -5.697, -2.898, -4.442, -1.595, -3.891, -5.359, -3.295, -1.702, -2.376, -0.396, -0.189, 0.468, -0.447, 0.150, 1.621]
  f(xk) = 35100.750
  ||gk|| = 6.881E+02
  stop_crit = 2.713E-02
  ||dir|| = 2.699E+00
  alpha = 3.816E-01

Epoch 9.646459482160465:
  xk = [-12.271, -14.919, -12.550, -16.801, -13.580, 1.058, 0.509, -1.311, -0.400, -0.317, -0.504, 0.502, -0.319, -0.309, -0.527, -0.117, -0.192, -0.259, -1.186, 1.731, 2.143, 0.690, -0.251, -0.119, -0.234, 0.954, -0.257, -0.980, -1.279, -0.940, -0.704, -1.069, -0.559, -0.728, -1.075, -0.661, -0.869, 0.399, 0.175, 0.111, -0.278, -0.131, 1.293, 2.093, 2.025, 2.018, 1.636, 2.284, 2.039, 0.271, 0.777, 0.310, 0.201, 0.842, 0.699, 0.730, 0.435, -0.268, -0.778, -1.240, -0.470, 0.247, 0.614, -0.358, 0.150, 1.548, 0.731, -1.333, -0.816, -1.567, 0.936, 0.276, -0.876, 0.281, -5.151, -5.246, -5.177, -2.442, -3.740, -1.831, -2.600, -3.894, -4.065, -4.052, -2.803, -5.480, -5.918, -3.016, -4.144, -1.637, -4.070, -5.492, -3.311, -1.696, -2.435, -0.403, -0.201, 0.456, -0.439, 0.168, 1.593]
  f(xk) = 35087.650
  ||gk|| = 5.309E+02
  stop_crit = 1.583E-02
  ||dir|| = 2.481E+00
  alpha = 4.903E-01

Epoch 10.646459482160465:
  xk = [-12.297, -15.130, -12.731, -17.428, -14.184, 1.114, 0.497, -1.437, -0.396, -0.312, -0.545, 0.507, -0.339, -0.292, -0.518, -0.108, -0.196, -0.264, -1.268, 1.745, 2.167, 0.729, -0.258, -0.118, -0.190, 0.890, -0.256, -0.978, -1.308, -0.922, -0.738, -1.110, -0.609, -0.759, -1.118, -0.699, -0.888, 0.417, 0.189, 0.117, -0.245, -0.144, 1.291, 2.115, 2.052, 2.064, 1.662, 2.370, 2.131, 0.252, 0.774, 0.335, 0.205, 0.866, 0.707, 0.757, 0.447, -0.262, -0.763, -1.250, -0.510, 0.257, 0.569, -0.371, 0.147, 1.467, 0.740, -1.355, -0.813, -1.575, 1.076, 0.263, -0.806, 0.274, -5.264, -5.390, -5.375, -2.525, -3.759, -1.863, -2.669, -3.611, -4.001, -3.855, -2.885, -5.189, -6.021, -3.266, -4.475, -1.669, -4.198, -5.666, -3.273, -1.695, -2.438, -0.402, -0.214, 0.456, -0.403, 0.171, 1.543]
  f(xk) = 35080.542
  ||gk|| = 1.896E+02
  stop_crit = 5.623E-03
  ||dir|| = 2.777E+00
  alpha = 6.851E-01

Epoch 11.646459482160465:
  xk = [-12.653, -15.612, -13.113, -18.637, -15.207, 1.128, 0.489, -1.515, -0.470, -0.324, -0.606, 0.459, -0.364, -0.286, -0.513, -0.122, -0.206, -0.276, -1.280, 1.738, 2.182, 0.731, -0.273, -0.115, -0.208, 0.860, -0.262, -0.971, -1.371, -0.946, -0.768, -1.167, -0.621, -0.795, -1.190, -0.720, -0.870, 0.417, 0.205, 0.121, -0.261, -0.123, 1.342, 2.186, 2.106, 2.146, 1.725, 2.533, 2.285, 0.253, 0.775, 0.335, 0.215, 0.866, 0.716, 0.799, 0.470, -0.254, -0.777, -1.256, -0.548, 0.272, 0.642, -0.374, 0.147, 1.506, 0.744, -1.329, -0.813, -1.573, 1.131, 0.243, -0.786, 0.290, -5.345, -5.675, -5.605, -2.599, -3.833, -1.914, -2.730, -3.643, -4.108, -3.779, -2.918, -5.259, -6.074, -3.320, -4.880, -1.704, -4.356, -5.953, -3.241, -1.694, -2.379, -0.399, -0.208, 0.475, -0.401, 0.157, 1.420]
  f(xk) = 35072.371
  ||gk|| = 4.456E+02
  stop_crit = 1.100E-02
  ||dir|| = 3.002E+00
  alpha = 4.326E-01

Epoch 12.646459482160465:
  xk = [-12.786, -15.923, -13.315, -19.414, -15.924, 1.122, 0.506, -1.475, -0.550, -0.334, -0.648, 0.463, -0.345, -0.287, -0.520, -0.130, -0.208, -0.291, -1.321, 1.720, 2.174, 0.689, -0.280, -0.119, -0.238, 0.871, -0.267, -0.951, -1.390, -0.920, -0.755, -1.188, -0.611, -0.794, -1.220, -0.724, -0.861, 0.420, 0.216, 0.122, -0.279, -0.122, 1.355, 2.230, 2.131, 2.185, 1.764, 2.632, 2.390, 0.277, 0.783, 0.329, 0.223, 0.880, 0.716, 0.837, 0.481, -0.270, -0.776, -1.250, -0.552, 0.283, 0.626, -0.378, 0.156, 1.459, 0.728, -1.310, -0.824, -1.564, 1.111, 0.256, -0.811, 0.302, -5.388, -5.860, -5.845, -2.619, -3.905, -1.942, -2.791, -3.866, -4.156, -3.960, -2.854, -5.428, -6.103, -3.509, -4.668, -1.752, -4.448, -6.152, -3.248, -1.673, -2.381, -0.401, -0.191, 0.489, -0.409, 0.158, 1.341]
  f(xk) = 35067.956
  ||gk|| = 2.814E+02
  stop_crit = 1.059E-02
  ||dir|| = 1.548E+00
  alpha = 1.000E+00

Epoch 13.646459482160465:
  xk = [-13.154, -16.264, -13.614, -20.345, -16.798, 1.069, 0.518, -1.656, -0.560, -0.347, -0.687, 0.478, -0.326, -0.278, -0.525, -0.131, -0.204, -0.310, -1.285, 1.722, 2.166, 0.667, -0.285, -0.118, -0.254, 0.884, -0.270, -0.969, -1.427, -0.935, -0.731, -1.227, -0.603, -0.789, -1.263, -0.720, -0.861, 0.433, 0.225, 0.118, -0.257, -0.126, 1.412, 2.273, 2.171, 2.257, 1.808, 2.754, 2.518, 0.280, 0.791, 0.341, 0.229, 0.837, 0.707, 0.888, 0.478, -0.291, -0.755, -1.236, -0.519, 0.294, 0.560, -0.387, 0.173, 1.543, 0.726, -1.295, -0.827, -1.559, 1.051, 0.306, -0.870, 0.310, -5.420, -6.070, -6.024, -2.642, -3.953, -1.986, -2.831, -4.033, -4.106, -4.180, -2.706, -5.488, -6.161, -3.643, -4.479, -1.766, -4.509, -6.368, -3.250, -1.652, -2.381, -0.405, -0.182, 0.499, -0.427, 0.175, 1.275]
  f(xk) = 35066.260
  ||gk|| = 2.262E+02
  stop_crit = 8.398E-03
  ||dir|| = 5.747E-01
  alpha = 5.995E-01

Epoch 14.646459482160465:
  xk = [-13.170, -16.321, -13.586, -20.465, -16.913, 1.090, 0.513, -1.576, -0.573, -0.348, -0.693, 0.463, -0.346, -0.285, -0.528, -0.133, -0.203, -0.313, -1.239, 1.719, 2.174, 0.709, -0.287, -0.118, -0.257, 0.894, -0.269, -0.971, -1.427, -0.918, -0.734, -1.226, -0.597, -0.786, -1.264, -0.715, -0.859, 0.434, 0.226, 0.118, -0.256, -0.126, 1.412, 2.279, 2.167, 2.253, 1.803, 2.769, 2.534, 0.279, 0.789, 0.341, 0.230, 0.835, 0.716, 0.890, 0.480, -0.279, -0.761, -1.252, -0.505, 0.298, 0.636, -0.382, 0.176, 1.535, 0.739, -1.318, -0.827, -1.578, 1.090, 0.297, -0.858, 0.306, -5.424, -6.084, -6.027, -2.645, -3.929, -1.999, -2.820, -3.882, -4.079, -4.013, -2.670, -5.428, -6.188, -3.607, -4.539, -1.758, -4.519, -6.386, -3.273, -1.659, -2.382, -0.394, -0.194, 0.495, -0.414, 0.166, 1.267]
  f(xk) = 35064.679
  ||gk|| = 1.288E+02
  stop_crit = 5.111E-03
  ||dir|| = 4.405E-01
  alpha = 4.439E-01

Epoch 15.646459482160465:
  xk = [-13.139, -16.251, -13.570, -20.447, -16.882, 1.093, 0.509, -1.560, -0.575, -0.348, -0.695, 0.470, -0.350, -0.289, -0.527, -0.130, -0.203, -0.312, -1.235, 1.717, 2.173, 0.710, -0.291, -0.118, -0.243, 0.890, -0.269, -0.969, -1.423, -0.916, -0.735, -1.222, -0.593, -0.785, -1.261, -0.713, -0.862, 0.432, 0.226, 0.121, -0.263, -0.126, 1.408, 2.270, 2.165, 2.240, 1.802, 2.766, 2.528, 0.278, 0.789, 0.338, 0.231, 0.863, 0.716, 0.879, 0.483, -0.278, -0.762, -1.248, -0.502, 0.300, 0.606, -0.382, 0.175, 1.525, 0.733, -1.320, -0.828, -1.586, 1.133, 0.283, -0.840, 0.304, -5.421, -6.055, -6.006, -2.662, -3.912, -1.999, -2.814, -3.818, -4.091, -3.941, -2.743, -5.408, -6.170, -3.618, -4.622, -1.762, -4.521, -6.377, -3.249, -1.660, -2.381, -0.396, -0.195, 0.493, -0.407, 0.161, 1.261]
  f(xk) = 35064.278
  ||gk|| = 6.713E+01
  stop_crit = 1.744E-03
  ||dir|| = 2.614E-01
  alpha = 3.949E-01

Epoch 16.646459482160466:
  xk = [-13.109, -16.213, -13.551, -20.401, -16.836, 1.093, 0.509, -1.559, -0.566, -0.347, -0.695, 0.474, -0.348, -0.287, -0.525, -0.129, -0.203, -0.311, -1.234, 1.718, 2.173, 0.703, -0.291, -0.118, -0.242, 0.878, -0.268, -0.966, -1.418, -0.914, -0.733, -1.217, -0.594, -0.783, -1.255, -0.712, -0.863, 0.432, 0.226, 0.123, -0.265, -0.125, 1.403, 2.264, 2.162, 2.234, 1.797, 2.759, 2.521, 0.276, 0.790, 0.339, 0.231, 0.859, 0.715, 0.873, 0.484, -0.279, -0.760, -1.242, -0.503, 0.300, 0.612, -0.384, 0.175, 1.511, 0.731, -1.316, -0.827, -1.582, 1.147, 0.280, -0.831, 0.303, -5.420, -6.033, -5.998, -2.665, -3.909, -1.993, -2.816, -3.831, -4.096, -3.959, -2.755, -5.379, -6.162, -3.618, -4.626, -1.765, -4.522, -6.365, -3.250, -1.658, -2.383, -0.400, -0.194, 0.492, -0.412, 0.163, 1.264]
  f(xk) = 35064.209
  ||gk|| = 4.143E+01
  stop_crit = 2.589E-03
  ||dir|| = 8.126E-02
  alpha = 4.594E-01

Epoch 17.646459482160466:
  xk = [-13.101, -16.220, -13.552, -20.404, -16.836, 1.093, 0.508, -1.557, -0.565, -0.346, -0.696, 0.472, -0.347, -0.288, -0.526, -0.129, -0.203, -0.311, -1.228, 1.719, 2.172, 0.703, -0.292, -0.118, -0.245, 0.878, -0.268, -0.967, -1.419, -0.915, -0.735, -1.218, -0.597, -0.786, -1.256, -0.715, -0.862, 0.432, 0.225, 0.124, -0.263, -0.125, 1.402, 2.265, 2.162, 2.235, 1.798, 2.760, 2.521, 0.276, 0.789, 0.339, 0.230, 0.859, 0.715, 0.873, 0.485, -0.280, -0.759, -1.243, -0.504, 0.300, 0.608, -0.383, 0.174, 1.513, 0.732, -1.317, -0.827, -1.578, 1.151, 0.283, -0.827, 0.303, -5.422, -6.027, -5.999, -2.664, -3.909, -1.992, -2.817, -3.836, -4.091, -3.974, -2.739, -5.378, -6.167, -3.611, -4.606, -1.765, -4.527, -6.364, -3.251, -1.657, -2.382, -0.399, -0.195, 0.491, -0.413, 0.164, 1.264]
  f(xk) = 35064.195
  ||gk|| = 1.926E+01
  stop_crit = 1.227E-03
  ||dir|| = 3.216E-02
  alpha = 3.865E-01

Epoch 18.646459482160466:
  xk = [-13.095, -16.218, -13.549, -20.402, -16.832, 1.093, 0.509, -1.559, -0.567, -0.346, -0.696, 0.471, -0.347, -0.288, -0.526, -0.129, -0.203, -0.310, -1.225, 1.719, 2.172, 0.703, -0.291, -0.118, -0.244, 0.879, -0.268, -0.967, -1.418, -0.916, -0.736, -1.217, -0.597, -0.786, -1.255, -0.715, -0.862, 0.433, 0.226, 0.124, -0.263, -0.126, 1.401, 2.264, 2.162, 2.235, 1.798, 2.760, 2.521, 0.276, 0.789, 0.340, 0.230, 0.861, 0.715, 0.873, 0.485, -0.280, -0.759, -1.243, -0.504, 0.300, 0.608, -0.383, 0.173, 1.512, 0.732, -1.318, -0.828, -1.578, 1.150, 0.284, -0.827, 0.303, -5.423, -6.026, -5.998, -2.663, -3.909, -1.993, -2.817, -3.834, -4.089, -3.971, -2.740, -5.379, -6.168, -3.614, -4.605, -1.764, -4.531, -6.363, -3.250, -1.657, -2.383, -0.399, -0.195, 0.491, -0.413, 0.164, 1.265]
  f(xk) = 35064.191
  ||gk|| = 8.876E+00
  stop_crit = 6.664E-04
  ||dir|| = 3.428E-02
  alpha = 4.622E-01

Epoch 19.646459482160466:
  xk = [-13.098, -16.220, -13.551, -20.412, -16.839, 1.094, 0.509, -1.561, -0.566, -0.346, -0.697, 0.472, -0.347, -0.288, -0.526, -0.129, -0.203, -0.310, -1.223, 1.719, 2.172, 0.704, -0.291, -0.118, -0.244, 0.878, -0.268, -0.968, -1.418, -0.916, -0.737, -1.218, -0.598, -0.787, -1.256, -0.716, -0.862, 0.433, 0.226, 0.124, -0.263, -0.127, 1.402, 2.265, 2.162, 2.235, 1.798, 2.761, 2.522, 0.276, 0.789, 0.339, 0.230, 0.860, 0.715, 0.874, 0.485, -0.280, -0.760, -1.243, -0.504, 0.300, 0.608, -0.384, 0.173, 1.513, 0.731, -1.318, -0.828, -1.577, 1.150, 0.284, -0.828, 0.303, -5.424, -6.027, -5.999, -2.663, -3.909, -1.993, -2.817, -3.832, -4.088, -3.968, -2.741, -5.375, -6.169, -3.616, -4.605, -1.764, -4.534, -6.365, -3.251, -1.657, -2.383, -0.399, -0.195, 0.491, -0.412, 0.164, 1.264]
  f(xk) = 35064.190
  ||gk|| = 6.918E+00
  stop_crit = 4.052E-04
  ||dir|| = 2.221E-02
  alpha = 1.000E+00

Epoch 20.646459482160466:
  xk = [-13.102, -16.225, -13.556, -20.427, -16.851, 1.094, 0.509, -1.561, -0.569, -0.346, -0.698, 0.472, -0.347, -0.288, -0.526, -0.129, -0.203, -0.311, -1.221, 1.719, 2.172, 0.703, -0.291, -0.118, -0.244, 0.877, -0.268, -0.968, -1.419, -0.917, -0.737, -1.218, -0.599, -0.788, -1.256, -0.717, -0.862, 0.433, 0.226, 0.124, -0.263, -0.126, 1.402, 2.265, 2.163, 2.236, 1.798, 2.763, 2.524, 0.276, 0.789, 0.339, 0.230, 0.860, 0.715, 0.875, 0.485, -0.280, -0.759, -1.242, -0.505, 0.301, 0.608, -0.384, 0.173, 1.514, 0.732, -1.317, -0.828, -1.578, 1.151, 0.283, -0.829, 0.303, -5.425, -6.029, -6.001, -2.663, -3.910, -1.993, -2.818, -3.833, -4.091, -3.968, -2.741, -5.376, -6.170, -3.619, -4.605, -1.765, -4.537, -6.368, -3.251, -1.657, -2.382, -0.399, -0.195, 0.491, -0.412, 0.164, 1.264]
  f(xk) = 35064.190
  ||gk|| = 3.295E+00
  stop_crit = 1.341E-04
  ||dir|| = 6.336E-03
  alpha = 9.011E-01

Epoch 21.646459482160466:
  xk = [-13.100, -16.224, -13.554, -20.426, -16.849, 1.094, 0.509, -1.561, -0.567, -0.346, -0.698, 0.471, -0.347, -0.288, -0.526, -0.129, -0.203, -0.310, -1.221, 1.719, 2.172, 0.703, -0.291, -0.118, -0.244, 0.878, -0.268, -0.968, -1.419, -0.916, -0.737, -1.218, -0.599, -0.788, -1.256, -0.716, -0.862, 0.433, 0.226, 0.124, -0.263, -0.126, 1.402, 2.265, 2.163, 2.236, 1.798, 2.763, 2.523, 0.276, 0.789, 0.340, 0.230, 0.860, 0.715, 0.875, 0.485, -0.280, -0.759, -1.242, -0.505, 0.301, 0.608, -0.384, 0.173, 1.513, 0.731, -1.317, -0.828, -1.578, 1.151, 0.283, -0.829, 0.303, -5.424, -6.029, -6.000, -2.664, -3.910, -1.993, -2.818, -3.833, -4.089, -3.970, -2.741, -5.376, -6.170, -3.617, -4.608, -1.765, -4.537, -6.367, -3.250, -1.657, -2.382, -0.399, -0.195, 0.491, -0.412, 0.164, 1.263]
  f(xk) = 35064.190
  ||gk|| = 1.819E+00
  stop_crit = 6.258E-05
  ||dir|| = 7.330E-03
  alpha = 5.108E-01

Epoch 22.646459482160466:
  xk = [-13.100, -16.223, -13.554, -20.423, -16.848, 1.094, 0.509, -1.561, -0.567, -0.346, -0.697, 0.471, -0.347, -0.288, -0.526, -0.129, -0.203, -0.310, -1.222, 1.719, 2.172, 0.703, -0.291, -0.118, -0.244, 0.878, -0.268, -0.968, -1.418, -0.916, -0.737, -1.218, -0.598, -0.787, -1.256, -0.716, -0.862, 0.433, 0.226, 0.124, -0.263, -0.126, 1.402, 2.265, 2.163, 2.236, 1.798, 2.763, 2.523, 0.276, 0.789, 0.339, 0.230, 0.860, 0.715, 0.874, 0.485, -0.280, -0.759, -1.243, -0.505, 0.301, 0.608, -0.384, 0.173, 1.513, 0.731, -1.317, -0.828, -1.578, 1.151, 0.284, -0.828, 0.303, -5.424, -6.028, -6.000, -2.664, -3.910, -1.993, -2.817, -3.833, -4.089, -3.969, -2.741, -5.376, -6.170, -3.617, -4.607, -1.765, -4.536, -6.367, -3.250, -1.657, -2.383, -0.399, -0.195, 0.491, -0.412, 0.164, 1.264]
  f(xk) = 35064.190
  ||gk|| = 3.592E-01
  stop_crit = 1.054E-05
  ||dir|| = 3.005E-03
  alpha = 4.270E-01

Epoch 23.646459482160466:
  xk = [-13.099, -16.223, -13.554, -20.423, -16.847, 1.094, 0.509, -1.561, -0.567, -0.346, -0.697, 0.472, -0.347, -0.288, -0.526, -0.129, -0.203, -0.310, -1.222, 1.719, 2.172, 0.703, -0.291, -0.118, -0.244, 0.878, -0.268, -0.968, -1.418, -0.916, -0.737, -1.218, -0.598, -0.787, -1.256, -0.716, -0.862, 0.433, 0.226, 0.124, -0.263, -0.126, 1.402, 2.265, 2.163, 2.236, 1.798, 2.762, 2.523, 0.276, 0.789, 0.339, 0.230, 0.860, 0.715, 0.874, 0.485, -0.280, -0.759, -1.243, -0.505, 0.301, 0.608, -0.384, 0.173, 1.513, 0.731, -1.318, -0.828, -1.578, 1.151, 0.284, -0.828, 0.303, -5.424, -6.028, -6.000, -2.663, -3.910, -1.993, -2.818, -3.833, -4.089, -3.968, -2.741, -5.376, -6.170, -3.617, -4.606, -1.765, -4.536, -6.367, -3.250, -1.657, -2.382, -0.399, -0.195, 0.491, -0.412, 0.164, 1.264]
  f(xk) = 35064.190
  ||gk|| = 3.377E-01
  stop_crit = 1.439E-05
  ||dir|| = 8.131E-04
  alpha = 4.789E-01

Epoch 24.646459482160466:
  xk = [-13.099, -16.223, -13.554, -20.423, -16.847, 1.094, 0.509, -1.561, -0.567, -0.346, -0.697, 0.472, -0.347, -0.288, -0.526, -0.129, -0.203, -0.310, -1.222, 1.719, 2.172, 0.703, -0.291, -0.118, -0.244, 0.878, -0.268, -0.968, -1.418, -0.916, -0.737, -1.218, -0.598, -0.787, -1.256, -0.716, -0.862, 0.433, 0.226, 0.124, -0.263, -0.126, 1.402, 2.265, 2.163, 2.236, 1.798, 2.762, 2.523, 0.276, 0.789, 0.339, 0.230, 0.860, 0.715, 0.874, 0.485, -0.280, -0.759, -1.243, -0.505, 0.301, 0.608, -0.384, 0.173, 1.513, 0.731, -1.317, -0.828, -1.578, 1.151, 0.284, -0.828, 0.303, -5.424, -6.028, -6.000, -2.663, -3.910, -1.993, -2.818, -3.833, -4.089, -3.968, -2.741, -5.376, -6.170, -3.617, -4.606, -1.765, -4.536, -6.367, -3.250, -1.657, -2.382, -0.399, -0.195, 0.491, -0.412, 0.164, 1.264]
  f(xk) = 35064.190
  ||gk|| = 1.941E-01
  stop_crit = 1.064E-05
  ||dir|| = 5.779E-04
  alpha = 4.190E-01

Epoch 25.646459482160466:
  xk = [-13.100, -16.223, -13.554, -20.423, -16.848, 1.094, 0.509, -1.561, -0.567, -0.346, -0.697, 0.472, -0.347, -0.288, -0.526, -0.129, -0.203, -0.310, -1.222, 1.719, 2.172, 0.703, -0.291, -0.118, -0.244, 0.878, -0.268, -0.968, -1.418, -0.916, -0.737, -1.218, -0.599, -0.787, -1.256, -0.716, -0.862, 0.433, 0.226, 0.124, -0.263, -0.126, 1.402, 2.265, 2.163, 2.236, 1.798, 2.762, 2.523, 0.276, 0.789, 0.339, 0.230, 0.860, 0.715, 0.875, 0.485, -0.280, -0.759, -1.243, -0.505, 0.301, 0.608, -0.384, 0.173, 1.513, 0.731, -1.317, -0.828, -1.578, 1.151, 0.284, -0.828, 0.303, -5.424, -6.028, -6.000, -2.663, -3.910, -1.993, -2.818, -3.833, -4.089, -3.969, -2.741, -5.376, -6.170, -3.617, -4.606, -1.765, -4.536, -6.367, -3.250, -1.657, -2.382, -0.399, -0.195, 0.491, -0.412, 0.164, 1.264]
  f(xk) = 35064.190
  ||gk|| = 3.993E-02
  stop_crit = 2.578E-06
  ||dir|| = 1.524E-04
  alpha = 4.691E-01

Epoch 26.646459482160466:
  xk = [-13.100, -16.223, -13.554, -20.423, -16.848, 1.094, 0.509, -1.561, -0.567, -0.346, -0.697, 0.472, -0.347, -0.288, -0.526, -0.129, -0.203, -0.310, -1.222, 1.719, 2.172, 0.703, -0.291, -0.118, -0.244, 0.878, -0.268, -0.968, -1.418, -0.916, -0.737, -1.218, -0.599, -0.787, -1.256, -0.716, -0.862, 0.433, 0.226, 0.124, -0.263, -0.126, 1.402, 2.265, 2.163, 2.236, 1.798, 2.762, 2.523, 0.276, 0.789, 0.339, 0.230, 0.860, 0.715, 0.875, 0.485, -0.280, -0.759, -1.243, -0.505, 0.301, 0.608, -0.384, 0.173, 1.513, 0.731, -1.317, -0.828, -1.578, 1.151, 0.284, -0.828, 0.303, -5.424, -6.028, -6.000, -2.663, -3.910, -1.993, -2.818, -3.833, -4.089, -3.969, -2.741, -5.376, -6.170, -3.617, -4.606, -1.765, -4.536, -6.367, -3.250, -1.657, -2.382, -0.399, -0.195, 0.491, -0.412, 0.164, 1.264]
  f(xk) = 35064.190
  ||gk|| = 2.082E-02
  stop_crit = 1.068E-06
  ||dir|| = 3.885E-05
  alpha = 1.000E+00

Algorithm Optimized!
  x* = [-13.100, -16.223, -13.554, -20.423, -16.848, 1.094, 0.509, -1.561, -0.567, -0.346, -0.697, 0.472, -0.347, -0.288, -0.526, -0.129, -0.203, -0.310, -1.222, 1.719, 2.172, 0.703, -0.291, -0.118, -0.244, 0.878, -0.268, -0.968, -1.418, -0.916, -0.737, -1.218, -0.599, -0.787, -1.256, -0.716, -0.862, 0.433, 0.226, 0.124, -0.263, -0.126, 1.402, 2.265, 2.163, 2.236, 1.798, 2.762, 2.523, 0.276, 0.789, 0.339, 0.230, 0.860, 0.715, 0.874, 0.485, -0.280, -0.759, -1.243, -0.505, 0.301, 0.608, -0.384, 0.173, 1.513, 0.731, -1.317, -0.828, -1.578, 1.151, 0.284, -0.828, 0.303, -5.424, -6.028, -6.000, -2.663, -3.910, -1.993, -2.818, -3.833, -4.089, -3.969, -2.741, -5.376, -6.170, -3.617, -4.606, -1.765, -4.536, -6.367, -3.250, -1.657, -2.382, -0.399, -0.195, 0.491, -0.412, 0.164, 1.264]
  f(x*) = 35064.190
Finished at lun aoû 12 21:40:24 CEST 2019
