Optimizing LPMC_MNL_Full_L with best algo at mer aoû 14 16:40:06 CEST 2019
Maximizing the problem using a Line Search ABS IOA with the Hybrid direction.
Epoch 0:
  xk = [0.000, 0.000, 0.000, 0.000, 0.000, 0.000, 0.000, 0.000, 0.000, 0.000, 0.000, 0.000, 0.000, 0.000, 0.000, 0.000, 0.000, 0.000, 0.000, 0.000, 0.000, 0.000, 0.000, 0.000, 0.000, 0.000, 0.000, 0.000, 0.000, 0.000, 0.000, 0.000, 0.000, 0.000, 0.000, 0.000, 0.000, 0.000, 0.000, 0.000, 0.000, 0.000, 0.000, 0.000, 0.000, 0.000, 0.000, 0.000, 0.000, 0.000, 0.000, 0.000, 0.000, 0.000, 0.000, 0.000, 0.000, 0.000, 0.000, 0.000, 0.000, 0.000, 0.000, 0.000, 0.000, 0.000, 0.000, 0.000, 0.000, 0.000, 0.000, 0.000, 0.000, 0.000, 0.000, 0.000, 0.000, 0.000, 0.000, 0.000, 0.000, 0.000, 0.000, 0.000, 0.000, 0.000, 0.000, 0.000, 0.000, 0.000, 0.000, 0.000, 0.000, 0.000, 0.000, 0.000, 0.000, 0.000, 0.000, 0.000]
  f(xk) = 1386.294
  ||gk|| = 3.048E+03
  stop_crit = 0.000E+00
  ||dir|| = 2.064E-01
  alpha = 1.000E+00

Epoch 0.012332585156500505:
  xk = [-0.015, 0.000, 0.014, -0.001, 0.007, -0.008, 0.007, -0.002, -0.001, 0.000, 0.006, -0.004, -0.001, 0.001, 0.001, 0.000, 0.002, 0.001, -0.000, 0.001, 0.001, -0.000, -0.000, -0.004, 0.006, -0.001, 0.012, -0.011, -0.047, -0.011, 0.008, 0.062, -0.008, 0.012, 0.033, 0.027, -0.008, 0.000, 0.003, 0.001, 0.001, 0.006, -0.118, 0.020, 0.121, -0.017, -0.010, 0.002, 0.058, -0.003, 0.001, 0.004, 0.000, -0.001, 0.001, -0.000, -0.000, 0.001, 0.000, -0.001, -0.000, 0.001, -0.002, 0.009, 0.003, -0.001, -0.002, 0.000, 0.000, -0.001, 0.000, -0.000, -0.000, -0.000, -0.000, 0.001, 0.000, 0.000, -0.000, 0.001, 0.000, 0.000, 0.002, 0.000, 0.002, -0.001, 0.000, 0.000, 0.000, 0.002, -0.004, -0.012, 0.002, -0.000, 0.001, -0.001, 0.004, 0.000, -0.002, 0.004]
  f(xk) = 1070.372
  ||gk|| = 1.166E+03
  stop_crit = 3.233E-02
  ||dir|| = 2.487E-01
  alpha = 1.000E+00
  Curr. impr.: 1.52E+01
  # times under thresh: 0

Epoch 0.02466517031300101:
  xk = [-0.024, 0.002, 0.024, -0.003, 0.011, -0.009, 0.018, -0.007, -0.005, 0.003, 0.008, -0.008, -0.002, 0.002, -0.000, -0.000, 0.002, 0.000, -0.001, 0.004, 0.004, -0.000, -0.002, -0.092, 0.011, -0.003, 0.020, -0.024, -0.050, -0.021, 0.040, 0.026, -0.025, 0.050, 0.174, 0.077, -0.016, 0.003, 0.004, -0.001, 0.005, 0.015, -0.183, 0.086, 0.226, -0.062, -0.042, 0.017, 0.109, -0.005, 0.003, 0.008, 0.001, -0.001, 0.002, 0.001, 0.003, 0.002, 0.001, -0.003, -0.001, 0.002, -0.003, 0.021, 0.005, -0.000, 0.000, -0.000, -0.003, -0.003, 0.000, -0.000, -0.000, -0.002, 0.000, 0.001, 0.001, -0.000, -0.002, 0.003, -0.000, 0.001, -0.002, 0.001, 0.003, -0.003, 0.001, 0.001, 0.000, 0.011, -0.023, -0.036, 0.003, -0.002, -0.004, -0.007, -0.002, 0.005, -0.002, 0.009]
  f(xk) = 943.130
  ||gk|| = 3.397E+02
  stop_crit = 2.530E-02
  ||dir|| = 1.072E+00
  alpha = 1.000E+00
  Curr. impr.: 9.89E+00
  # times under thresh: 0

Epoch 0.036997755469501514:
  xk = [-0.050, -0.050, -0.060, -0.088, -0.041, 0.048, 0.070, -0.034, -0.036, -0.009, -0.040, -0.046, 0.000, -0.046, -0.110, 0.001, 0.048, -0.035, -0.007, 0.050, 0.073, -0.008, -0.042, -0.201, 0.116, 0.055, -0.195, -0.074, 0.304, -0.051, 0.251, 0.296, 0.143, 0.386, 0.407, 0.461, -0.143, -0.022, 0.106, -0.080, 0.034, 0.037, -0.264, -0.004, 0.082, -0.144, -0.289, -0.147, -0.070, 0.006, 0.089, -0.072, -0.028, 0.012, 0.032, 0.014, -0.022, 0.033, -0.062, -0.037, -0.027, 0.101, 0.019, 0.034, 0.063, 0.003, 0.046, -0.033, -0.098, -0.014, 0.000, -0.001, 0.003, -0.094, -0.020, 0.013, -0.016, -0.010, -0.031, 0.053, -0.018, -0.012, -0.042, 0.015, 0.019, 0.015, -0.001, -0.004, 0.001, 0.050, -0.267, -0.235, -0.009, -0.034, -0.111, -0.150, -0.155, 0.045, -0.021, 0.094]
  f(xk) = 841.947
  ||gk|| = 3.074E+02
  stop_crit = 9.761E-02
  ||dir|| = 2.345E-01
  alpha = 1.000E+00
  Curr. impr.: 8.21E+00
  # times under thresh: 0

Epoch 0.04933034062600202:
  xk = [-0.050, -0.059, -0.054, -0.096, -0.044, 0.051, 0.085, -0.047, -0.032, -0.007, -0.051, -0.049, 0.001, -0.045, -0.118, 0.007, 0.043, -0.039, -0.006, 0.063, 0.084, -0.009, -0.049, -0.248, 0.118, 0.061, -0.199, -0.089, 0.310, 0.015, 0.267, 0.344, 0.176, 0.460, 0.517, 0.409, -0.159, -0.025, 0.112, -0.068, 0.038, 0.044, -0.234, 0.061, 0.129, -0.237, -0.261, -0.146, -0.067, 0.005, 0.098, -0.056, -0.030, 0.014, 0.035, 0.015, -0.020, 0.033, -0.074, -0.044, -0.030, 0.106, 0.028, 0.027, 0.072, 0.002, 0.058, -0.041, -0.112, -0.020, 0.001, -0.004, 0.000, -0.103, -0.022, 0.013, -0.016, -0.009, -0.033, 0.052, -0.020, -0.014, -0.046, 0.015, 0.019, 0.016, -0.002, -0.004, 0.002, 0.059, -0.295, -0.277, -0.008, -0.044, -0.123, -0.171, -0.175, 0.065, -0.019, 0.097]
  f(xk) = 805.430
  ||gk|| = 3.921E+02
  stop_crit = 1.197E-01
  ||dir|| = 6.657E-02
  alpha = 1.000E+00
  Curr. impr.: 5.72E+00
  # times under thresh: 0

Epoch 0.06166292578250253:
  xk = [-0.054, -0.063, -0.053, -0.095, -0.045, 0.050, 0.087, -0.047, -0.031, -0.008, -0.053, -0.050, 0.001, -0.048, -0.121, 0.007, 0.044, -0.041, -0.006, 0.063, 0.085, -0.009, -0.050, -0.246, 0.120, 0.064, -0.203, -0.090, 0.310, 0.014, 0.262, 0.376, 0.182, 0.471, 0.497, 0.420, -0.162, -0.028, 0.117, -0.069, 0.038, 0.045, -0.262, 0.027, 0.138, -0.235, -0.250, -0.128, -0.066, 0.003, 0.098, -0.056, -0.028, 0.015, 0.036, 0.015, -0.020, 0.034, -0.076, -0.045, -0.030, 0.107, 0.027, 0.027, 0.074, 0.002, 0.059, -0.043, -0.114, -0.020, 0.002, -0.004, 0.000, -0.101, -0.022, 0.013, -0.017, -0.008, -0.034, 0.053, -0.021, -0.014, -0.047, 0.014, 0.019, 0.017, -0.002, -0.004, 0.002, 0.059, -0.300, -0.280, -0.009, -0.046, -0.124, -0.176, -0.177, 0.067, -0.020, 0.095]
  f(xk) = 806.167
  ||gk|| = 4.242E+02
  stop_crit = 1.219E-01
  ||dir|| = 8.690E-02
  alpha = 1.000E+00
  Curr. impr.: 3.45E+00
  # times under thresh: 0

Epoch 0.07399551093900303:
  xk = [-0.057, -0.057, -0.057, -0.099, -0.043, 0.051, 0.089, -0.047, -0.032, -0.009, -0.052, -0.051, 0.001, -0.046, -0.121, 0.006, 0.045, -0.041, -0.006, 0.065, 0.088, -0.009, -0.052, -0.256, 0.120, 0.063, -0.202, -0.089, 0.316, 0.009, 0.297, 0.356, 0.204, 0.447, 0.523, 0.417, -0.166, -0.024, 0.116, -0.070, 0.041, 0.047, -0.277, 0.067, 0.122, -0.217, -0.260, -0.157, -0.047, 0.003, 0.100, -0.054, -0.031, 0.015, 0.036, 0.015, -0.020, 0.034, -0.077, -0.045, -0.030, 0.107, 0.028, 0.028, 0.076, 0.003, 0.060, -0.043, -0.117, -0.021, 0.002, -0.004, -0.000, -0.102, -0.023, 0.014, -0.017, -0.009, -0.035, 0.054, -0.020, -0.013, -0.048, 0.015, 0.018, 0.018, -0.002, -0.004, 0.002, 0.059, -0.307, -0.282, -0.010, -0.044, -0.127, -0.174, -0.182, 0.065, -0.021, 0.099]
  f(xk) = 823.494
  ||gk|| = 4.545E+02
  stop_crit = 1.388E-01
  ||dir|| = 6.083E-02
  alpha = 1.000E+00
  Curr. impr.: 1.74E+00
  # times under thresh: 0

Epoch 0.08632809609550353:
  xk = [-0.056, -0.062, -0.057, -0.098, -0.045, 0.050, 0.089, -0.048, -0.033, -0.011, -0.054, -0.050, 0.001, -0.050, -0.121, 0.005, 0.043, -0.041, -0.006, 0.066, 0.090, -0.009, -0.052, -0.251, 0.121, 0.063, -0.202, -0.086, 0.316, 0.015, 0.281, 0.384, 0.207, 0.463, 0.505, 0.416, -0.168, -0.025, 0.115, -0.068, 0.041, 0.047, -0.269, 0.030, 0.131, -0.215, -0.266, -0.144, -0.060, 0.003, 0.101, -0.055, -0.029, 0.015, 0.037, 0.015, -0.021, 0.034, -0.078, -0.045, -0.030, 0.107, 0.028, 0.028, 0.073, 0.003, 0.060, -0.045, -0.118, -0.021, 0.002, -0.004, -0.000, -0.103, -0.023, 0.013, -0.017, -0.009, -0.035, 0.055, -0.021, -0.014, -0.048, 0.015, 0.019, 0.018, -0.003, -0.004, 0.002, 0.059, -0.309, -0.285, -0.010, -0.047, -0.129, -0.178, -0.183, 0.067, -0.021, 0.100]
  f(xk) = 796.968
  ||gk|| = 1.382E+02
  stop_crit = 1.525E-02
  ||dir|| = 2.398E+00
  alpha = 3.521E-01
  Curr. impr.: 1.86E+00
  # times under thresh: 0

Epoch 0.09866068125200403:
  xk = [-0.086, -0.109, -0.108, -0.159, -0.087, 0.038, 0.068, -0.158, -0.042, 0.023, -0.063, -0.022, -0.006, -0.097, -0.244, 0.038, 0.033, -0.086, -0.017, 0.140, 0.177, -0.012, -0.183, -0.248, 0.150, 0.073, -0.270, -0.126, 0.475, 0.242, 0.463, 0.519, 0.573, 0.610, 0.647, 0.542, -0.310, 0.101, 0.073, 0.049, 0.135, 0.037, -0.312, -0.054, 0.093, -0.337, -0.303, -0.209, -0.084, 0.065, 0.220, -0.004, -0.110, 0.024, 0.037, 0.053, -0.024, 0.085, -0.069, -0.083, -0.015, 0.114, 0.024, 0.029, 0.019, -0.008, 0.125, -0.125, -0.290, -0.084, 0.002, 0.011, -0.000, -0.130, -0.054, 0.031, -0.041, 0.004, -0.087, 0.109, -0.118, -0.022, -0.100, 0.017, 0.014, 0.014, -0.027, -0.013, -0.000, 0.124, -0.553, -0.383, -0.039, -0.106, -0.254, -0.289, -0.234, 0.132, -0.071, 0.104]
  f(xk) = 793.679
  ||gk|| = 2.185E+02
  stop_crit = 4.379E-02
  ||dir|| = 2.164E+00
  alpha = 2.962E-01
  Curr. impr.: 1.40E+00
  # times under thresh: 0

Epoch 0.11099326640850453:
  xk = [-0.103, -0.134, -0.139, -0.211, -0.108, 0.025, 0.079, -0.164, -0.043, -0.103, -0.113, 0.003, -0.020, -0.199, -0.306, -0.024, -0.094, -0.119, 0.001, 0.174, 0.293, 0.025, -0.218, -0.245, 0.159, 0.107, -0.211, -0.084, 0.543, 0.314, 0.629, 0.619, 0.660, 0.744, 0.748, 0.645, -0.463, 0.109, 0.199, 0.009, 0.252, -0.030, -0.320, -0.076, 0.083, -0.322, -0.313, -0.213, -0.119, 0.108, 0.309, 0.004, -0.048, 0.032, 0.078, 0.058, -0.049, 0.077, -0.101, -0.121, -0.029, 0.069, 0.026, -0.053, 0.022, -0.015, 0.249, -0.170, -0.280, -0.177, 0.015, 0.020, -0.016, -0.071, -0.078, 0.034, -0.055, -0.042, -0.106, 0.157, -0.182, -0.061, -0.133, 0.050, -0.006, 0.005, -0.043, -0.012, -0.001, 0.196, -0.706, -0.452, -0.112, -0.173, -0.356, -0.487, -0.271, 0.060, -0.055, 0.119]
  f(xk) = 757.971
  ||gk|| = 2.232E+02
  stop_crit = 5.671E-02
  ||dir|| = 4.479E-02
  alpha = 1.000E+00
  Curr. impr.: 1.81E+00
  # times under thresh: 0

Epoch 0.12332585156500503:
  xk = [-0.104, -0.136, -0.143, -0.213, -0.106, 0.027, 0.079, -0.166, -0.042, -0.102, -0.110, 0.003, -0.021, -0.197, -0.307, -0.025, -0.093, -0.119, 0.001, 0.177, 0.294, 0.024, -0.220, -0.248, 0.158, 0.107, -0.205, -0.084, 0.544, 0.313, 0.636, 0.622, 0.656, 0.741, 0.745, 0.659, -0.465, 0.106, 0.201, 0.008, 0.252, -0.031, -0.323, -0.070, 0.054, -0.336, -0.312, -0.220, -0.099, 0.109, 0.310, 0.003, -0.047, 0.033, 0.078, 0.058, -0.048, 0.077, -0.103, -0.122, -0.029, 0.069, 0.026, -0.055, 0.026, -0.016, 0.251, -0.171, -0.282, -0.179, 0.015, 0.021, -0.016, -0.072, -0.079, 0.034, -0.056, -0.042, -0.107, 0.157, -0.183, -0.061, -0.134, 0.050, -0.007, 0.004, -0.044, -0.012, -0.001, 0.197, -0.709, -0.452, -0.113, -0.175, -0.359, -0.489, -0.275, 0.060, -0.055, 0.120]
  f(xk) = 755.957
  ||gk|| = 2.575E+02
  stop_crit = 1.441E-01
  ||dir|| = 7.996E-02
  alpha = 2.346E-01
  Curr. impr.: 3.23E+00
  # times under thresh: 0

Epoch 0.13565843672150554:
  xk = [-0.105, -0.135, -0.143, -0.213, -0.107, 0.026, 0.078, -0.166, -0.043, -0.103, -0.111, 0.003, -0.021, -0.197, -0.307, -0.026, -0.094, -0.118, 0.001, 0.177, 0.294, 0.024, -0.221, -0.248, 0.157, 0.106, -0.205, -0.084, 0.542, 0.313, 0.644, 0.619, 0.657, 0.736, 0.752, 0.658, -0.466, 0.107, 0.201, 0.008, 0.253, -0.031, -0.330, -0.067, 0.061, -0.333, -0.314, -0.216, -0.105, 0.109, 0.310, 0.004, -0.047, 0.032, 0.078, 0.058, -0.048, 0.077, -0.103, -0.122, -0.029, 0.069, 0.026, -0.054, 0.025, -0.016, 0.251, -0.172, -0.282, -0.179, 0.015, 0.021, -0.016, -0.073, -0.079, 0.034, -0.056, -0.042, -0.107, 0.157, -0.184, -0.061, -0.133, 0.050, -0.007, 0.004, -0.044, -0.012, -0.001, 0.197, -0.710, -0.453, -0.114, -0.175, -0.359, -0.489, -0.274, 0.061, -0.055, 0.120]
  f(xk) = 782.857
  ||gk|| = 1.047E+02
  stop_crit = 5.249E-02
  ||dir|| = 3.308E+00
  alpha = 1.000E+00
  Curr. impr.: 1.29E+00
  # times under thresh: 0

Epoch 0.14799102187800606:
  xk = [-0.195, -0.280, -0.173, -0.605, -0.397, 0.371, -0.146, -0.508, -0.062, 0.219, -0.404, 0.316, -0.084, -0.169, -0.297, -0.085, -0.373, -0.346, 0.050, 1.190, 0.479, 0.038, -0.891, -0.177, -0.419, 0.174, -0.186, -0.201, 1.034, 1.049, 1.312, 1.210, 1.378, 1.310, 1.240, 1.268, -0.466, 0.257, 0.159, 0.050, 0.208, 0.239, -0.498, -0.241, -0.074, -0.437, -0.519, -0.347, -0.190, -0.266, 0.274, 0.480, 0.209, 0.189, 0.436, 0.515, -0.161, 0.364, -0.444, -0.229, -0.050, -0.380, 0.566, -0.011, 0.243, 0.162, 0.565, -0.238, -0.813, -0.402, 0.005, 0.410, -0.110, -0.060, -0.338, 0.035, -0.128, 0.028, -0.398, 0.396, -0.387, -0.269, -0.421, 0.161, -0.258, -0.085, -0.170, -0.029, -0.006, 0.441, -1.509, -0.835, -0.724, -0.591, -0.869, -1.021, -0.458, 0.451, 0.013, 0.080]
  f(xk) = 727.931
  ||gk|| = 2.447E+02
  stop_crit = 1.435E-01
  ||dir|| = 1.398E-01
  alpha = 1.000E+00
  Curr. impr.: 1.91E+00
  # times under thresh: 0

Epoch 0.16032360703450657:
  xk = [-0.194, -0.272, -0.164, -0.605, -0.406, 0.377, -0.139, -0.509, -0.062, 0.222, -0.411, 0.311, -0.085, -0.170, -0.296, -0.075, -0.371, -0.348, 0.049, 1.193, 0.489, 0.040, -0.892, -0.183, -0.403, 0.176, -0.193, -0.203, 1.063, 1.054, 1.301, 1.194, 1.325, 1.336, 1.265, 1.323, -0.472, 0.262, 0.157, 0.035, 0.211, 0.240, -0.477, -0.213, -0.018, -0.424, -0.522, -0.308, -0.240, -0.261, 0.284, 0.473, 0.216, 0.191, 0.437, 0.515, -0.154, 0.364, -0.448, -0.231, -0.051, -0.368, 0.563, -0.005, 0.237, 0.164, 0.573, -0.241, -0.813, -0.403, 0.005, 0.405, -0.110, -0.048, -0.340, 0.033, -0.129, 0.029, -0.401, 0.394, -0.390, -0.269, -0.428, 0.161, -0.256, -0.088, -0.171, -0.029, -0.006, 0.451, -1.514, -0.845, -0.730, -0.596, -0.876, -1.012, -0.451, 0.443, 0.011, 0.080]
  f(xk) = 739.215
  ||gk|| = 2.304E+02
  stop_crit = 1.388E-01
  ||dir|| = 1.629E-01
  alpha = 1.000E+00
  Curr. impr.: 1.17E+00
  # times under thresh: 0

Epoch 0.17265619219100709:
  xk = [-0.196, -0.268, -0.157, -0.618, -0.402, 0.380, -0.138, -0.506, -0.059, 0.211, -0.403, 0.311, -0.083, -0.176, -0.297, -0.077, -0.364, -0.348, 0.047, 1.195, 0.488, 0.041, -0.894, -0.217, -0.400, 0.177, -0.182, -0.195, 1.105, 1.030, 1.252, 1.129, 1.326, 1.380, 1.292, 1.354, -0.473, 0.272, 0.155, 0.034, 0.203, 0.239, -0.481, -0.244, 0.007, -0.372, -0.504, -0.375, -0.209, -0.262, 0.290, 0.455, 0.222, 0.193, 0.435, 0.515, -0.153, 0.365, -0.460, -0.231, -0.052, -0.360, 0.561, -0.002, 0.230, 0.168, 0.571, -0.242, -0.811, -0.406, 0.005, 0.400, -0.110, -0.045, -0.345, 0.034, -0.129, 0.030, -0.406, 0.394, -0.391, -0.270, -0.436, 0.160, -0.256, -0.087, -0.171, -0.030, -0.006, 0.458, -1.518, -0.846, -0.734, -0.597, -0.882, -0.996, -0.447, 0.429, 0.012, 0.078]
  f(xk) = 720.251
  ||gk|| = 2.786E+02
  stop_crit = 2.266E-01
  ||dir|| = 1.341E-01
  alpha = 1.000E+00
  Curr. impr.: 1.39E+00
  # times under thresh: 0

Epoch 0.1849887773475076:
  xk = [-0.201, -0.265, -0.161, -0.616, -0.405, 0.376, -0.142, -0.505, -0.057, 0.211, -0.406, 0.311, -0.085, -0.175, -0.290, -0.077, -0.362, -0.350, 0.046, 1.194, 0.494, 0.040, -0.893, -0.253, -0.394, 0.182, -0.204, -0.187, 1.114, 1.015, 1.303, 1.171, 1.332, 1.334, 1.242, 1.359, -0.476, 0.275, 0.149, 0.037, 0.203, 0.232, -0.524, -0.233, -0.033, -0.353, -0.481, -0.353, -0.237, -0.261, 0.298, 0.449, 0.226, 0.194, 0.436, 0.516, -0.153, 0.366, -0.465, -0.233, -0.052, -0.347, 0.561, -0.009, 0.220, 0.168, 0.568, -0.242, -0.808, -0.409, 0.005, 0.400, -0.109, -0.044, -0.347, 0.033, -0.130, 0.030, -0.407, 0.392, -0.393, -0.268, -0.438, 0.159, -0.256, -0.086, -0.173, -0.030, -0.006, 0.458, -1.521, -0.846, -0.740, -0.598, -0.886, -0.992, -0.445, 0.432, 0.009, 0.073]
  f(xk) = 771.311
  ||gk|| = 4.067E+02
  stop_crit = 2.927E-01
  ||dir|| = 3.033E-02
  alpha = 1.000E+00
  Curr. impr.: 2.08E-02
  # times under thresh: 1

Epoch 0.1973213625040081:
  xk = [-0.202, -0.266, -0.162, -0.614, -0.404, 0.376, -0.143, -0.506, -0.057, 0.211, -0.405, 0.311, -0.085, -0.175, -0.290, -0.077, -0.361, -0.350, 0.046, 1.194, 0.494, 0.040, -0.893, -0.251, -0.395, 0.182, -0.202, -0.186, 1.114, 1.014, 1.302, 1.160, 1.330, 1.334, 1.256, 1.362, -0.477, 0.274, 0.150, 0.038, 0.203, 0.231, -0.527, -0.237, -0.043, -0.357, -0.483, -0.336, -0.225, -0.261, 0.298, 0.447, 0.227, 0.194, 0.436, 0.516, -0.153, 0.366, -0.465, -0.233, -0.052, -0.346, 0.561, -0.010, 0.221, 0.169, 0.568, -0.242, -0.808, -0.410, 0.005, 0.400, -0.109, -0.043, -0.347, 0.033, -0.130, 0.030, -0.407, 0.392, -0.393, -0.268, -0.439, 0.159, -0.256, -0.086, -0.173, -0.030, -0.006, 0.459, -1.521, -0.847, -0.740, -0.598, -0.886, -0.992, -0.446, 0.433, 0.009, 0.072]
  f(xk) = 739.632
  ||gk|| = 6.059E+02
  stop_crit = 3.865E-01
  ||dir|| = 4.393E-02
  alpha = 1.000E+00
  Curr. impr.: 6.58E-01
  # times under thresh: 2
  -> New batch size of 2000 samples

Epoch 0.2219865328170091:
  xk = [-0.202, -0.267, -0.160, -0.617, -0.402, 0.376, -0.142, -0.506, -0.057, 0.210, -0.403, 0.311, -0.085, -0.175, -0.290, -0.077, -0.360, -0.350, 0.046, 1.194, 0.494, 0.040, -0.893, -0.251, -0.394, 0.182, -0.200, -0.184, 1.114, 1.013, 1.306, 1.177, 1.326, 1.329, 1.239, 1.369, -0.477, 0.274, 0.151, 0.038, 0.203, 0.232, -0.527, -0.233, -0.023, -0.364, -0.485, -0.359, -0.210, -0.261, 0.298, 0.447, 0.227, 0.194, 0.436, 0.516, -0.153, 0.366, -0.465, -0.233, -0.052, -0.345, 0.561, -0.009, 0.221, 0.169, 0.568, -0.242, -0.807, -0.410, 0.005, 0.400, -0.109, -0.043, -0.347, 0.033, -0.130, 0.030, -0.407, 0.392, -0.393, -0.268, -0.438, 0.159, -0.255, -0.086, -0.173, -0.030, -0.006, 0.458, -1.521, -0.847, -0.740, -0.599, -0.886, -0.991, -0.444, 0.430, 0.009, 0.073]
  f(xk) = 1491.858
  ||gk|| = 1.049E+03
  stop_crit = 4.843E-01
  ||dir|| = 3.498E-02
  alpha = 1.000E+00
  Curr. impr.: 3.07E-01
  # times under thresh: 1

Epoch 0.2466517031300101:
  xk = [-0.202, -0.267, -0.162, -0.615, -0.401, 0.376, -0.142, -0.506, -0.057, 0.211, -0.402, 0.311, -0.085, -0.175, -0.290, -0.077, -0.359, -0.349, 0.046, 1.194, 0.494, 0.040, -0.893, -0.250, -0.394, 0.182, -0.199, -0.183, 1.112, 1.013, 1.302, 1.161, 1.327, 1.331, 1.258, 1.368, -0.477, 0.274, 0.151, 0.039, 0.202, 0.231, -0.528, -0.236, -0.038, -0.364, -0.486, -0.343, -0.205, -0.261, 0.298, 0.446, 0.228, 0.194, 0.436, 0.516, -0.153, 0.366, -0.465, -0.234, -0.052, -0.344, 0.561, -0.011, 0.221, 0.169, 0.568, -0.242, -0.808, -0.410, 0.005, 0.400, -0.109, -0.042, -0.347, 0.033, -0.130, 0.030, -0.407, 0.392, -0.393, -0.268, -0.439, 0.159, -0.256, -0.086, -0.173, -0.030, -0.006, 0.459, -1.521, -0.847, -0.740, -0.599, -0.887, -0.991, -0.445, 0.431, 0.009, 0.073]
  f(xk) = 1469.069
  ||gk|| = 4.337E+02
  stop_crit = 1.552E-01
  ||dir|| = 4.963E-02
  alpha = 1.000E+00
  Curr. impr.: 4.61E-01
  # times under thresh: 2
  -> New batch size of 4000 samples

Epoch 0.2959820437560121:
  xk = [-0.201, -0.270, -0.161, -0.614, -0.400, 0.376, -0.139, -0.508, -0.057, 0.210, -0.400, 0.312, -0.086, -0.177, -0.290, -0.077, -0.358, -0.349, 0.045, 1.194, 0.495, 0.040, -0.892, -0.249, -0.391, 0.182, -0.199, -0.180, 1.111, 1.015, 1.284, 1.178, 1.321, 1.350, 1.244, 1.375, -0.478, 0.273, 0.154, 0.038, 0.202, 0.232, -0.522, -0.256, -0.032, -0.373, -0.485, -0.325, -0.191, -0.259, 0.298, 0.446, 0.226, 0.194, 0.436, 0.516, -0.152, 0.366, -0.465, -0.234, -0.053, -0.342, 0.561, -0.013, 0.221, 0.169, 0.568, -0.243, -0.807, -0.411, 0.005, 0.399, -0.109, -0.041, -0.348, 0.034, -0.130, 0.031, -0.408, 0.393, -0.393, -0.269, -0.440, 0.159, -0.255, -0.087, -0.173, -0.030, -0.006, 0.460, -1.523, -0.848, -0.741, -0.600, -0.888, -0.992, -0.445, 0.431, 0.009, 0.073]
  f(xk) = 2970.386
  ||gk|| = 7.273E+02
  stop_crit = 1.169E-01
  ||dir|| = 3.959E-02
  alpha = 1.000E+00
  Curr. impr.: 1.21E-01
  # times under thresh: 1

Epoch 0.3453123843820141:
  xk = [-0.201, -0.267, -0.161, -0.617, -0.401, 0.375, -0.138, -0.507, -0.057, 0.209, -0.401, 0.312, -0.086, -0.175, -0.290, -0.077, -0.357, -0.349, 0.045, 1.194, 0.496, 0.040, -0.892, -0.250, -0.390, 0.182, -0.202, -0.177, 1.109, 1.015, 1.296, 1.169, 1.327, 1.337, 1.257, 1.368, -0.479, 0.275, 0.152, 0.038, 0.202, 0.231, -0.524, -0.238, -0.034, -0.367, -0.483, -0.344, -0.196, -0.258, 0.301, 0.444, 0.225, 0.195, 0.437, 0.515, -0.152, 0.365, -0.466, -0.235, -0.053, -0.341, 0.560, -0.015, 0.220, 0.169, 0.568, -0.243, -0.806, -0.411, 0.005, 0.398, -0.109, -0.040, -0.348, 0.033, -0.130, 0.031, -0.408, 0.392, -0.393, -0.268, -0.441, 0.159, -0.255, -0.087, -0.173, -0.030, -0.006, 0.460, -1.523, -0.848, -0.741, -0.600, -0.890, -0.989, -0.445, 0.427, 0.009, 0.075]
  f(xk) = 2864.303
  ||gk|| = 5.354E+02
  stop_crit = 5.962E-02
  ||dir|| = 3.226E-02
  alpha = 1.000E+00
  Curr. impr.: 7.33E-01
  # times under thresh: 2
  -> New batch size of 8000 samples

Epoch 0.44397306563401817:
  xk = [-0.203, -0.267, -0.159, -0.619, -0.399, 0.373, -0.137, -0.508, -0.058, 0.206, -0.400, 0.313, -0.088, -0.175, -0.290, -0.077, -0.357, -0.348, 0.045, 1.195, 0.497, 0.040, -0.891, -0.252, -0.391, 0.182, -0.199, -0.173, 1.104, 1.018, 1.287, 1.166, 1.325, 1.342, 1.269, 1.368, -0.481, 0.276, 0.151, 0.037, 0.201, 0.229, -0.532, -0.236, -0.019, -0.370, -0.487, -0.355, -0.184, -0.257, 0.301, 0.440, 0.226, 0.195, 0.437, 0.515, -0.150, 0.365, -0.466, -0.235, -0.054, -0.339, 0.560, -0.014, 0.219, 0.170, 0.568, -0.244, -0.804, -0.412, 0.005, 0.398, -0.110, -0.038, -0.350, 0.033, -0.130, 0.030, -0.408, 0.391, -0.393, -0.268, -0.442, 0.158, -0.255, -0.087, -0.174, -0.030, -0.006, 0.462, -1.524, -0.849, -0.743, -0.601, -0.891, -0.987, -0.443, 0.423, 0.008, 0.077]
  f(xk) = 5815.791
  ||gk|| = 8.446E+02
  stop_crit = 7.026E-02
  ||dir|| = 3.638E-02
  alpha = 1.000E+00
  Curr. impr.: 3.71E-01
  # times under thresh: 1

Epoch 0.5426337468860222:
  xk = [-0.201, -0.268, -0.162, -0.621, -0.401, 0.375, -0.136, -0.509, -0.057, 0.205, -0.401, 0.313, -0.088, -0.175, -0.291, -0.077, -0.356, -0.348, 0.045, 1.195, 0.499, 0.040, -0.891, -0.249, -0.389, 0.184, -0.205, -0.169, 1.110, 1.019, 1.287, 1.170, 1.329, 1.340, 1.259, 1.363, -0.482, 0.276, 0.150, 0.037, 0.201, 0.226, -0.517, -0.238, -0.040, -0.369, -0.482, -0.363, -0.198, -0.255, 0.304, 0.437, 0.224, 0.195, 0.437, 0.515, -0.149, 0.365, -0.467, -0.236, -0.054, -0.336, 0.560, -0.017, 0.217, 0.170, 0.569, -0.244, -0.803, -0.412, 0.005, 0.397, -0.110, -0.036, -0.350, 0.033, -0.130, 0.030, -0.409, 0.391, -0.394, -0.268, -0.443, 0.158, -0.255, -0.087, -0.174, -0.030, -0.006, 0.462, -1.524, -0.849, -0.744, -0.603, -0.893, -0.985, -0.443, 0.420, 0.008, 0.078]
  f(xk) = 5793.655
  ||gk|| = 5.618E+02
  stop_crit = 3.347E-02
  ||dir|| = 3.987E+00
  alpha = 3.474E-01
  Curr. impr.: 3.03E-01
  # times under thresh: 2
  -> New batch size of 16000 samples

Epoch 0.7399551093900303:
  xk = [-0.233, -0.253, -0.144, -0.800, -0.474, 0.444, 0.081, -0.693, -0.086, -0.017, -0.453, 0.265, -0.091, -0.263, -0.352, -0.179, -0.229, -0.404, 0.004, 1.200, 0.829, 0.119, -0.781, -0.210, -0.334, 0.230, -0.176, 0.438, 1.206, 1.045, 1.258, 1.280, 1.349, 1.295, 1.354, 1.361, -0.713, 0.247, 0.223, 0.029, 0.175, 0.095, -0.548, -0.246, -0.062, -0.366, -0.469, -0.334, -0.203, 0.071, 0.450, 0.359, 0.221, 0.292, 0.330, 0.554, 0.053, 0.222, -0.563, -0.351, -0.046, -0.042, 0.478, 0.046, 0.050, 0.212, 0.726, -0.270, -0.673, -0.587, 0.046, 0.291, -0.067, 0.076, -0.501, -0.002, -0.162, 0.047, -0.553, 0.344, -0.431, -0.315, -0.646, 0.095, -0.338, -0.151, -0.319, -0.046, -0.020, 0.590, -1.675, -0.960, -1.048, -0.935, -1.277, -0.733, -0.443, 0.329, 0.012, 0.163]
  f(xk) = 11164.602
  ||gk|| = 1.049E+03
  stop_crit = 3.567E-02
  ||dir|| = 7.464E-02
  alpha = 1.000E+00
  Curr. impr.: 9.50E-01
  # times under thresh: 1

Epoch 0.9372764718940384:
  xk = [-0.235, -0.255, -0.141, -0.808, -0.476, 0.438, 0.089, -0.700, -0.084, -0.021, -0.455, 0.268, -0.094, -0.258, -0.355, -0.177, -0.226, -0.405, 0.003, 1.206, 0.836, 0.120, -0.782, -0.205, -0.326, 0.233, -0.191, 0.460, 1.179, 1.056, 1.250, 1.288, 1.343, 1.302, 1.367, 1.365, -0.717, 0.249, 0.222, 0.035, 0.172, 0.088, -0.552, -0.235, -0.068, -0.393, -0.444, -0.346, -0.211, 0.075, 0.456, 0.347, 0.223, 0.292, 0.335, 0.554, 0.054, 0.222, -0.564, -0.354, -0.047, -0.034, 0.476, 0.027, 0.050, 0.215, 0.725, -0.276, -0.669, -0.591, 0.048, 0.285, -0.068, 0.082, -0.505, -0.003, -0.163, 0.046, -0.558, 0.343, -0.434, -0.316, -0.653, 0.094, -0.339, -0.153, -0.322, -0.047, -0.020, 0.595, -1.683, -0.960, -1.054, -0.942, -1.286, -0.730, -0.436, 0.321, 0.009, 0.165]
  f(xk) = 11289.657
  ||gk|| = 9.398E+02
  stop_crit = 2.401E-02
  ||dir|| = 2.318E+00
  alpha = 1.857E-01
  Curr. impr.: 6.60E-01
  # times under thresh: 2
  -> New batch size of 32000 samples
  Change from Newton step to BFGS!

Epoch 1.3319191969020545:
  xk = [-0.251, -0.254, -0.129, -0.881, -0.497, 0.445, 0.136, -0.752, -0.089, -0.069, -0.455, 0.280, -0.122, -0.244, -0.357, -0.159, -0.196, -0.410, -0.011, 1.248, 0.922, 0.125, -0.778, -0.204, -0.270, 0.266, -0.188, 0.725, 1.196, 1.092, 1.237, 1.302, 1.368, 1.281, 1.377, 1.376, -0.745, 0.269, 0.212, 0.045, 0.136, 0.011, -0.559, -0.237, -0.070, -0.394, -0.459, -0.328, -0.213, 0.097, 0.471, 0.315, 0.242, 0.309, 0.356, 0.536, 0.064, 0.205, -0.587, -0.396, -0.070, 0.011, 0.450, -0.000, 0.050, 0.243, 0.731, -0.323, -0.650, -0.635, 0.053, 0.261, -0.070, 0.121, -0.553, -0.024, -0.186, 0.055, -0.600, 0.301, -0.463, -0.318, -0.723, 0.075, -0.351, -0.170, -0.368, -0.053, -0.022, 0.633, -1.760, -0.985, -1.143, -1.024, -1.377, -0.722, -0.367, 0.268, -0.019, 0.195]
  f(xk) = 22251.775
  ||gk|| = 1.449E+03
  stop_crit = 2.704E-02
  ||dir|| = 6.692E+01
  alpha = 1.157E-01
  Curr. impr.: 8.85E-01
  # times under thresh: 1

Epoch 1.7265619219100707:
  xk = [-2.096, -3.187, -2.490, -4.671, -3.621, 0.589, 0.206, -0.971, -0.251, -0.122, -0.529, 0.169, -0.166, -0.262, -0.389, -0.150, -0.202, -0.395, 0.063, 1.337, 1.101, 0.359, -0.691, -0.184, -0.201, 0.494, -0.200, 0.649, 0.722, 0.796, 0.872, 0.832, 1.024, 0.898, 0.882, 1.001, -0.772, 0.291, 0.218, 0.061, 0.037, -0.024, -0.278, 0.221, 0.323, 0.095, -0.059, 0.266, 0.306, 0.137, 0.515, 0.339, 0.247, 0.413, 0.416, 0.558, 0.161, 0.094, -0.606, -0.533, -0.082, 0.100, 0.476, -0.089, 0.105, 0.554, 0.735, -0.518, -0.678, -0.773, 0.149, 0.289, -0.139, 0.132, -1.517, -1.470, -1.325, -0.379, -1.239, -0.131, -0.886, -1.016, -1.419, -0.565, -0.985, -1.337, -1.336, -1.178, -1.538, 0.144, -2.380, -2.063, -1.563, -1.087, -1.553, -0.649, -0.333, 0.288, -0.082, 0.195]
  f(xk) = 21706.925
  ||gk|| = 1.922E+03
  stop_crit = 2.795E-02
  ||dir|| = 6.102E+01
  alpha = 2.988E-01
  Curr. impr.: 1.13E+00
  # times under thresh: 0

Epoch 2.1212046469180867:
  xk = [-7.919, -10.136, -8.142, -13.639, -11.140, 0.418, 0.386, -1.320, -0.514, -0.192, -0.720, 0.603, -0.336, -0.335, -0.460, -0.092, -0.117, -0.319, -0.519, 1.473, 1.576, 0.643, -0.554, -0.144, -0.275, 0.576, -0.214, -1.319, -0.451, -0.251, 0.101, -0.292, 0.096, 0.084, -0.291, 0.048, -0.841, 0.338, 0.254, 0.115, -0.187, -0.117, 0.680, 1.304, 1.270, 1.255, 0.907, 1.663, 1.576, 0.211, 0.652, 0.369, 0.243, 0.658, 0.468, 0.581, 0.339, -0.065, -0.695, -0.906, -0.219, 0.216, 0.446, -0.262, 0.137, 1.268, 0.784, -0.920, -0.705, -1.143, 0.484, 0.265, -0.167, 0.262, -3.659, -4.249, -4.610, -1.375, -2.225, -1.165, -1.755, -2.167, -2.614, -1.987, -1.354, -2.738, -3.784, -3.597, -3.341, -0.742, -3.495, -4.399, -2.647, -1.300, -1.977, -0.497, -0.253, 0.426, -0.329, 0.165]
  f(xk) = 21285.440
  ||gk|| = 2.875E+03
  stop_crit = 1.572E-01
  ||dir|| = 1.454E+01
  alpha = 1.000E+00
  Curr. impr.: 1.33E+00
  # times under thresh: 0

Epoch 2.5158473719261027:
  xk = [-12.255, -14.912, -13.005, -20.851, -17.396, 1.023, 0.294, -1.412, -0.848, -0.241, -0.828, 0.774, -0.698, -0.502, -0.566, -0.099, -0.139, -0.428, -1.046, 1.520, 1.955, 0.375, -0.492, -0.136, -0.692, 0.649, -0.283, -1.122, -0.973, -1.070, -0.677, -0.799, -0.661, -0.785, -0.854, -0.822, -0.728, 0.524, 0.295, 0.115, -0.271, -0.037, 1.282, 2.090, 2.064, 2.007, 1.750, 2.756, 2.572, 0.068, 0.670, 0.086, -0.002, 0.847, 0.447, 0.767, 0.255, -0.156, -0.959, -0.809, -0.068, 0.247, 0.462, -0.317, -0.017, 0.752, 0.932, -1.495, -0.524, -1.281, -0.621, 0.084, -0.118, 0.402, -5.300, -5.136, -5.740, -1.836, -3.230, -1.743, -2.425, -4.028, -3.795, -4.539, -1.169, -5.201, -6.169, -4.907, -5.685, -1.057, -5.415, -5.170, -2.909, -1.790, -2.281, -0.361, -0.269, 0.596, -0.591, 0.184]
  f(xk) = 21029.248
  ||gk|| = 4.068E+03
  stop_crit = 3.492E-01
  ||dir|| = 8.568E+00
  alpha = 2.035E-01
  Curr. impr.: 1.34E+00
  # times under thresh: 0

Epoch 2.9104900969341188:
  xk = [-12.103, -15.365, -13.020, -21.286, -17.789, 1.033, 0.344, -1.546, -0.616, -0.287, -0.853, 0.551, -0.576, -0.557, -0.504, -0.129, -0.198, -0.421, -0.961, 1.539, 1.999, 0.561, -0.484, -0.133, -0.523, 0.678, -0.277, -0.982, -1.060, -1.022, -0.759, -0.889, -0.701, -0.854, -0.950, -0.841, -0.746, 0.514, 0.301, 0.115, -0.294, -0.033, 1.246, 2.154, 2.057, 2.086, 1.709, 2.817, 2.630, 0.107, 0.674, 0.139, 0.017, 0.698, 0.518, 0.963, 0.307, -0.181, -0.854, -0.953, -0.074, 0.325, 0.429, -0.339, 0.051, 1.009, 0.876, -1.400, -0.628, -1.372, -0.074, 0.146, -0.187, 0.397, -5.445, -5.693, -5.959, -2.126, -3.344, -1.913, -2.596, -4.014, -3.901, -4.567, -1.747, -5.049, -6.253, -4.809, -5.105, -1.205, -5.667, -5.701, -2.943, -1.842, -2.295, -0.365, -0.226, 0.591, -0.517, 0.196]
  f(xk) = 20848.462
  ||gk|| = 2.036E+03
  stop_crit = 1.754E-01
  ||dir|| = 7.764E+00
  alpha = 4.228E-01
  Curr. impr.: 1.31E+00
  # times under thresh: 0

Epoch 3.3051328219421348:
  xk = [-12.620, -16.383, -13.525, -22.332, -18.688, 0.861, 0.433, -1.459, -0.813, -0.366, -0.845, 0.267, -0.339, -0.486, -0.452, -0.215, -0.227, -0.471, -0.746, 1.577, 2.063, 0.740, -0.468, -0.132, -0.195, 1.021, -0.228, -1.043, -1.252, -0.872, -0.640, -1.079, -0.611, -0.710, -1.117, -0.728, -0.751, 0.480, 0.291, 0.133, -0.402, -0.065, 1.346, 2.291, 2.136, 2.235, 1.800, 2.964, 2.756, 0.244, 0.741, 0.251, 0.145, 0.625, 0.672, 1.103, 0.366, -0.207, -0.682, -1.215, -0.128, 0.399, 0.558, -0.392, 0.250, 1.725, 0.688, -1.379, -0.844, -1.533, -0.225, 0.235, -0.387, 0.443, -5.508, -6.338, -5.626, -2.707, -3.681, -2.251, -2.957, -4.277, -3.823, -4.446, -2.788, -5.200, -6.276, -4.957, -3.717, -1.766, -5.050, -6.271, -2.714, -1.648, -2.303, -0.365, -0.206, 0.638, -0.494, 0.186]
  f(xk) = 20772.865
  ||gk|| = 1.072E+03
  stop_crit = 9.731E-02
  ||dir|| = 5.486E+00
  alpha = 6.442E-01
  Curr. impr.: 1.14E+00
  # times under thresh: 0

Epoch 3.6997755469501508:
  xk = [-13.679, -17.018, -13.783, -23.043, -19.400, 0.806, 0.480, -2.044, -0.912, -0.371, -0.828, 0.013, -0.313, -0.405, -0.506, -0.089, -0.212, -0.415, -0.496, 1.645, 2.006, 0.872, -0.433, -0.129, -0.284, 0.746, -0.325, -0.972, -1.529, -0.905, -0.627, -1.271, -0.562, -0.656, -1.357, -0.663, -0.766, 0.495, 0.325, 0.200, -0.363, -0.177, 1.532, 2.353, 2.181, 2.376, 1.846, 3.064, 2.872, 0.323, 0.819, 0.363, 0.187, 0.877, 0.735, 0.740, 0.620, -0.360, -0.646, -1.430, -0.254, 0.336, 0.723, -0.458, 0.243, 0.862, 0.648, -1.141, -0.966, -1.684, 1.121, 0.415, -0.515, 0.395, -5.538, -5.955, -5.489, -2.853, -3.854, -2.411, -2.468, -3.567, -4.419, -3.323, -2.809, -4.883, -5.973, -4.109, -4.932, -1.471, -4.796, -7.005, -3.007, -1.436, -2.212, -0.378, -0.120, 0.619, -0.594, 0.237]
  f(xk) = 20883.674
  ||gk|| = 1.338E+03
  stop_crit = 7.848E-02
  ||dir|| = 6.006E+00
  alpha = 1.000E+00
  Curr. impr.: 8.81E-01
  # times under thresh: 1

Epoch 4.094418271958167:
  xk = [-12.794, -17.033, -14.346, -23.194, -19.136, 0.817, 0.365, -1.868, -1.106, -0.466, -0.759, 0.325, -0.407, -0.513, -0.602, 0.091, -0.267, -0.018, -0.841, 1.686, 1.708, 1.264, -0.307, -0.118, -0.365, 0.979, -0.260, -0.840, -1.630, -0.852, -0.583, -1.427, -0.488, -0.651, -1.511, -0.653, -1.186, 0.389, 0.261, 0.127, -0.347, -0.076, 1.429, 2.444, 2.270, 2.415, 1.963, 3.103, 2.842, 0.340, 0.797, 0.429, 0.472, 0.756, 0.600, 0.012, 0.262, -0.259, -0.699, -1.554, -0.571, 0.289, 0.323, -0.470, 0.224, 1.767, 0.787, -1.357, -0.849, -1.467, 1.127, 0.252, -0.543, 0.334, -5.258, -6.824, -7.870, -2.616, -3.767, -1.887, -2.507, -4.142, -4.216, -3.977, -2.833, -6.098, -6.340, -3.567, -0.340, -1.856, -4.584, -7.486, -2.987, -2.042, -2.633, -0.512, -0.116, 0.577, -0.572, 0.158]
  f(xk) = 21145.716
  ||gk|| = 2.391E+03
  stop_crit = 1.410E-01
  ||dir|| = 7.298E+00
  alpha = 1.000E+00
  Curr. impr.: 4.62E-01
  # times under thresh: 2
  -> New batch size of 64000 samples

Epoch 4.883703721974199:
  xk = [-11.488, -16.685, -12.090, -21.647, -17.600, 0.610, 0.669, -1.344, -0.768, -0.482, -1.007, -0.374, -0.455, -0.231, -0.545, -0.012, -0.119, -0.216, -0.122, 1.898, 2.323, 1.005, -0.244, -0.104, -0.484, 0.631, -0.306, -0.658, -0.806, -0.566, -0.538, -0.636, -0.471, -0.674, -0.718, -0.573, -0.770, 0.454, 0.405, 0.031, -0.497, -0.148, 1.169, 2.310, 1.883, 2.253, 1.589, 2.887, 2.594, 0.328, 0.588, 0.427, 0.213, 0.570, 0.705, 0.348, 0.326, -0.051, -0.857, -1.505, -0.679, 0.284, 0.609, -0.330, 0.268, 1.246, 0.774, -1.264, -0.793, -1.601, 0.777, 0.169, -0.232, 0.218, -6.144, -5.169, -6.299, -2.269, -3.721, -1.998, -2.953, -5.849, -4.293, -5.414, -1.849, -5.183, -6.930, -2.920, -4.337, -1.665, -4.857, -5.297, -3.476, -1.429, -2.679, -0.357, -0.078, 0.537, -0.521, 0.272]
  f(xk) = 41898.485
  ||gk|| = 5.121E+03
  stop_crit = 1.402E-01
  ||dir|| = 1.061E+01
  alpha = 3.001E-01
  Curr. impr.: 4.58E-01
  # times under thresh: 1

Epoch 5.672989171990231:
  xk = [-13.265, -15.887, -12.119, -21.360, -17.111, 0.582, 0.590, -1.593, -0.592, -0.378, -1.116, 0.050, -0.421, -0.210, -0.466, -0.131, -0.119, -0.367, -0.237, 1.768, 2.386, 0.820, -0.360, -0.120, -0.350, 0.926, -0.247, -0.853, -0.865, -0.819, -0.492, -0.621, -0.391, -0.610, -0.683, -0.502, -0.715, 0.481, 0.333, 0.093, -0.438, -0.172, 1.431, 2.153, 1.901, 2.131, 1.554, 2.831, 2.519, 0.261, 0.644, 0.349, 0.136, 0.449, 0.771, 0.770, 0.504, -0.223, -0.796, -1.285, -0.381, 0.389, 0.495, -0.350, 0.239, 1.398, 0.735, -1.245, -0.833, -1.553, 0.694, 0.293, -0.100, 0.264, -6.114, -5.823, -4.981, -2.253, -3.841, -2.122, -2.953, -5.008, -4.108, -4.722, -2.234, -5.100, -6.772, -3.541, -5.106, -1.645, -5.060, -5.139, -3.362, -1.446, -2.541, -0.366, -0.163, 0.508, -0.370, 0.243]
  f(xk) = 41629.830
  ||gk|| = 3.620E+03
  stop_crit = 1.487E-01
  ||dir|| = 1.753E+01
  alpha = 1.793E-01
  Curr. impr.: 4.57E-01
  # times under thresh: 2
  -> New batch size of 81086 samples

Epoch 6.672989171990231:
  xk = [-13.354, -16.315, -13.359, -22.258, -18.284, 0.861, 0.459, -1.949, -0.776, -0.327, -1.020, 0.324, -0.399, -0.321, -0.487, -0.133, -0.166, -0.394, -0.412, 1.667, 2.158, 0.816, -0.427, -0.130, -0.326, 0.963, -0.235, -0.867, -1.192, -0.871, -0.573, -0.972, -0.544, -0.643, -1.026, -0.659, -0.815, 0.459, 0.270, 0.178, -0.356, -0.179, 1.445, 2.243, 2.118, 2.268, 1.762, 2.958, 2.716, 0.243, 0.758, 0.329, 0.173, 0.637, 0.688, 0.851, 0.550, -0.408, -0.726, -1.207, -0.183, 0.426, 0.466, -0.425, 0.224, 1.399, 0.763, -1.253, -0.851, -1.533, 0.700, 0.409, -0.206, 0.342, -5.745, -6.393, -5.669, -2.531, -3.978, -2.148, -2.863, -3.953, -4.147, -3.904, -2.478, -5.102, -6.284, -4.314, -4.623, -1.744, -5.043, -5.922, -3.104, -1.636, -2.352, -0.424, -0.198, 0.535, -0.392, 0.180]
  f(xk) = 52684.816
  ||gk|| = 1.787E+03
  stop_crit = 3.750E-02
  ||dir|| = 5.142E+00
  alpha = 2.290E-01

Epoch 7.672989171990231:
  xk = [-13.154, -16.380, -13.378, -22.405, -18.413, 0.884, 0.475, -1.740, -0.840, -0.353, -0.957, 0.254, -0.413, -0.373, -0.503, -0.136, -0.208, -0.405, -0.424, 1.655, 2.074, 0.846, -0.417, -0.125, -0.254, 0.873, -0.248, -0.831, -1.261, -0.829, -0.578, -1.037, -0.488, -0.634, -1.102, -0.611, -0.865, 0.436, 0.262, 0.162, -0.308, -0.153, 1.429, 2.268, 2.119, 2.251, 1.774, 2.981, 2.732, 0.242, 0.765, 0.335, 0.199, 0.721, 0.647, 0.849, 0.518, -0.348, -0.709, -1.248, -0.171, 0.426, 0.505, -0.429, 0.215, 1.566, 0.735, -1.269, -0.834, -1.571, 0.636, 0.348, -0.306, 0.363, -5.705, -6.370, -5.852, -2.665, -3.918, -2.232, -2.774, -3.771, -4.225, -3.805, -2.697, -5.127, -6.290, -4.189, -5.518, -1.659, -4.879, -6.218, -3.129, -1.656, -2.306, -0.422, -0.182, 0.556, -0.473, 0.171]
  f(xk) = 52659.649
  ||gk|| = 9.004E+02
  stop_crit = 2.409E-02
  ||dir|| = 2.024E+00
  alpha = 2.501E-01

Epoch 8.672989171990231:
  xk = [-13.005, -16.456, -13.414, -22.452, -18.511, 0.849, 0.484, -1.783, -0.798, -0.362, -0.923, 0.219, -0.404, -0.391, -0.503, -0.132, -0.211, -0.389, -0.456, 1.654, 2.064, 0.883, -0.407, -0.124, -0.250, 0.930, -0.251, -0.840, -1.304, -0.816, -0.582, -1.088, -0.484, -0.642, -1.154, -0.615, -0.888, 0.427, 0.263, 0.140, -0.301, -0.137, 1.416, 2.288, 2.123, 2.277, 1.778, 2.992, 2.746, 0.235, 0.746, 0.342, 0.213, 0.683, 0.635, 0.815, 0.480, -0.304, -0.710, -1.285, -0.182, 0.419, 0.476, -0.421, 0.222, 1.393, 0.735, -1.281, -0.827, -1.596, 0.675, 0.315, -0.321, 0.356, -5.695, -6.363, -6.034, -2.674, -3.889, -2.218, -2.774, -3.868, -4.205, -3.944, -2.701, -5.332, -6.344, -4.134, -5.551, -1.651, -4.808, -6.387, -3.139, -1.658, -2.331, -0.410, -0.172, 0.563, -0.482, 0.173]
  f(xk) = 52653.505
  ||gk|| = 6.032E+02
  stop_crit = 1.074E-02
  ||dir|| = 1.513E+00
  alpha = 4.644E-01

Epoch 9.672989171990231:
  xk = [-12.786, -16.482, -13.397, -22.426, -18.559, 0.814, 0.482, -1.809, -0.839, -0.365, -0.909, 0.181, -0.403, -0.372, -0.518, -0.105, -0.192, -0.356, -0.490, 1.670, 2.079, 0.861, -0.392, -0.124, -0.313, 0.926, -0.257, -0.768, -1.318, -0.768, -0.539, -1.110, -0.471, -0.605, -1.176, -0.601, -0.895, 0.429, 0.275, 0.136, -0.323, -0.148, 1.387, 2.291, 2.120, 2.289, 1.782, 2.987, 2.751, 0.245, 0.743, 0.355, 0.227, 0.701, 0.645, 0.697, 0.476, -0.305, -0.724, -1.304, -0.217, 0.398, 0.474, -0.422, 0.231, 1.568, 0.743, -1.286, -0.833, -1.620, 0.752, 0.319, -0.304, 0.347, -5.700, -6.259, -6.173, -2.625, -3.921, -2.157, -2.768, -4.045, -4.217, -4.113, -2.541, -5.404, -6.427, -4.044, -5.124, -1.676, -4.677, -6.487, -3.178, -1.615, -2.372, -0.414, -0.173, 0.564, -0.497, 0.180]
  f(xk) = 52649.257
  ||gk|| = 3.238E+02
  stop_crit = 7.089E-03
  ||dir|| = 1.158E+00
  alpha = 4.756E-01

Epoch 10.672989171990231:
  xk = [-12.504, -16.509, -13.327, -22.382, -18.452, 0.867, 0.479, -1.698, -0.850, -0.374, -0.936, 0.175, -0.411, -0.371, -0.519, -0.098, -0.194, -0.348, -0.483, 1.683, 2.068, 0.934, -0.386, -0.123, -0.302, 0.890, -0.254, -0.748, -1.260, -0.733, -0.548, -1.061, -0.473, -0.614, -1.130, -0.606, -0.888, 0.433, 0.278, 0.146, -0.326, -0.152, 1.334, 2.293, 2.108, 2.275, 1.770, 2.979, 2.737, 0.254, 0.752, 0.357, 0.227, 0.703, 0.649, 0.704, 0.478, -0.327, -0.724, -1.306, -0.240, 0.402, 0.483, -0.425, 0.224, 1.396, 0.746, -1.274, -0.831, -1.616, 0.737, 0.328, -0.308, 0.343, -5.716, -6.281, -6.265, -2.613, -3.923, -2.134, -2.789, -4.068, -4.265, -4.112, -2.597, -5.387, -6.388, -4.119, -4.825, -1.691, -4.760, -6.370, -3.169, -1.649, -2.368, -0.430, -0.170, 0.553, -0.481, 0.178]
  f(xk) = 52648.800
  ||gk|| = 2.170E+02
  stop_crit = 4.756E-03
  ||dir|| = 1.392E+00
  alpha = 9.120E-02

Epoch 11.672989171990231:
  xk = [-12.534, -16.546, -13.352, -22.413, -18.475, 0.873, 0.482, -1.708, -0.845, -0.374, -0.938, 0.167, -0.412, -0.372, -0.517, -0.102, -0.196, -0.353, -0.469, 1.682, 2.069, 0.926, -0.388, -0.123, -0.297, 0.885, -0.254, -0.755, -1.259, -0.740, -0.560, -1.061, -0.482, -0.626, -1.129, -0.613, -0.884, 0.433, 0.278, 0.146, -0.324, -0.151, 1.338, 2.299, 2.112, 2.282, 1.774, 2.985, 2.741, 0.254, 0.750, 0.355, 0.224, 0.701, 0.647, 0.719, 0.478, -0.324, -0.724, -1.304, -0.238, 0.403, 0.488, -0.424, 0.223, 1.407, 0.745, -1.272, -0.830, -1.614, 0.720, 0.326, -0.309, 0.344, -5.718, -6.267, -6.229, -2.615, -3.916, -2.142, -2.790, -4.052, -4.261, -4.090, -2.604, -5.364, -6.377, -4.103, -4.898, -1.684, -4.776, -6.343, -3.165, -1.650, -2.363, -0.427, -0.169, 0.554, -0.480, 0.178]
  f(xk) = 52648.020
  ||gk|| = 1.783E+02
  stop_crit = 3.771E-03
  ||dir|| = 1.557E+00
  alpha = 1.728E-01

Epoch 12.672989171990231:
  xk = [-12.505, -16.467, -13.272, -22.351, -18.437, 0.874, 0.485, -1.739, -0.841, -0.373, -0.934, 0.174, -0.413, -0.376, -0.515, -0.109, -0.197, -0.363, -0.459, 1.678, 2.071, 0.903, -0.391, -0.123, -0.292, 0.889, -0.256, -0.759, -1.239, -0.741, -0.557, -1.039, -0.482, -0.621, -1.107, -0.611, -0.883, 0.433, 0.277, 0.143, -0.322, -0.148, 1.332, 2.286, 2.098, 2.273, 1.760, 2.974, 2.734, 0.250, 0.748, 0.352, 0.220, 0.699, 0.643, 0.737, 0.475, -0.314, -0.724, -1.298, -0.228, 0.404, 0.491, -0.422, 0.224, 1.429, 0.745, -1.276, -0.827, -1.607, 0.709, 0.321, -0.312, 0.346, -5.718, -6.245, -6.215, -2.622, -3.912, -2.156, -2.792, -4.019, -4.245, -4.057, -2.601, -5.332, -6.370, -4.078, -5.101, -1.676, -4.799, -6.309, -3.164, -1.653, -2.360, -0.420, -0.168, 0.557, -0.485, 0.178]
  f(xk) = 52647.061
  ||gk|| = 1.326E+02
  stop_crit = 2.136E-03
  ||dir|| = 1.161E+00
  alpha = 3.045E-01

Epoch 13.672989171990231:
  xk = [-12.698, -16.530, -13.354, -22.442, -18.550, 0.854, 0.488, -1.733, -0.827, -0.369, -0.929, 0.171, -0.401, -0.376, -0.511, -0.116, -0.198, -0.371, -0.442, 1.669, 2.079, 0.895, -0.395, -0.124, -0.289, 0.906, -0.256, -0.776, -1.278, -0.765, -0.567, -1.074, -0.491, -0.630, -1.141, -0.619, -0.884, 0.431, 0.274, 0.138, -0.323, -0.146, 1.366, 2.297, 2.112, 2.283, 1.773, 2.989, 2.751, 0.246, 0.745, 0.351, 0.218, 0.693, 0.643, 0.748, 0.477, -0.305, -0.721, -1.298, -0.210, 0.404, 0.488, -0.421, 0.228, 1.434, 0.741, -1.278, -0.831, -1.600, 0.724, 0.319, -0.311, 0.349, -5.709, -6.264, -6.150, -2.632, -3.912, -2.170, -2.789, -3.990, -4.208, -4.037, -2.585, -5.298, -6.377, -4.073, -5.280, -1.674, -4.779, -6.370, -3.163, -1.632, -2.357, -0.415, -0.170, 0.562, -0.488, 0.178]
  f(xk) = 52646.234
  ||gk|| = 1.079E+02
  stop_crit = 2.758E-03
  ||dir|| = 3.189E-01
  alpha = 2.908E-01

Epoch 14.672989171990231:
  xk = [-12.685, -16.532, -13.367, -22.440, -18.524, 0.857, 0.487, -1.749, -0.821, -0.370, -0.930, 0.168, -0.406, -0.374, -0.512, -0.114, -0.199, -0.369, -0.439, 1.672, 2.077, 0.895, -0.394, -0.123, -0.287, 0.893, -0.255, -0.776, -1.276, -0.762, -0.567, -1.074, -0.485, -0.630, -1.141, -0.614, -0.880, 0.431, 0.274, 0.140, -0.319, -0.146, 1.364, 2.297, 2.114, 2.285, 1.774, 2.990, 2.748, 0.247, 0.745, 0.351, 0.217, 0.692, 0.645, 0.748, 0.479, -0.310, -0.721, -1.297, -0.213, 0.405, 0.487, -0.420, 0.224, 1.458, 0.739, -1.275, -0.830, -1.598, 0.709, 0.319, -0.310, 0.347, -5.708, -6.251, -6.131, -2.629, -3.904, -2.167, -2.783, -3.992, -4.224, -4.044, -2.599, -5.300, -6.372, -4.083, -5.212, -1.666, -4.772, -6.364, -3.162, -1.639, -2.353, -0.416, -0.170, 0.559, -0.485, 0.179]
  f(xk) = 52646.040
  ||gk|| = 4.446E+01
  stop_crit = 1.306E-03
  ||dir|| = 1.831E-01
  alpha = 3.345E-01

Epoch 15.672989171990231:
  xk = [-12.700, -16.546, -13.370, -22.442, -18.523, 0.861, 0.489, -1.754, -0.829, -0.370, -0.931, 0.170, -0.409, -0.375, -0.511, -0.115, -0.199, -0.370, -0.443, 1.673, 2.076, 0.884, -0.394, -0.123, -0.283, 0.897, -0.255, -0.779, -1.271, -0.767, -0.571, -1.067, -0.491, -0.635, -1.135, -0.620, -0.881, 0.431, 0.274, 0.141, -0.318, -0.146, 1.366, 2.300, 2.115, 2.289, 1.776, 2.991, 2.748, 0.248, 0.744, 0.350, 0.217, 0.693, 0.644, 0.753, 0.477, -0.308, -0.722, -1.295, -0.217, 0.406, 0.490, -0.420, 0.225, 1.462, 0.741, -1.275, -0.828, -1.601, 0.694, 0.319, -0.310, 0.347, -5.713, -6.247, -6.127, -2.627, -3.901, -2.168, -2.786, -3.996, -4.226, -4.042, -2.610, -5.311, -6.370, -4.050, -5.206, -1.665, -4.780, -6.335, -3.160, -1.643, -2.355, -0.416, -0.169, 0.559, -0.485, 0.178]
  f(xk) = 52645.988
  ||gk|| = 2.640E+01
  stop_crit = 9.823E-04
  ||dir|| = 1.730E-01
  alpha = 3.510E-01

Epoch 16.67298917199023:
  xk = [-12.682, -16.538, -13.363, -22.436, -18.518, 0.864, 0.489, -1.759, -0.828, -0.370, -0.931, 0.168, -0.409, -0.376, -0.511, -0.116, -0.199, -0.371, -0.442, 1.672, 2.076, 0.887, -0.396, -0.123, -0.284, 0.895, -0.255, -0.779, -1.267, -0.766, -0.572, -1.065, -0.492, -0.636, -1.132, -0.620, -0.880, 0.431, 0.274, 0.140, -0.319, -0.146, 1.363, 2.298, 2.114, 2.288, 1.775, 2.989, 2.747, 0.247, 0.744, 0.350, 0.216, 0.694, 0.642, 0.756, 0.477, -0.306, -0.722, -1.295, -0.217, 0.405, 0.492, -0.420, 0.224, 1.465, 0.741, -1.275, -0.828, -1.603, 0.699, 0.319, -0.312, 0.348, -5.714, -6.246, -6.126, -2.628, -3.903, -2.172, -2.787, -3.990, -4.224, -4.029, -2.605, -5.304, -6.367, -4.062, -5.255, -1.665, -4.790, -6.326, -3.160, -1.642, -2.354, -0.414, -0.169, 0.560, -0.486, 0.178]
  f(xk) = 52645.968
  ||gk|| = 7.592E+00
  stop_crit = 2.606E-04
  ||dir|| = 4.280E-02
  alpha = 2.732E-01

Epoch 17.67298917199023:
  xk = [-12.679, -16.539, -13.363, -22.439, -18.523, 0.864, 0.489, -1.759, -0.826, -0.370, -0.931, 0.167, -0.408, -0.376, -0.511, -0.116, -0.199, -0.371, -0.440, 1.672, 2.076, 0.884, -0.395, -0.123, -0.284, 0.894, -0.255, -0.779, -1.268, -0.766, -0.573, -1.065, -0.493, -0.636, -1.133, -0.621, -0.880, 0.431, 0.274, 0.140, -0.319, -0.146, 1.362, 2.298, 2.114, 2.288, 1.774, 2.990, 2.748, 0.247, 0.744, 0.350, 0.216, 0.693, 0.642, 0.756, 0.477, -0.307, -0.722, -1.295, -0.216, 0.405, 0.491, -0.420, 0.224, 1.464, 0.741, -1.275, -0.828, -1.602, 0.697, 0.318, -0.312, 0.348, -5.713, -6.243, -6.129, -2.629, -3.903, -2.171, -2.787, -3.988, -4.224, -4.029, -2.604, -5.301, -6.367, -4.059, -5.256, -1.665, -4.790, -6.330, -3.160, -1.643, -2.353, -0.414, -0.169, 0.560, -0.486, 0.178]
  f(xk) = 52645.966
  ||gk|| = 6.123E+00
  stop_crit = 1.632E-04
  ||dir|| = 1.722E-02
  alpha = 2.438E-01

Epoch 18.67298917199023:
  xk = [-12.678, -16.539, -13.362, -22.439, -18.524, 0.864, 0.489, -1.759, -0.827, -0.370, -0.931, 0.167, -0.408, -0.376, -0.511, -0.116, -0.199, -0.371, -0.439, 1.672, 2.076, 0.885, -0.395, -0.123, -0.284, 0.894, -0.255, -0.778, -1.268, -0.766, -0.573, -1.065, -0.493, -0.636, -1.133, -0.621, -0.880, 0.431, 0.274, 0.140, -0.319, -0.146, 1.362, 2.298, 2.114, 2.288, 1.774, 2.990, 2.748, 0.247, 0.744, 0.350, 0.216, 0.693, 0.642, 0.756, 0.477, -0.307, -0.722, -1.295, -0.216, 0.405, 0.492, -0.420, 0.224, 1.464, 0.741, -1.275, -0.828, -1.602, 0.696, 0.318, -0.311, 0.348, -5.712, -6.243, -6.128, -2.629, -3.902, -2.171, -2.787, -3.987, -4.223, -4.030, -2.604, -5.301, -6.366, -4.059, -5.253, -1.665, -4.790, -6.330, -3.160, -1.643, -2.353, -0.414, -0.169, 0.560, -0.486, 0.178]
  f(xk) = 52645.965
  ||gk|| = 2.455E+00
  stop_crit = 9.610E-05
  ||dir|| = 1.003E-02
  alpha = 2.704E-01

Epoch 19.67298917199023:
  xk = [-12.678, -16.540, -13.362, -22.439, -18.524, 0.864, 0.489, -1.759, -0.827, -0.370, -0.931, 0.167, -0.408, -0.376, -0.511, -0.116, -0.199, -0.371, -0.439, 1.672, 2.076, 0.885, -0.395, -0.123, -0.284, 0.894, -0.255, -0.778, -1.268, -0.765, -0.573, -1.065, -0.493, -0.636, -1.133, -0.621, -0.880, 0.431, 0.274, 0.140, -0.319, -0.146, 1.362, 2.299, 2.114, 2.288, 1.774, 2.990, 2.748, 0.247, 0.744, 0.350, 0.216, 0.693, 0.642, 0.756, 0.477, -0.307, -0.722, -1.295, -0.215, 0.405, 0.492, -0.420, 0.224, 1.464, 0.741, -1.275, -0.828, -1.601, 0.697, 0.318, -0.311, 0.348, -5.712, -6.242, -6.127, -2.629, -3.902, -2.171, -2.787, -3.988, -4.224, -4.030, -2.605, -5.300, -6.366, -4.058, -5.252, -1.664, -4.789, -6.330, -3.160, -1.643, -2.353, -0.414, -0.169, 0.560, -0.486, 0.178]
  f(xk) = 52645.965
  ||gk|| = 1.252E+00
  stop_crit = 1.880E-05
  ||dir|| = 7.307E-03
  alpha = 2.655E-01

Epoch 20.67298917199023:
  xk = [-12.677, -16.540, -13.362, -22.439, -18.523, 0.864, 0.489, -1.759, -0.827, -0.370, -0.931, 0.167, -0.408, -0.376, -0.511, -0.116, -0.199, -0.371, -0.439, 1.672, 2.076, 0.885, -0.395, -0.123, -0.284, 0.894, -0.255, -0.778, -1.267, -0.765, -0.573, -1.065, -0.493, -0.636, -1.132, -0.620, -0.880, 0.431, 0.274, 0.140, -0.319, -0.146, 1.362, 2.298, 2.114, 2.288, 1.774, 2.990, 2.748, 0.247, 0.744, 0.350, 0.216, 0.693, 0.642, 0.756, 0.477, -0.307, -0.722, -1.295, -0.216, 0.405, 0.492, -0.420, 0.224, 1.464, 0.741, -1.275, -0.828, -1.601, 0.697, 0.318, -0.312, 0.348, -5.713, -6.242, -6.127, -2.629, -3.902, -2.171, -2.787, -3.988, -4.224, -4.030, -2.605, -5.300, -6.366, -4.059, -5.252, -1.664, -4.789, -6.329, -3.160, -1.643, -2.353, -0.414, -0.169, 0.560, -0.486, 0.178]
  f(xk) = 52645.965
  ||gk|| = 6.037E-01
  stop_crit = 1.583E-05
  ||dir|| = 3.841E-03
  alpha = 2.683E-01

Epoch 21.67298917199023:
  xk = [-12.677, -16.539, -13.361, -22.438, -18.522, 0.864, 0.489, -1.759, -0.827, -0.370, -0.931, 0.167, -0.408, -0.376, -0.511, -0.116, -0.199, -0.371, -0.439, 1.672, 2.076, 0.885, -0.395, -0.123, -0.284, 0.894, -0.255, -0.778, -1.267, -0.765, -0.573, -1.065, -0.493, -0.636, -1.132, -0.620, -0.880, 0.431, 0.274, 0.140, -0.319, -0.146, 1.362, 2.298, 2.113, 2.288, 1.774, 2.990, 2.748, 0.247, 0.744, 0.350, 0.216, 0.693, 0.642, 0.756, 0.477, -0.307, -0.722, -1.295, -0.216, 0.405, 0.492, -0.420, 0.224, 1.464, 0.741, -1.275, -0.828, -1.601, 0.696, 0.318, -0.312, 0.348, -5.713, -6.242, -6.128, -2.629, -3.902, -2.171, -2.787, -3.988, -4.224, -4.030, -2.604, -5.300, -6.366, -4.059, -5.253, -1.664, -4.789, -6.329, -3.160, -1.643, -2.353, -0.414, -0.169, 0.560, -0.486, 0.178]
  f(xk) = 52645.965
  ||gk|| = 1.928E-01
  stop_crit = 4.443E-06
  ||dir|| = 1.680E-03
  alpha = 3.082E-01

Epoch 22.67298917199023:
  xk = [-12.677, -16.539, -13.361, -22.438, -18.522, 0.864, 0.489, -1.759, -0.827, -0.370, -0.931, 0.167, -0.408, -0.376, -0.511, -0.116, -0.199, -0.371, -0.439, 1.672, 2.076, 0.885, -0.395, -0.123, -0.284, 0.894, -0.255, -0.778, -1.267, -0.765, -0.573, -1.065, -0.493, -0.636, -1.132, -0.620, -0.880, 0.431, 0.274, 0.140, -0.319, -0.146, 1.362, 2.298, 2.113, 2.288, 1.774, 2.990, 2.748, 0.247, 0.744, 0.350, 0.216, 0.693, 0.642, 0.756, 0.477, -0.307, -0.722, -1.295, -0.216, 0.405, 0.492, -0.420, 0.224, 1.464, 0.741, -1.275, -0.828, -1.601, 0.696, 0.318, -0.311, 0.348, -5.713, -6.242, -6.128, -2.629, -3.902, -2.171, -2.787, -3.988, -4.224, -4.030, -2.605, -5.300, -6.366, -4.059, -5.252, -1.664, -4.790, -6.329, -3.160, -1.643, -2.353, -0.414, -0.169, 0.560, -0.486, 0.178]
  f(xk) = 52645.965
  ||gk|| = 1.302E-01
  stop_crit = 3.269E-06
  ||dir|| = 5.271E-04
  alpha = 2.851E-01

Epoch 23.67298917199023:
  xk = [-12.677, -16.539, -13.361, -22.438, -18.522, 0.864, 0.489, -1.759, -0.827, -0.370, -0.931, 0.167, -0.408, -0.376, -0.511, -0.116, -0.199, -0.371, -0.439, 1.672, 2.076, 0.885, -0.395, -0.123, -0.284, 0.894, -0.255, -0.778, -1.267, -0.765, -0.573, -1.065, -0.493, -0.636, -1.132, -0.620, -0.880, 0.431, 0.274, 0.140, -0.319, -0.146, 1.362, 2.298, 2.113, 2.288, 1.774, 2.990, 2.748, 0.247, 0.744, 0.350, 0.216, 0.693, 0.642, 0.756, 0.477, -0.307, -0.722, -1.295, -0.216, 0.405, 0.492, -0.420, 0.224, 1.464, 0.741, -1.275, -0.828, -1.601, 0.696, 0.318, -0.311, 0.348, -5.713, -6.242, -6.128, -2.629, -3.902, -2.171, -2.787, -3.988, -4.224, -4.030, -2.605, -5.300, -6.366, -4.059, -5.252, -1.664, -4.789, -6.329, -3.160, -1.643, -2.353, -0.414, -0.169, 0.560, -0.486, 0.178]
  f(xk) = 52645.965
  ||gk|| = 7.272E-02
  stop_crit = 1.858E-06
  ||dir|| = 3.336E-04
  alpha = 2.959E-01

Algorithm Optimized!
  x* = [-12.677, -16.539, -13.361, -22.438, -18.522, 0.864, 0.489, -1.759, -0.827, -0.370, -0.931, 0.167, -0.408, -0.376, -0.511, -0.116, -0.199, -0.371, -0.439, 1.672, 2.076, 0.885, -0.395, -0.123, -0.284, 0.894, -0.255, -0.778, -1.267, -0.765, -0.573, -1.065, -0.493, -0.636, -1.132, -0.620, -0.880, 0.431, 0.274, 0.140, -0.319, -0.146, 1.362, 2.298, 2.113, 2.288, 1.774, 2.990, 2.748, 0.247, 0.744, 0.350, 0.216, 0.693, 0.642, 0.756, 0.477, -0.307, -0.722, -1.295, -0.216, 0.405, 0.492, -0.420, 0.224, 1.464, 0.741, -1.275, -0.828, -1.601, 0.696, 0.318, -0.311, 0.348, -5.713, -6.242, -6.128, -2.629, -3.902, -2.171, -2.787, -3.988, -4.224, -4.030, -2.605, -5.300, -6.366, -4.059, -5.252, -1.664, -4.789, -6.329, -3.160, -1.643, -2.353, -0.414, -0.169, 0.560, -0.486, 0.178]
  f(x*) = 52645.965
Finished at mer aoû 14 16:52:44 CEST 2019
