Optimizing LPMC_MNL_DC_L with best algo at mer aoû 14 16:39:56 CEST 2019
Maximizing the problem using a Line Search ABS IOA with the Hybrid direction.
Epoch 0:
  xk = [0.000, 0.000, 0.000, 0.000, 0.000, 0.000, 0.000, 0.000, 0.000, 0.000, 0.000, 0.000, 0.000]
  f(xk) = 1386.294
  ||gk|| = 4.867E+02
  stop_crit = 0.000E+00
  ||dir|| = 1.454E+00
  alpha = 1.000E+00

Epoch 0.012332585156500505:
  xk = [-0.884, 0.883, -0.014, -0.134, 0.115, -0.320, 0.185, 0.011, -0.022, 0.011, 0.106, -0.596, 0.136]
  f(xk) = 1082.686
  ||gk|| = 2.395E+02
  stop_crit = 5.102E-02
  ||dir|| = 1.003E-01
  alpha = 1.000E+00
  Curr. impr.: 1.46E+01
  # times under thresh: 0

Epoch 0.02466517031300101:
  xk = [-0.908, 0.857, 0.020, -0.198, 0.165, -0.330, 0.178, 0.016, -0.016, 0.012, 0.114, -0.617, 0.119]
  f(xk) = 1073.301
  ||gk|| = 1.067E+02
  stop_crit = 4.722E-02
  ||dir|| = 3.506E+00
  alpha = 3.776E-01
  Curr. impr.: 4.67E+00
  # times under thresh: 0

Epoch 0.036997755469501514:
  xk = [-1.705, 0.458, -0.274, -0.192, 0.002, -0.663, -0.001, -0.060, -0.043, -0.004, 0.354, -1.132, -0.491]
  f(xk) = 1020.318
  ||gk|| = 9.195E+01
  stop_crit = 6.402E-02
  ||dir|| = 3.323E+00
  alpha = 7.321E-01
  Curr. impr.: 3.84E+00
  # times under thresh: 0

Epoch 0.04933034062600202:
  xk = [-2.699, -0.040, -0.994, -0.142, -0.105, -1.207, -0.355, -0.273, -0.228, -0.039, 0.934, -2.471, -1.724]
  f(xk) = 920.388
  ||gk|| = 4.384E+01
  stop_crit = 7.420E-02
  ||dir|| = 2.812E+00
  alpha = 1.000E+00
  Curr. impr.: 5.06E+00
  # times under thresh: 0

Epoch 0.06166292578250253:
  xk = [-3.693, -0.302, -1.637, -0.134, -0.226, -2.033, -0.812, -1.010, 0.035, -0.165, 1.183, -4.198, -3.087]
  f(xk) = 885.811
  ||gk|| = 5.750E+01
  stop_crit = 3.881E-02
  ||dir|| = 2.635E-01
  alpha = 1.000E+00
  Curr. impr.: 4.01E+00
  # times under thresh: 0

Epoch 0.07399551093900303:
  xk = [-3.692, -0.468, -1.529, -0.069, -0.263, -2.065, -0.786, -1.056, -0.012, -0.187, 1.171, -4.292, -3.182]
  f(xk) = 863.190
  ||gk|| = 8.268E+01
  stop_crit = 6.597E-02
  ||dir|| = 2.048E-01
  alpha = 1.000E+00
  Curr. impr.: 3.18E+00
  # times under thresh: 0

Epoch 0.08632809609550353:
  xk = [-3.711, -0.348, -1.634, -0.158, -0.306, -2.074, -0.753, -1.081, -0.050, -0.191, 1.170, -4.335, -3.145]
  f(xk) = 837.789
  ||gk|| = 7.595E+01
  stop_crit = 9.267E-02
  ||dir|| = 1.167E-01
  alpha = 1.000E+00
  Curr. impr.: 2.78E+00
  # times under thresh: 0

Epoch 0.09866068125200403:
  xk = [-3.719, -0.336, -1.623, -0.127, -0.212, -2.086, -0.746, -1.092, -0.050, -0.194, 1.170, -4.391, -3.151]
  f(xk) = 841.252
  ||gk|| = 6.700E+01
  stop_crit = 8.842E-02
  ||dir|| = 4.410E-02
  alpha = 1.000E+00
  Curr. impr.: 1.93E+00
  # times under thresh: 0

Epoch 0.11099326640850453:
  xk = [-3.721, -0.319, -1.630, -0.104, -0.241, -2.087, -0.740, -1.095, -0.057, -0.196, 1.169, -4.402, -3.147]
  f(xk) = 913.285
  ||gk|| = 4.211E+01
  stop_crit = 5.829E-02
  ||dir|| = 8.323E-01
  alpha = 1.000E+00
  Curr. impr.: 5.43E-03
  # times under thresh: 1

Epoch 0.12332585156500503:
  xk = [-3.414, -0.518, -1.496, -0.085, -0.278, -1.984, -0.733, -1.181, -0.282, -0.329, 1.171, -5.072, -3.087]
  f(xk) = 861.106
  ||gk|| = 9.134E+01
  stop_crit = 5.483E-02
  ||dir|| = 3.164E-01
  alpha = 1.000E+00
  Curr. impr.: 2.42E+00
  # times under thresh: 0

Epoch 0.13565843672150554:
  xk = [-3.524, -0.401, -1.702, -0.116, -0.138, -2.049, -0.713, -1.215, -0.351, -0.342, 1.188, -5.050, -3.093]
  f(xk) = 854.324
  ||gk|| = 7.419E+01
  stop_crit = 3.383E-02
  ||dir|| = 4.621E-02
  alpha = 1.000E+00
  Curr. impr.: 1.54E+00
  # times under thresh: 0

Epoch 0.14799102187800606:
  xk = [-3.525, -0.415, -1.703, -0.159, -0.128, -2.051, -0.717, -1.216, -0.352, -0.342, 1.190, -5.050, -3.098]
  f(xk) = 844.125
  ||gk|| = 4.456E+01
  stop_crit = 8.840E-02
  ||dir|| = 7.406E-01
  alpha = 1.000E+00
  Curr. impr.: 1.30E+00
  # times under thresh: 0

Epoch 0.16032360703450657:
  xk = [-4.150, -0.666, -1.765, -0.123, -0.187, -2.207, -0.654, -1.324, -0.421, -0.433, 1.104, -4.935, -3.208]
  f(xk) = 879.054
  ||gk|| = 3.953E+01
  stop_crit = 6.967E-02
  ||dir|| = 2.492E-02
  alpha = 1.000E+00
  Curr. impr.: 1.07E-01
  # times under thresh: 1

Epoch 0.17265619219100709:
  xk = [-4.143, -0.659, -1.771, -0.109, -0.200, -2.205, -0.651, -1.327, -0.423, -0.435, 1.101, -4.943, -3.206]
  f(xk) = 843.913
  ||gk|| = 4.989E+01
  stop_crit = 6.851E-02
  ||dir|| = 9.792E-02
  alpha = 1.000E+00
  Curr. impr.: 5.49E-01
  # times under thresh: 2
  -> New batch size of 2000 samples

Epoch 0.19732136250400809:
  xk = [-4.137, -0.632, -1.792, -0.171, -0.256, -2.206, -0.647, -1.343, -0.429, -0.440, 1.093, -4.976, -3.206]
  f(xk) = 1732.861
  ||gk|| = 4.111E+01
  stop_crit = 5.551E-02
  ||dir|| = 2.839E+00
  alpha = 1.000E+00
  Curr. impr.: 8.55E-02
  # times under thresh: 1

Epoch 0.22198653281700909:
  xk = [-4.530, -1.407, -2.436, -0.187, -0.183, -2.622, -0.589, -2.668, -0.653, -1.219, 0.684, -7.007, -3.280]
  f(xk) = 1679.886
  ||gk|| = 1.608E+02
  stop_crit = 5.082E-02
  ||dir|| = 6.006E-02
  alpha = 1.000E+00
  Curr. impr.: 4.33E-01
  # times under thresh: 2
  -> New batch size of 4000 samples

Epoch 0.2713168734430111:
  xk = [-4.536, -1.384, -2.446, -0.135, -0.195, -2.624, -0.586, -2.671, -0.657, -1.221, 0.684, -7.009, -3.275]
  f(xk) = 3497.046
  ||gk|| = 2.587E+02
  stop_crit = 3.971E-02
  ||dir|| = 4.157E-02
  alpha = 1.000E+00
  Curr. impr.: 3.42E-01
  # times under thresh: 1

Epoch 0.3206472140690131:
  xk = [-4.536, -1.390, -2.436, -0.149, -0.158, -2.624, -0.594, -2.670, -0.657, -1.220, 0.688, -7.010, -3.280]
  f(xk) = 3461.681
  ||gk|| = 1.865E+02
  stop_crit = 6.295E-02
  ||dir|| = 2.978E-02
  alpha = 1.000E+00
  Curr. impr.: 7.72E-02
  # times under thresh: 2
  -> New batch size of 8000 samples

Epoch 0.41930789532101714:
  xk = [-4.537, -1.394, -2.422, -0.165, -0.140, -2.625, -0.599, -2.668, -0.654, -1.220, 0.690, -7.014, -3.282]
  f(xk) = 6811.434
  ||gk|| = 3.471E+02
  stop_crit = 2.820E-02
  ||dir|| = 6.784E-02
  alpha = 1.000E+00
  Curr. impr.: 2.69E-01
  # times under thresh: 1

Epoch 0.5179685765730212:
  xk = [-4.543, -1.395, -2.389, -0.111, -0.132, -2.628, -0.612, -2.666, -0.654, -1.226, 0.693, -7.026, -3.291]
  f(xk) = 6783.383
  ||gk|| = 2.807E+02
  stop_crit = 2.342E-02
  ||dir|| = 6.163E-02
  alpha = 1.000E+00
  Curr. impr.: 2.13E-01
  # times under thresh: 2
  -> New batch size of 16000 samples

Epoch 0.7152899390770293:
  xk = [-4.545, -1.372, -2.410, -0.151, -0.165, -2.630, -0.617, -2.670, -0.664, -1.228, 0.694, -7.026, -3.292]
  f(xk) = 13662.490
  ||gk|| = 3.464E+02
  stop_crit = 2.418E-02
  ||dir|| = 4.497E-02
  alpha = 1.000E+00
  Curr. impr.: 5.89E-02
  # times under thresh: 1

Epoch 0.9126113015810374:
  xk = [-4.554, -1.353, -2.391, -0.141, -0.138, -2.632, -0.632, -2.671, -0.663, -1.232, 0.696, -7.038, -3.293]
  f(xk) = 13414.457
  ||gk|| = 2.296E+02
  stop_crit = 2.253E-02
  ||dir|| = 1.106E+00
  alpha = 1.000E+00
  Curr. impr.: 3.87E-01
  # times under thresh: 2
  -> New batch size of 32000 samples
  Change from Newton step to BFGS!

Epoch 1.3072540265890535:
  xk = [-4.891, -1.282, -2.402, -0.108, -0.230, -2.787, -1.459, -2.802, -0.858, -1.559, 0.773, -7.301, -3.681]
  f(xk) = 27072.355
  ||gk|| = 5.054E+02
  stop_crit = 2.677E-02
  ||dir|| = 1.025E+01
  alpha = 1.000E+00
  Curr. impr.: 2.14E-01
  # times under thresh: 1

Epoch 1.7018967515970698:
  xk = [-4.469, -1.535, -2.226, -0.133, -0.150, -6.634, -6.055, -6.037, -2.882, -6.776, -3.995, -8.934, -2.421]
  f(xk) = 26922.311
  ||gk|| = 4.554E+02
  stop_crit = 2.705E-02
  ||dir|| = 3.232E+00
  alpha = 1.000E+00
  Curr. impr.: 2.44E-01
  # times under thresh: 2
  -> New batch size of 64000 samples

Epoch 2.491182201613102:
  xk = [-4.886, -1.421, -2.290, -0.098, -0.201, -5.150, -4.723, -5.222, -2.205, -5.976, -2.084, -8.535, -3.256]
  f(xk) = 53589.716
  ||gk|| = 5.844E+02
  stop_crit = 1.279E-02
  ||dir|| = 4.083E+00
  alpha = 3.193E-01
  Curr. impr.: 3.25E-01
  # times under thresh: 1

Epoch 3.2804676516291345:
  xk = [-4.744, -1.420, -2.322, -0.107, -0.200, -4.968, -4.203, -4.736, -1.942, -5.122, -1.630, -8.225, -3.063]
  f(xk) = 53591.348
  ||gk|| = 5.858E+02
  stop_crit = 5.488E-03
  ||dir|| = 8.808E-01
  alpha = 2.786E-01
  Curr. impr.: 2.63E-01
  # times under thresh: 2
  -> New batch size of 81086 samples

Epoch 4.2804676516291345:
  xk = [-4.731, -1.414, -2.300, -0.113, -0.185, -4.851, -4.028, -4.743, -1.898, -5.078, -1.547, -8.160, -3.068]
  f(xk) = 67927.763
  ||gk|| = 4.781E+02
  stop_crit = 2.642E-03
  ||dir|| = 6.543E-01
  alpha = 2.738E-01

Epoch 5.2804676516291345:
  xk = [-4.740, -1.436, -2.299, -0.110, -0.189, -4.853, -4.070, -4.788, -1.942, -4.944, -1.627, -8.193, -3.048]
  f(xk) = 67926.109
  ||gk|| = 2.532E+02
  stop_crit = 2.460E-03
  ||dir|| = 1.576E-01
  alpha = 5.073E-01

Epoch 6.2804676516291345:
  xk = [-4.736, -1.433, -2.305, -0.110, -0.191, -4.894, -4.117, -4.781, -1.952, -4.960, -1.668, -8.211, -3.044]
  f(xk) = 67925.649
  ||gk|| = 2.199E+01
  stop_crit = 6.376E-04
  ||dir|| = 9.695E-02
  alpha = 3.122E-01

Epoch 7.2804676516291345:
  xk = [-4.736, -1.434, -2.306, -0.109, -0.192, -4.904, -4.126, -4.781, -1.951, -4.985, -1.657, -8.210, -3.040]
  f(xk) = 67925.593
  ||gk|| = 7.482E+00
  stop_crit = 1.061E-04
  ||dir|| = 3.568E-02
  alpha = 3.248E-01

Epoch 8.280467651629134:
  xk = [-4.737, -1.434, -2.306, -0.109, -0.192, -4.899, -4.124, -4.780, -1.951, -4.976, -1.655, -8.210, -3.044]
  f(xk) = 67925.588
  ||gk|| = 8.577E-01
  stop_crit = 1.178E-05
  ||dir|| = 3.929E-03
  alpha = 2.357E-01

Epoch 9.280467651629134:
  xk = [-4.738, -1.434, -2.306, -0.109, -0.192, -4.899, -4.123, -4.779, -1.951, -4.976, -1.655, -8.210, -3.044]
  f(xk) = 67925.588
  ||gk|| = 1.577E-01
  stop_crit = 1.525E-06
  ||dir|| = 4.356E-04
  alpha = 2.400E-01

Algorithm Optimized!
  x* = [-4.738, -1.434, -2.306, -0.109, -0.192, -4.899, -4.123, -4.779, -1.951, -4.976, -1.655, -8.210, -3.044]
  f(x*) = 67925.588
Finished at mer aoû 14 16:40:35 CEST 2019
