Optimizing LPMC_MNL_RR_M with best algo at lun aoû 12 22:48:41 CEST 2019
Maximizing the problem using a Line Search ABS IOA with the Hybrid direction.
Epoch 0:
  xk = [0.000, 0.000, 0.000, 0.000, 0.000, 0.000, 0.000, 0.000, 0.000, 0.000, 0.000, 0.000, 0.000, 0.000, 0.000, 0.000, 0.000, 0.000, 0.000, 0.000, 0.000, 0.000, 0.000, 0.000, 0.000, 0.000, 0.000, 0.000, 0.000, 0.000, 0.000, 0.000, 0.000, 0.000, 0.000, 0.000, 0.000, 0.000, 0.000, 0.000, 0.000, 0.000, 0.000, 0.000, 0.000, 0.000, 0.000, 0.000, 0.000, 0.000, 0.000, 0.000, 0.000, 0.000]
  f(xk) = 1386.294
  ||gk|| = 1.905E+03
  stop_crit = 0.000E+00
  ||dir|| = 1.788E-01
  alpha = 1.000E+00

Epoch 0.01825950407186941:
  xk = [-0.021, 0.018, 0.009, 0.003, 0.002, -0.003, 0.003, 0.001, 0.003, 0.026, -0.003, 0.001, 0.011, 0.009, -0.017, 0.016, -0.007, 0.006, 0.003, -0.097, 0.077, 0.111, -0.012, 0.017, 0.001, -0.011, 0.010, 0.004, -0.002, 0.002, 0.001, 0.001, 0.002, -0.011, 0.002, -0.003, 0.000, 0.005, -0.008, 0.004, 0.002, 0.002, 0.001, 0.000, 0.003, -0.022, 0.003, 0.012, 0.002, 0.010, -0.002, -0.015, -0.004, 0.004]
  f(xk) = 1170.944
  ||gk|| = 7.337E+02
  stop_crit = 3.059E-02
  ||dir|| = 5.697E-01
  alpha = 1.000E+00
  Curr. impr.: 1.04E+01
  # times under thresh: 0

Epoch 0.03651900814373882:
  xk = [-0.125, 0.165, -0.061, 0.037, -0.010, -0.024, 0.026, -0.008, -0.220, -0.047, -0.022, -0.022, 0.084, -0.018, -0.104, 0.144, -0.033, 0.055, -0.011, -0.082, 0.221, 0.267, -0.067, 0.203, -0.129, -0.077, 0.099, -0.005, 0.002, 0.008, -0.005, 0.016, 0.002, -0.076, -0.067, 0.003, -0.019, 0.032, -0.008, -0.002, -0.008, -0.024, -0.004, 0.000, 0.021, -0.100, -0.012, 0.130, -0.080, 0.169, -0.103, -0.102, -0.019, 0.027]
  f(xk) = 999.629
  ||gk|| = 2.818E+02
  stop_crit = 3.865E-02
  ||dir|| = 2.365E+00
  alpha = 9.242E-01
  Curr. impr.: 9.78E+00
  # times under thresh: 0

Epoch 0.05477851221560823:
  xk = [-0.595, -0.220, -0.021, 0.199, -0.005, -0.144, 0.042, 0.020, -0.175, -0.103, -0.071, -0.081, -0.449, 0.301, -0.526, -0.195, -0.111, 0.080, 0.082, 0.200, 0.436, 0.483, -0.209, 0.645, -0.784, -0.401, -0.233, 0.116, -0.012, -0.076, 0.057, -0.158, 0.156, -0.353, -0.246, 0.110, -0.311, 0.245, 0.000, -0.192, -0.062, -0.071, -0.028, 0.001, 0.091, -0.268, -0.537, 0.767, -0.676, 0.953, -0.810, -0.339, -0.109, -0.060]
  f(xk) = 814.711
  ||gk|| = 4.853E+02
  stop_crit = 2.136E-01
  ||dir|| = 2.961E-02
  alpha = 1.000E+00
  Curr. impr.: 1.09E+01
  # times under thresh: 0

Epoch 0.07303801628747764:
  xk = [-0.596, -0.222, -0.019, 0.200, -0.006, -0.144, 0.042, 0.021, -0.177, -0.096, -0.072, -0.080, -0.450, 0.302, -0.527, -0.197, -0.111, 0.080, 0.082, 0.201, 0.419, 0.505, -0.209, 0.643, -0.782, -0.402, -0.233, 0.116, -0.012, -0.077, 0.057, -0.158, 0.155, -0.353, -0.245, 0.110, -0.311, 0.246, 0.000, -0.194, -0.062, -0.071, -0.028, 0.001, 0.092, -0.270, -0.539, 0.766, -0.676, 0.954, -0.810, -0.340, -0.110, -0.061]
  f(xk) = 826.047
  ||gk|| = 1.882E+02
  stop_crit = 7.027E-02
  ||dir|| = 1.595E+00
  alpha = 1.000E+00
  Curr. impr.: 5.76E+00
  # times under thresh: 0

Epoch 0.09129752035934705:
  xk = [-0.788, -0.772, -0.239, 0.230, -0.214, -0.166, -0.144, 0.155, -0.171, -0.239, -0.133, -0.005, -0.681, 0.089, -0.659, -0.519, -0.152, 0.287, 0.041, 0.419, 0.839, 0.918, -0.120, 0.370, -0.906, -0.591, -0.018, -0.316, -0.014, -0.096, 0.100, -0.223, 0.012, -0.359, -0.267, 0.182, -0.530, 0.303, 0.010, -0.335, -0.126, -0.229, -0.050, -0.003, 0.167, -0.527, -1.024, 0.567, -0.900, 1.518, -1.161, -0.429, -0.144, 0.088]
  f(xk) = 753.128
  ||gk|| = 1.276E+02
  stop_crit = 9.768E-02
  ||dir|| = 1.021E+00
  alpha = 1.000E+00
  Curr. impr.: 5.71E+00
  # times under thresh: 0

Epoch 0.10955702443121645:
  xk = [-1.001, -0.936, -0.277, 0.268, -0.194, -0.228, -0.162, 0.237, -0.188, -0.011, -0.145, 0.127, -0.281, -0.128, -0.838, -0.570, -0.138, 0.400, -0.016, 0.683, 0.907, 0.975, -0.213, 0.434, -0.794, -0.788, -0.058, -0.244, 0.007, -0.062, 0.090, -0.319, 0.045, -0.479, -0.049, 0.185, -0.324, 0.110, 0.026, -0.456, -0.161, -0.290, -0.073, -0.007, 0.200, -0.623, -1.284, 0.958, -1.061, 1.565, -1.212, -0.621, -0.224, 0.054]
  f(xk) = 802.579
  ||gk|| = 1.118E+02
  stop_crit = 6.701E-02
  ||dir|| = 8.903E-01
  alpha = 1.000E+00
  Curr. impr.: 2.39E+00
  # times under thresh: 0

Epoch 0.12781652850308586:
  xk = [-1.167, -1.157, -0.453, 0.223, -0.046, -0.249, -0.017, 0.190, -0.130, -0.114, -0.104, -0.012, -0.562, -0.041, -0.881, -0.396, -0.077, 0.397, -0.175, 0.640, 0.822, 0.893, -0.237, 0.304, -0.758, -0.965, -0.084, -0.315, -0.022, -0.091, 0.140, -0.546, 0.180, -0.538, -0.383, 0.220, -0.513, 0.241, 0.013, -0.546, -0.212, -0.265, -0.088, -0.012, 0.185, -0.572, -1.541, 1.062, -1.045, 1.544, -1.139, -0.806, -0.207, -0.035]
  f(xk) = 740.811
  ||gk|| = 1.270E+02
  stop_crit = 8.111E-02
  ||dir|| = 3.828E-01
  alpha = 1.000E+00
  Curr. impr.: 3.22E+00
  # times under thresh: 0

Epoch 0.14607603257495527:
  xk = [-1.183, -1.090, -0.441, 0.224, -0.040, -0.264, 0.036, 0.196, -0.201, -0.102, -0.101, 0.021, -0.464, -0.054, -0.859, -0.365, -0.069, 0.331, -0.092, 0.742, 0.945, 1.013, -0.241, 0.446, -0.752, -0.969, -0.110, -0.225, -0.016, -0.066, 0.116, -0.501, 0.144, -0.546, -0.322, 0.225, -0.512, 0.244, 0.020, -0.555, -0.221, -0.295, -0.096, -0.012, 0.195, -0.666, -1.571, 1.127, -1.030, 1.668, -1.163, -0.806, -0.215, -0.009]
  f(xk) = 751.909
  ||gk|| = 6.726E+01
  stop_crit = 4.023E-02
  ||dir|| = 9.136E-01
  alpha = 1.000E+00
  Curr. impr.: 2.06E+00
  # times under thresh: 0

Epoch 0.16433553664682468:
  xk = [-1.458, -1.186, -0.654, 0.338, 0.028, -0.283, 0.081, 0.227, -0.200, -0.098, -0.163, -0.017, -0.427, -0.230, -0.841, -0.525, 0.090, -0.009, -0.077, 0.897, 1.082, 1.155, -0.189, 0.332, -0.852, -0.925, -0.388, -0.288, -0.020, -0.002, 0.033, -0.423, 0.207, -0.452, -0.310, 0.151, -0.406, 0.201, 0.012, -0.628, -0.241, -0.401, -0.130, -0.011, 0.222, -0.760, -1.752, 1.393, -1.288, 1.568, -1.002, -0.808, -0.308, 0.114]
  f(xk) = 716.463
  ||gk|| = 1.475E+02
  stop_crit = 1.513E-01
  ||dir|| = 9.911E-01
  alpha = 9.879E-01
  Curr. impr.: 2.32E+00
  # times under thresh: 0

Epoch 0.1825950407186941:
  xk = [-1.613, -1.363, -0.615, 0.392, -0.012, -0.302, 0.002, 0.404, -0.151, -0.121, -0.134, -0.036, -0.543, -0.123, -0.920, -0.570, 0.114, 0.160, -0.145, 0.902, 1.137, 1.149, -0.213, 0.390, -0.746, -1.013, -0.148, -0.350, -0.046, 0.031, 0.057, -0.493, 0.208, -0.442, -0.129, 0.124, -0.454, 0.205, 0.007, -0.752, -0.259, -0.456, -0.149, -0.010, 0.238, -0.776, -2.068, 1.095, -0.944, 2.077, -1.222, -0.895, -0.304, -0.012]
  f(xk) = 761.323
  ||gk|| = 1.000E+02
  stop_crit = 5.838E-02
  ||dir|| = 2.399E-01
  alpha = 1.000E+00
  Curr. impr.: 3.06E+00
  # times under thresh: 0

Epoch 0.2008545447905635:
  xk = [-1.615, -1.308, -0.680, 0.389, -0.023, -0.307, 0.037, 0.387, -0.247, -0.070, -0.131, -0.052, -0.486, -0.170, -0.912, -0.501, 0.125, 0.198, -0.165, 0.933, 1.122, 1.138, -0.207, 0.433, -0.746, -1.023, -0.115, -0.363, -0.047, 0.022, 0.061, -0.477, 0.191, -0.435, -0.166, 0.126, -0.459, 0.207, 0.011, -0.762, -0.270, -0.467, -0.152, -0.010, 0.244, -0.781, -2.076, 1.196, -1.018, 2.064, -1.182, -0.893, -0.300, -0.003]
  f(xk) = 708.222
  ||gk|| = 1.161E+02
  stop_crit = 1.030E-01
  ||dir|| = 2.437E-01
  alpha = 1.000E+00
  Curr. impr.: 2.94E+00
  # times under thresh: 0

Epoch 0.2191140488624329:
  xk = [-1.640, -1.394, -0.678, 0.391, -0.056, -0.315, 0.020, 0.421, -0.118, -0.157, -0.140, -0.050, -0.550, -0.132, -0.917, -0.543, 0.119, 0.206, -0.176, 0.888, 1.126, 1.152, -0.204, 0.410, -0.740, -1.027, -0.193, -0.322, -0.046, 0.041, 0.040, -0.479, 0.171, -0.443, -0.119, 0.128, -0.459, 0.200, 0.006, -0.772, -0.277, -0.475, -0.157, -0.010, 0.243, -0.774, -2.113, 1.183, -1.004, 2.062, -1.165, -0.902, -0.309, 0.014]
  f(xk) = 756.806
  ||gk|| = 2.772E+02
  stop_crit = 2.607E-01
  ||dir|| = 1.918E-02
  alpha = 1.000E+00
  Curr. impr.: 7.39E-01
  # times under thresh: 1

Epoch 0.23737355293430232:
  xk = [-1.640, -1.395, -0.677, 0.390, -0.056, -0.315, 0.020, 0.421, -0.124, -0.153, -0.140, -0.050, -0.552, -0.130, -0.917, -0.545, 0.119, 0.206, -0.175, 0.889, 1.114, 1.164, -0.204, 0.409, -0.739, -1.027, -0.193, -0.320, -0.046, 0.041, 0.040, -0.480, 0.172, -0.443, -0.119, 0.129, -0.460, 0.201, 0.006, -0.772, -0.277, -0.475, -0.157, -0.010, 0.244, -0.774, -2.114, 1.184, -1.003, 2.060, -1.165, -0.901, -0.309, 0.014]
  f(xk) = 726.626
  ||gk|| = 5.935E+01
  stop_crit = 7.237E-02
  ||dir|| = 2.442E+00
  alpha = 1.000E+00
  Curr. impr.: 8.88E-01
  # times under thresh: 2
  -> New batch size of 2000 samples

Epoch 0.27389256107804116:
  xk = [-2.066, -2.245, -1.113, 0.968, -0.719, -0.321, 0.273, 0.249, -0.153, -0.315, 0.040, -0.041, -0.305, 0.389, -1.036, -0.888, 0.054, 0.630, 0.183, 1.127, 1.371, 1.461, 0.128, 0.777, -0.975, -1.150, -0.088, -0.250, 0.153, 0.381, -0.495, -1.046, 0.110, -0.382, -0.175, 0.145, -0.131, 0.287, -0.037, -0.867, -0.910, -1.255, -0.296, -0.016, 0.502, -1.003, -2.326, 1.446, -0.758, 2.209, -1.031, -0.700, -0.017, -0.474]
  f(xk) = 1505.222
  ||gk|| = 4.526E+02
  stop_crit = 3.117E-01
  ||dir|| = 2.104E-02
  alpha = 1.000E+00
  Curr. impr.: 4.36E-02
  # times under thresh: 1

Epoch 0.31041156922178:
  xk = [-2.067, -2.243, -1.116, 0.968, -0.719, -0.321, 0.273, 0.249, -0.149, -0.318, 0.039, -0.041, -0.303, 0.387, -1.036, -0.887, 0.054, 0.630, 0.182, 1.127, 1.384, 1.446, 0.127, 0.778, -0.975, -1.151, -0.087, -0.251, 0.153, 0.380, -0.495, -1.045, 0.110, -0.382, -0.176, 0.145, -0.131, 0.287, -0.037, -0.866, -0.910, -1.255, -0.297, -0.016, 0.502, -1.003, -2.325, 1.447, -0.759, 2.210, -1.032, -0.700, -0.017, -0.473]
  f(xk) = 1528.770
  ||gk|| = 3.168E+02
  stop_crit = 1.836E-01
  ||dir|| = 7.550E-01
  alpha = 1.000E+00
  Curr. impr.: 4.25E-01
  # times under thresh: 2
  -> New batch size of 4000 samples

Epoch 0.3834495855092576:
  xk = [-2.137, -2.325, -1.275, 0.889, -0.639, -0.339, 0.304, 0.262, -0.099, -0.229, 0.023, 0.019, -0.244, 0.194, -1.016, -0.712, 0.142, 0.440, 0.155, 0.965, 1.270, 1.354, 0.110, 0.576, -0.833, -1.151, -0.143, -0.276, 0.133, 0.301, -0.387, -0.962, 0.053, -0.345, -0.317, 0.175, -0.264, 0.361, -0.050, -0.924, -0.973, -1.251, -0.308, -0.015, 0.482, -0.921, -2.417, 1.614, -0.898, 2.057, -0.898, -0.800, -0.079, -0.195]
  f(xk) = 2915.994
  ||gk|| = 2.951E+02
  stop_crit = 5.896E-02
  ||dir|| = 3.552E-01
  alpha = 1.000E+00
  Curr. impr.: 4.68E-01
  # times under thresh: 1

Epoch 0.45648760179673525:
  xk = [-2.121, -2.305, -1.197, 0.846, -0.582, -0.338, 0.304, 0.295, -0.147, -0.182, 0.024, 0.037, -0.257, 0.275, -0.976, -0.652, 0.174, 0.417, 0.191, 1.129, 1.351, 1.388, 0.152, 0.623, -0.766, -1.146, -0.085, -0.203, 0.140, 0.259, -0.331, -0.921, 0.044, -0.336, -0.226, 0.215, -0.283, 0.329, -0.037, -0.939, -0.975, -1.231, -0.313, -0.017, 0.469, -1.001, -2.444, 1.694, -0.843, 2.065, -0.883, -0.774, -0.089, -0.124]
  f(xk) = 2848.787
  ||gk|| = 3.341E+02
  stop_crit = 1.081E-01
  ||dir|| = 6.942E-01
  alpha = 1.000E+00
  Curr. impr.: 7.01E-01
  # times under thresh: 2
  -> New batch size of 8000 samples

Epoch 0.6025636343716905:
  xk = [-2.329, -2.377, -1.192, 0.744, -0.423, -0.364, 0.353, 0.252, -0.133, -0.226, -0.028, 0.098, -0.229, 0.216, -0.967, -0.524, 0.258, 0.465, -0.016, 1.109, 1.252, 1.309, 0.057, 0.753, -0.734, -1.276, -0.215, -0.018, 0.127, 0.165, -0.205, -0.784, 0.072, -0.394, -0.108, 0.232, -0.346, 0.273, -0.046, -1.031, -1.011, -1.199, -0.343, -0.019, 0.442, -0.964, -2.557, 1.618, -0.755, 2.303, -1.003, -0.843, -0.155, -0.019]
  f(xk) = 5680.382
  ||gk|| = 6.993E+02
  stop_crit = 1.157E-01
  ||dir|| = 1.451E-01
  alpha = 1.000E+00
  Curr. impr.: 6.89E-01
  # times under thresh: 1

Epoch 0.7486396669466457:
  xk = [-2.336, -2.388, -1.234, 0.728, -0.409, -0.367, 0.358, 0.250, -0.196, -0.217, -0.028, 0.087, -0.246, 0.202, -0.952, -0.499, 0.268, 0.448, -0.011, 1.069, 1.279, 1.317, 0.070, 0.740, -0.727, -1.274, -0.173, -0.077, 0.125, 0.153, -0.188, -0.771, 0.059, -0.378, -0.136, 0.234, -0.360, 0.275, -0.049, -1.040, -1.023, -1.196, -0.347, -0.020, 0.439, -0.964, -2.571, 1.646, -0.775, 2.279, -0.993, -0.827, -0.155, -0.003]
  f(xk) = 5581.301
  ||gk|| = 4.171E+02
  stop_crit = 6.566E-02
  ||dir|| = 5.138E-01
  alpha = 1.000E+00
  Curr. impr.: 8.97E-01
  # times under thresh: 2
  -> New batch size of 16000 samples

Epoch 1.0407917320965563:
  xk = [-2.379, -2.513, -1.323, 0.639, -0.323, -0.390, 0.312, 0.335, -0.130, -0.186, -0.048, 0.037, -0.328, 0.199, -0.883, -0.514, 0.299, 0.340, 0.031, 1.084, 1.342, 1.378, 0.138, 0.685, -0.618, -1.256, 0.015, -0.207, 0.139, 0.065, -0.081, -0.698, 0.011, -0.358, -0.182, 0.250, -0.380, 0.243, -0.056, -1.100, -1.065, -1.191, -0.374, -0.022, 0.424, -1.006, -2.659, 1.778, -0.863, 2.188, -0.897, -0.775, -0.148, 0.077]
  f(xk) = 11236.440
  ||gk|| = 3.728E+02
  stop_crit = 1.007E-02
  ||dir|| = 3.391E+00
  alpha = 1.000E+00
  Curr. impr.: 7.43E-01
  # times under thresh: 1

Epoch 1.3329437972464668:
  xk = [-3.780, -3.488, -2.623, 0.719, 0.110, -0.464, 0.580, 0.954, -0.129, -0.134, -0.297, 0.072, -0.167, 0.280, -0.617, -0.283, 0.400, 0.373, 0.011, 1.187, 1.551, 1.546, 0.758, 0.989, -0.206, -1.156, 0.106, 0.183, 0.458, 0.060, 0.172, -0.436, 0.280, 0.031, 0.013, 0.177, -0.995, -0.265, -0.077, -2.098, -2.164, -0.922, -0.918, -0.064, -0.083, -1.310, -3.264, 2.097, -0.500, 2.515, -0.727, -0.225, -0.264, 0.075]
  f(xk) = 10990.971
  ||gk|| = 2.640E+02
  stop_crit = 1.916E-02
  ||dir|| = 7.718E-01
  alpha = 1.000E+00
  Curr. impr.: 9.87E-01
  # times under thresh: 2
  -> New batch size of 32000 samples
  Change from Newton step to BFGS!

Epoch 1.917247927546288:
  xk = [-3.962, -3.690, -2.673, 0.636, 0.029, -0.449, 0.623, 0.615, -0.142, -0.146, -0.293, 0.261, -0.184, 0.218, -0.624, -0.313, 0.372, 0.401, 0.121, 1.338, 1.675, 1.666, 0.603, 1.032, -0.152, -0.980, 0.101, 0.070, 0.451, 0.054, 0.286, -0.555, 0.274, 0.122, 0.027, 0.219, -0.916, -0.151, -0.081, -2.161, -2.267, -1.004, -1.043, -0.080, -0.135, -1.468, -3.083, 2.051, -0.533, 2.433, -0.767, -0.317, -0.328, 0.252]
  f(xk) = 21933.196
  ||gk|| = 7.939E+02
  stop_crit = 3.452E-02
  ||dir|| = 1.517E+01
  alpha = 1.000E+00
  Curr. impr.: 9.81E-01
  # times under thresh: 1

Epoch 2.501552057846109:
  xk = [-5.319, -4.609, -3.187, 0.981, 0.338, -0.262, 0.425, 1.072, -0.108, -0.039, -0.547, 0.281, -0.134, 0.554, 0.056, 0.011, 0.215, 0.442, 0.129, -0.356, -0.253, -0.227, 0.831, 1.144, -0.406, -0.724, 0.297, 0.404, 1.337, 0.782, 1.130, -0.680, 0.437, 0.467, 0.456, 0.996, -0.444, 0.656, -5.368, -5.890, -6.693, -2.455, -9.330, -3.134, -2.494, -9.392, -1.875, 2.240, -0.422, 2.612, -0.691, -0.065, -0.263, -0.024]
  f(xk) = 21950.857
  ||gk|| = 5.834E+02
  stop_crit = 2.027E-02
  ||dir|| = 6.797E+00
  alpha = 1.000E+00
  Curr. impr.: 7.93E-01
  # times under thresh: 2
  -> New batch size of 54766 samples

Epoch 3.501552057846109:
  xk = [-5.515, -4.440, -3.413, 0.750, 0.383, -0.354, 0.622, 0.901, -0.120, -0.077, -0.106, 0.143, -0.093, 0.406, -0.166, -0.163, 0.427, 0.487, 0.209, 0.264, 0.536, 0.532, 0.775, 1.132, -0.215, -0.776, 0.153, 0.175, 1.231, 0.364, 0.806, -0.524, 0.420, 0.446, 0.313, 0.887, -0.697, 0.217, -2.759, -5.071, -4.830, -2.177, -5.670, -6.699, -1.929, -7.116, -2.644, 2.147, -0.381, 2.629, -0.533, -0.047, -0.191, 0.096]
  f(xk) = 37371.579
  ||gk|| = 1.599E+03
  stop_crit = 2.452E-02
  ||dir|| = 9.407E+00
  alpha = 3.891E-01

Epoch 4.501552057846109:
  xk = [-5.045, -4.249, -3.050, 0.755, 0.234, -0.466, 0.550, 0.817, -0.118, -0.096, -0.323, 0.207, -0.174, 0.331, -0.215, -0.130, 0.356, 0.431, 0.167, 0.416, 0.682, 0.680, 0.667, 1.056, -0.300, -0.802, 0.186, 0.205, 1.137, 0.398, 0.771, -0.536, 0.378, 0.443, 0.258, 0.816, -0.694, 0.280, -2.222, -4.363, -4.284, -1.976, -4.701, -3.660, -1.527, -5.992, -2.616, 2.188, -0.409, 2.594, -0.604, -0.136, -0.340, 0.139]
  f(xk) = 37286.006
  ||gk|| = 3.458E+02
  stop_crit = 4.520E-03
  ||dir|| = 2.421E+00
  alpha = 3.963E-01

Epoch 5.501552057846109:
  xk = [-4.936, -4.232, -3.036, 0.772, 0.247, -0.452, 0.544, 0.831, -0.119, -0.093, -0.334, 0.200, -0.162, 0.342, -0.229, -0.131, 0.350, 0.431, 0.163, 0.423, 0.674, 0.676, 0.671, 1.064, -0.293, -0.814, 0.189, 0.214, 1.089, 0.410, 0.766, -0.552, 0.369, 0.400, 0.260, 0.755, -0.695, 0.261, -2.415, -4.281, -4.376, -1.903, -4.967, -2.791, -1.488, -5.897, -2.571, 2.168, -0.412, 2.572, -0.615, -0.140, -0.331, 0.124]
  f(xk) = 37281.996
  ||gk|| = 3.447E+01
  stop_crit = 6.248E-04
  ||dir|| = 3.443E-01
  alpha = 4.210E-01

Epoch 6.501552057846109:
  xk = [-4.943, -4.234, -3.034, 0.773, 0.245, -0.445, 0.542, 0.834, -0.118, -0.093, -0.337, 0.204, -0.163, 0.347, -0.222, -0.128, 0.348, 0.431, 0.162, 0.409, 0.657, 0.659, 0.675, 1.063, -0.297, -0.809, 0.190, 0.216, 1.091, 0.416, 0.778, -0.552, 0.373, 0.397, 0.266, 0.762, -0.685, 0.280, -2.459, -4.314, -4.405, -1.926, -5.015, -2.882, -1.514, -5.956, -2.563, 2.171, -0.413, 2.575, -0.614, -0.138, -0.327, 0.123]
  f(xk) = 37281.773
  ||gk|| = 1.387E+01
  stop_crit = 2.167E-04
  ||dir|| = 6.660E-02
  alpha = 3.314E-01

Epoch 7.501552057846109:
  xk = [-4.945, -4.236, -3.035, 0.774, 0.245, -0.447, 0.541, 0.834, -0.118, -0.093, -0.338, 0.204, -0.163, 0.346, -0.222, -0.127, 0.348, 0.431, 0.162, 0.405, 0.654, 0.656, 0.675, 1.063, -0.298, -0.810, 0.191, 0.217, 1.093, 0.418, 0.778, -0.552, 0.373, 0.399, 0.265, 0.764, -0.686, 0.279, -2.450, -4.318, -4.407, -1.925, -5.016, -2.895, -1.514, -5.968, -2.561, 2.172, -0.413, 2.575, -0.615, -0.138, -0.328, 0.123]
  f(xk) = 37281.766
  ||gk|| = 3.140E+00
  stop_crit = 4.044E-05
  ||dir|| = 1.390E-02
  alpha = 3.452E-01

Epoch 8.501552057846109:
  xk = [-4.946, -4.236, -3.035, 0.774, 0.245, -0.446, 0.541, 0.834, -0.118, -0.093, -0.338, 0.204, -0.163, 0.346, -0.221, -0.127, 0.347, 0.431, 0.162, 0.405, 0.654, 0.656, 0.674, 1.063, -0.298, -0.810, 0.191, 0.217, 1.094, 0.418, 0.778, -0.553, 0.372, 0.400, 0.265, 0.765, -0.686, 0.279, -2.452, -4.317, -4.407, -1.925, -5.016, -2.891, -1.513, -5.970, -2.560, 2.172, -0.413, 2.574, -0.615, -0.138, -0.329, 0.123]
  f(xk) = 37281.766
  ||gk|| = 1.373E+00
  stop_crit = 2.287E-05
  ||dir|| = 7.414E-03
  alpha = 1.000E+00

Epoch 9.501552057846109:
  xk = [-4.946, -4.236, -3.034, 0.774, 0.245, -0.447, 0.541, 0.834, -0.118, -0.093, -0.338, 0.204, -0.163, 0.346, -0.221, -0.127, 0.347, 0.431, 0.162, 0.405, 0.654, 0.656, 0.674, 1.063, -0.298, -0.810, 0.191, 0.217, 1.094, 0.418, 0.778, -0.553, 0.372, 0.400, 0.265, 0.765, -0.686, 0.279, -2.452, -4.316, -4.407, -1.925, -5.015, -2.884, -1.513, -5.968, -2.560, 2.172, -0.413, 2.574, -0.615, -0.138, -0.329, 0.123]
  f(xk) = 37281.766
  ||gk|| = 1.082E+00
  stop_crit = 2.655E-05
  ||dir|| = 3.088E-03
  alpha = 3.157E-01

Epoch 10.501552057846109:
  xk = [-4.945, -4.236, -3.034, 0.774, 0.245, -0.447, 0.541, 0.834, -0.118, -0.093, -0.338, 0.204, -0.163, 0.346, -0.221, -0.127, 0.347, 0.431, 0.162, 0.405, 0.654, 0.656, 0.674, 1.063, -0.298, -0.810, 0.191, 0.217, 1.094, 0.418, 0.778, -0.553, 0.372, 0.400, 0.265, 0.765, -0.686, 0.279, -2.452, -4.316, -4.407, -1.925, -5.015, -2.885, -1.513, -5.968, -2.560, 2.172, -0.413, 2.574, -0.615, -0.138, -0.329, 0.123]
  f(xk) = 37281.766
  ||gk|| = 6.874E-01
  stop_crit = 1.430E-05
  ||dir|| = 3.536E-03
  alpha = 1.000E+00

Epoch 11.501552057846109:
  xk = [-4.945, -4.236, -3.034, 0.774, 0.245, -0.447, 0.541, 0.834, -0.118, -0.093, -0.338, 0.204, -0.163, 0.346, -0.221, -0.127, 0.347, 0.431, 0.162, 0.405, 0.654, 0.656, 0.674, 1.063, -0.298, -0.810, 0.191, 0.217, 1.094, 0.418, 0.778, -0.553, 0.372, 0.400, 0.265, 0.764, -0.686, 0.279, -2.452, -4.316, -4.407, -1.925, -5.015, -2.888, -1.513, -5.969, -2.560, 2.172, -0.413, 2.574, -0.615, -0.138, -0.329, 0.123]
  f(xk) = 37281.766
  ||gk|| = 2.810E-01
  stop_crit = 2.060E-06
  ||dir|| = 1.374E-03
  alpha = 5.252E-01

Epoch 12.501552057846109:
  xk = [-4.945, -4.236, -3.034, 0.774, 0.245, -0.447, 0.541, 0.834, -0.118, -0.093, -0.338, 0.204, -0.163, 0.346, -0.221, -0.127, 0.347, 0.431, 0.162, 0.405, 0.654, 0.656, 0.674, 1.063, -0.298, -0.810, 0.191, 0.217, 1.094, 0.418, 0.778, -0.553, 0.372, 0.400, 0.265, 0.765, -0.686, 0.279, -2.452, -4.316, -4.407, -1.925, -5.015, -2.888, -1.513, -5.969, -2.560, 2.172, -0.413, 2.574, -0.615, -0.138, -0.329, 0.123]
  f(xk) = 37281.766
  ||gk|| = 1.596E-01
  stop_crit = 3.231E-06
  ||dir|| = 8.555E-04
  alpha = 1.000E+00

Epoch 13.501552057846109:
  xk = [-4.945, -4.236, -3.034, 0.774, 0.245, -0.447, 0.541, 0.834, -0.118, -0.093, -0.338, 0.204, -0.163, 0.346, -0.221, -0.127, 0.347, 0.431, 0.162, 0.405, 0.654, 0.656, 0.674, 1.063, -0.298, -0.810, 0.191, 0.217, 1.094, 0.418, 0.778, -0.553, 0.372, 0.400, 0.265, 0.765, -0.686, 0.279, -2.451, -4.316, -4.407, -1.925, -5.015, -2.887, -1.513, -5.968, -2.560, 2.172, -0.413, 2.574, -0.615, -0.138, -0.329, 0.123]
  f(xk) = 37281.766
  ||gk|| = 5.289E-02
  stop_crit = 1.325E-06
  ||dir|| = 3.037E-04
  alpha = 7.241E-01

Algorithm Optimized!
  x* = [-4.945, -4.236, -3.034, 0.774, 0.245, -0.447, 0.541, 0.834, -0.118, -0.093, -0.338, 0.204, -0.163, 0.346, -0.221, -0.127, 0.347, 0.431, 0.162, 0.405, 0.654, 0.656, 0.674, 1.063, -0.298, -0.810, 0.191, 0.217, 1.094, 0.418, 0.778, -0.553, 0.372, 0.400, 0.265, 0.765, -0.686, 0.279, -2.452, -4.316, -4.407, -1.925, -5.015, -2.887, -1.513, -5.968, -2.560, 2.172, -0.413, 2.574, -0.615, -0.138, -0.329, 0.123]
  f(x*) = 37281.766
Finished at lun aoû 12 22:49:37 CEST 2019
