Optimizing LPMC_MNL_DC_M with best algo at lun aoû 12 22:48:38 CEST 2019
Maximizing the problem using a Line Search ABS IOA with the Hybrid direction.
Epoch 0:
  xk = [0.000, 0.000, 0.000, 0.000, 0.000, 0.000, 0.000, 0.000, 0.000, 0.000, 0.000, 0.000, 0.000]
  f(xk) = 1386.294
  ||gk|| = 5.244E+02
  stop_crit = 0.000E+00
  ||dir|| = 1.223E+00
  alpha = 1.000E+00

Epoch 0.01825950407186941:
  xk = [-0.700, 0.752, 0.120, -0.040, 0.207, -0.259, 0.148, 0.021, -0.000, 0.003, 0.089, -0.515, 0.136]
  f(xk) = 1105.637
  ||gk|| = 2.896E+02
  stop_crit = 4.017E-02
  ||dir|| = 9.210E-02
  alpha = 1.000E+00
  Curr. impr.: 1.35E+01
  # times under thresh: 0

Epoch 0.03651900814373882:
  xk = [-0.720, 0.747, 0.131, -0.125, 0.222, -0.266, 0.144, 0.022, 0.000, 0.003, 0.096, -0.529, 0.126]
  f(xk) = 1096.226
  ||gk|| = 1.464E+02
  stop_crit = 4.550E-02
  ||dir|| = 1.391E+00
  alpha = 1.200E-01
  Curr. impr.: 4.29E+00
  # times under thresh: 0

Epoch 0.05477851221560823:
  xk = [-0.839, 0.763, 0.159, -0.142, 0.177, -0.310, 0.152, 0.021, 0.007, 0.002, 0.117, -0.613, 0.097]
  f(xk) = 1055.224
  ||gk|| = 1.211E+02
  stop_crit = 4.502E-02
  ||dir|| = 9.828E-01
  alpha = 8.411E-01
  Curr. impr.: 3.22E+00
  # times under thresh: 0

Epoch 0.07303801628747764:
  xk = [-1.392, 0.992, 0.110, -0.250, 0.079, -0.503, 0.193, 0.013, -0.052, 0.000, 0.247, -1.094, -0.007]
  f(xk) = 1041.737
  ||gk|| = 9.336E+01
  stop_crit = 6.479E-02
  ||dir|| = 4.651E+00
  alpha = 1.019E-01
  Curr. impr.: 2.07E+00
  # times under thresh: 0

Epoch 0.09129752035934705:
  xk = [-1.662, 0.830, -0.090, -0.236, 0.070, -0.594, 0.151, -0.020, -0.056, 0.010, 0.325, -1.255, -0.211]
  f(xk) = 965.646
  ||gk|| = 5.706E+01
  stop_crit = 4.362E-02
  ||dir|| = 4.546E+00
  alpha = 7.794E-01
  Curr. impr.: 3.21E+00
  # times under thresh: 0

Epoch 0.10955702443121645:
  xk = [-3.301, -0.027, -1.146, -0.172, -0.149, -1.382, -0.399, -0.565, -0.476, 0.019, 1.285, -2.915, -1.912]
  f(xk) = 906.860
  ||gk|| = 8.296E+01
  stop_crit = 7.110E-02
  ||dir|| = 1.669E-01
  alpha = 1.000E+00
  Curr. impr.: 3.47E+00
  # times under thresh: 0

Epoch 0.12781652850308586:
  xk = [-3.314, -0.090, -1.068, -0.089, -0.074, -1.390, -0.416, -0.563, -0.455, 0.018, 1.291, -2.975, -1.941]
  f(xk) = 909.278
  ||gk|| = 8.559E+01
  stop_crit = 6.488E-02
  ||dir|| = 1.476E-01
  alpha = 1.000E+00
  Curr. impr.: 2.34E+00
  # times under thresh: 0

Epoch 0.14607603257495527:
  xk = [-3.298, -0.087, -1.094, -0.182, -0.175, -1.385, -0.416, -0.573, -0.463, 0.013, 1.288, -3.009, -1.961]
  f(xk) = 925.736
  ||gk|| = 6.353E+01
  stop_crit = 7.246E-02
  ||dir|| = 1.422E+00
  alpha = 1.000E+00
  Curr. impr.: 1.35E+00
  # times under thresh: 0

Epoch 0.16433553664682468:
  xk = [-3.038, -0.386, -1.227, -0.175, -0.217, -1.344, -0.393, -0.715, -0.637, -0.119, 1.280, -4.263, -2.414]
  f(xk) = 887.348
  ||gk|| = 8.679E+01
  stop_crit = 9.743E-02
  ||dir|| = 1.562E-01
  alpha = 1.000E+00
  Curr. impr.: 1.71E+00
  # times under thresh: 0

Epoch 0.1825950407186941:
  xk = [-3.121, -0.357, -1.225, -0.073, -0.148, -1.375, -0.387, -0.720, -0.627, -0.123, 1.279, -4.282, -2.420]
  f(xk) = 890.942
  ||gk|| = 8.360E+01
  stop_crit = 6.867E-02
  ||dir|| = 1.568E-01
  alpha = 1.000E+00
  Curr. impr.: 2.59E+00
  # times under thresh: 0

Epoch 0.2008545447905635:
  xk = [-3.155, -0.336, -1.324, -0.142, -0.236, -1.381, -0.385, -0.743, -0.636, -0.130, 1.273, -4.276, -2.425]
  f(xk) = 864.345
  ||gk|| = 7.143E+01
  stop_crit = 1.076E-01
  ||dir|| = 9.216E-01
  alpha = 1.000E+00
  Curr. impr.: 2.21E+00
  # times under thresh: 0

Epoch 0.2191140488624329:
  xk = [-3.956, -0.488, -1.484, -0.200, -0.278, -1.723, -0.365, -0.797, -0.484, -0.152, 1.259, -4.248, -2.514]
  f(xk) = 866.952
  ||gk|| = 9.486E+01
  stop_crit = 7.969E-02
  ||dir|| = 1.951E-01
  alpha = 1.000E+00
  Curr. impr.: 1.73E+00
  # times under thresh: 0

Epoch 0.23737355293430232:
  xk = [-3.964, -0.474, -1.493, -0.048, -0.172, -1.729, -0.352, -0.812, -0.477, -0.156, 1.245, -4.298, -2.519]
  f(xk) = 869.958
  ||gk|| = 2.107E+02
  stop_crit = 6.395E-02
  ||dir|| = 1.406E-01
  alpha = 1.000E+00
  Curr. impr.: 1.24E+00
  # times under thresh: 0

Epoch 0.2556330570061717:
  xk = [-3.942, -0.451, -1.535, -0.154, -0.239, -1.722, -0.354, -0.825, -0.486, -0.159, 1.241, -4.325, -2.524]
  f(xk) = 874.942
  ||gk|| = 1.055E+02
  stop_crit = 5.874E-02
  ||dir|| = 5.830E-02
  alpha = 1.000E+00
  Curr. impr.: 7.75E-01
  # times under thresh: 1

Epoch 0.27389256107804116:
  xk = [-3.944, -0.473, -1.517, -0.194, -0.210, -1.723, -0.361, -0.823, -0.481, -0.159, 1.243, -4.328, -2.532]
  f(xk) = 835.623
  ||gk|| = 2.549E+01
  stop_crit = 3.587E-02
  ||dir|| = 3.017E+00
  alpha = 1.000E+00
  Curr. impr.: 1.25E+00
  # times under thresh: 0

Epoch 0.29215206514991054:
  xk = [-4.822, -0.935, -2.350, -0.218, -0.162, -2.537, -0.308, -1.957, -0.019, -0.580, 0.609, -6.154, -3.690]
  f(xk) = 870.003
  ||gk|| = 3.639E+01
  stop_crit = 6.890E-02
  ||dir|| = 4.761E-01
  alpha = 1.000E+00
  Curr. impr.: 2.75E-01
  # times under thresh: 1

Epoch 0.3104115692217799:
  xk = [-4.550, -0.734, -2.144, -0.217, -0.150, -2.505, -0.414, -1.928, -0.011, -0.617, 0.629, -6.386, -3.661]
  f(xk) = 845.562
  ||gk|| = 9.351E+01
  stop_crit = 5.808E-02
  ||dir|| = 6.637E-02
  alpha = 1.000E+00
  Curr. impr.: 7.10E-01
  # times under thresh: 2
  -> New batch size of 2000 samples

Epoch 0.34693057736551874:
  xk = [-4.543, -0.731, -2.161, -0.177, -0.199, -2.500, -0.409, -1.932, -0.015, -0.620, 0.625, -6.386, -3.658]
  f(xk) = 1715.762
  ||gk|| = 1.759E+02
  stop_crit = 7.937E-02
  ||dir|| = 6.962E-02
  alpha = 1.000E+00
  Curr. impr.: 3.21E-01
  # times under thresh: 1

Epoch 0.38344958550925756:
  xk = [-4.538, -0.765, -2.136, -0.192, -0.148, -2.499, -0.419, -1.930, -0.014, -0.620, 0.629, -6.389, -3.667]
  f(xk) = 1669.866
  ||gk|| = 1.289E+02
  stop_crit = 5.097E-02
  ||dir|| = 4.830E-02
  alpha = 1.000E+00
  Curr. impr.: 6.64E-01
  # times under thresh: 2
  -> New batch size of 4000 samples

Epoch 0.4564876017967352:
  xk = [-4.537, -0.770, -2.151, -0.157, -0.176, -2.499, -0.417, -1.932, -0.020, -0.623, 0.628, -6.385, -3.665]
  f(xk) = 3457.768
  ||gk|| = 1.808E+02
  stop_crit = 4.509E-02
  ||dir|| = 2.884E-01
  alpha = 1.000E+00
  Curr. impr.: 7.08E-02
  # times under thresh: 1

Epoch 0.5295256180842128:
  xk = [-4.441, -0.999, -2.217, -0.157, -0.218, -2.460, -0.487, -1.962, -0.085, -0.636, 0.651, -6.354, -3.713]
  f(xk) = 3449.614
  ||gk|| = 1.026E+02
  stop_crit = 4.614E-02
  ||dir|| = 1.123E+00
  alpha = 3.049E-01
  Curr. impr.: 8.37E-02
  # times under thresh: 2
  -> New batch size of 8000 samples

Epoch 0.6756016506591681:
  xk = [-4.361, -1.014, -2.221, -0.147, -0.208, -2.456, -0.596, -2.016, -0.294, -0.687, 0.735, -6.558, -3.699]
  f(xk) = 6740.902
  ||gk|| = 2.511E+02
  stop_crit = 2.423E-02
  ||dir|| = 2.311E-02
  alpha = 1.000E+00
  Curr. impr.: 3.33E-01
  # times under thresh: 1

Epoch 0.8216776832341234:
  xk = [-4.364, -1.008, -2.228, -0.141, -0.227, -2.456, -0.594, -2.018, -0.299, -0.689, 0.734, -6.559, -3.695]
  f(xk) = 6802.673
  ||gk|| = 1.790E+02
  stop_crit = 2.578E-02
  ||dir|| = 1.137E-01
  alpha = 1.000E+00
  Curr. impr.: 1.17E-01
  # times under thresh: 2
  -> New batch size of 16000 samples

Epoch 1.1138297483840338:
  xk = [-4.406, -0.947, -2.240, -0.134, -0.172, -2.478, -0.589, -2.039, -0.339, -0.711, 0.734, -6.587, -3.672]
  f(xk) = 13496.817
  ||gk|| = 1.729E+02
  stop_crit = 1.629E-02
  ||dir|| = 3.852E+00
  alpha = 1.000E+00
  Curr. impr.: 2.20E-01
  # times under thresh: 1

Epoch 1.4059818135339444:
  xk = [-5.126, -1.729, -2.741, -0.114, -0.199, -3.198, -2.093, -3.469, -1.104, -2.089, -0.099, -8.883, -3.238]
  f(xk) = 13477.497
  ||gk|| = 1.527E+02
  stop_crit = 2.930E-02
  ||dir|| = 3.917E-01
  alpha = 1.000E+00
  Curr. impr.: 1.79E-01
  # times under thresh: 2
  -> New batch size of 32000 samples
  Change from Newton step to BFGS!

Epoch 1.9902859438337654:
  xk = [-5.295, -1.683, -2.706, -0.125, -0.205, -3.260, -2.153, -3.514, -1.228, -2.207, -0.208, -8.618, -3.264]
  f(xk) = 26648.708
  ||gk|| = 5.234E+02
  stop_crit = 2.027E-02
  ||dir|| = 7.441E+00
  alpha = 1.000E+00
  Curr. impr.: 3.99E-01
  # times under thresh: 1

Epoch 2.5745900741335865:
  xk = [-4.465, -1.255, -2.056, -0.092, -0.201, -6.218, -5.519, -5.642, -2.498, -6.815, -2.745, -8.272, -3.016]
  f(xk) = 26684.117
  ||gk|| = 8.130E+02
  stop_crit = 2.643E-02
  ||dir|| = 2.813E+00
  alpha = 1.000E+00
  Curr. impr.: 2.97E-01
  # times under thresh: 2
  -> New batch size of 54766 samples

Epoch 3.5745900741335865:
  xk = [-4.983, -1.564, -2.539, -0.098, -0.175, -4.992, -4.359, -4.466, -2.196, -5.336, -2.068, -8.860, -3.021]
  f(xk) = 45612.298
  ||gk|| = 9.315E+02
  stop_crit = 2.079E-02
  ||dir|| = 2.537E+00
  alpha = 3.805E-01

Epoch 4.574590074133587:
  xk = [-4.933, -1.513, -2.422, -0.104, -0.197, -4.731, -4.007, -4.644, -1.925, -4.749, -1.633, -8.577, -3.058]
  f(xk) = 45586.489
  ||gk|| = 1.398E+02
  stop_crit = 3.413E-03
  ||dir|| = 4.946E-01
  alpha = 4.567E-01

Epoch 5.574590074133587:
  xk = [-4.889, -1.497, -2.397, -0.103, -0.197, -4.853, -4.110, -4.710, -1.961, -4.847, -1.717, -8.578, -3.056]
  f(xk) = 45585.355
  ||gk|| = 1.924E+01
  stop_crit = 1.318E-03
  ||dir|| = 1.300E-01
  alpha = 2.977E-01

Epoch 6.574590074133587:
  xk = [-4.882, -1.490, -2.390, -0.103, -0.197, -4.859, -4.118, -4.715, -1.966, -4.870, -1.723, -8.553, -3.055]
  f(xk) = 45585.283
  ||gk|| = 3.814E+00
  stop_crit = 6.294E-05
  ||dir|| = 2.139E-02
  alpha = 3.375E-01

Epoch 7.574590074133587:
  xk = [-4.883, -1.491, -2.389, -0.103, -0.197, -4.858, -4.118, -4.719, -1.966, -4.875, -1.721, -8.553, -3.055]
  f(xk) = 45585.282
  ||gk|| = 1.480E+00
  stop_crit = 2.897E-05
  ||dir|| = 2.923E-03
  alpha = 1.000E+00

Epoch 8.574590074133587:
  xk = [-4.883, -1.490, -2.389, -0.103, -0.197, -4.856, -4.117, -4.719, -1.965, -4.874, -1.720, -8.553, -3.056]
  f(xk) = 45585.281
  ||gk|| = 4.993E-01
  stop_crit = 1.735E-05
  ||dir|| = 9.514E-04
  alpha = 4.889E-01

Epoch 9.574590074133587:
  xk = [-4.883, -1.491, -2.389, -0.103, -0.197, -4.857, -4.117, -4.719, -1.965, -4.874, -1.720, -8.553, -3.056]
  f(xk) = 45585.281
  ||gk|| = 3.187E-01
  stop_crit = 5.987E-06
  ||dir|| = 4.291E-04
  alpha = 1.000E+00

Epoch 10.574590074133587:
  xk = [-4.883, -1.491, -2.389, -0.103, -0.197, -4.857, -4.117, -4.719, -1.965, -4.874, -1.720, -8.553, -3.056]
  f(xk) = 45585.281
  ||gk|| = 1.814E-01
  stop_crit = 3.882E-06
  ||dir|| = 2.372E-04
  alpha = 1.000E+00

Epoch 11.574590074133587:
  xk = [-4.883, -1.491, -2.389, -0.103, -0.197, -4.857, -4.117, -4.719, -1.965, -4.874, -1.720, -8.553, -3.056]
  f(xk) = 45585.281
  ||gk|| = 7.389E-02
  stop_crit = 1.176E-06
  ||dir|| = 2.084E-04
  alpha = 4.639E-01

Algorithm Optimized!
  x* = [-4.883, -1.491, -2.389, -0.103, -0.197, -4.857, -4.117, -4.719, -1.965, -4.874, -1.720, -8.553, -3.056]
  f(x*) = 45585.281
Finished at lun aoû 12 22:49:05 CEST 2019
