Optimizing LPMC_MNL_RR_S with best algo at mer aoû 14 16:40:01 CEST 2019
Maximizing the problem using a Line Search ABS IOA with the Hybrid direction.
Epoch 0:
  xk = [0.000, 0.000, 0.000, 0.000, 0.000, 0.000, 0.000, 0.000, 0.000, 0.000, 0.000, 0.000, 0.000, 0.000, 0.000, 0.000, 0.000, 0.000, 0.000, 0.000, 0.000, 0.000, 0.000, 0.000, 0.000, 0.000, 0.000, 0.000, 0.000, 0.000, 0.000, 0.000, 0.000, 0.000, 0.000, 0.000, 0.000, 0.000, 0.000, 0.000, 0.000, 0.000, 0.000, 0.000, 0.000, 0.000, 0.000, 0.000, 0.000, 0.000, 0.000, 0.000, 0.000, 0.000]
  f(xk) = 1386.294
  ||gk|| = 1.923E+03
  stop_crit = 0.000E+00
  ||dir|| = 1.881E-01
  alpha = 1.000E+00

Epoch 0.03639275056408763:
  xk = [-0.022, 0.016, 0.012, 0.002, 0.001, -0.003, 0.003, 0.001, 0.007, 0.032, -0.003, 0.002, 0.012, 0.010, -0.018, 0.014, -0.006, 0.006, 0.004, -0.102, 0.069, 0.124, -0.013, 0.017, 0.002, -0.012, 0.008, 0.007, -0.002, 0.001, 0.002, 0.001, 0.001, -0.012, 0.005, -0.003, 0.001, 0.004, -0.008, 0.004, 0.002, 0.002, 0.001, 0.000, 0.004, -0.022, 0.003, 0.011, 0.003, 0.012, -0.003, -0.016, -0.004, 0.004]
  f(xk) = 1177.930
  ||gk|| = 9.706E+02
  stop_crit = 4.728E-02
  ||dir|| = 2.655E-01
  alpha = 1.000E+00
  Curr. impr.: 1.00E+01
  # times under thresh: 0

Epoch 0.07278550112817526:
  xk = [-0.067, 0.064, 0.011, 0.008, 0.004, -0.010, 0.007, 0.006, -0.007, 0.032, -0.010, 0.003, 0.043, 0.015, -0.055, 0.055, -0.018, 0.026, 0.003, -0.197, 0.230, 0.235, -0.037, 0.075, -0.022, -0.039, 0.032, 0.009, -0.004, 0.005, 0.003, -0.001, 0.005, -0.039, -0.004, -0.006, 0.004, 0.012, -0.016, 0.009, 0.003, -0.001, 0.001, 0.000, 0.009, -0.065, 0.004, 0.044, -0.008, 0.058, -0.026, -0.047, -0.013, 0.013]
  f(xk) = 1044.863
  ||gk|| = 4.586E+02
  stop_crit = 8.157E-02
  ||dir|| = 2.028E+00
  alpha = 6.880E-01
  Curr. impr.: 8.12E+00
  # times under thresh: 0

Epoch 0.10917825169226289:
  xk = [-0.346, -0.164, -0.129, -0.019, -0.151, -0.060, -0.050, 0.120, 0.007, -0.104, -0.066, -0.076, -0.270, 0.095, -0.276, -0.149, -0.053, 0.025, -0.105, -0.127, 0.366, 0.462, -0.170, 0.452, -0.438, -0.242, -0.111, 0.050, -0.020, 0.028, 0.029, -0.100, -0.030, -0.193, -0.160, 0.027, -0.188, 0.207, -0.019, -0.092, -0.044, -0.114, -0.032, -0.004, 0.088, -0.162, -0.264, 0.296, -0.413, 0.614, -0.500, -0.223, -0.072, 0.007]
  f(xk) = 875.211
  ||gk|| = 2.724E+02
  stop_crit = 2.638E-02
  ||dir|| = 2.751E+00
  alpha = 3.608E-01
  Curr. impr.: 9.45E+00
  # times under thresh: 0

Epoch 0.14557100225635053:
  xk = [-0.547, -0.375, -0.118, 0.075, -0.211, -0.117, -0.104, 0.166, -0.064, -0.126, -0.116, 0.040, -0.321, 0.038, -0.501, -0.286, -0.107, 0.088, -0.159, 0.213, 0.498, 0.580, -0.196, 0.415, -0.537, -0.397, -0.076, 0.093, -0.008, -0.008, 0.090, -0.119, -0.041, -0.343, -0.175, 0.116, -0.284, 0.231, 0.003, -0.189, -0.087, -0.160, -0.053, -0.010, 0.142, -0.294, -0.558, 0.634, -0.679, 0.951, -0.803, -0.361, -0.115, -0.085]
  f(xk) = 803.906
  ||gk|| = 2.360E+02
  stop_crit = 1.087E-01
  ||dir|| = 2.091E+00
  alpha = 9.705E-01
  Curr. impr.: 7.51E+00
  # times under thresh: 0

Epoch 0.18196375282043817:
  xk = [-1.052, -0.977, -0.327, 0.108, -0.293, -0.277, -0.110, 0.213, -0.185, -0.235, -0.222, 0.247, -0.476, -0.130, -0.817, -0.558, -0.136, -0.114, -0.051, 0.727, 0.982, 1.053, -0.174, 0.413, -0.888, -0.801, -0.259, 0.041, 0.011, 0.011, 0.192, -0.168, -0.037, -0.646, -0.501, 0.282, -0.407, 0.223, 0.022, -0.398, -0.203, -0.309, -0.105, -0.016, 0.278, -0.642, -1.243, 0.928, -1.029, 1.645, -1.298, -0.665, -0.223, 0.081]
  f(xk) = 748.202
  ||gk|| = 1.156E+02
  stop_crit = 6.265E-02
  ||dir|| = 8.099E-01
  alpha = 1.000E+00
  Curr. impr.: 6.30E+00
  # times under thresh: 0

Epoch 0.2183565033845258:
  xk = [-1.240, -1.201, -0.355, 0.056, -0.236, -0.303, 0.032, 0.172, -0.152, -0.003, -0.218, 0.343, -0.586, -0.226, -0.862, -0.500, -0.063, 0.114, -0.255, 0.622, 0.949, 0.963, -0.256, 0.497, -0.817, -0.914, -0.361, 0.041, -0.012, 0.032, 0.198, -0.397, 0.035, -0.721, -0.380, 0.296, -0.461, 0.223, 0.011, -0.469, -0.256, -0.322, -0.132, -0.018, 0.253, -0.585, -1.419, 1.161, -1.289, 1.547, -1.181, -0.777, -0.291, 0.103]
  f(xk) = 741.369
  ||gk|| = 3.003E+02
  stop_crit = 2.743E-01
  ||dir|| = 1.903E-02
  alpha = 1.000E+00
  Curr. impr.: 4.39E+00
  # times under thresh: 0

Epoch 0.2547492539486134:
  xk = [-1.240, -1.202, -0.354, 0.056, -0.236, -0.303, 0.032, 0.172, -0.155, -0.001, -0.218, 0.342, -0.587, -0.224, -0.862, -0.501, -0.062, 0.114, -0.255, 0.623, 0.937, 0.977, -0.256, 0.496, -0.816, -0.914, -0.359, 0.040, -0.012, 0.032, 0.198, -0.396, 0.035, -0.721, -0.380, 0.297, -0.461, 0.223, 0.011, -0.470, -0.256, -0.322, -0.132, -0.018, 0.254, -0.585, -1.420, 1.160, -1.288, 1.548, -1.181, -0.777, -0.291, 0.103]
  f(xk) = 732.565
  ||gk|| = 3.543E+02
  stop_crit = 3.067E-01
  ||dir|| = 2.646E-02
  alpha = 1.000E+00
  Curr. impr.: 3.29E+00
  # times under thresh: 0

Epoch 0.29114200451270106:
  xk = [-1.240, -1.200, -0.356, 0.056, -0.235, -0.303, 0.033, 0.172, -0.151, -0.007, -0.218, 0.341, -0.585, -0.225, -0.862, -0.498, -0.062, 0.114, -0.255, 0.626, 0.955, 0.960, -0.255, 0.497, -0.816, -0.914, -0.356, 0.038, -0.012, 0.032, 0.198, -0.396, 0.035, -0.721, -0.380, 0.297, -0.461, 0.223, 0.011, -0.469, -0.256, -0.322, -0.132, -0.018, 0.254, -0.586, -1.420, 1.162, -1.289, 1.550, -1.182, -0.777, -0.291, 0.104]
  f(xk) = 784.056
  ||gk|| = 1.313E+02
  stop_crit = 9.582E-02
  ||dir|| = 7.942E-01
  alpha = 1.000E+00
  Curr. impr.: 1.14E+00
  # times under thresh: 0

Epoch 0.3275347550767887:
  xk = [-1.287, -1.264, -0.413, 0.154, -0.326, -0.334, -0.014, 0.388, -0.191, -0.247, -0.176, 0.185, -0.596, 0.032, -0.875, -0.362, -0.021, 0.112, -0.076, 0.837, 1.033, 1.069, -0.212, 0.504, -0.670, -0.988, -0.155, -0.077, 0.007, 0.028, 0.188, -0.305, -0.022, -0.681, -0.264, 0.245, -0.494, 0.255, 0.025, -0.513, -0.302, -0.346, -0.152, -0.019, 0.283, -0.694, -1.520, 0.998, -1.043, 1.757, -1.272, -0.718, -0.274, 0.047]
  f(xk) = 699.691
  ||gk|| = 2.029E+02
  stop_crit = 2.422E-01
  ||dir|| = 3.159E-01
  alpha = 1.000E+00
  Curr. impr.: 2.71E+00
  # times under thresh: 0

Epoch 0.36392750564087634:
  xk = [-1.338, -1.292, -0.536, 0.176, -0.341, -0.345, -0.037, 0.343, -0.196, -0.321, -0.169, 0.164, -0.566, -0.020, -0.862, -0.379, -0.019, 0.153, -0.145, 0.804, 1.029, 1.143, -0.199, 0.537, -0.738, -1.034, -0.124, -0.073, 0.017, 0.020, 0.188, -0.334, 0.011, -0.679, -0.281, 0.229, -0.448, 0.220, 0.022, -0.540, -0.329, -0.385, -0.162, -0.022, 0.308, -0.702, -1.568, 1.148, -1.136, 1.728, -1.252, -0.743, -0.259, 0.021]
  f(xk) = 718.298
  ||gk|| = 6.638E+01
  stop_crit = 6.431E-02
  ||dir|| = 8.017E-01
  alpha = 1.000E+00
  Curr. impr.: 4.12E+00
  # times under thresh: 0

Epoch 0.400320256204964:
  xk = [-1.474, -1.414, -0.688, -0.040, -0.144, -0.400, 0.177, 0.251, -0.177, -0.329, -0.199, 0.211, -0.624, 0.072, -0.824, -0.460, -0.020, 0.239, -0.125, 0.853, 1.142, 1.243, -0.211, 0.549, -0.668, -1.132, 0.044, -0.110, -0.002, -0.022, 0.237, -0.522, 0.214, -0.708, -0.342, 0.263, -0.527, 0.229, 0.017, -0.653, -0.366, -0.454, -0.222, -0.026, 0.357, -0.784, -1.873, 1.416, -1.158, 1.637, -1.078, -0.702, -0.212, -0.077]
  f(xk) = 697.950
  ||gk|| = 2.281E+02
  stop_crit = 2.845E-01
  ||dir|| = 3.724E-01
  alpha = 1.000E+00
  Curr. impr.: 3.19E+00
  # times under thresh: 0

Epoch 0.4367130067690516:
  xk = [-1.509, -1.471, -0.777, 0.034, -0.233, -0.397, 0.190, 0.224, -0.215, -0.122, -0.197, 0.204, -0.646, 0.011, -0.829, -0.468, -0.021, 0.212, -0.107, 0.789, 1.148, 1.158, -0.230, 0.467, -0.632, -1.132, 0.005, -0.163, -0.000, -0.025, 0.230, -0.511, 0.162, -0.715, -0.414, 0.262, -0.552, 0.266, 0.013, -0.677, -0.384, -0.464, -0.224, -0.025, 0.361, -0.746, -1.926, 1.347, -1.137, 1.732, -1.169, -0.717, -0.222, -0.098]
  f(xk) = 744.715
  ||gk|| = 1.429E+02
  stop_crit = 1.580E-01
  ||dir|| = 2.065E-01
  alpha = 1.000E+00
  Curr. impr.: 9.77E-01
  # times under thresh: 1

Epoch 0.47310575733313925:
  xk = [-1.500, -1.518, -0.789, 0.047, -0.243, -0.400, 0.172, 0.245, -0.209, -0.200, -0.201, 0.215, -0.658, -0.014, -0.814, -0.514, -0.010, 0.208, -0.108, 0.906, 1.075, 1.107, -0.208, 0.439, -0.634, -1.126, -0.035, -0.164, -0.002, -0.027, 0.231, -0.505, 0.149, -0.695, -0.370, 0.267, -0.526, 0.239, 0.022, -0.686, -0.391, -0.462, -0.227, -0.026, 0.354, -0.745, -1.941, 1.336, -1.138, 1.744, -1.183, -0.706, -0.224, -0.102]
  f(xk) = 750.549
  ||gk|| = 2.391E+02
  stop_crit = 2.363E-01
  ||dir|| = 9.602E-02
  alpha = 1.000E+00
  Curr. impr.: 1.00E-01
  # times under thresh: 2
  -> New batch size of 2000 samples

Epoch 0.5458912584613145:
  xk = [-1.508, -1.515, -0.782, 0.053, -0.245, -0.401, 0.172, 0.248, -0.190, -0.179, -0.201, 0.214, -0.652, -0.007, -0.816, -0.518, -0.011, 0.207, -0.106, 0.841, 1.124, 1.139, -0.214, 0.442, -0.626, -1.127, -0.034, -0.161, -0.003, -0.024, 0.231, -0.499, 0.144, -0.694, -0.361, 0.262, -0.523, 0.242, 0.017, -0.685, -0.391, -0.462, -0.228, -0.026, 0.355, -0.749, -1.942, 1.336, -1.131, 1.753, -1.185, -0.710, -0.224, -0.100]
  f(xk) = 1461.915
  ||gk|| = 2.583E+02
  stop_crit = 1.358E-01
  ||dir|| = 1.399E-01
  alpha = 1.000E+00
  Curr. impr.: 2.77E-01
  # times under thresh: 1

Epoch 0.6186767595894898:
  xk = [-1.522, -1.523, -0.777, 0.055, -0.238, -0.401, 0.160, 0.260, -0.094, -0.201, -0.200, 0.216, -0.630, -0.006, -0.816, -0.522, -0.006, 0.220, -0.096, 0.896, 1.090, 1.149, -0.213, 0.467, -0.644, -1.132, -0.039, -0.139, -0.005, -0.013, 0.226, -0.496, 0.143, -0.694, -0.341, 0.267, -0.525, 0.241, 0.020, -0.695, -0.393, -0.463, -0.229, -0.026, 0.358, -0.758, -1.952, 1.329, -1.110, 1.786, -1.201, -0.720, -0.229, -0.101]
  f(xk) = 1389.828
  ||gk|| = 3.049E+02
  stop_crit = 1.826E-01
  ||dir|| = 9.513E-02
  alpha = 1.000E+00
  Curr. impr.: 9.91E-01
  # times under thresh: 2
  -> New batch size of 4000 samples

Epoch 0.7642477618458403:
  xk = [-1.533, -1.514, -0.783, 0.062, -0.244, -0.402, 0.160, 0.260, -0.145, -0.195, -0.199, 0.217, -0.617, -0.008, -0.821, -0.508, -0.007, 0.233, -0.103, 0.848, 1.126, 1.184, -0.215, 0.482, -0.652, -1.134, -0.035, -0.143, -0.006, -0.011, 0.224, -0.487, 0.141, -0.693, -0.341, 0.265, -0.526, 0.245, 0.016, -0.696, -0.397, -0.464, -0.229, -0.026, 0.360, -0.764, -1.956, 1.334, -1.106, 1.799, -1.207, -0.727, -0.232, -0.098]
  f(xk) = 2892.270
  ||gk|| = 1.612E+02
  stop_crit = 2.948E-02
  ||dir|| = 2.658E+00
  alpha = 1.000E+00
  Curr. impr.: 1.61E-01
  # times under thresh: 1

Epoch 0.9098187641021909:
  xk = [-2.402, -2.485, -1.720, 0.217, -0.243, -0.477, 0.477, 0.484, -0.125, -0.132, -0.063, 0.042, -0.501, 0.049, -0.725, -0.552, 0.327, 0.396, -0.087, 1.158, 1.474, 1.483, 0.283, 0.687, -0.661, -1.461, -0.225, -0.115, 0.100, 0.406, -0.034, -0.139, 0.068, -0.320, -0.092, 0.265, -0.703, 0.243, -0.007, -1.183, -0.787, -0.765, -0.490, -0.056, 0.540, -1.064, -3.203, 1.856, -0.780, 1.980, -1.163, -0.842, -0.344, 0.174]
  f(xk) = 2754.950
  ||gk|| = 2.365E+02
  stop_crit = 7.981E-02
  ||dir|| = 4.088E-01
  alpha = 1.000E+00
  Curr. impr.: 9.78E-01
  # times under thresh: 2
  -> New batch size of 8000 samples

Epoch 1.200960768614892:
  xk = [-2.487, -2.480, -1.698, 0.180, -0.148, -0.452, 0.472, 0.502, -0.121, -0.239, -0.068, 0.087, -0.457, 0.064, -0.750, -0.443, 0.331, 0.419, -0.114, 1.190, 1.487, 1.535, 0.261, 0.757, -0.663, -1.472, -0.178, -0.019, 0.091, 0.314, 0.063, -0.259, 0.157, -0.327, -0.132, 0.278, -0.614, 0.137, -0.009, -1.207, -0.802, -0.774, -0.510, -0.062, 0.529, -1.091, -3.206, 1.774, -0.783, 2.130, -1.114, -0.848, -0.324, 0.120]
  f(xk) = 5606.795
  ||gk|| = 3.594E+02
  stop_crit = 1.655E-02
  ||dir|| = 6.245E-01
  alpha = 1.000E+00
  Curr. impr.: 5.69E-01
  # times under thresh: 1

Epoch 1.492102773127593:
  xk = [-2.606, -2.563, -1.806, 0.236, -0.189, -0.461, 0.450, 0.535, -0.161, -0.251, -0.106, 0.172, -0.476, 0.111, -0.651, -0.394, 0.311, 0.266, -0.013, 1.174, 1.541, 1.552, 0.400, 0.616, -0.458, -1.358, 0.020, -0.162, 0.154, 0.262, 0.104, -0.365, 0.092, -0.337, -0.063, 0.233, -0.610, 0.170, -0.017, -1.266, -0.907, -0.755, -0.554, -0.074, 0.500, -1.109, -3.224, 1.718, -0.872, 2.257, -0.952, -0.766, -0.367, -0.025]
  f(xk) = 5448.264
  ||gk|| = 2.767E+02
  stop_crit = 3.681E-02
  ||dir|| = 4.617E-01
  alpha = 1.000E+00
  Curr. impr.: 8.66E-01
  # times under thresh: 2
  -> New batch size of 16000 samples
  Change from Newton step to BFGS!

Epoch 2.0743867821529953:
  xk = [-2.757, -2.675, -1.861, 0.269, -0.089, -0.485, 0.346, 0.570, -0.165, -0.152, -0.115, 0.195, -0.442, 0.110, -0.702, -0.331, 0.314, 0.379, -0.073, 1.200, 1.515, 1.516, 0.400, 0.671, -0.557, -1.351, -0.108, -0.055, 0.121, 0.214, 0.195, -0.458, 0.163, -0.308, -0.112, 0.219, -0.589, 0.191, -0.020, -1.319, -0.956, -0.783, -0.583, -0.077, 0.483, -1.113, -3.239, 1.886, -0.916, 2.223, -0.894, -0.794, -0.408, -0.020]
  f(xk) = 10982.691
  ||gk|| = 6.908E+02
  stop_crit = 4.949E-02
  ||dir|| = 1.708E+01
  alpha = 1.000E+00
  Curr. impr.: 6.87E-01
  # times under thresh: 1

Epoch 2.6566707911783976:
  xk = [-6.101, -5.423, -3.894, 0.828, 0.217, -0.283, 0.711, 1.008, -0.079, -0.142, 0.168, 0.406, -0.161, 0.424, -0.015, -0.054, 0.538, 0.611, 0.387, 0.333, 0.342, 0.325, 0.901, 1.269, -0.105, -0.363, 0.515, 0.452, 1.503, 0.539, 0.916, -0.632, 0.665, 0.324, 0.476, 0.756, -0.768, 0.535, -7.600, -6.514, -6.886, -2.316, -7.572, -4.575, -2.400, -8.338, -1.782, 2.409, -0.072, 2.917, -0.503, 0.462, -0.159, 0.050]
  f(xk) = 10871.173
  ||gk|| = 1.216E+03
  stop_crit = 4.690E-02
  ||dir|| = 6.863E+00
  alpha = 5.060E-01
  Curr. impr.: 7.89E-01
  # times under thresh: 2
  -> New batch size of 27478 samples

Epoch 3.6566707911783976:
  xk = [-5.674, -5.060, -3.610, 0.841, 0.293, -0.574, 0.703, 0.924, -0.123, -0.130, -0.160, 0.368, -0.084, 0.474, -0.107, -0.071, 0.514, 0.540, 0.304, 0.534, 0.642, 0.607, 0.988, 1.258, -0.163, -0.641, 0.352, 0.357, 0.882, 0.398, 0.725, -0.596, 0.479, 0.253, 0.343, 0.777, -0.628, 0.445, -5.752, -5.751, -5.898, -1.831, -6.342, -5.398, -1.533, -6.947, -2.274, 2.290, -0.352, 2.802, -0.575, 0.138, -0.286, 0.136]
  f(xk) = 18460.892
  ||gk|| = 7.162E+02
  stop_crit = 1.497E-02
  ||dir|| = 9.759E+00
  alpha = 3.925E-01

Epoch 4.6566707911783976:
  xk = [-5.139, -4.270, -3.211, 0.620, 0.280, -0.383, 0.492, 0.914, -0.117, -0.094, -0.178, 0.338, -0.181, 0.416, -0.317, -0.156, 0.496, 0.504, 0.193, 0.695, 0.882, 0.880, 0.846, 1.032, -0.284, -0.714, 0.183, 0.216, 1.122, 0.403, 0.732, -0.512, 0.409, 0.334, 0.241, 0.818, -0.544, 0.422, -3.628, -4.548, -4.594, -1.915, -5.159, -4.435, -1.476, -5.286, -2.683, 2.222, -0.454, 2.694, -0.590, -0.042, -0.215, 0.054]
  f(xk) = 18372.775
  ||gk|| = 2.046E+02
  stop_crit = 6.305E-03
  ||dir|| = 2.841E+00
  alpha = 3.681E-01

Epoch 5.6566707911783976:
  xk = [-4.949, -4.224, -3.156, 0.617, 0.257, -0.364, 0.512, 0.881, -0.126, -0.103, -0.209, 0.332, -0.190, 0.400, -0.376, -0.165, 0.501, 0.498, 0.177, 0.706, 0.939, 0.933, 0.796, 1.025, -0.290, -0.797, 0.194, 0.219, 0.989, 0.417, 0.715, -0.523, 0.386, 0.288, 0.230, 0.771, -0.569, 0.398, -2.994, -4.343, -4.401, -1.771, -4.913, -3.893, -1.280, -4.973, -2.692, 2.186, -0.482, 2.659, -0.621, -0.114, -0.263, 0.058]
  f(xk) = 18367.600
  ||gk|| = 6.971E+01
  stop_crit = 1.869E-03
  ||dir|| = 6.170E-01
  alpha = 3.576E-01

Epoch 6.6566707911783976:
  xk = [-4.926, -4.226, -3.156, 0.624, 0.259, -0.380, 0.519, 0.878, -0.128, -0.104, -0.231, 0.332, -0.181, 0.409, -0.375, -0.163, 0.496, 0.492, 0.176, 0.734, 0.953, 0.946, 0.793, 1.031, -0.289, -0.793, 0.188, 0.215, 0.946, 0.405, 0.699, -0.524, 0.381, 0.278, 0.228, 0.759, -0.562, 0.401, -3.120, -4.312, -4.388, -1.737, -4.846, -4.019, -1.240, -4.924, -2.709, 2.182, -0.493, 2.658, -0.622, -0.115, -0.271, 0.063]
  f(xk) = 18367.237
  ||gk|| = 3.311E+01
  stop_crit = 1.318E-03
  ||dir|| = 1.775E-01
  alpha = 3.815E-01

Epoch 7.6566707911783976:
  xk = [-4.918, -4.229, -3.159, 0.624, 0.261, -0.385, 0.517, 0.880, -0.128, -0.103, -0.236, 0.332, -0.180, 0.410, -0.376, -0.162, 0.497, 0.492, 0.177, 0.729, 0.953, 0.945, 0.795, 1.031, -0.290, -0.797, 0.186, 0.215, 0.938, 0.403, 0.700, -0.523, 0.382, 0.269, 0.228, 0.753, -0.559, 0.401, -3.092, -4.317, -4.393, -1.745, -4.852, -4.073, -1.247, -4.933, -2.716, 2.186, -0.493, 2.662, -0.619, -0.116, -0.270, 0.064]
  f(xk) = 18367.199
  ||gk|| = 6.862E+00
  stop_crit = 2.420E-04
  ||dir|| = 4.741E-02
  alpha = 3.988E-01

Epoch 8.656670791178398:
  xk = [-4.919, -4.228, -3.158, 0.623, 0.261, -0.384, 0.516, 0.880, -0.128, -0.103, -0.235, 0.332, -0.181, 0.409, -0.376, -0.163, 0.498, 0.492, 0.176, 0.728, 0.952, 0.944, 0.795, 1.031, -0.290, -0.797, 0.186, 0.215, 0.938, 0.404, 0.701, -0.523, 0.381, 0.269, 0.227, 0.752, -0.559, 0.401, -3.083, -4.321, -4.392, -1.747, -4.859, -4.061, -1.247, -4.938, -2.716, 2.186, -0.493, 2.661, -0.621, -0.117, -0.270, 0.064]
  f(xk) = 18367.196
  ||gk|| = 1.811E+00
  stop_crit = 6.528E-05
  ||dir|| = 9.941E-03
  alpha = 1.000E+00

Epoch 9.656670791178398:
  xk = [-4.918, -4.225, -3.157, 0.623, 0.261, -0.383, 0.516, 0.880, -0.128, -0.103, -0.235, 0.332, -0.181, 0.409, -0.377, -0.163, 0.498, 0.492, 0.176, 0.728, 0.952, 0.945, 0.795, 1.030, -0.291, -0.797, 0.185, 0.214, 0.940, 0.403, 0.700, -0.523, 0.381, 0.271, 0.227, 0.754, -0.559, 0.401, -3.077, -4.319, -4.390, -1.747, -4.854, -4.061, -1.247, -4.934, -2.716, 2.185, -0.494, 2.661, -0.620, -0.118, -0.270, 0.064]
  f(xk) = 18367.196
  ||gk|| = 2.016E+00
  stop_crit = 7.171E-05
  ||dir|| = 6.101E-03
  alpha = 1.000E+00

Epoch 10.656670791178398:
  xk = [-4.918, -4.226, -3.157, 0.623, 0.261, -0.384, 0.515, 0.880, -0.128, -0.103, -0.236, 0.332, -0.181, 0.409, -0.376, -0.163, 0.498, 0.492, 0.176, 0.729, 0.953, 0.945, 0.795, 1.030, -0.291, -0.797, 0.186, 0.214, 0.939, 0.404, 0.701, -0.523, 0.381, 0.270, 0.227, 0.753, -0.559, 0.401, -3.081, -4.317, -4.389, -1.747, -4.854, -4.059, -1.247, -4.932, -2.717, 2.185, -0.494, 2.661, -0.621, -0.117, -0.270, 0.064]
  f(xk) = 18367.196
  ||gk|| = 7.528E-01
  stop_crit = 2.140E-05
  ||dir|| = 4.719E-03
  alpha = 7.459E-01

Epoch 11.656670791178398:
  xk = [-4.918, -4.226, -3.157, 0.623, 0.261, -0.384, 0.516, 0.880, -0.128, -0.103, -0.235, 0.332, -0.181, 0.409, -0.376, -0.163, 0.498, 0.492, 0.176, 0.728, 0.952, 0.945, 0.795, 1.030, -0.291, -0.797, 0.186, 0.214, 0.939, 0.403, 0.701, -0.523, 0.381, 0.270, 0.227, 0.753, -0.559, 0.401, -3.080, -4.318, -4.390, -1.747, -4.855, -4.060, -1.247, -4.934, -2.716, 2.185, -0.494, 2.661, -0.620, -0.117, -0.270, 0.064]
  f(xk) = 18367.196
  ||gk|| = 5.374E-01
  stop_crit = 1.889E-05
  ||dir|| = 1.252E-03
  alpha = 4.377E-01

Epoch 12.656670791178398:
  xk = [-4.918, -4.226, -3.157, 0.623, 0.261, -0.384, 0.516, 0.880, -0.128, -0.103, -0.235, 0.332, -0.181, 0.409, -0.376, -0.163, 0.498, 0.492, 0.176, 0.728, 0.952, 0.945, 0.795, 1.030, -0.290, -0.797, 0.186, 0.214, 0.939, 0.403, 0.701, -0.523, 0.381, 0.270, 0.227, 0.753, -0.559, 0.401, -3.080, -4.318, -4.390, -1.747, -4.855, -4.060, -1.247, -4.934, -2.716, 2.185, -0.494, 2.661, -0.620, -0.117, -0.270, 0.064]
  f(xk) = 18367.196
  ||gk|| = 1.221E-01
  stop_crit = 4.506E-06
  ||dir|| = 5.068E-04
  alpha = 4.834E-01

Epoch 13.656670791178398:
  xk = [-4.918, -4.226, -3.157, 0.623, 0.261, -0.384, 0.516, 0.880, -0.128, -0.103, -0.235, 0.332, -0.181, 0.409, -0.376, -0.163, 0.498, 0.492, 0.176, 0.728, 0.952, 0.945, 0.795, 1.030, -0.291, -0.797, 0.186, 0.214, 0.939, 0.403, 0.701, -0.523, 0.381, 0.270, 0.227, 0.753, -0.559, 0.401, -3.080, -4.318, -4.390, -1.747, -4.855, -4.060, -1.247, -4.934, -2.716, 2.185, -0.494, 2.661, -0.620, -0.117, -0.270, 0.064]
  f(xk) = 18367.196
  ||gk|| = 3.526E-02
  stop_crit = 1.188E-06
  ||dir|| = 2.874E-04
  alpha = 4.132E-01

Algorithm Optimized!
  x* = [-4.918, -4.226, -3.157, 0.623, 0.261, -0.384, 0.516, 0.880, -0.128, -0.103, -0.235, 0.332, -0.181, 0.409, -0.376, -0.163, 0.498, 0.492, 0.176, 0.728, 0.952, 0.945, 0.795, 1.030, -0.291, -0.797, 0.186, 0.214, 0.939, 0.403, 0.701, -0.523, 0.381, 0.270, 0.227, 0.753, -0.559, 0.401, -3.080, -4.318, -4.390, -1.747, -4.855, -4.060, -1.247, -4.934, -2.716, 2.185, -0.494, 2.661, -0.620, -0.117, -0.270, 0.064]
  f(x*) = 18367.196
Finished at mer aoû 14 16:40:31 CEST 2019
