Optimizing LPMC_Full_big with best algo at ven aoû 9 19:01:22 CEST 2019
Train LPMC_Full_big with LS-ABS and hybrid-inv
       fun: -52645.96519300235
      hess: array([[-2220.70790379,   146.39432306,   655.97892501, ...,
          307.49285249,  -108.61889936,    86.10603702],
       [  146.39432306, -3600.57584788,     0.        , ...,
         1204.35604739,     0.        ,  -408.22999676],
       [  655.97892501,     0.        , -6992.2602743 , ...,
         2856.15355812,    66.91068217, -1020.92551195],
       ...,
       [  307.49285249,  1204.35604739,  2856.15355812, ...,
        -5009.58722946,    23.61335069,   647.80205946],
       [ -108.61889936,     0.        ,    66.91068217, ...,
           23.61335069,  -108.61889936,    66.91068217],
       [   86.10603702,  -408.22999676, -1020.92551195, ...,
          647.80205946,    66.91068217, -1429.1555087 ]])
       jac: array([-1.53052234e-04, -1.13591833e-04,  2.71420000e-04, -5.54627868e-04,
        1.69137833e-04, -4.21157372e-04,  2.32719635e-04, -8.28667140e-05,
        1.32144685e-04, -6.09019679e-05,  7.40631780e-05,  1.84375090e-04,
       -6.80658873e-05,  1.04811598e-04, -1.81298751e-04,  2.70690466e-04,
        5.06150202e-05,  1.92801779e-05,  5.99633643e-06,  2.08106054e-04,
        1.55771850e-04, -4.23770738e-06, -1.60916011e-04,  2.84005592e-04,
        7.24373738e-04, -5.31349165e-05,  5.47430418e-04,  9.67972469e-04,
        7.38605027e-04,  4.81986711e-04,  8.07591727e-04,  2.42039572e-03,
       -8.18417120e-04, -1.69729503e-03, -3.78205255e-03,  7.14463369e-04,
       -1.21281675e-04, -6.49023974e-05,  1.98086763e-04, -3.82291817e-04,
       -6.04151128e-05,  9.46984450e-05, -6.96680004e-04,  3.84414450e-04,
        2.65751042e-03, -1.21619216e-03,  1.68360419e-05, -5.14415617e-03,
        1.45323796e-03,  6.94804360e-05, -4.80184339e-04, -3.43525896e-04,
        3.80329339e-04,  4.30923211e-05,  9.20701781e-05,  1.44343434e-05,
       -9.54359602e-06,  3.65482762e-05,  1.63086845e-04,  5.62315313e-06,
        1.10059284e-05, -1.34433390e-04, -2.16957475e-04,  7.14293404e-05,
        1.40981794e-04,  1.06308158e-04,  3.54868045e-04, -8.73308802e-05,
       -2.56038032e-04, -1.14282409e-04,  4.07706284e-05, -1.62586118e-04,
        6.33332196e-06, -1.55939382e-04, -7.15795702e-05,  2.37282909e-05,
        2.12871176e-05, -2.33111979e-05, -6.24297832e-05, -2.81662764e-05,
       -1.95967754e-05,  3.27456757e-07, -7.69285107e-05,  2.31933512e-05,
        2.49364640e-04, -6.65136869e-05, -1.91286646e-05,  2.20474588e-05,
       -6.17760425e-06, -1.39596901e-04, -1.02058776e-04,  1.68867923e-04,
        1.68073946e-04, -3.30953141e-05,  3.96433444e-06, -2.49134984e-04,
        2.86847733e-05, -3.13448843e-04,  7.34524297e-05, -1.94093429e-04])
       nep: 21.266013861825716
       nit: 48
 opti_time: 9153.66
    status: 'Algorithm optimized'
 stop_crit: 2.9212080979456034e-07
   success: True
         x: array([-12.67712673, -16.53910762, -13.36141284, -22.43819322,
       -18.52234724,   0.86396825,   0.48932972,  -1.7585978 ,
        -0.82678103,  -0.37013757,  -0.9309971 ,   0.16681531,
        -0.40845606,  -0.3756794 ,  -0.51119731,  -0.11590565,
        -0.19919307,  -0.37138599,  -0.43911468,   1.67206185,
         2.07603094,   0.88477295,  -0.39522622,  -0.12316417,
        -0.28404366,   0.89383842,  -0.25545199,  -0.77820673,
        -1.26716507,  -0.76525968,  -0.57254139,  -1.06479814,
        -0.49267521,  -0.63599031,  -1.13222898,  -0.62048958,
        -0.87969372,   0.4308708 ,   0.27403711,   0.14024097,
        -0.31864099,  -0.14559157,   1.36211956,   2.29836124,
         2.11344755,   2.28800235,   1.77396402,   2.98960247,
         2.74770108,   0.24710616,   0.74413918,   0.34975852,
         0.21569251,   0.69318089,   0.64241286,   0.75638157,
         0.47708734,  -0.30688463,  -0.72185619,  -1.29515855,
        -0.2156786 ,   0.40521407,   0.49162003,  -0.4200384 ,
         0.22433153,   1.4643117 ,   0.74071342,  -1.27519659,
        -0.82805744,  -1.60140517,   0.69639418,   0.31832896,
        -0.3114977 ,   0.34771425,  -5.71267464,  -6.24230191,
        -6.12769143,  -2.62893425,  -3.90211113,  -2.17103106,
        -2.78672035,  -3.98797595,  -4.22370672,  -4.03002631,
        -2.60453982,  -5.29998916,  -6.36608793,  -4.05861141,
        -5.25231314,  -1.66445975,  -4.78946664,  -6.32895082,
        -3.15977317,  -1.64274629,  -2.3527038 ,  -0.41430482,
        -0.16864132,   0.55955555,  -0.48570762,   0.17822941])
Finished at ven aoû 9 19:13:24 CEST 2019
