Starting optimization of LPMC_MNL_DC_S with biogeme at mer aoû 14 17:33:26 CEST 2019
Train LPMC_MNL_DC with current Biogeme optimization algorithm.
/home/glederre/pybio/lib/python3.6/site-packages/biogeme/biogeme.py:368: OptimizeWarning: Unknown solver options: ftol
  results =  minimize(f_and_grad,self.betaInitValues,bounds=None,jac=True,options=opts)
Optimization terminated successfully.
         Current function value: 0.005947
         Iterations: 220
         Function evaluations: 225
         Gradient evaluations: 225
1/20 done!
Optimization terminated successfully.
         Current function value: 0.005947
         Iterations: 220
         Function evaluations: 225
         Gradient evaluations: 225
2/20 done!
Optimization terminated successfully.
         Current function value: 0.005947
         Iterations: 220
         Function evaluations: 225
         Gradient evaluations: 225
3/20 done!
Optimization terminated successfully.
         Current function value: 0.005947
         Iterations: 220
         Function evaluations: 225
         Gradient evaluations: 225
4/20 done!
Optimization terminated successfully.
         Current function value: 0.005947
         Iterations: 220
         Function evaluations: 225
         Gradient evaluations: 225
5/20 done!
Optimization terminated successfully.
         Current function value: 0.005947
         Iterations: 220
         Function evaluations: 225
         Gradient evaluations: 225
6/20 done!
Optimization terminated successfully.
         Current function value: 0.005947
         Iterations: 220
         Function evaluations: 225
         Gradient evaluations: 225
7/20 done!
Optimization terminated successfully.
         Current function value: 0.005947
         Iterations: 220
         Function evaluations: 225
         Gradient evaluations: 225
8/20 done!
Optimization terminated successfully.
         Current function value: 0.005947
         Iterations: 220
         Function evaluations: 225
         Gradient evaluations: 225
9/20 done!
Optimization terminated successfully.
         Current function value: 0.005947
         Iterations: 220
         Function evaluations: 225
         Gradient evaluations: 225
10/20 done!
Optimization terminated successfully.
         Current function value: 0.005947
         Iterations: 220
         Function evaluations: 225
         Gradient evaluations: 225
11/20 done!
Optimization terminated successfully.
         Current function value: 0.005947
         Iterations: 220
         Function evaluations: 225
         Gradient evaluations: 225
12/20 done!
Optimization terminated successfully.
         Current function value: 0.005947
         Iterations: 220
         Function evaluations: 225
         Gradient evaluations: 225
13/20 done!
Optimization terminated successfully.
         Current function value: 0.005947
         Iterations: 220
         Function evaluations: 225
         Gradient evaluations: 225
14/20 done!
Optimization terminated successfully.
         Current function value: 0.005947
         Iterations: 220
         Function evaluations: 225
         Gradient evaluations: 225
15/20 done!
Optimization terminated successfully.
         Current function value: 0.005947
         Iterations: 220
         Function evaluations: 225
         Gradient evaluations: 225
16/20 done!
Optimization terminated successfully.
         Current function value: 0.005947
         Iterations: 220
         Function evaluations: 225
         Gradient evaluations: 225
17/20 done!
Optimization terminated successfully.
         Current function value: 0.005947
         Iterations: 220
         Function evaluations: 225
         Gradient evaluations: 225
18/20 done!
Optimization terminated successfully.
         Current function value: 0.005947
         Iterations: 220
         Function evaluations: 225
         Gradient evaluations: 225
19/20 done!
Optimization terminated successfully.
         Current function value: 0.005947
         Iterations: 220
         Function evaluations: 225
         Gradient evaluations: 225
20/20 done!
Finished at mer aoû 14 17:34:27 CEST 2019
