Starting optimization of LPMC_MNL_DC_S with biogeme at mer aoû 14 17:27:58 CEST 2019
Train LPMC_MNL_DC with current Biogeme optimization algorithm.
[(-10, 10), (-10, 10), (-10, 10), (-10, 10), (-10, 10), (-10, 10), (-10, 10), (-10, 10), (-10, 10), (-10, 10), (-10, 10), (-10, 10), (-10, 10)]
RUNNING THE L-BFGS-B CODE

           * * *

Machine precision = 2.220D-16
 N =           13     M =           10

At X0         0 variables are exactly at the bounds

At iterate    0    f=  1.00000D-02    |proj g|=  1.98913D-03

           * * *

Tit   = total number of iterations
Tnf   = total number of function evaluations
Tnint = total number of segments explored during Cauchy searches
Skip  = number of BFGS updates skipped
Nact  = number of active bounds at final generalized Cauchy point
Projg = norm of the final projected gradient
F     = final function value

           * * *

   N    Tit     Tnf  Tnint  Skip  Nact     Projg        F
   13      0      1      0     0     0   1.989D-03   1.000D-02
  F =   1.0000000000000000E-002

CONVERGENCE: NORM_OF_PROJECTED_GRADIENT_<=_PGTOL            

 Cauchy                time 0.000E+00 seconds.
 Subspace minimization time 0.000E+00 seconds.
 Line search           time 0.000E+00 seconds.

 Total User time 0.000E+00 seconds.

1/20 done!
[(-10, 10), (-10, 10), (-10, 10), (-10, 10), (-10, 10), (-10, 10), (-10, 10), (-10, 10), (-10, 10), (-10, 10), (-10, 10), (-10, 10), (-10, 10)]
RUNNING THE L-BFGS-B CODE

           * * *

Machine precision = 2.220D-16
 N =           13     M =           10

At X0         0 variables are exactly at the bounds

At iterate    0    f=  1.00000D-02    |proj g|=  1.98913D-03

           * * *

Tit   = total number of iterations
Tnf   = total number of function evaluations
Tnint = total number of segments explored during Cauchy searches
Skip  = number of BFGS updates skipped
Nact  = number of active bounds at final generalized Cauchy point
Projg = norm of the final projected gradient
F     = final function value

           * * *

   N    Tit     Tnf  Tnint  Skip  Nact     Projg        F
   13      0      1      0     0     0   1.989D-03   1.000D-02
  F =   1.0000000000000000E-002

CONVERGENCE: NORM_OF_PROJECTED_GRADIENT_<=_PGTOL            

 Cauchy                time 0.000E+00 seconds.
 Subspace minimization time 0.000E+00 seconds.
 Line search           time 0.000E+00 seconds.

 Total User time 0.000E+00 seconds.

2/20 done!
[(-10, 10), (-10, 10), (-10, 10), (-10, 10), (-10, 10), (-10, 10), (-10, 10), (-10, 10), (-10, 10), (-10, 10), (-10, 10), (-10, 10), (-10, 10)]
RUNNING THE L-BFGS-B CODE

           * * *

Machine precision = 2.220D-16
 N =           13     M =           10

At X0         0 variables are exactly at the bounds

At iterate    0    f=  1.00000D-02    |proj g|=  1.98913D-03

           * * *

Tit   = total number of iterations
Tnf   = total number of function evaluations
Tnint = total number of segments explored during Cauchy searches
Skip  = number of BFGS updates skipped
Nact  = number of active bounds at final generalized Cauchy point
Projg = norm of the final projected gradient
F     = final function value

           * * *

   N    Tit     Tnf  Tnint  Skip  Nact     Projg        F
   13      0      1      0     0     0   1.989D-03   1.000D-02
  F =   1.0000000000000000E-002

CONVERGENCE: NORM_OF_PROJECTED_GRADIENT_<=_PGTOL            

 Cauchy                time 0.000E+00 seconds.
 Subspace minimization time 0.000E+00 seconds.
 Line search           time 0.000E+00 seconds.

 Total User time 0.000E+00 seconds.

3/20 done!
[(-10, 10), (-10, 10), (-10, 10), (-10, 10), (-10, 10), (-10, 10), (-10, 10), (-10, 10), (-10, 10), (-10, 10), (-10, 10), (-10, 10), (-10, 10)]
RUNNING THE L-BFGS-B CODE

           * * *

Machine precision = 2.220D-16
 N =           13     M =           10

At X0         0 variables are exactly at the bounds

At iterate    0    f=  1.00000D-02    |proj g|=  1.98913D-03

           * * *

Tit   = total number of iterations
Tnf   = total number of function evaluations
Tnint = total number of segments explored during Cauchy searches
Skip  = number of BFGS updates skipped
Nact  = number of active bounds at final generalized Cauchy point
Projg = norm of the final projected gradient
F     = final function value

           * * *

   N    Tit     Tnf  Tnint  Skip  Nact     Projg        F
   13      0      1      0     0     0   1.989D-03   1.000D-02
  F =   1.0000000000000000E-002

CONVERGENCE: NORM_OF_PROJECTED_GRADIENT_<=_PGTOL            

 Cauchy                time 0.000E+00 seconds.
 Subspace minimization time 0.000E+00 seconds.
 Line search           time 0.000E+00 seconds.

 Total User time 0.000E+00 seconds.

4/20 done!
[(-10, 10), (-10, 10), (-10, 10), (-10, 10), (-10, 10), (-10, 10), (-10, 10), (-10, 10), (-10, 10), (-10, 10), (-10, 10), (-10, 10), (-10, 10)]
RUNNING THE L-BFGS-B CODE

           * * *

Machine precision = 2.220D-16
 N =           13     M =           10

At X0         0 variables are exactly at the bounds

At iterate    0    f=  1.00000D-02    |proj g|=  1.98913D-03

           * * *

Tit   = total number of iterations
Tnf   = total number of function evaluations
Tnint = total number of segments explored during Cauchy searches
Skip  = number of BFGS updates skipped
Nact  = number of active bounds at final generalized Cauchy point
Projg = norm of the final projected gradient
F     = final function value

           * * *

   N    Tit     Tnf  Tnint  Skip  Nact     Projg        F
   13      0      1      0     0     0   1.989D-03   1.000D-02
  F =   1.0000000000000000E-002

CONVERGENCE: NORM_OF_PROJECTED_GRADIENT_<=_PGTOL            

 Cauchy                time 0.000E+00 seconds.
 Subspace minimization time 0.000E+00 seconds.
 Line search           time 0.000E+00 seconds.

 Total User time 0.000E+00 seconds.

5/20 done!
[(-10, 10), (-10, 10), (-10, 10), (-10, 10), (-10, 10), (-10, 10), (-10, 10), (-10, 10), (-10, 10), (-10, 10), (-10, 10), (-10, 10), (-10, 10)]
RUNNING THE L-BFGS-B CODE

           * * *

Machine precision = 2.220D-16
 N =           13     M =           10

At X0         0 variables are exactly at the bounds

At iterate    0    f=  1.00000D-02    |proj g|=  1.98913D-03

           * * *

Tit   = total number of iterations
Tnf   = total number of function evaluations
Tnint = total number of segments explored during Cauchy searches
Skip  = number of BFGS updates skipped
Nact  = number of active bounds at final generalized Cauchy point
Projg = norm of the final projected gradient
F     = final function value

           * * *

   N    Tit     Tnf  Tnint  Skip  Nact     Projg        F
   13      0      1      0     0     0   1.989D-03   1.000D-02
  F =   1.0000000000000000E-002

CONVERGENCE: NORM_OF_PROJECTED_GRADIENT_<=_PGTOL            

 Cauchy                time 0.000E+00 seconds.
 Subspace minimization time 0.000E+00 seconds.
 Line search           time 0.000E+00 seconds.

 Total User time 0.000E+00 seconds.

6/20 done!
[(-10, 10), (-10, 10), (-10, 10), (-10, 10), (-10, 10), (-10, 10), (-10, 10), (-10, 10), (-10, 10), (-10, 10), (-10, 10), (-10, 10), (-10, 10)]
RUNNING THE L-BFGS-B CODE

           * * *

Machine precision = 2.220D-16
 N =           13     M =           10

At X0         0 variables are exactly at the bounds

At iterate    0    f=  1.00000D-02    |proj g|=  1.98913D-03

           * * *

Tit   = total number of iterations
Tnf   = total number of function evaluations
Tnint = total number of segments explored during Cauchy searches
Skip  = number of BFGS updates skipped
Nact  = number of active bounds at final generalized Cauchy point
Projg = norm of the final projected gradient
F     = final function value

           * * *

   N    Tit     Tnf  Tnint  Skip  Nact     Projg        F
   13      0      1      0     0     0   1.989D-03   1.000D-02
  F =   1.0000000000000000E-002

CONVERGENCE: NORM_OF_PROJECTED_GRADIENT_<=_PGTOL            

 Cauchy                time 0.000E+00 seconds.
 Subspace minimization time 0.000E+00 seconds.
 Line search           time 0.000E+00 seconds.

 Total User time 0.000E+00 seconds.

7/20 done!
[(-10, 10), (-10, 10), (-10, 10), (-10, 10), (-10, 10), (-10, 10), (-10, 10), (-10, 10), (-10, 10), (-10, 10), (-10, 10), (-10, 10), (-10, 10)]
RUNNING THE L-BFGS-B CODE

           * * *

Machine precision = 2.220D-16
 N =           13     M =           10

At X0         0 variables are exactly at the bounds

At iterate    0    f=  1.00000D-02    |proj g|=  1.98913D-03

           * * *

Tit   = total number of iterations
Tnf   = total number of function evaluations
Tnint = total number of segments explored during Cauchy searches
Skip  = number of BFGS updates skipped
Nact  = number of active bounds at final generalized Cauchy point
Projg = norm of the final projected gradient
F     = final function value

           * * *

   N    Tit     Tnf  Tnint  Skip  Nact     Projg        F
   13      0      1      0     0     0   1.989D-03   1.000D-02
  F =   1.0000000000000000E-002

CONVERGENCE: NORM_OF_PROJECTED_GRADIENT_<=_PGTOL            

 Cauchy                time 0.000E+00 seconds.
 Subspace minimization time 0.000E+00 seconds.
 Line search           time 0.000E+00 seconds.

 Total User time 0.000E+00 seconds.

8/20 done!
[(-10, 10), (-10, 10), (-10, 10), (-10, 10), (-10, 10), (-10, 10), (-10, 10), (-10, 10), (-10, 10), (-10, 10), (-10, 10), (-10, 10), (-10, 10)]
RUNNING THE L-BFGS-B CODE

           * * *

Machine precision = 2.220D-16
 N =           13     M =           10

At X0         0 variables are exactly at the bounds

At iterate    0    f=  1.00000D-02    |proj g|=  1.98913D-03

           * * *

Tit   = total number of iterations
Tnf   = total number of function evaluations
Tnint = total number of segments explored during Cauchy searches
Skip  = number of BFGS updates skipped
Nact  = number of active bounds at final generalized Cauchy point
Projg = norm of the final projected gradient
F     = final function value

           * * *

   N    Tit     Tnf  Tnint  Skip  Nact     Projg        F
   13      0      1      0     0     0   1.989D-03   1.000D-02
  F =   1.0000000000000000E-002

CONVERGENCE: NORM_OF_PROJECTED_GRADIENT_<=_PGTOL            

 Cauchy                time 0.000E+00 seconds.
 Subspace minimization time 0.000E+00 seconds.
 Line search           time 0.000E+00 seconds.

 Total User time 0.000E+00 seconds.

9/20 done!
[(-10, 10), (-10, 10), (-10, 10), (-10, 10), (-10, 10), (-10, 10), (-10, 10), (-10, 10), (-10, 10), (-10, 10), (-10, 10), (-10, 10), (-10, 10)]
RUNNING THE L-BFGS-B CODE

           * * *

Machine precision = 2.220D-16
 N =           13     M =           10

At X0         0 variables are exactly at the bounds

At iterate    0    f=  1.00000D-02    |proj g|=  1.98913D-03

           * * *

Tit   = total number of iterations
Tnf   = total number of function evaluations
Tnint = total number of segments explored during Cauchy searches
Skip  = number of BFGS updates skipped
Nact  = number of active bounds at final generalized Cauchy point
Projg = norm of the final projected gradient
F     = final function value

           * * *

   N    Tit     Tnf  Tnint  Skip  Nact     Projg        F
   13      0      1      0     0     0   1.989D-03   1.000D-02
  F =   1.0000000000000000E-002

CONVERGENCE: NORM_OF_PROJECTED_GRADIENT_<=_PGTOL            

 Cauchy                time 0.000E+00 seconds.
 Subspace minimization time 0.000E+00 seconds.
 Line search           time 0.000E+00 seconds.

 Total User time 0.000E+00 seconds.

10/20 done!
[(-10, 10), (-10, 10), (-10, 10), (-10, 10), (-10, 10), (-10, 10), (-10, 10), (-10, 10), (-10, 10), (-10, 10), (-10, 10), (-10, 10), (-10, 10)]
RUNNING THE L-BFGS-B CODE

           * * *

Machine precision = 2.220D-16
 N =           13     M =           10

At X0         0 variables are exactly at the bounds

At iterate    0    f=  1.00000D-02    |proj g|=  1.98913D-03

           * * *

Tit   = total number of iterations
Tnf   = total number of function evaluations
Tnint = total number of segments explored during Cauchy searches
Skip  = number of BFGS updates skipped
Nact  = number of active bounds at final generalized Cauchy point
Projg = norm of the final projected gradient
F     = final function value

           * * *

   N    Tit     Tnf  Tnint  Skip  Nact     Projg        F
   13      0      1      0     0     0   1.989D-03   1.000D-02
  F =   1.0000000000000000E-002

CONVERGENCE: NORM_OF_PROJECTED_GRADIENT_<=_PGTOL            

 Cauchy                time 0.000E+00 seconds.
 Subspace minimization time 0.000E+00 seconds.
 Line search           time 0.000E+00 seconds.

 Total User time 0.000E+00 seconds.

11/20 done!
[(-10, 10), (-10, 10), (-10, 10), (-10, 10), (-10, 10), (-10, 10), (-10, 10), (-10, 10), (-10, 10), (-10, 10), (-10, 10), (-10, 10), (-10, 10)]
RUNNING THE L-BFGS-B CODE

           * * *

Machine precision = 2.220D-16
 N =           13     M =           10

At X0         0 variables are exactly at the bounds

At iterate    0    f=  1.00000D-02    |proj g|=  1.98913D-03

           * * *

Tit   = total number of iterations
Tnf   = total number of function evaluations
Tnint = total number of segments explored during Cauchy searches
Skip  = number of BFGS updates skipped
Nact  = number of active bounds at final generalized Cauchy point
Projg = norm of the final projected gradient
F     = final function value

           * * *

   N    Tit     Tnf  Tnint  Skip  Nact     Projg        F
   13      0      1      0     0     0   1.989D-03   1.000D-02
  F =   1.0000000000000000E-002

CONVERGENCE: NORM_OF_PROJECTED_GRADIENT_<=_PGTOL            

 Cauchy                time 0.000E+00 seconds.
 Subspace minimization time 0.000E+00 seconds.
 Line search           time 0.000E+00 seconds.

 Total User time 0.000E+00 seconds.

12/20 done!
[(-10, 10), (-10, 10), (-10, 10), (-10, 10), (-10, 10), (-10, 10), (-10, 10), (-10, 10), (-10, 10), (-10, 10), (-10, 10), (-10, 10), (-10, 10)]
RUNNING THE L-BFGS-B CODE

           * * *

Machine precision = 2.220D-16
 N =           13     M =           10

At X0         0 variables are exactly at the bounds

At iterate    0    f=  1.00000D-02    |proj g|=  1.98913D-03

           * * *

Tit   = total number of iterations
Tnf   = total number of function evaluations
Tnint = total number of segments explored during Cauchy searches
Skip  = number of BFGS updates skipped
Nact  = number of active bounds at final generalized Cauchy point
Projg = norm of the final projected gradient
F     = final function value

           * * *

   N    Tit     Tnf  Tnint  Skip  Nact     Projg        F
   13      0      1      0     0     0   1.989D-03   1.000D-02
  F =   1.0000000000000000E-002

CONVERGENCE: NORM_OF_PROJECTED_GRADIENT_<=_PGTOL            

 Cauchy                time 0.000E+00 seconds.
 Subspace minimization time 0.000E+00 seconds.
 Line search           time 0.000E+00 seconds.

 Total User time 0.000E+00 seconds.

13/20 done!
[(-10, 10), (-10, 10), (-10, 10), (-10, 10), (-10, 10), (-10, 10), (-10, 10), (-10, 10), (-10, 10), (-10, 10), (-10, 10), (-10, 10), (-10, 10)]
RUNNING THE L-BFGS-B CODE

           * * *

Machine precision = 2.220D-16
 N =           13     M =           10

At X0         0 variables are exactly at the bounds

At iterate    0    f=  1.00000D-02    |proj g|=  1.98913D-03

           * * *

Tit   = total number of iterations
Tnf   = total number of function evaluations
Tnint = total number of segments explored during Cauchy searches
Skip  = number of BFGS updates skipped
Nact  = number of active bounds at final generalized Cauchy point
Projg = norm of the final projected gradient
F     = final function value

           * * *

   N    Tit     Tnf  Tnint  Skip  Nact     Projg        F
   13      0      1      0     0     0   1.989D-03   1.000D-02
  F =   1.0000000000000000E-002

CONVERGENCE: NORM_OF_PROJECTED_GRADIENT_<=_PGTOL            

 Cauchy                time 0.000E+00 seconds.
 Subspace minimization time 0.000E+00 seconds.
 Line search           time 0.000E+00 seconds.

 Total User time 0.000E+00 seconds.

14/20 done!
[(-10, 10), (-10, 10), (-10, 10), (-10, 10), (-10, 10), (-10, 10), (-10, 10), (-10, 10), (-10, 10), (-10, 10), (-10, 10), (-10, 10), (-10, 10)]
RUNNING THE L-BFGS-B CODE

           * * *

Machine precision = 2.220D-16
 N =           13     M =           10

At X0         0 variables are exactly at the bounds

At iterate    0    f=  1.00000D-02    |proj g|=  1.98913D-03

           * * *

Tit   = total number of iterations
Tnf   = total number of function evaluations
Tnint = total number of segments explored during Cauchy searches
Skip  = number of BFGS updates skipped
Nact  = number of active bounds at final generalized Cauchy point
Projg = norm of the final projected gradient
F     = final function value

           * * *

   N    Tit     Tnf  Tnint  Skip  Nact     Projg        F
   13      0      1      0     0     0   1.989D-03   1.000D-02
  F =   1.0000000000000000E-002

CONVERGENCE: NORM_OF_PROJECTED_GRADIENT_<=_PGTOL            

 Cauchy                time 0.000E+00 seconds.
 Subspace minimization time 0.000E+00 seconds.
 Line search           time 0.000E+00 seconds.

 Total User time 0.000E+00 seconds.

15/20 done!
[(-10, 10), (-10, 10), (-10, 10), (-10, 10), (-10, 10), (-10, 10), (-10, 10), (-10, 10), (-10, 10), (-10, 10), (-10, 10), (-10, 10), (-10, 10)]
RUNNING THE L-BFGS-B CODE

           * * *

Machine precision = 2.220D-16
 N =           13     M =           10

At X0         0 variables are exactly at the bounds

At iterate    0    f=  1.00000D-02    |proj g|=  1.98913D-03

           * * *

Tit   = total number of iterations
Tnf   = total number of function evaluations
Tnint = total number of segments explored during Cauchy searches
Skip  = number of BFGS updates skipped
Nact  = number of active bounds at final generalized Cauchy point
Projg = norm of the final projected gradient
F     = final function value

           * * *

   N    Tit     Tnf  Tnint  Skip  Nact     Projg        F
   13      0      1      0     0     0   1.989D-03   1.000D-02
  F =   1.0000000000000000E-002

CONVERGENCE: NORM_OF_PROJECTED_GRADIENT_<=_PGTOL            

 Cauchy                time 0.000E+00 seconds.
 Subspace minimization time 0.000E+00 seconds.
 Line search           time 0.000E+00 seconds.

 Total User time 0.000E+00 seconds.

16/20 done!
[(-10, 10), (-10, 10), (-10, 10), (-10, 10), (-10, 10), (-10, 10), (-10, 10), (-10, 10), (-10, 10), (-10, 10), (-10, 10), (-10, 10), (-10, 10)]
RUNNING THE L-BFGS-B CODE

           * * *

Machine precision = 2.220D-16
 N =           13     M =           10

At X0         0 variables are exactly at the bounds

At iterate    0    f=  1.00000D-02    |proj g|=  1.98913D-03

           * * *

Tit   = total number of iterations
Tnf   = total number of function evaluations
Tnint = total number of segments explored during Cauchy searches
Skip  = number of BFGS updates skipped
Nact  = number of active bounds at final generalized Cauchy point
Projg = norm of the final projected gradient
F     = final function value

           * * *

   N    Tit     Tnf  Tnint  Skip  Nact     Projg        F
   13      0      1      0     0     0   1.989D-03   1.000D-02
  F =   1.0000000000000000E-002

CONVERGENCE: NORM_OF_PROJECTED_GRADIENT_<=_PGTOL            

 Cauchy                time 0.000E+00 seconds.
 Subspace minimization time 0.000E+00 seconds.
 Line search           time 0.000E+00 seconds.

 Total User time 0.000E+00 seconds.

17/20 done!
[(-10, 10), (-10, 10), (-10, 10), (-10, 10), (-10, 10), (-10, 10), (-10, 10), (-10, 10), (-10, 10), (-10, 10), (-10, 10), (-10, 10), (-10, 10)]
RUNNING THE L-BFGS-B CODE

           * * *

Machine precision = 2.220D-16
 N =           13     M =           10

At X0         0 variables are exactly at the bounds

At iterate    0    f=  1.00000D-02    |proj g|=  1.98913D-03

           * * *

Tit   = total number of iterations
Tnf   = total number of function evaluations
Tnint = total number of segments explored during Cauchy searches
Skip  = number of BFGS updates skipped
Nact  = number of active bounds at final generalized Cauchy point
Projg = norm of the final projected gradient
F     = final function value

           * * *

   N    Tit     Tnf  Tnint  Skip  Nact     Projg        F
   13      0      1      0     0     0   1.989D-03   1.000D-02
  F =   1.0000000000000000E-002

CONVERGENCE: NORM_OF_PROJECTED_GRADIENT_<=_PGTOL            

 Cauchy                time 0.000E+00 seconds.
 Subspace minimization time 0.000E+00 seconds.
 Line search           time 0.000E+00 seconds.

 Total User time 0.000E+00 seconds.

18/20 done!
[(-10, 10), (-10, 10), (-10, 10), (-10, 10), (-10, 10), (-10, 10), (-10, 10), (-10, 10), (-10, 10), (-10, 10), (-10, 10), (-10, 10), (-10, 10)]
RUNNING THE L-BFGS-B CODE

           * * *

Machine precision = 2.220D-16
 N =           13     M =           10

At X0         0 variables are exactly at the bounds

At iterate    0    f=  1.00000D-02    |proj g|=  1.98913D-03

           * * *

Tit   = total number of iterations
Tnf   = total number of function evaluations
Tnint = total number of segments explored during Cauchy searches
Skip  = number of BFGS updates skipped
Nact  = number of active bounds at final generalized Cauchy point
Projg = norm of the final projected gradient
F     = final function value

           * * *

   N    Tit     Tnf  Tnint  Skip  Nact     Projg        F
   13      0      1      0     0     0   1.989D-03   1.000D-02
  F =   1.0000000000000000E-002

CONVERGENCE: NORM_OF_PROJECTED_GRADIENT_<=_PGTOL            

 Cauchy                time 0.000E+00 seconds.
 Subspace minimization time 0.000E+00 seconds.
 Line search           time 0.000E+00 seconds.

 Total User time 0.000E+00 seconds.

19/20 done!
[(-10, 10), (-10, 10), (-10, 10), (-10, 10), (-10, 10), (-10, 10), (-10, 10), (-10, 10), (-10, 10), (-10, 10), (-10, 10), (-10, 10), (-10, 10)]
RUNNING THE L-BFGS-B CODE

           * * *

Machine precision = 2.220D-16
 N =           13     M =           10

At X0         0 variables are exactly at the bounds

At iterate    0    f=  1.00000D-02    |proj g|=  1.98913D-03

           * * *

Tit   = total number of iterations
Tnf   = total number of function evaluations
Tnint = total number of segments explored during Cauchy searches
Skip  = number of BFGS updates skipped
Nact  = number of active bounds at final generalized Cauchy point
Projg = norm of the final projected gradient
F     = final function value

           * * *

   N    Tit     Tnf  Tnint  Skip  Nact     Projg        F
   13      0      1      0     0     0   1.989D-03   1.000D-02
  F =   1.0000000000000000E-002

CONVERGENCE: NORM_OF_PROJECTED_GRADIENT_<=_PGTOL            

 Cauchy                time 0.000E+00 seconds.
 Subspace minimization time 0.000E+00 seconds.
 Line search           time 0.000E+00 seconds.

 Total User time 0.000E+00 seconds.

20/20 done!
Finished at mer aoû 14 17:28:11 CEST 2019
