Starting to test different percentage for Hybrid at lun aoû 12 15:36:00 CEST 2019
Test different percentages for the LS-ABS hybrid-inv

Start with perc of 0
  1/10 done!
  2/10 done!
  3/10 done!
  4/10 done!
  5/10 done!
  6/10 done!
  7/10 done!
  8/10 done!
  9/10 done!
  10/10 done!


Start with perc of 0.1
  1/10 done!
  2/10 done!
  3/10 done!
  4/10 done!
  5/10 done!
  6/10 done!
  7/10 done!
  8/10 done!
  9/10 done!
  10/10 done!


Start with perc of 0.2
  1/10 done!
  2/10 done!
  3/10 done!
  4/10 done!
  5/10 done!
  6/10 done!
  7/10 done!
  8/10 done!
  9/10 done!
  10/10 done!


Start with perc of 0.3
  1/10 done!
  2/10 done!
  3/10 done!
  4/10 done!
  5/10 done!
  6/10 done!
  7/10 done!
  8/10 done!
  9/10 done!
  10/10 done!


Start with perc of 0.4
  1/10 done!
  2/10 done!
  3/10 done!
  4/10 done!
  5/10 done!
  6/10 done!
  7/10 done!
  8/10 done!
  9/10 done!
  10/10 done!


Start with perc of 0.5
  1/10 done!
  2/10 done!
  3/10 done!
  4/10 done!
  5/10 done!
  6/10 done!
  7/10 done!
  8/10 done!
  9/10 done!
  10/10 done!


Start with perc of 0.6
  1/10 done!
  2/10 done!
  3/10 done!
  4/10 done!
  5/10 done!
  6/10 done!
  7/10 done!
  8/10 done!
  9/10 done!
  10/10 done!


Start with perc of 0.7
  1/10 done!
  2/10 done!
  3/10 done!
  4/10 done!
  5/10 done!
  6/10 done!
  7/10 done!
  8/10 done!
  9/10 done!
  10/10 done!


Start with perc of 0.8
  1/10 done!
  2/10 done!
  3/10 done!
  4/10 done!
  5/10 done!
  6/10 done!
  7/10 done!
  8/10 done!
  9/10 done!
  10/10 done!


Start with perc of 0.9
  1/10 done!
  2/10 done!
  3/10 done!
  4/10 done!
  5/10 done!
  6/10 done!
  7/10 done!
  8/10 done!
  9/10 done!
  10/10 done!


Start with perc of 1
  1/10 done!
  2/10 done!
  3/10 done!
  4/10 done!
  5/10 done!
  6/10 done!
  7/10 done!
  8/10 done!
  9/10 done!
  10/10 done!


Start with LS-ABS + bfgs-inv
  1/10 done!
  2/10 done!
  3/10 done!
  4/10 done!
  5/10 done!
  6/10 done!
  7/10 done!
  8/10 done!
  9/10 done!
  10/10 done!


Start with LS-ABS + hessian
  1/10 done!
  2/10 done!
  3/10 done!
  4/10 done!
  5/10 done!
  6/10 done!
  7/10 done!
  8/10 done!
  9/10 done!
  10/10 done!


Finished at lun aoû 12 17:23:00 CEST 2019
